[0.021s] Invoking command in '/home/cao/ros2ws/src/build/v4l2_camera': CMAKE_PREFIX_PATH=${CMAKE_PREFIX_PATH}:/opt/ros/jazzy DEBUGINFOD_URLS=https://debuginfod.ubuntu.com /usr/bin/cmake /home/cao/ros2ws/src/ros2_v4l2_camera -DCMAKE_INSTALL_PREFIX=/home/cao/ros2ws/src/install/v4l2_camera
[0.359s] -- The C compiler identification is GNU 13.2.0
[0.615s] -- The CXX compiler identification is GNU 13.2.0
[0.656s] -- Detecting C compiler ABI info
[0.894s] -- Detecting C compiler ABI info - done
[0.909s] -- Check for working C compiler: /usr/bin/cc - skipped
[0.910s] -- Detecting C compile features
[0.910s] -- Detecting C compile features - done
[0.927s] -- Detecting CXX compiler ABI info
[1.160s] -- Detecting CXX compiler ABI info - done
[1.174s] -- Check for working CXX compiler: /usr/bin/c++ - skipped
[1.175s] -- Detecting CXX compile features
[1.175s] -- Detecting CXX compile features - done
[1.185s] -- Found ament_cmake_auto: 2.5.2 (/opt/ros/jazzy/share/ament_cmake_auto/cmake)
[1.504s] -- Found Python3: /usr/bin/python3 (found version "3.12.3") found components: Interpreter 
[2.025s] -- Found rosidl_generator_c: 4.6.4 (/opt/ros/jazzy/share/rosidl_generator_c/cmake)
[2.046s] -- Found rosidl_generator_cpp: 4.6.4 (/opt/ros/jazzy/share/rosidl_generator_cpp/cmake)
[2.071s] -- Using all available rosidl_typesupport_c: rosidl_typesupport_fastrtps_c;rosidl_typesupport_introspection_c
[2.098s] -- Using all available rosidl_typesupport_cpp: rosidl_typesupport_fastrtps_cpp;rosidl_typesupport_introspection_cpp
[2.209s] -- Found rmw_implementation_cmake: 7.3.1 (/opt/ros/jazzy/share/rmw_implementation_cmake/cmake)
[2.214s] -- Found rmw_fastrtps_cpp: 8.4.1 (/opt/ros/jazzy/share/rmw_fastrtps_cpp/cmake)
[2.369s] -- Found OpenSSL: /usr/lib/aarch64-linux-gnu/libcrypto.so (found version "3.0.13")  
[2.401s] -- Found FastRTPS: /opt/ros/jazzy/include (Required is at least version "2.13") 
[2.442s] -- Using RMW implementation 'rmw_fastrtps_cpp' as default
[2.779s] -- Setting yaml-cpp_DIR to: '/opt/ros/jazzy/share/yaml_cpp_vendor/cmake/../../../opt/yaml_cpp_vendor/share/cmake/yaml-cpp'
[2.895s] [33mCMake Warning (dev) at CMakeLists.txt:21 (find_package):
[2.895s]   Policy CMP0146 is not set: The FindCUDA module is removed.  Run "cmake
[2.895s]   --help-policy CMP0146" for policy details.  Use the cmake_policy command to
[2.895s]   set the policy and suppress this warning.
[2.895s] 
[2.896s] This warning is for project developers.  Use -Wno-dev to suppress it.
[2.896s] [0m
[2.900s] [0mCUDA_TOOLKIT_ROOT_DIR not found or specified[0m
[2.918s] -- Could NOT find CUDA (missing: CUDA_TOOLKIT_ROOT_DIR CUDA_NVCC_EXECUTABLE CUDA_INCLUDE_DIRS CUDA_CUDART_LIBRARY) 
[2.929s] -- Found ament_lint_auto: 0.17.1 (/opt/ros/jazzy/share/ament_lint_auto/cmake)
[3.045s] -- Added test 'cppcheck' to perform static code analysis on C / C++ code
[3.047s] -- Configured cppcheck include dirs: $<BUILD_INTERFACE:/home/cao/ros2ws/src/ros2_v4l2_camera/include>
[3.047s] -- Configured cppcheck exclude dirs and/or files: 
[3.052s] -- Added test 'cpplint' to check C / C++ code against the Google style
[3.053s] -- Configured cpplint exclude dirs and/or files: 
[3.054s] -- Added test 'flake8' to check Python code syntax and style conventions
[3.054s] -- Configured 'flake8' exclude dirs and/or files: 
[3.057s] -- Added test 'lint_cmake' to check CMake code style
[3.059s] -- Added test 'pep257' to check Python code against some of the docstring style conventions in PEP 257
[3.065s] -- Added test 'uncrustify' to check C / C++ code style
[3.066s] -- Configured uncrustify additional arguments: 
[3.067s] -- Added test 'xmllint' to check XML markup files
[3.078s] -- Configuring done (3.0s)
[3.134s] -- Generating done (0.0s)
[3.136s] -- Build files have been written to: /home/cao/ros2ws/src/build/v4l2_camera
[3.167s] Invoked command in '/home/cao/ros2ws/src/build/v4l2_camera' returned '0': CMAKE_PREFIX_PATH=${CMAKE_PREFIX_PATH}:/opt/ros/jazzy DEBUGINFOD_URLS=https://debuginfod.ubuntu.com /usr/bin/cmake /home/cao/ros2ws/src/ros2_v4l2_camera -DCMAKE_INSTALL_PREFIX=/home/cao/ros2ws/src/install/v4l2_camera
[3.170s] Invoking command in '/home/cao/ros2ws/src/build/v4l2_camera': CMAKE_PREFIX_PATH=${CMAKE_PREFIX_PATH}:/opt/ros/jazzy DEBUGINFOD_URLS=https://debuginfod.ubuntu.com /usr/bin/cmake --build /home/cao/ros2ws/src/build/v4l2_camera -- -j4 -l4
[3.277s] [ 28%] [32mBuilding CXX object CMakeFiles/v4l2_camera.dir/src/v4l2_camera.cpp.o[0m
[3.277s] [ 28%] [32mBuilding CXX object CMakeFiles/v4l2_camera.dir/src/v4l2_camera_device.cpp.o[0m
[43.369s] [ 42%] [32m[1mLinking CXX shared library libv4l2_camera.so[0m
[45.746s] [ 42%] Built target v4l2_camera
[45.799s] [ 57%] [32mBuilding CXX object CMakeFiles/v4l2_camera_node.dir/src/v4l2_camera_node.cpp.o[0m
[54.647s] [ 71%] [32m[1mLinking CXX executable v4l2_camera_node[0m
[55.457s] [ 71%] Built target v4l2_camera_node
[55.510s] [ 85%] [32mBuilding CXX object CMakeFiles/v4l2_camera_compose_test.dir/src/v4l2_camera_compose_test.cpp.o[0m
[72.138s] [100%] [32m[1mLinking CXX executable v4l2_camera_compose_test[0m
[73.300s] [100%] Built target v4l2_camera_compose_test
