[0.012s] Invoking command in '/home/cao/ros2ws/build/hapthexa_msgs': CMAKE_PREFIX_PATH=${CMAKE_PREFIX_PATH}:/opt/ros/jazzy DEBUGINFOD_URLS=https://debuginfod.ubuntu.com /usr/bin/cmake /home/cao/ros2ws/src/hapthexa_msgs -DCMAKE_INSTALL_PREFIX=/home/cao/ros2ws/install/hapthexa_msgs
[0.113s] -- The C compiler identification is GNU 13.2.0
[0.215s] -- The CXX compiler identification is GNU 13.2.0
[0.241s] -- Detecting C compiler ABI info
[0.402s] -- Detecting C compiler ABI info - done
[0.417s] -- Check for working C compiler: /usr/bin/cc - skipped
[0.418s] -- Detecting C compile features
[0.418s] -- Detecting C compile features - done
[0.432s] -- Detecting CXX compiler ABI info
[0.607s] -- Detecting CXX compiler ABI info - done
[0.622s] -- Check for working CXX compiler: /usr/bin/c++ - skipped
[0.623s] -- Detecting CXX compile features
[0.623s] -- Detecting CXX compile features - done
[0.715s] -- Found OpenSSL: /usr/lib/aarch64-linux-gnu/libcrypto.so (found version "3.0.13")  
[0.718s] -- Found ament_cmake: 2.5.2 (/opt/ros/jazzy/share/ament_cmake/cmake)
[0.933s] -- Found Python3: /usr/bin/python3 (found version "3.12.3") found components: Interpreter 
[1.085s] -- Found rclcpp: 28.1.5 (/opt/ros/jazzy/share/rclcpp/cmake)
[1.129s] -- Found rosidl_generator_c: 4.6.4 (/opt/ros/jazzy/share/rosidl_generator_c/cmake)
[1.147s] -- Found rosidl_generator_cpp: 4.6.4 (/opt/ros/jazzy/share/rosidl_generator_cpp/cmake)
[1.169s] -- Using all available rosidl_typesupport_c: rosidl_typesupport_fastrtps_c;rosidl_typesupport_introspection_c
[1.193s] -- Using all available rosidl_typesupport_cpp: rosidl_typesupport_fastrtps_cpp;rosidl_typesupport_introspection_cpp
[1.290s] -- Found rmw_implementation_cmake: 7.3.1 (/opt/ros/jazzy/share/rmw_implementation_cmake/cmake)
[1.294s] -- Found rmw_fastrtps_cpp: 8.4.1 (/opt/ros/jazzy/share/rmw_fastrtps_cpp/cmake)
[1.363s] -- Found FastRTPS: /opt/ros/jazzy/include (Required is at least version "2.13") 
[1.398s] -- Using RMW implementation 'rmw_fastrtps_cpp' as default
[1.491s] -- Found rclcpp_action: 28.1.5 (/opt/ros/jazzy/share/rclcpp_action/cmake)
[1.548s] -- Found rosidl_default_generators: 1.6.0 (/opt/ros/jazzy/share/rosidl_default_generators/cmake)
[1.567s] -- Found rosidl_adapter: 4.6.4 (/opt/ros/jazzy/share/rosidl_adapter/cmake)
[2.541s] -- Found ament_cmake_ros: 0.12.0 (/opt/ros/jazzy/share/ament_cmake_ros/cmake)
[3.637s] -- Using all available rosidl_typesupport_c: rosidl_typesupport_fastrtps_c;rosidl_typesupport_introspection_c
[4.072s] -- Using all available rosidl_typesupport_cpp: rosidl_typesupport_fastrtps_cpp;rosidl_typesupport_introspection_cpp
[4.076s] -- Found python_cmake_module: 0.11.1 (/opt/ros/jazzy/share/python_cmake_module/cmake)
[4.284s] -- Found PythonExtra: /usr/bin/python3  
[4.978s] -- Found Python3: /usr/bin/python3 (found version "3.12.3") found components: Interpreter Development NumPy Development.Module Development.Embed 
[5.036s] -- Found ament_lint_auto: 0.17.1 (/opt/ros/jazzy/share/ament_lint_auto/cmake)
[5.064s] -- Added test 'copyright' to check source files copyright and LICENSE
[5.067s] -- Added test 'lint_cmake' to check CMake code style
[5.069s] -- Added test 'xmllint' to check XML markup files
[5.073s] -- Configuring done (5.0s)
[5.158s] -- Generating done (0.1s)
[5.162s] -- Build files have been written to: /home/cao/ros2ws/build/hapthexa_msgs
[5.191s] Invoked command in '/home/cao/ros2ws/build/hapthexa_msgs' returned '0': CMAKE_PREFIX_PATH=${CMAKE_PREFIX_PATH}:/opt/ros/jazzy DEBUGINFOD_URLS=https://debuginfod.ubuntu.com /usr/bin/cmake /home/cao/ros2ws/src/hapthexa_msgs -DCMAKE_INSTALL_PREFIX=/home/cao/ros2ws/install/hapthexa_msgs
[5.193s] Invoking command in '/home/cao/ros2ws/build/hapthexa_msgs': CMAKE_PREFIX_PATH=${CMAKE_PREFIX_PATH}:/opt/ros/jazzy DEBUGINFOD_URLS=https://debuginfod.ubuntu.com /usr/bin/cmake --build /home/cao/ros2ws/build/hapthexa_msgs -- -j4 -l4
[5.292s] [  1%] [34m[1mGenerating type hashes for ROS interfaces[0m
[5.308s] [  1%] Built target ament_cmake_python_copy_hapthexa_msgs
[5.617s] running egg_info
[5.618s] creating hapthexa_msgs.egg-info
[5.642s] writing hapthexa_msgs.egg-info/PKG-INFO
[5.643s] writing dependency_links to hapthexa_msgs.egg-info/dependency_links.txt
[5.643s] writing top-level names to hapthexa_msgs.egg-info/top_level.txt
[5.643s] writing manifest file 'hapthexa_msgs.egg-info/SOURCES.txt'
[5.717s] reading manifest file 'hapthexa_msgs.egg-info/SOURCES.txt'
[5.718s] writing manifest file 'hapthexa_msgs.egg-info/SOURCES.txt'
[5.789s] [  1%] Built target ament_cmake_python_build_hapthexa_msgs_egg
[5.889s] [  1%] Built target hapthexa_msgs__rosidl_generator_type_description
[5.907s] [  2%] [34m[1mGenerating C code for ROS interfaces[0m
[5.927s] [  2%] [34m[1mGenerating C++ code for ROS interfaces[0m
[8.151s] [  2%] Built target hapthexa_msgs__cpp
[8.577s] [  5%] [32mBuilding C object CMakeFiles/hapthexa_msgs__rosidl_generator_c.dir/rosidl_generator_c/hapthexa_msgs/action/detail/move_leg__description.c.o[0m
[8.578s] [  5%] [32mBuilding C object CMakeFiles/hapthexa_msgs__rosidl_generator_c.dir/rosidl_generator_c/hapthexa_msgs/action/detail/move_leg_args__description.c.o[0m
[8.578s] [  5%] [32mBuilding C object CMakeFiles/hapthexa_msgs__rosidl_generator_c.dir/rosidl_generator_c/hapthexa_msgs/action/detail/move_leg__type_support.c.o[0m
[8.578s] [  5%] [32mBuilding C object CMakeFiles/hapthexa_msgs__rosidl_generator_c.dir/rosidl_generator_c/hapthexa_msgs/action/detail/move_leg__functions.c.o[0m
[8.686s] [  5%] [32mBuilding C object CMakeFiles/hapthexa_msgs__rosidl_generator_c.dir/rosidl_generator_c/hapthexa_msgs/action/detail/move_leg_args__functions.c.o[0m
[8.770s] [  7%] [32mBuilding C object CMakeFiles/hapthexa_msgs__rosidl_generator_c.dir/rosidl_generator_c/hapthexa_msgs/action/detail/gait__description.c.o[0m
[8.770s] [  7%] [32mBuilding C object CMakeFiles/hapthexa_msgs__rosidl_generator_c.dir/rosidl_generator_c/hapthexa_msgs/action/detail/move_leg_args__type_support.c.o[0m
[8.873s] [  8%] [32mBuilding C object CMakeFiles/hapthexa_msgs__rosidl_generator_c.dir/rosidl_generator_c/hapthexa_msgs/action/detail/gait__functions.c.o[0m
[8.966s] [  8%] [32mBuilding C object CMakeFiles/hapthexa_msgs__rosidl_generator_c.dir/rosidl_generator_c/hapthexa_msgs/action/detail/gait__type_support.c.o[0m
[8.972s] [  9%] [32mBuilding C object CMakeFiles/hapthexa_msgs__rosidl_generator_c.dir/rosidl_generator_c/hapthexa_msgs/action/detail/empty__description.c.o[0m
[9.071s] [ 10%] [32mBuilding C object CMakeFiles/hapthexa_msgs__rosidl_generator_c.dir/rosidl_generator_c/hapthexa_msgs/action/detail/empty__functions.c.o[0m
[9.086s] [ 11%] [32mBuilding C object CMakeFiles/hapthexa_msgs__rosidl_generator_c.dir/rosidl_generator_c/hapthexa_msgs/action/detail/empty__type_support.c.o[0m
[9.175s] [ 11%] [32mBuilding C object CMakeFiles/hapthexa_msgs__rosidl_generator_c.dir/rosidl_generator_c/hapthexa_msgs/msg/detail/attitude__description.c.o[0m
[9.190s] [ 12%] [32mBuilding C object CMakeFiles/hapthexa_msgs__rosidl_generator_c.dir/rosidl_generator_c/hapthexa_msgs/msg/detail/attitude__functions.c.o[0m
[9.266s] [ 13%] [32mBuilding C object CMakeFiles/hapthexa_msgs__rosidl_generator_c.dir/rosidl_generator_c/hapthexa_msgs/msg/detail/attitude__type_support.c.o[0m
[9.273s] [ 14%] [32mBuilding C object CMakeFiles/hapthexa_msgs__rosidl_generator_c.dir/rosidl_generator_c/hapthexa_msgs/msg/detail/empty__description.c.o[0m
[9.310s] [ 14%] [32mBuilding C object CMakeFiles/hapthexa_msgs__rosidl_generator_c.dir/rosidl_generator_c/hapthexa_msgs/msg/detail/empty__functions.c.o[0m
[9.345s] [ 15%] [32mBuilding C object CMakeFiles/hapthexa_msgs__rosidl_generator_c.dir/rosidl_generator_c/hapthexa_msgs/msg/detail/empty__type_support.c.o[0m
[9.374s] [ 16%] [32mBuilding C object CMakeFiles/hapthexa_msgs__rosidl_generator_c.dir/rosidl_generator_c/hapthexa_msgs/msg/detail/force_sensor__description.c.o[0m
[9.428s] [ 17%] [32mBuilding C object CMakeFiles/hapthexa_msgs__rosidl_generator_c.dir/rosidl_generator_c/hapthexa_msgs/msg/detail/force_sensor__functions.c.o[0m
[9.437s] [ 17%] [32mBuilding C object CMakeFiles/hapthexa_msgs__rosidl_generator_c.dir/rosidl_generator_c/hapthexa_msgs/msg/detail/force_sensor__type_support.c.o[0m
[9.468s] [ 18%] [32mBuilding C object CMakeFiles/hapthexa_msgs__rosidl_generator_c.dir/rosidl_generator_c/hapthexa_msgs/msg/detail/leg_args__description.c.o[0m
[9.484s] [ 19%] [32mBuilding C object CMakeFiles/hapthexa_msgs__rosidl_generator_c.dir/rosidl_generator_c/hapthexa_msgs/msg/detail/leg_args__functions.c.o[0m
[9.517s] [ 20%] [32mBuilding C object CMakeFiles/hapthexa_msgs__rosidl_generator_c.dir/rosidl_generator_c/hapthexa_msgs/msg/detail/leg_args__type_support.c.o[0m
[9.547s] [ 20%] [32mBuilding C object CMakeFiles/hapthexa_msgs__rosidl_generator_c.dir/rosidl_generator_c/hapthexa_msgs/msg/detail/leg_position__description.c.o[0m
[9.564s] [ 21%] [32mBuilding C object CMakeFiles/hapthexa_msgs__rosidl_generator_c.dir/rosidl_generator_c/hapthexa_msgs/msg/detail/leg_position__functions.c.o[0m
[9.600s] [ 22%] [32mBuilding C object CMakeFiles/hapthexa_msgs__rosidl_generator_c.dir/rosidl_generator_c/hapthexa_msgs/msg/detail/leg_position__type_support.c.o[0m
[9.605s] [ 23%] [32mBuilding C object CMakeFiles/hapthexa_msgs__rosidl_generator_c.dir/rosidl_generator_c/hapthexa_msgs/srv/detail/get_leg_args__description.c.o[0m
[9.640s] [ 23%] [32mBuilding C object CMakeFiles/hapthexa_msgs__rosidl_generator_c.dir/rosidl_generator_c/hapthexa_msgs/srv/detail/get_leg_args__functions.c.o[0m
[9.677s] [ 24%] [32mBuilding C object CMakeFiles/hapthexa_msgs__rosidl_generator_c.dir/rosidl_generator_c/hapthexa_msgs/srv/detail/get_leg_args__type_support.c.o[0m
[9.692s] [ 25%] [32mBuilding C object CMakeFiles/hapthexa_msgs__rosidl_generator_c.dir/rosidl_generator_c/hapthexa_msgs/srv/detail/get_leg_position__description.c.o[0m
[9.729s] [ 26%] [32mBuilding C object CMakeFiles/hapthexa_msgs__rosidl_generator_c.dir/rosidl_generator_c/hapthexa_msgs/srv/detail/get_leg_position__functions.c.o[0m
[9.773s] [ 26%] [32mBuilding C object CMakeFiles/hapthexa_msgs__rosidl_generator_c.dir/rosidl_generator_c/hapthexa_msgs/srv/detail/get_leg_position__type_support.c.o[0m
[9.882s] [ 27%] [32m[1mLinking C shared library libhapthexa_msgs__rosidl_generator_c.so[0m
[10.013s] [ 27%] Built target hapthexa_msgs__rosidl_generator_c
[10.038s] [ 29%] [34m[1mGenerating C++ type support dispatch for ROS interfaces[0m
[10.038s] [ 29%] [34m[1mGenerating C introspection for ROS interfaces[0m
[10.038s] [ 29%] [34m[1mGenerating C++ type support for eProsima Fast-RTPS[0m
[10.038s] [ 29%] [34m[1mGenerating C type support for eProsima Fast-RTPS[0m
[11.319s] [ 30%] [32mBuilding CXX object CMakeFiles/hapthexa_msgs__rosidl_typesupport_cpp.dir/rosidl_typesupport_cpp/hapthexa_msgs/action/move_leg__type_support.cpp.o[0m
[12.056s] [ 31%] [32mBuilding C object CMakeFiles/hapthexa_msgs__rosidl_typesupport_introspection_c.dir/rosidl_typesupport_introspection_c/hapthexa_msgs/action/detail/move_leg__type_support.c.o[0m
[12.210s] [ 32%] [32mBuilding C object CMakeFiles/hapthexa_msgs__rosidl_typesupport_introspection_c.dir/rosidl_typesupport_introspection_c/hapthexa_msgs/action/detail/move_leg_args__type_support.c.o[0m
[12.360s] [ 33%] [32mBuilding C object CMakeFiles/hapthexa_msgs__rosidl_typesupport_introspection_c.dir/rosidl_typesupport_introspection_c/hapthexa_msgs/action/detail/gait__type_support.c.o[0m
[12.508s] [ 33%] [32mBuilding C object CMakeFiles/hapthexa_msgs__rosidl_typesupport_introspection_c.dir/rosidl_typesupport_introspection_c/hapthexa_msgs/action/detail/empty__type_support.c.o[0m
[12.676s] [ 34%] [32mBuilding C object CMakeFiles/hapthexa_msgs__rosidl_typesupport_introspection_c.dir/rosidl_typesupport_introspection_c/hapthexa_msgs/msg/detail/attitude__type_support.c.o[0m
[12.761s] [ 35%] [32mBuilding C object CMakeFiles/hapthexa_msgs__rosidl_typesupport_introspection_c.dir/rosidl_typesupport_introspection_c/hapthexa_msgs/msg/detail/empty__type_support.c.o[0m
[12.849s] [ 36%] [32mBuilding C object CMakeFiles/hapthexa_msgs__rosidl_typesupport_introspection_c.dir/rosidl_typesupport_introspection_c/hapthexa_msgs/msg/detail/force_sensor__type_support.c.o[0m
[12.943s] [ 36%] [32mBuilding C object CMakeFiles/hapthexa_msgs__rosidl_typesupport_introspection_c.dir/rosidl_typesupport_introspection_c/hapthexa_msgs/msg/detail/leg_args__type_support.c.o[0m
[13.039s] [ 37%] [32mBuilding C object CMakeFiles/hapthexa_msgs__rosidl_typesupport_introspection_c.dir/rosidl_typesupport_introspection_c/hapthexa_msgs/msg/detail/leg_position__type_support.c.o[0m
[13.080s] [ 37%] [32mBuilding CXX object CMakeFiles/hapthexa_msgs__rosidl_typesupport_fastrtps_cpp.dir/rosidl_typesupport_fastrtps_cpp/hapthexa_msgs/action/detail/dds_fastrtps/move_leg__type_support.cpp.o[0m
[13.129s] [ 38%] [32mBuilding C object CMakeFiles/hapthexa_msgs__rosidl_typesupport_introspection_c.dir/rosidl_typesupport_introspection_c/hapthexa_msgs/srv/detail/get_leg_args__type_support.c.o[0m
[13.242s] [ 39%] [32mBuilding CXX object CMakeFiles/hapthexa_msgs__rosidl_typesupport_cpp.dir/rosidl_typesupport_cpp/hapthexa_msgs/action/move_leg_args__type_support.cpp.o[0m
[13.244s] [ 40%] [32mBuilding C object CMakeFiles/hapthexa_msgs__rosidl_typesupport_introspection_c.dir/rosidl_typesupport_introspection_c/hapthexa_msgs/srv/detail/get_leg_position__type_support.c.o[0m
[13.358s] [ 40%] [32m[1mLinking C shared library libhapthexa_msgs__rosidl_typesupport_introspection_c.so[0m
[13.430s] [ 41%] [32mBuilding CXX object CMakeFiles/hapthexa_msgs__rosidl_typesupport_fastrtps_c.dir/rosidl_typesupport_fastrtps_c/hapthexa_msgs/action/detail/move_leg__type_support_c.cpp.o[0m
[13.451s] [ 41%] Built target hapthexa_msgs__rosidl_typesupport_introspection_c
[13.473s] [ 41%] [32mBuilding CXX object CMakeFiles/hapthexa_msgs__rosidl_typesupport_fastrtps_c.dir/rosidl_typesupport_fastrtps_c/hapthexa_msgs/action/detail/move_leg_args__type_support_c.cpp.o[0m
[15.017s] [ 42%] [32mBuilding CXX object CMakeFiles/hapthexa_msgs__rosidl_typesupport_fastrtps_c.dir/rosidl_typesupport_fastrtps_c/hapthexa_msgs/action/detail/gait__type_support_c.cpp.o[0m
[15.057s] [ 43%] [34m[1mGenerating C type support dispatch for ROS interfaces[0m
[15.143s] [ 44%] [32mBuilding CXX object CMakeFiles/hapthexa_msgs__rosidl_typesupport_cpp.dir/rosidl_typesupport_cpp/hapthexa_msgs/action/gait__type_support.cpp.o[0m
[16.021s] [ 45%] [32mBuilding CXX object CMakeFiles/hapthexa_msgs__rosidl_typesupport_fastrtps_cpp.dir/rosidl_typesupport_fastrtps_cpp/hapthexa_msgs/action/detail/dds_fastrtps/move_leg_args__type_support.cpp.o[0m
[16.618s] [ 45%] [32mBuilding CXX object CMakeFiles/hapthexa_msgs__rosidl_typesupport_c.dir/rosidl_typesupport_c/hapthexa_msgs/action/move_leg__type_support.cpp.o[0m
[16.732s] [ 46%] [32mBuilding CXX object CMakeFiles/hapthexa_msgs__rosidl_typesupport_fastrtps_c.dir/rosidl_typesupport_fastrtps_c/hapthexa_msgs/action/detail/empty__type_support_c.cpp.o[0m
[16.754s] [ 47%] [32mBuilding CXX object CMakeFiles/hapthexa_msgs__rosidl_typesupport_c.dir/rosidl_typesupport_c/hapthexa_msgs/action/move_leg_args__type_support.cpp.o[0m
[16.889s] [ 48%] [32mBuilding CXX object CMakeFiles/hapthexa_msgs__rosidl_typesupport_c.dir/rosidl_typesupport_c/hapthexa_msgs/action/gait__type_support.cpp.o[0m
[17.026s] [ 49%] [32mBuilding CXX object CMakeFiles/hapthexa_msgs__rosidl_typesupport_c.dir/rosidl_typesupport_c/hapthexa_msgs/action/empty__type_support.cpp.o[0m
[17.071s] [ 49%] [32mBuilding CXX object CMakeFiles/hapthexa_msgs__rosidl_typesupport_cpp.dir/rosidl_typesupport_cpp/hapthexa_msgs/action/empty__type_support.cpp.o[0m
[17.163s] [ 49%] [32mBuilding CXX object CMakeFiles/hapthexa_msgs__rosidl_typesupport_c.dir/rosidl_typesupport_c/hapthexa_msgs/msg/attitude__type_support.cpp.o[0m
[17.263s] [ 50%] [32mBuilding CXX object CMakeFiles/hapthexa_msgs__rosidl_typesupport_c.dir/rosidl_typesupport_c/hapthexa_msgs/msg/empty__type_support.cpp.o[0m
[17.364s] [ 51%] [32mBuilding CXX object CMakeFiles/hapthexa_msgs__rosidl_typesupport_c.dir/rosidl_typesupport_c/hapthexa_msgs/msg/force_sensor__type_support.cpp.o[0m
[17.460s] [ 52%] [32mBuilding CXX object CMakeFiles/hapthexa_msgs__rosidl_typesupport_c.dir/rosidl_typesupport_c/hapthexa_msgs/msg/leg_args__type_support.cpp.o[0m
[17.559s] [ 52%] [32mBuilding CXX object CMakeFiles/hapthexa_msgs__rosidl_typesupport_c.dir/rosidl_typesupport_c/hapthexa_msgs/msg/leg_position__type_support.cpp.o[0m
[17.657s] [ 53%] [32mBuilding CXX object CMakeFiles/hapthexa_msgs__rosidl_typesupport_c.dir/rosidl_typesupport_c/hapthexa_msgs/srv/get_leg_args__type_support.cpp.o[0m
[17.767s] [ 54%] [32mBuilding CXX object CMakeFiles/hapthexa_msgs__rosidl_typesupport_c.dir/rosidl_typesupport_c/hapthexa_msgs/srv/get_leg_position__type_support.cpp.o[0m
[17.872s] [ 55%] [32m[1mLinking CXX shared library libhapthexa_msgs__rosidl_typesupport_c.so[0m
[17.988s] [ 55%] Built target hapthexa_msgs__rosidl_typesupport_c
[18.011s] [ 56%] [32mBuilding CXX object CMakeFiles/hapthexa_msgs__rosidl_typesupport_cpp.dir/rosidl_typesupport_cpp/hapthexa_msgs/msg/attitude__type_support.cpp.o[0m
[18.390s] [ 57%] [32mBuilding CXX object CMakeFiles/hapthexa_msgs__rosidl_typesupport_fastrtps_c.dir/rosidl_typesupport_fastrtps_c/hapthexa_msgs/msg/detail/attitude__type_support_c.cpp.o[0m
[18.888s] [ 58%] [32mBuilding CXX object CMakeFiles/hapthexa_msgs__rosidl_typesupport_cpp.dir/rosidl_typesupport_cpp/hapthexa_msgs/msg/empty__type_support.cpp.o[0m
[19.021s] [ 59%] [32mBuilding CXX object CMakeFiles/hapthexa_msgs__rosidl_typesupport_fastrtps_cpp.dir/rosidl_typesupport_fastrtps_cpp/hapthexa_msgs/action/detail/dds_fastrtps/gait__type_support.cpp.o[0m
[19.062s] [ 60%] [34m[1mGenerating C++ introspection for ROS interfaces[0m
[19.662s] [ 60%] [32mBuilding CXX object CMakeFiles/hapthexa_msgs__rosidl_typesupport_fastrtps_c.dir/rosidl_typesupport_fastrtps_c/hapthexa_msgs/msg/detail/empty__type_support_c.cpp.o[0m
[19.692s] [ 60%] [32mBuilding CXX object CMakeFiles/hapthexa_msgs__rosidl_typesupport_cpp.dir/rosidl_typesupport_cpp/hapthexa_msgs/msg/force_sensor__type_support.cpp.o[0m
[20.477s] [ 61%] [32mBuilding CXX object CMakeFiles/hapthexa_msgs__rosidl_typesupport_cpp.dir/rosidl_typesupport_cpp/hapthexa_msgs/msg/leg_args__type_support.cpp.o[0m
[20.831s] [ 62%] [32mBuilding CXX object CMakeFiles/hapthexa_msgs__rosidl_typesupport_fastrtps_c.dir/rosidl_typesupport_fastrtps_c/hapthexa_msgs/msg/detail/force_sensor__type_support_c.cpp.o[0m
[21.344s] [ 63%] [32mBuilding CXX object CMakeFiles/hapthexa_msgs__rosidl_typesupport_introspection_cpp.dir/rosidl_typesupport_introspection_cpp/hapthexa_msgs/action/detail/move_leg__type_support.cpp.o[0m
[21.366s] [ 64%] [32mBuilding CXX object CMakeFiles/hapthexa_msgs__rosidl_typesupport_cpp.dir/rosidl_typesupport_cpp/hapthexa_msgs/msg/leg_position__type_support.cpp.o[0m
[21.879s] [ 65%] [32mBuilding CXX object CMakeFiles/hapthexa_msgs__rosidl_typesupport_fastrtps_cpp.dir/rosidl_typesupport_fastrtps_cpp/hapthexa_msgs/action/detail/dds_fastrtps/empty__type_support.cpp.o[0m
[22.170s] [ 67%] [32mBuilding CXX object CMakeFiles/hapthexa_msgs__rosidl_typesupport_fastrtps_c.dir/rosidl_typesupport_fastrtps_c/hapthexa_msgs/msg/detail/leg_args__type_support_c.cpp.o[0m
[22.173s] [ 67%] [32mBuilding CXX object CMakeFiles/hapthexa_msgs__rosidl_typesupport_cpp.dir/rosidl_typesupport_cpp/hapthexa_msgs/srv/get_leg_args__type_support.cpp.o[0m
[23.259s] [ 67%] [32mBuilding CXX object CMakeFiles/hapthexa_msgs__rosidl_typesupport_cpp.dir/rosidl_typesupport_cpp/hapthexa_msgs/srv/get_leg_position__type_support.cpp.o[0m
[23.414s] [ 68%] [32mBuilding CXX object CMakeFiles/hapthexa_msgs__rosidl_typesupport_introspection_cpp.dir/rosidl_typesupport_introspection_cpp/hapthexa_msgs/action/detail/move_leg_args__type_support.cpp.o[0m
[23.451s] [ 69%] [32mBuilding CXX object CMakeFiles/hapthexa_msgs__rosidl_typesupport_fastrtps_c.dir/rosidl_typesupport_fastrtps_c/hapthexa_msgs/msg/detail/leg_position__type_support_c.cpp.o[0m
[24.313s] [ 70%] [32m[1mLinking CXX shared library libhapthexa_msgs__rosidl_typesupport_cpp.so[0m
[24.594s] [ 70%] Built target hapthexa_msgs__rosidl_typesupport_cpp
[24.616s] [ 70%] [32mBuilding CXX object CMakeFiles/hapthexa_msgs__rosidl_typesupport_introspection_cpp.dir/rosidl_typesupport_introspection_cpp/hapthexa_msgs/action/detail/gait__type_support.cpp.o[0m
[24.777s] [ 70%] [32mBuilding CXX object CMakeFiles/hapthexa_msgs__rosidl_typesupport_fastrtps_c.dir/rosidl_typesupport_fastrtps_c/hapthexa_msgs/srv/detail/get_leg_args__type_support_c.cpp.o[0m
[24.898s] [ 70%] [32mBuilding CXX object CMakeFiles/hapthexa_msgs__rosidl_typesupport_fastrtps_cpp.dir/rosidl_typesupport_fastrtps_cpp/hapthexa_msgs/msg/detail/dds_fastrtps/attitude__type_support.cpp.o[0m
[25.625s] [ 71%] [32mBuilding CXX object CMakeFiles/hapthexa_msgs__rosidl_typesupport_introspection_cpp.dir/rosidl_typesupport_introspection_cpp/hapthexa_msgs/action/detail/empty__type_support.cpp.o[0m
[26.175s] [ 72%] [32mBuilding CXX object CMakeFiles/hapthexa_msgs__rosidl_typesupport_fastrtps_c.dir/rosidl_typesupport_fastrtps_c/hapthexa_msgs/srv/detail/get_leg_position__type_support_c.cpp.o[0m
[26.184s] [ 73%] [32mBuilding CXX object CMakeFiles/hapthexa_msgs__rosidl_typesupport_fastrtps_cpp.dir/rosidl_typesupport_fastrtps_cpp/hapthexa_msgs/msg/detail/dds_fastrtps/empty__type_support.cpp.o[0m
[26.740s] [ 74%] [32mBuilding CXX object CMakeFiles/hapthexa_msgs__rosidl_typesupport_introspection_cpp.dir/rosidl_typesupport_introspection_cpp/hapthexa_msgs/msg/detail/attitude__type_support.cpp.o[0m
[27.450s] [ 75%] [32mBuilding CXX object CMakeFiles/hapthexa_msgs__rosidl_typesupport_fastrtps_cpp.dir/rosidl_typesupport_fastrtps_cpp/hapthexa_msgs/msg/detail/dds_fastrtps/force_sensor__type_support.cpp.o[0m
[27.568s] [ 76%] [32m[1mLinking CXX shared library libhapthexa_msgs__rosidl_typesupport_fastrtps_c.so[0m
[27.577s] [ 77%] [32mBuilding CXX object CMakeFiles/hapthexa_msgs__rosidl_typesupport_introspection_cpp.dir/rosidl_typesupport_introspection_cpp/hapthexa_msgs/msg/detail/empty__type_support.cpp.o[0m
[27.744s] [ 77%] Built target hapthexa_msgs__rosidl_typesupport_fastrtps_c
[27.761s] [ 78%] [32mBuilding CXX object CMakeFiles/hapthexa_msgs__rosidl_typesupport_fastrtps_cpp.dir/rosidl_typesupport_fastrtps_cpp/hapthexa_msgs/msg/detail/dds_fastrtps/leg_args__type_support.cpp.o[0m
[27.767s] [ 78%] [32mBuilding CXX object CMakeFiles/hapthexa_msgs__rosidl_typesupport_introspection_cpp.dir/rosidl_typesupport_introspection_cpp/hapthexa_msgs/msg/detail/force_sensor__type_support.cpp.o[0m
[28.371s] [ 79%] [32mBuilding CXX object CMakeFiles/hapthexa_msgs__rosidl_typesupport_introspection_cpp.dir/rosidl_typesupport_introspection_cpp/hapthexa_msgs/msg/detail/leg_args__type_support.cpp.o[0m
[28.564s] [ 80%] [32mBuilding CXX object CMakeFiles/hapthexa_msgs__rosidl_typesupport_introspection_cpp.dir/rosidl_typesupport_introspection_cpp/hapthexa_msgs/msg/detail/leg_position__type_support.cpp.o[0m
[28.780s] [ 80%] [32mBuilding CXX object CMakeFiles/hapthexa_msgs__rosidl_typesupport_fastrtps_cpp.dir/rosidl_typesupport_fastrtps_cpp/hapthexa_msgs/msg/detail/dds_fastrtps/leg_position__type_support.cpp.o[0m
[29.051s] [ 81%] [32mBuilding CXX object CMakeFiles/hapthexa_msgs__rosidl_typesupport_fastrtps_cpp.dir/rosidl_typesupport_fastrtps_cpp/hapthexa_msgs/srv/detail/dds_fastrtps/get_leg_args__type_support.cpp.o[0m
[29.181s] [ 82%] [32mBuilding CXX object CMakeFiles/hapthexa_msgs__rosidl_typesupport_introspection_cpp.dir/rosidl_typesupport_introspection_cpp/hapthexa_msgs/srv/detail/get_leg_args__type_support.cpp.o[0m
[29.375s] [ 82%] [32mBuilding CXX object CMakeFiles/hapthexa_msgs__rosidl_typesupport_introspection_cpp.dir/rosidl_typesupport_introspection_cpp/hapthexa_msgs/srv/detail/get_leg_position__type_support.cpp.o[0m
[30.063s] [ 83%] [32mBuilding CXX object CMakeFiles/hapthexa_msgs__rosidl_typesupport_fastrtps_cpp.dir/rosidl_typesupport_fastrtps_cpp/hapthexa_msgs/srv/detail/dds_fastrtps/get_leg_position__type_support.cpp.o[0m
[30.460s] [ 84%] [32m[1mLinking CXX shared library libhapthexa_msgs__rosidl_typesupport_introspection_cpp.so[0m
[30.720s] [ 84%] Built target hapthexa_msgs__rosidl_typesupport_introspection_cpp
[31.403s] [ 85%] [32m[1mLinking CXX shared library libhapthexa_msgs__rosidl_typesupport_fastrtps_cpp.so[0m
[31.645s] [ 85%] Built target hapthexa_msgs__rosidl_typesupport_fastrtps_cpp
[31.682s] [ 85%] Built target hapthexa_msgs
[31.719s] [ 86%] [34m[1mGenerating Python code for ROS interfaces[0m
[35.504s] [ 86%] Built target hapthexa_msgs__py
[35.545s] [ 89%] [32mBuilding C object CMakeFiles/hapthexa_msgs__rosidl_generator_py.dir/rosidl_generator_py/hapthexa_msgs/action/_move_leg_args_s.c.o[0m
[35.545s] [ 89%] [32mBuilding C object CMakeFiles/hapthexa_msgs__rosidl_generator_py.dir/rosidl_generator_py/hapthexa_msgs/action/_move_leg_s.c.o[0m
[35.546s] [ 89%] [32mBuilding C object CMakeFiles/hapthexa_msgs__rosidl_generator_py.dir/rosidl_generator_py/hapthexa_msgs/action/_gait_s.c.o[0m
[35.546s] [ 89%] [32mBuilding C object CMakeFiles/hapthexa_msgs__rosidl_generator_py.dir/rosidl_generator_py/hapthexa_msgs/action/_empty_s.c.o[0m
[35.987s] [ 90%] [32mBuilding C object CMakeFiles/hapthexa_msgs__rosidl_generator_py.dir/rosidl_generator_py/hapthexa_msgs/msg/_attitude_s.c.o[0m
[36.012s] [ 91%] [32mBuilding C object CMakeFiles/hapthexa_msgs__rosidl_generator_py.dir/rosidl_generator_py/hapthexa_msgs/msg/_empty_s.c.o[0m
[36.016s] [ 91%] [32mBuilding C object CMakeFiles/hapthexa_msgs__rosidl_generator_py.dir/rosidl_generator_py/hapthexa_msgs/msg/_force_sensor_s.c.o[0m
[36.021s] [ 92%] [32mBuilding C object CMakeFiles/hapthexa_msgs__rosidl_generator_py.dir/rosidl_generator_py/hapthexa_msgs/msg/_leg_args_s.c.o[0m
[36.260s] [ 93%] [32mBuilding C object CMakeFiles/hapthexa_msgs__rosidl_generator_py.dir/rosidl_generator_py/hapthexa_msgs/msg/_leg_position_s.c.o[0m
[36.266s] [ 94%] [32mBuilding C object CMakeFiles/hapthexa_msgs__rosidl_generator_py.dir/rosidl_generator_py/hapthexa_msgs/srv/_get_leg_args_s.c.o[0m
[36.289s] [ 94%] [32mBuilding C object CMakeFiles/hapthexa_msgs__rosidl_generator_py.dir/rosidl_generator_py/hapthexa_msgs/srv/_get_leg_position_s.c.o[0m
[36.572s] [ 95%] [32m[1mLinking C shared library libhapthexa_msgs__rosidl_generator_py.so[0m
[36.671s] [ 95%] Built target hapthexa_msgs__rosidl_generator_py
[36.713s] [ 95%] [32mBuilding C object CMakeFiles/hapthexa_msgs_s__rosidl_typesupport_fastrtps_c.dir/rosidl_generator_py/hapthexa_msgs/_hapthexa_msgs_s.ep.rosidl_typesupport_fastrtps_c.c.o[0m
[36.713s] [ 97%] [32mBuilding C object CMakeFiles/hapthexa_msgs_s__rosidl_typesupport_c.dir/rosidl_generator_py/hapthexa_msgs/_hapthexa_msgs_s.ep.rosidl_typesupport_c.c.o[0m
[36.713s] [ 97%] [32mBuilding C object CMakeFiles/hapthexa_msgs_s__rosidl_typesupport_introspection_c.dir/rosidl_generator_py/hapthexa_msgs/_hapthexa_msgs_s.ep.rosidl_typesupport_introspection_c.c.o[0m
[37.218s] [ 99%] [32m[1mLinking C shared module rosidl_generator_py/hapthexa_msgs/hapthexa_msgs_s__rosidl_typesupport_introspection_c.so[0m
[37.218s] [ 99%] [32m[1mLinking C shared module rosidl_generator_py/hapthexa_msgs/hapthexa_msgs_s__rosidl_typesupport_c.so[0m
[37.220s] [100%] [32m[1mLinking C shared module rosidl_generator_py/hapthexa_msgs/hapthexa_msgs_s__rosidl_typesupport_fastrtps_c.so[0m
[37.285s] [100%] Built target hapthexa_msgs_s__rosidl_typesupport_introspection_c
[37.287s] [100%] Built target hapthexa_msgs_s__rosidl_typesupport_c
[37.291s] [100%] Built target hapthexa_msgs_s__rosidl_typesupport_fastrtps_c
[37.313s] Invoked command in '/home/cao/ros2ws/build/hapthexa_msgs' returned '0': CMAKE_PREFIX_PATH=${CMAKE_PREFIX_PATH}:/opt/ros/jazzy DEBUGINFOD_URLS=https://debuginfod.ubuntu.com /usr/bin/cmake --build /home/cao/ros2ws/build/hapthexa_msgs -- -j4 -l4
[37.722s] Invoking command in '/home/cao/ros2ws/build/hapthexa_msgs': CMAKE_PREFIX_PATH=${CMAKE_PREFIX_PATH}:/opt/ros/jazzy DEBUGINFOD_URLS=https://debuginfod.ubuntu.com /usr/bin/cmake --install /home/cao/ros2ws/build/hapthexa_msgs
[37.737s] -- Install configuration: ""
[37.737s] -- Installing: /home/cao/ros2ws/install/hapthexa_msgs/share/ament_index/resource_index/rosidl_interfaces/hapthexa_msgs
[37.737s] -- Installing: /home/cao/ros2ws/install/hapthexa_msgs/share/hapthexa_msgs/action/MoveLeg.json
[37.738s] -- Installing: /home/cao/ros2ws/install/hapthexa_msgs/share/hapthexa_msgs/action/MoveLegArgs.json
[37.738s] -- Installing: /home/cao/ros2ws/install/hapthexa_msgs/share/hapthexa_msgs/action/Gait.json
[37.738s] -- Installing: /home/cao/ros2ws/install/hapthexa_msgs/share/hapthexa_msgs/action/Empty.json
[37.738s] -- Installing: /home/cao/ros2ws/install/hapthexa_msgs/share/hapthexa_msgs/msg/Attitude.json
[37.738s] -- Installing: /home/cao/ros2ws/install/hapthexa_msgs/share/hapthexa_msgs/msg/Empty.json
[37.739s] -- Installing: /home/cao/ros2ws/install/hapthexa_msgs/share/hapthexa_msgs/msg/ForceSensor.json
[37.739s] -- Installing: /home/cao/ros2ws/install/hapthexa_msgs/share/hapthexa_msgs/msg/LegArgs.json
[37.739s] -- Installing: /home/cao/ros2ws/install/hapthexa_msgs/share/hapthexa_msgs/msg/LegPosition.json
[37.739s] -- Installing: /home/cao/ros2ws/install/hapthexa_msgs/share/hapthexa_msgs/srv/GetLegArgs.json
[37.739s] -- Installing: /home/cao/ros2ws/install/hapthexa_msgs/share/hapthexa_msgs/srv/GetLegPosition.json
[37.740s] -- Installing: /home/cao/ros2ws/install/hapthexa_msgs/include/hapthexa_msgs/hapthexa_msgs
[37.740s] -- Installing: /home/cao/ros2ws/install/hapthexa_msgs/include/hapthexa_msgs/hapthexa_msgs/msg
[37.740s] -- Installing: /home/cao/ros2ws/install/hapthexa_msgs/include/hapthexa_msgs/hapthexa_msgs/msg/attitude.h
[37.740s] -- Installing: /home/cao/ros2ws/install/hapthexa_msgs/include/hapthexa_msgs/hapthexa_msgs/msg/empty.h
[37.740s] -- Installing: /home/cao/ros2ws/install/hapthexa_msgs/include/hapthexa_msgs/hapthexa_msgs/msg/leg_position.h
[37.740s] -- Installing: /home/cao/ros2ws/install/hapthexa_msgs/include/hapthexa_msgs/hapthexa_msgs/msg/leg_args.h
[37.740s] -- Installing: /home/cao/ros2ws/install/hapthexa_msgs/include/hapthexa_msgs/hapthexa_msgs/msg/detail
[37.740s] -- Installing: /home/cao/ros2ws/install/hapthexa_msgs/include/hapthexa_msgs/hapthexa_msgs/msg/detail/attitude__functions.c
[37.741s] -- Installing: /home/cao/ros2ws/install/hapthexa_msgs/include/hapthexa_msgs/hapthexa_msgs/msg/detail/empty__description.c
[37.741s] -- Installing: /home/cao/ros2ws/install/hapthexa_msgs/include/hapthexa_msgs/hapthexa_msgs/msg/detail/leg_position__type_support.h
[37.741s] -- Installing: /home/cao/ros2ws/install/hapthexa_msgs/include/hapthexa_msgs/hapthexa_msgs/msg/detail/attitude__type_support.h
[37.741s] -- Installing: /home/cao/ros2ws/install/hapthexa_msgs/include/hapthexa_msgs/hapthexa_msgs/msg/detail/force_sensor__functions.h
[37.741s] -- Installing: /home/cao/ros2ws/install/hapthexa_msgs/include/hapthexa_msgs/hapthexa_msgs/msg/detail/leg_args__type_support.c
[37.741s] -- Installing: /home/cao/ros2ws/install/hapthexa_msgs/include/hapthexa_msgs/hapthexa_msgs/msg/detail/empty__functions.c
[37.741s] -- Installing: /home/cao/ros2ws/install/hapthexa_msgs/include/hapthexa_msgs/hapthexa_msgs/msg/detail/force_sensor__type_support.h
[37.741s] -- Installing: /home/cao/ros2ws/install/hapthexa_msgs/include/hapthexa_msgs/hapthexa_msgs/msg/detail/force_sensor__struct.h
[37.742s] -- Installing: /home/cao/ros2ws/install/hapthexa_msgs/include/hapthexa_msgs/hapthexa_msgs/msg/detail/empty__struct.h
[37.742s] -- Installing: /home/cao/ros2ws/install/hapthexa_msgs/include/hapthexa_msgs/hapthexa_msgs/msg/detail/attitude__struct.h
[37.742s] -- Installing: /home/cao/ros2ws/install/hapthexa_msgs/include/hapthexa_msgs/hapthexa_msgs/msg/detail/empty__type_support.c
[37.742s] -- Installing: /home/cao/ros2ws/install/hapthexa_msgs/include/hapthexa_msgs/hapthexa_msgs/msg/detail/leg_args__functions.c
[37.742s] -- Installing: /home/cao/ros2ws/install/hapthexa_msgs/include/hapthexa_msgs/hapthexa_msgs/msg/detail/force_sensor__type_support.c
[37.742s] -- Installing: /home/cao/ros2ws/install/hapthexa_msgs/include/hapthexa_msgs/hapthexa_msgs/msg/detail/leg_args__struct.h
[37.742s] -- Installing: /home/cao/ros2ws/install/hapthexa_msgs/include/hapthexa_msgs/hapthexa_msgs/msg/detail/attitude__description.c
[37.743s] -- Installing: /home/cao/ros2ws/install/hapthexa_msgs/include/hapthexa_msgs/hapthexa_msgs/msg/detail/leg_position__struct.h
[37.743s] -- Installing: /home/cao/ros2ws/install/hapthexa_msgs/include/hapthexa_msgs/hapthexa_msgs/msg/detail/empty__functions.h
[37.743s] -- Installing: /home/cao/ros2ws/install/hapthexa_msgs/include/hapthexa_msgs/hapthexa_msgs/msg/detail/leg_position__type_support.c
[37.743s] -- Installing: /home/cao/ros2ws/install/hapthexa_msgs/include/hapthexa_msgs/hapthexa_msgs/msg/detail/leg_args__description.c
[37.743s] -- Installing: /home/cao/ros2ws/install/hapthexa_msgs/include/hapthexa_msgs/hapthexa_msgs/msg/detail/leg_position__functions.c
[37.743s] -- Installing: /home/cao/ros2ws/install/hapthexa_msgs/include/hapthexa_msgs/hapthexa_msgs/msg/detail/force_sensor__functions.c
[37.743s] -- Installing: /home/cao/ros2ws/install/hapthexa_msgs/include/hapthexa_msgs/hapthexa_msgs/msg/detail/leg_position__description.c
[37.743s] -- Installing: /home/cao/ros2ws/install/hapthexa_msgs/include/hapthexa_msgs/hapthexa_msgs/msg/detail/attitude__type_support.c
[37.744s] -- Installing: /home/cao/ros2ws/install/hapthexa_msgs/include/hapthexa_msgs/hapthexa_msgs/msg/detail/empty__type_support.h
[37.744s] -- Installing: /home/cao/ros2ws/install/hapthexa_msgs/include/hapthexa_msgs/hapthexa_msgs/msg/detail/leg_position__functions.h
[37.744s] -- Installing: /home/cao/ros2ws/install/hapthexa_msgs/include/hapthexa_msgs/hapthexa_msgs/msg/detail/attitude__functions.h
[37.744s] -- Installing: /home/cao/ros2ws/install/hapthexa_msgs/include/hapthexa_msgs/hapthexa_msgs/msg/detail/leg_args__type_support.h
[37.744s] -- Installing: /home/cao/ros2ws/install/hapthexa_msgs/include/hapthexa_msgs/hapthexa_msgs/msg/detail/force_sensor__description.c
[37.744s] -- Installing: /home/cao/ros2ws/install/hapthexa_msgs/include/hapthexa_msgs/hapthexa_msgs/msg/detail/leg_args__functions.h
[37.744s] -- Installing: /home/cao/ros2ws/install/hapthexa_msgs/include/hapthexa_msgs/hapthexa_msgs/msg/rosidl_generator_c__visibility_control.h
[37.744s] -- Installing: /home/cao/ros2ws/install/hapthexa_msgs/include/hapthexa_msgs/hapthexa_msgs/msg/force_sensor.h
[37.745s] -- Installing: /home/cao/ros2ws/install/hapthexa_msgs/include/hapthexa_msgs/hapthexa_msgs/srv
[37.745s] -- Installing: /home/cao/ros2ws/install/hapthexa_msgs/include/hapthexa_msgs/hapthexa_msgs/srv/get_leg_position.h
[37.745s] -- Installing: /home/cao/ros2ws/install/hapthexa_msgs/include/hapthexa_msgs/hapthexa_msgs/srv/detail
[37.745s] -- Installing: /home/cao/ros2ws/install/hapthexa_msgs/include/hapthexa_msgs/hapthexa_msgs/srv/detail/get_leg_args__struct.h
[37.745s] -- Installing: /home/cao/ros2ws/install/hapthexa_msgs/include/hapthexa_msgs/hapthexa_msgs/srv/detail/get_leg_position__type_support.c
[37.745s] -- Installing: /home/cao/ros2ws/install/hapthexa_msgs/include/hapthexa_msgs/hapthexa_msgs/srv/detail/get_leg_args__description.c
[37.745s] -- Installing: /home/cao/ros2ws/install/hapthexa_msgs/include/hapthexa_msgs/hapthexa_msgs/srv/detail/get_leg_position__type_support.h
[37.746s] -- Installing: /home/cao/ros2ws/install/hapthexa_msgs/include/hapthexa_msgs/hapthexa_msgs/srv/detail/get_leg_args__functions.h
[37.746s] -- Installing: /home/cao/ros2ws/install/hapthexa_msgs/include/hapthexa_msgs/hapthexa_msgs/srv/detail/get_leg_position__functions.h
[37.746s] -- Installing: /home/cao/ros2ws/install/hapthexa_msgs/include/hapthexa_msgs/hapthexa_msgs/srv/detail/get_leg_position__description.c
[37.746s] -- Installing: /home/cao/ros2ws/install/hapthexa_msgs/include/hapthexa_msgs/hapthexa_msgs/srv/detail/get_leg_args__type_support.c
[37.746s] -- Installing: /home/cao/ros2ws/install/hapthexa_msgs/include/hapthexa_msgs/hapthexa_msgs/srv/detail/get_leg_position__struct.h
[37.746s] -- Installing: /home/cao/ros2ws/install/hapthexa_msgs/include/hapthexa_msgs/hapthexa_msgs/srv/detail/get_leg_position__functions.c
[37.746s] -- Installing: /home/cao/ros2ws/install/hapthexa_msgs/include/hapthexa_msgs/hapthexa_msgs/srv/detail/get_leg_args__functions.c
[37.747s] -- Installing: /home/cao/ros2ws/install/hapthexa_msgs/include/hapthexa_msgs/hapthexa_msgs/srv/detail/get_leg_args__type_support.h
[37.747s] -- Installing: /home/cao/ros2ws/install/hapthexa_msgs/include/hapthexa_msgs/hapthexa_msgs/srv/get_leg_args.h
[37.747s] -- Installing: /home/cao/ros2ws/install/hapthexa_msgs/include/hapthexa_msgs/hapthexa_msgs/action
[37.747s] -- Installing: /home/cao/ros2ws/install/hapthexa_msgs/include/hapthexa_msgs/hapthexa_msgs/action/move_leg_args.h
[37.747s] -- Installing: /home/cao/ros2ws/install/hapthexa_msgs/include/hapthexa_msgs/hapthexa_msgs/action/empty.h
[37.747s] -- Installing: /home/cao/ros2ws/install/hapthexa_msgs/include/hapthexa_msgs/hapthexa_msgs/action/gait.h
[37.747s] -- Installing: /home/cao/ros2ws/install/hapthexa_msgs/include/hapthexa_msgs/hapthexa_msgs/action/detail
[37.747s] -- Installing: /home/cao/ros2ws/install/hapthexa_msgs/include/hapthexa_msgs/hapthexa_msgs/action/detail/move_leg__functions.c
[37.748s] -- Installing: /home/cao/ros2ws/install/hapthexa_msgs/include/hapthexa_msgs/hapthexa_msgs/action/detail/move_leg__struct.h
[37.748s] -- Installing: /home/cao/ros2ws/install/hapthexa_msgs/include/hapthexa_msgs/hapthexa_msgs/action/detail/empty__description.c
[37.748s] -- Installing: /home/cao/ros2ws/install/hapthexa_msgs/include/hapthexa_msgs/hapthexa_msgs/action/detail/gait__type_support.h
[37.748s] -- Installing: /home/cao/ros2ws/install/hapthexa_msgs/include/hapthexa_msgs/hapthexa_msgs/action/detail/move_leg_args__type_support.c
[37.748s] -- Installing: /home/cao/ros2ws/install/hapthexa_msgs/include/hapthexa_msgs/hapthexa_msgs/action/detail/move_leg_args__functions.c
[37.748s] -- Installing: /home/cao/ros2ws/install/hapthexa_msgs/include/hapthexa_msgs/hapthexa_msgs/action/detail/gait__struct.h
[37.749s] -- Installing: /home/cao/ros2ws/install/hapthexa_msgs/include/hapthexa_msgs/hapthexa_msgs/action/detail/gait__functions.c
[37.749s] -- Installing: /home/cao/ros2ws/install/hapthexa_msgs/include/hapthexa_msgs/hapthexa_msgs/action/detail/empty__functions.c
[37.749s] -- Installing: /home/cao/ros2ws/install/hapthexa_msgs/include/hapthexa_msgs/hapthexa_msgs/action/detail/empty__struct.h
[37.749s] -- Installing: /home/cao/ros2ws/install/hapthexa_msgs/include/hapthexa_msgs/hapthexa_msgs/action/detail/empty__type_support.c
[37.749s] -- Installing: /home/cao/ros2ws/install/hapthexa_msgs/include/hapthexa_msgs/hapthexa_msgs/action/detail/move_leg_args__type_support.h
[37.749s] -- Installing: /home/cao/ros2ws/install/hapthexa_msgs/include/hapthexa_msgs/hapthexa_msgs/action/detail/move_leg_args__description.c
[37.750s] -- Installing: /home/cao/ros2ws/install/hapthexa_msgs/include/hapthexa_msgs/hapthexa_msgs/action/detail/move_leg_args__struct.h
[37.750s] -- Installing: /home/cao/ros2ws/install/hapthexa_msgs/include/hapthexa_msgs/hapthexa_msgs/action/detail/move_leg_args__functions.h
[37.750s] -- Installing: /home/cao/ros2ws/install/hapthexa_msgs/include/hapthexa_msgs/hapthexa_msgs/action/detail/move_leg__type_support.h
[37.750s] -- Installing: /home/cao/ros2ws/install/hapthexa_msgs/include/hapthexa_msgs/hapthexa_msgs/action/detail/move_leg__description.c
[37.750s] -- Installing: /home/cao/ros2ws/install/hapthexa_msgs/include/hapthexa_msgs/hapthexa_msgs/action/detail/move_leg__type_support.c
[37.751s] -- Installing: /home/cao/ros2ws/install/hapthexa_msgs/include/hapthexa_msgs/hapthexa_msgs/action/detail/empty__functions.h
[37.751s] -- Installing: /home/cao/ros2ws/install/hapthexa_msgs/include/hapthexa_msgs/hapthexa_msgs/action/detail/move_leg__functions.h
[37.751s] -- Installing: /home/cao/ros2ws/install/hapthexa_msgs/include/hapthexa_msgs/hapthexa_msgs/action/detail/empty__type_support.h
[37.751s] -- Installing: /home/cao/ros2ws/install/hapthexa_msgs/include/hapthexa_msgs/hapthexa_msgs/action/detail/gait__type_support.c
[37.751s] -- Installing: /home/cao/ros2ws/install/hapthexa_msgs/include/hapthexa_msgs/hapthexa_msgs/action/detail/gait__description.c
[37.752s] -- Installing: /home/cao/ros2ws/install/hapthexa_msgs/include/hapthexa_msgs/hapthexa_msgs/action/detail/gait__functions.h
[37.752s] -- Installing: /home/cao/ros2ws/install/hapthexa_msgs/include/hapthexa_msgs/hapthexa_msgs/action/move_leg.h
[37.752s] -- Installing: /home/cao/ros2ws/install/hapthexa_msgs/share/hapthexa_msgs/environment/library_path.sh
[37.752s] -- Installing: /home/cao/ros2ws/install/hapthexa_msgs/share/hapthexa_msgs/environment/library_path.dsv
[37.753s] -- Installing: /home/cao/ros2ws/install/hapthexa_msgs/lib/libhapthexa_msgs__rosidl_generator_c.so
[37.754s] -- Set non-toolchain portion of runtime path of "/home/cao/ros2ws/install/hapthexa_msgs/lib/libhapthexa_msgs__rosidl_generator_c.so" to ""
[37.754s] -- Up-to-date: /home/cao/ros2ws/install/hapthexa_msgs/include/hapthexa_msgs/hapthexa_msgs
[37.754s] -- Up-to-date: /home/cao/ros2ws/install/hapthexa_msgs/include/hapthexa_msgs/hapthexa_msgs/msg
[37.755s] -- Installing: /home/cao/ros2ws/install/hapthexa_msgs/include/hapthexa_msgs/hapthexa_msgs/msg/rosidl_typesupport_fastrtps_c__visibility_control.h
[37.755s] -- Up-to-date: /home/cao/ros2ws/install/hapthexa_msgs/include/hapthexa_msgs/hapthexa_msgs/msg/detail
[37.755s] -- Installing: /home/cao/ros2ws/install/hapthexa_msgs/include/hapthexa_msgs/hapthexa_msgs/msg/detail/empty__rosidl_typesupport_fastrtps_c.h
[37.755s] -- Installing: /home/cao/ros2ws/install/hapthexa_msgs/include/hapthexa_msgs/hapthexa_msgs/msg/detail/leg_position__rosidl_typesupport_fastrtps_c.h
[37.755s] -- Installing: /home/cao/ros2ws/install/hapthexa_msgs/include/hapthexa_msgs/hapthexa_msgs/msg/detail/force_sensor__rosidl_typesupport_fastrtps_c.h
[37.755s] -- Installing: /home/cao/ros2ws/install/hapthexa_msgs/include/hapthexa_msgs/hapthexa_msgs/msg/detail/attitude__rosidl_typesupport_fastrtps_c.h
[37.755s] -- Installing: /home/cao/ros2ws/install/hapthexa_msgs/include/hapthexa_msgs/hapthexa_msgs/msg/detail/leg_args__rosidl_typesupport_fastrtps_c.h
[37.755s] -- Up-to-date: /home/cao/ros2ws/install/hapthexa_msgs/include/hapthexa_msgs/hapthexa_msgs/srv
[37.755s] -- Up-to-date: /home/cao/ros2ws/install/hapthexa_msgs/include/hapthexa_msgs/hapthexa_msgs/srv/detail
[37.755s] -- Installing: /home/cao/ros2ws/install/hapthexa_msgs/include/hapthexa_msgs/hapthexa_msgs/srv/detail/get_leg_position__rosidl_typesupport_fastrtps_c.h
[37.756s] -- Installing: /home/cao/ros2ws/install/hapthexa_msgs/include/hapthexa_msgs/hapthexa_msgs/srv/detail/get_leg_args__rosidl_typesupport_fastrtps_c.h
[37.756s] -- Up-to-date: /home/cao/ros2ws/install/hapthexa_msgs/include/hapthexa_msgs/hapthexa_msgs/action
[37.756s] -- Up-to-date: /home/cao/ros2ws/install/hapthexa_msgs/include/hapthexa_msgs/hapthexa_msgs/action/detail
[37.756s] -- Installing: /home/cao/ros2ws/install/hapthexa_msgs/include/hapthexa_msgs/hapthexa_msgs/action/detail/empty__rosidl_typesupport_fastrtps_c.h
[37.756s] -- Installing: /home/cao/ros2ws/install/hapthexa_msgs/include/hapthexa_msgs/hapthexa_msgs/action/detail/move_leg_args__rosidl_typesupport_fastrtps_c.h
[37.756s] -- Installing: /home/cao/ros2ws/install/hapthexa_msgs/include/hapthexa_msgs/hapthexa_msgs/action/detail/move_leg__rosidl_typesupport_fastrtps_c.h
[37.756s] -- Installing: /home/cao/ros2ws/install/hapthexa_msgs/include/hapthexa_msgs/hapthexa_msgs/action/detail/gait__rosidl_typesupport_fastrtps_c.h
[37.756s] -- Installing: /home/cao/ros2ws/install/hapthexa_msgs/lib/libhapthexa_msgs__rosidl_typesupport_fastrtps_c.so
[37.760s] -- Set non-toolchain portion of runtime path of "/home/cao/ros2ws/install/hapthexa_msgs/lib/libhapthexa_msgs__rosidl_typesupport_fastrtps_c.so" to ""
[37.760s] -- Up-to-date: /home/cao/ros2ws/install/hapthexa_msgs/include/hapthexa_msgs/hapthexa_msgs
[37.760s] -- Up-to-date: /home/cao/ros2ws/install/hapthexa_msgs/include/hapthexa_msgs/hapthexa_msgs/msg
[37.760s] -- Installing: /home/cao/ros2ws/install/hapthexa_msgs/include/hapthexa_msgs/hapthexa_msgs/msg/force_sensor.hpp
[37.760s] -- Installing: /home/cao/ros2ws/install/hapthexa_msgs/include/hapthexa_msgs/hapthexa_msgs/msg/rosidl_generator_cpp__visibility_control.hpp
[37.760s] -- Up-to-date: /home/cao/ros2ws/install/hapthexa_msgs/include/hapthexa_msgs/hapthexa_msgs/msg/detail
[37.760s] -- Installing: /home/cao/ros2ws/install/hapthexa_msgs/include/hapthexa_msgs/hapthexa_msgs/msg/detail/force_sensor__builder.hpp
[37.760s] -- Installing: /home/cao/ros2ws/install/hapthexa_msgs/include/hapthexa_msgs/hapthexa_msgs/msg/detail/leg_args__traits.hpp
[37.760s] -- Installing: /home/cao/ros2ws/install/hapthexa_msgs/include/hapthexa_msgs/hapthexa_msgs/msg/detail/attitude__traits.hpp
[37.761s] -- Installing: /home/cao/ros2ws/install/hapthexa_msgs/include/hapthexa_msgs/hapthexa_msgs/msg/detail/empty__type_support.hpp
[37.761s] -- Installing: /home/cao/ros2ws/install/hapthexa_msgs/include/hapthexa_msgs/hapthexa_msgs/msg/detail/attitude__builder.hpp
[37.761s] -- Installing: /home/cao/ros2ws/install/hapthexa_msgs/include/hapthexa_msgs/hapthexa_msgs/msg/detail/leg_position__builder.hpp
[37.761s] -- Installing: /home/cao/ros2ws/install/hapthexa_msgs/include/hapthexa_msgs/hapthexa_msgs/msg/detail/leg_args__type_support.hpp
[37.761s] -- Installing: /home/cao/ros2ws/install/hapthexa_msgs/include/hapthexa_msgs/hapthexa_msgs/msg/detail/force_sensor__type_support.hpp
[37.761s] -- Installing: /home/cao/ros2ws/install/hapthexa_msgs/include/hapthexa_msgs/hapthexa_msgs/msg/detail/attitude__struct.hpp
[37.761s] -- Installing: /home/cao/ros2ws/install/hapthexa_msgs/include/hapthexa_msgs/hapthexa_msgs/msg/detail/empty__builder.hpp
[37.761s] -- Installing: /home/cao/ros2ws/install/hapthexa_msgs/include/hapthexa_msgs/hapthexa_msgs/msg/detail/empty__struct.hpp
[37.762s] -- Installing: /home/cao/ros2ws/install/hapthexa_msgs/include/hapthexa_msgs/hapthexa_msgs/msg/detail/empty__traits.hpp
[37.762s] -- Installing: /home/cao/ros2ws/install/hapthexa_msgs/include/hapthexa_msgs/hapthexa_msgs/msg/detail/leg_args__builder.hpp
[37.762s] -- Installing: /home/cao/ros2ws/install/hapthexa_msgs/include/hapthexa_msgs/hapthexa_msgs/msg/detail/force_sensor__struct.hpp
[37.762s] -- Installing: /home/cao/ros2ws/install/hapthexa_msgs/include/hapthexa_msgs/hapthexa_msgs/msg/detail/attitude__type_support.hpp
[37.762s] -- Installing: /home/cao/ros2ws/install/hapthexa_msgs/include/hapthexa_msgs/hapthexa_msgs/msg/detail/leg_position__traits.hpp
[37.762s] -- Installing: /home/cao/ros2ws/install/hapthexa_msgs/include/hapthexa_msgs/hapthexa_msgs/msg/detail/leg_position__struct.hpp
[37.762s] -- Installing: /home/cao/ros2ws/install/hapthexa_msgs/include/hapthexa_msgs/hapthexa_msgs/msg/detail/leg_args__struct.hpp
[37.763s] -- Installing: /home/cao/ros2ws/install/hapthexa_msgs/include/hapthexa_msgs/hapthexa_msgs/msg/detail/leg_position__type_support.hpp
[37.763s] -- Installing: /home/cao/ros2ws/install/hapthexa_msgs/include/hapthexa_msgs/hapthexa_msgs/msg/detail/force_sensor__traits.hpp
[37.763s] -- Installing: /home/cao/ros2ws/install/hapthexa_msgs/include/hapthexa_msgs/hapthexa_msgs/msg/leg_position.hpp
[37.763s] -- Installing: /home/cao/ros2ws/install/hapthexa_msgs/include/hapthexa_msgs/hapthexa_msgs/msg/leg_args.hpp
[37.763s] -- Installing: /home/cao/ros2ws/install/hapthexa_msgs/include/hapthexa_msgs/hapthexa_msgs/msg/attitude.hpp
[37.763s] -- Installing: /home/cao/ros2ws/install/hapthexa_msgs/include/hapthexa_msgs/hapthexa_msgs/msg/empty.hpp
[37.763s] -- Up-to-date: /home/cao/ros2ws/install/hapthexa_msgs/include/hapthexa_msgs/hapthexa_msgs/srv
[37.763s] -- Installing: /home/cao/ros2ws/install/hapthexa_msgs/include/hapthexa_msgs/hapthexa_msgs/srv/get_leg_position.hpp
[37.763s] -- Up-to-date: /home/cao/ros2ws/install/hapthexa_msgs/include/hapthexa_msgs/hapthexa_msgs/srv/detail
[37.764s] -- Installing: /home/cao/ros2ws/install/hapthexa_msgs/include/hapthexa_msgs/hapthexa_msgs/srv/detail/get_leg_args__traits.hpp
[37.764s] -- Installing: /home/cao/ros2ws/install/hapthexa_msgs/include/hapthexa_msgs/hapthexa_msgs/srv/detail/get_leg_position__builder.hpp
[37.764s] -- Installing: /home/cao/ros2ws/install/hapthexa_msgs/include/hapthexa_msgs/hapthexa_msgs/srv/detail/get_leg_args__type_support.hpp
[37.764s] -- Installing: /home/cao/ros2ws/install/hapthexa_msgs/include/hapthexa_msgs/hapthexa_msgs/srv/detail/get_leg_position__traits.hpp
[37.764s] -- Installing: /home/cao/ros2ws/install/hapthexa_msgs/include/hapthexa_msgs/hapthexa_msgs/srv/detail/get_leg_args__struct.hpp
[37.764s] -- Installing: /home/cao/ros2ws/install/hapthexa_msgs/include/hapthexa_msgs/hapthexa_msgs/srv/detail/get_leg_args__builder.hpp
[37.764s] -- Installing: /home/cao/ros2ws/install/hapthexa_msgs/include/hapthexa_msgs/hapthexa_msgs/srv/detail/get_leg_position__struct.hpp
[37.764s] -- Installing: /home/cao/ros2ws/install/hapthexa_msgs/include/hapthexa_msgs/hapthexa_msgs/srv/detail/get_leg_position__type_support.hpp
[37.765s] -- Installing: /home/cao/ros2ws/install/hapthexa_msgs/include/hapthexa_msgs/hapthexa_msgs/srv/get_leg_args.hpp
[37.765s] -- Up-to-date: /home/cao/ros2ws/install/hapthexa_msgs/include/hapthexa_msgs/hapthexa_msgs/action
[37.765s] -- Installing: /home/cao/ros2ws/install/hapthexa_msgs/include/hapthexa_msgs/hapthexa_msgs/action/move_leg_args.hpp
[37.765s] -- Up-to-date: /home/cao/ros2ws/install/hapthexa_msgs/include/hapthexa_msgs/hapthexa_msgs/action/detail
[37.765s] -- Installing: /home/cao/ros2ws/install/hapthexa_msgs/include/hapthexa_msgs/hapthexa_msgs/action/detail/gait__struct.hpp
[37.765s] -- Installing: /home/cao/ros2ws/install/hapthexa_msgs/include/hapthexa_msgs/hapthexa_msgs/action/detail/move_leg__builder.hpp
[37.765s] -- Installing: /home/cao/ros2ws/install/hapthexa_msgs/include/hapthexa_msgs/hapthexa_msgs/action/detail/empty__type_support.hpp
[37.765s] -- Installing: /home/cao/ros2ws/install/hapthexa_msgs/include/hapthexa_msgs/hapthexa_msgs/action/detail/gait__traits.hpp
[37.766s] -- Installing: /home/cao/ros2ws/install/hapthexa_msgs/include/hapthexa_msgs/hapthexa_msgs/action/detail/empty__builder.hpp
[37.766s] -- Installing: /home/cao/ros2ws/install/hapthexa_msgs/include/hapthexa_msgs/hapthexa_msgs/action/detail/empty__struct.hpp
[37.766s] -- Installing: /home/cao/ros2ws/install/hapthexa_msgs/include/hapthexa_msgs/hapthexa_msgs/action/detail/move_leg_args__struct.hpp
[37.766s] -- Installing: /home/cao/ros2ws/install/hapthexa_msgs/include/hapthexa_msgs/hapthexa_msgs/action/detail/empty__traits.hpp
[37.766s] -- Installing: /home/cao/ros2ws/install/hapthexa_msgs/include/hapthexa_msgs/hapthexa_msgs/action/detail/move_leg_args__type_support.hpp
[37.766s] -- Installing: /home/cao/ros2ws/install/hapthexa_msgs/include/hapthexa_msgs/hapthexa_msgs/action/detail/gait__type_support.hpp
[37.767s] -- Installing: /home/cao/ros2ws/install/hapthexa_msgs/include/hapthexa_msgs/hapthexa_msgs/action/detail/move_leg_args__builder.hpp
[37.767s] -- Installing: /home/cao/ros2ws/install/hapthexa_msgs/include/hapthexa_msgs/hapthexa_msgs/action/detail/move_leg__struct.hpp
[37.767s] -- Installing: /home/cao/ros2ws/install/hapthexa_msgs/include/hapthexa_msgs/hapthexa_msgs/action/detail/gait__builder.hpp
[37.767s] -- Installing: /home/cao/ros2ws/install/hapthexa_msgs/include/hapthexa_msgs/hapthexa_msgs/action/detail/move_leg__type_support.hpp
[37.767s] -- Installing: /home/cao/ros2ws/install/hapthexa_msgs/include/hapthexa_msgs/hapthexa_msgs/action/detail/move_leg__traits.hpp
[37.767s] -- Installing: /home/cao/ros2ws/install/hapthexa_msgs/include/hapthexa_msgs/hapthexa_msgs/action/detail/move_leg_args__traits.hpp
[37.768s] -- Installing: /home/cao/ros2ws/install/hapthexa_msgs/include/hapthexa_msgs/hapthexa_msgs/action/gait.hpp
[37.768s] -- Installing: /home/cao/ros2ws/install/hapthexa_msgs/include/hapthexa_msgs/hapthexa_msgs/action/move_leg.hpp
[37.768s] -- Installing: /home/cao/ros2ws/install/hapthexa_msgs/include/hapthexa_msgs/hapthexa_msgs/action/empty.hpp
[37.768s] -- Up-to-date: /home/cao/ros2ws/install/hapthexa_msgs/include/hapthexa_msgs/hapthexa_msgs
[37.768s] -- Up-to-date: /home/cao/ros2ws/install/hapthexa_msgs/include/hapthexa_msgs/hapthexa_msgs/msg
[37.768s] -- Installing: /home/cao/ros2ws/install/hapthexa_msgs/include/hapthexa_msgs/hapthexa_msgs/msg/rosidl_typesupport_fastrtps_cpp__visibility_control.h
[37.768s] -- Up-to-date: /home/cao/ros2ws/install/hapthexa_msgs/include/hapthexa_msgs/hapthexa_msgs/msg/detail
[37.769s] -- Installing: /home/cao/ros2ws/install/hapthexa_msgs/include/hapthexa_msgs/hapthexa_msgs/msg/detail/attitude__rosidl_typesupport_fastrtps_cpp.hpp
[37.769s] -- Installing: /home/cao/ros2ws/install/hapthexa_msgs/include/hapthexa_msgs/hapthexa_msgs/msg/detail/empty__rosidl_typesupport_fastrtps_cpp.hpp
[37.769s] -- Installing: /home/cao/ros2ws/install/hapthexa_msgs/include/hapthexa_msgs/hapthexa_msgs/msg/detail/force_sensor__rosidl_typesupport_fastrtps_cpp.hpp
[37.769s] -- Installing: /home/cao/ros2ws/install/hapthexa_msgs/include/hapthexa_msgs/hapthexa_msgs/msg/detail/leg_position__rosidl_typesupport_fastrtps_cpp.hpp
[37.769s] -- Installing: /home/cao/ros2ws/install/hapthexa_msgs/include/hapthexa_msgs/hapthexa_msgs/msg/detail/dds_fastrtps
[37.769s] -- Installing: /home/cao/ros2ws/install/hapthexa_msgs/include/hapthexa_msgs/hapthexa_msgs/msg/detail/leg_args__rosidl_typesupport_fastrtps_cpp.hpp
[37.769s] -- Up-to-date: /home/cao/ros2ws/install/hapthexa_msgs/include/hapthexa_msgs/hapthexa_msgs/srv
[37.769s] -- Up-to-date: /home/cao/ros2ws/install/hapthexa_msgs/include/hapthexa_msgs/hapthexa_msgs/srv/detail
[37.769s] -- Installing: /home/cao/ros2ws/install/hapthexa_msgs/include/hapthexa_msgs/hapthexa_msgs/srv/detail/get_leg_position__rosidl_typesupport_fastrtps_cpp.hpp
[37.770s] -- Installing: /home/cao/ros2ws/install/hapthexa_msgs/include/hapthexa_msgs/hapthexa_msgs/srv/detail/get_leg_args__rosidl_typesupport_fastrtps_cpp.hpp
[37.770s] -- Installing: /home/cao/ros2ws/install/hapthexa_msgs/include/hapthexa_msgs/hapthexa_msgs/srv/detail/dds_fastrtps
[37.770s] -- Up-to-date: /home/cao/ros2ws/install/hapthexa_msgs/include/hapthexa_msgs/hapthexa_msgs/action
[37.770s] -- Up-to-date: /home/cao/ros2ws/install/hapthexa_msgs/include/hapthexa_msgs/hapthexa_msgs/action/detail
[37.770s] -- Installing: /home/cao/ros2ws/install/hapthexa_msgs/include/hapthexa_msgs/hapthexa_msgs/action/detail/empty__rosidl_typesupport_fastrtps_cpp.hpp
[37.770s] -- Installing: /home/cao/ros2ws/install/hapthexa_msgs/include/hapthexa_msgs/hapthexa_msgs/action/detail/dds_fastrtps
[37.770s] -- Installing: /home/cao/ros2ws/install/hapthexa_msgs/include/hapthexa_msgs/hapthexa_msgs/action/detail/move_leg_args__rosidl_typesupport_fastrtps_cpp.hpp
[37.770s] -- Installing: /home/cao/ros2ws/install/hapthexa_msgs/include/hapthexa_msgs/hapthexa_msgs/action/detail/gait__rosidl_typesupport_fastrtps_cpp.hpp
[37.771s] -- Installing: /home/cao/ros2ws/install/hapthexa_msgs/include/hapthexa_msgs/hapthexa_msgs/action/detail/move_leg__rosidl_typesupport_fastrtps_cpp.hpp
[37.771s] -- Installing: /home/cao/ros2ws/install/hapthexa_msgs/lib/libhapthexa_msgs__rosidl_typesupport_fastrtps_cpp.so
[37.777s] -- Set non-toolchain portion of runtime path of "/home/cao/ros2ws/install/hapthexa_msgs/lib/libhapthexa_msgs__rosidl_typesupport_fastrtps_cpp.so" to ""
[37.777s] -- Up-to-date: /home/cao/ros2ws/install/hapthexa_msgs/include/hapthexa_msgs/hapthexa_msgs
[37.777s] -- Up-to-date: /home/cao/ros2ws/install/hapthexa_msgs/include/hapthexa_msgs/hapthexa_msgs/msg
[37.778s] -- Installing: /home/cao/ros2ws/install/hapthexa_msgs/include/hapthexa_msgs/hapthexa_msgs/msg/rosidl_typesupport_introspection_c__visibility_control.h
[37.778s] -- Up-to-date: /home/cao/ros2ws/install/hapthexa_msgs/include/hapthexa_msgs/hapthexa_msgs/msg/detail
[37.778s] -- Installing: /home/cao/ros2ws/install/hapthexa_msgs/include/hapthexa_msgs/hapthexa_msgs/msg/detail/leg_args__type_support.c
[37.778s] -- Installing: /home/cao/ros2ws/install/hapthexa_msgs/include/hapthexa_msgs/hapthexa_msgs/msg/detail/attitude__rosidl_typesupport_introspection_c.h
[37.778s] -- Installing: /home/cao/ros2ws/install/hapthexa_msgs/include/hapthexa_msgs/hapthexa_msgs/msg/detail/empty__type_support.c
[37.778s] -- Installing: /home/cao/ros2ws/install/hapthexa_msgs/include/hapthexa_msgs/hapthexa_msgs/msg/detail/force_sensor__type_support.c
[37.778s] -- Installing: /home/cao/ros2ws/install/hapthexa_msgs/include/hapthexa_msgs/hapthexa_msgs/msg/detail/leg_position__type_support.c
[37.778s] -- Installing: /home/cao/ros2ws/install/hapthexa_msgs/include/hapthexa_msgs/hapthexa_msgs/msg/detail/force_sensor__rosidl_typesupport_introspection_c.h
[37.778s] -- Installing: /home/cao/ros2ws/install/hapthexa_msgs/include/hapthexa_msgs/hapthexa_msgs/msg/detail/attitude__type_support.c
[37.779s] -- Installing: /home/cao/ros2ws/install/hapthexa_msgs/include/hapthexa_msgs/hapthexa_msgs/msg/detail/empty__rosidl_typesupport_introspection_c.h
[37.779s] -- Installing: /home/cao/ros2ws/install/hapthexa_msgs/include/hapthexa_msgs/hapthexa_msgs/msg/detail/leg_position__rosidl_typesupport_introspection_c.h
[37.779s] -- Installing: /home/cao/ros2ws/install/hapthexa_msgs/include/hapthexa_msgs/hapthexa_msgs/msg/detail/leg_args__rosidl_typesupport_introspection_c.h
[37.779s] -- Up-to-date: /home/cao/ros2ws/install/hapthexa_msgs/include/hapthexa_msgs/hapthexa_msgs/srv
[37.779s] -- Up-to-date: /home/cao/ros2ws/install/hapthexa_msgs/include/hapthexa_msgs/hapthexa_msgs/srv/detail
[37.779s] -- Installing: /home/cao/ros2ws/install/hapthexa_msgs/include/hapthexa_msgs/hapthexa_msgs/srv/detail/get_leg_position__type_support.c
[37.779s] -- Installing: /home/cao/ros2ws/install/hapthexa_msgs/include/hapthexa_msgs/hapthexa_msgs/srv/detail/get_leg_position__rosidl_typesupport_introspection_c.h
[37.779s] -- Installing: /home/cao/ros2ws/install/hapthexa_msgs/include/hapthexa_msgs/hapthexa_msgs/srv/detail/get_leg_args__rosidl_typesupport_introspection_c.h
[37.780s] -- Installing: /home/cao/ros2ws/install/hapthexa_msgs/include/hapthexa_msgs/hapthexa_msgs/srv/detail/get_leg_args__type_support.c
[37.780s] -- Up-to-date: /home/cao/ros2ws/install/hapthexa_msgs/include/hapthexa_msgs/hapthexa_msgs/action
[37.780s] -- Up-to-date: /home/cao/ros2ws/install/hapthexa_msgs/include/hapthexa_msgs/hapthexa_msgs/action/detail
[37.780s] -- Installing: /home/cao/ros2ws/install/hapthexa_msgs/include/hapthexa_msgs/hapthexa_msgs/action/detail/gait__rosidl_typesupport_introspection_c.h
[37.780s] -- Installing: /home/cao/ros2ws/install/hapthexa_msgs/include/hapthexa_msgs/hapthexa_msgs/action/detail/move_leg__rosidl_typesupport_introspection_c.h
[37.780s] -- Installing: /home/cao/ros2ws/install/hapthexa_msgs/include/hapthexa_msgs/hapthexa_msgs/action/detail/move_leg_args__type_support.c
[37.780s] -- Installing: /home/cao/ros2ws/install/hapthexa_msgs/include/hapthexa_msgs/hapthexa_msgs/action/detail/empty__type_support.c
[37.781s] -- Installing: /home/cao/ros2ws/install/hapthexa_msgs/include/hapthexa_msgs/hapthexa_msgs/action/detail/move_leg__type_support.c
[37.781s] -- Installing: /home/cao/ros2ws/install/hapthexa_msgs/include/hapthexa_msgs/hapthexa_msgs/action/detail/empty__rosidl_typesupport_introspection_c.h
[37.781s] -- Installing: /home/cao/ros2ws/install/hapthexa_msgs/include/hapthexa_msgs/hapthexa_msgs/action/detail/gait__type_support.c
[37.781s] -- Installing: /home/cao/ros2ws/install/hapthexa_msgs/include/hapthexa_msgs/hapthexa_msgs/action/detail/move_leg_args__rosidl_typesupport_introspection_c.h
[37.782s] -- Installing: /home/cao/ros2ws/install/hapthexa_msgs/lib/libhapthexa_msgs__rosidl_typesupport_introspection_c.so
[37.783s] -- Set non-toolchain portion of runtime path of "/home/cao/ros2ws/install/hapthexa_msgs/lib/libhapthexa_msgs__rosidl_typesupport_introspection_c.so" to ""
[37.783s] -- Installing: /home/cao/ros2ws/install/hapthexa_msgs/lib/libhapthexa_msgs__rosidl_typesupport_c.so
[37.784s] -- Set non-toolchain portion of runtime path of "/home/cao/ros2ws/install/hapthexa_msgs/lib/libhapthexa_msgs__rosidl_typesupport_c.so" to ""
[37.784s] -- Up-to-date: /home/cao/ros2ws/install/hapthexa_msgs/include/hapthexa_msgs/hapthexa_msgs
[37.784s] -- Up-to-date: /home/cao/ros2ws/install/hapthexa_msgs/include/hapthexa_msgs/hapthexa_msgs/msg
[37.784s] -- Up-to-date: /home/cao/ros2ws/install/hapthexa_msgs/include/hapthexa_msgs/hapthexa_msgs/msg/detail
[37.784s] -- Installing: /home/cao/ros2ws/install/hapthexa_msgs/include/hapthexa_msgs/hapthexa_msgs/msg/detail/attitude__rosidl_typesupport_introspection_cpp.hpp
[37.784s] -- Installing: /home/cao/ros2ws/install/hapthexa_msgs/include/hapthexa_msgs/hapthexa_msgs/msg/detail/leg_position__type_support.cpp
[37.784s] -- Installing: /home/cao/ros2ws/install/hapthexa_msgs/include/hapthexa_msgs/hapthexa_msgs/msg/detail/force_sensor__type_support.cpp
[37.784s] -- Installing: /home/cao/ros2ws/install/hapthexa_msgs/include/hapthexa_msgs/hapthexa_msgs/msg/detail/attitude__type_support.cpp
[37.784s] -- Installing: /home/cao/ros2ws/install/hapthexa_msgs/include/hapthexa_msgs/hapthexa_msgs/msg/detail/leg_position__rosidl_typesupport_introspection_cpp.hpp
[37.785s] -- Installing: /home/cao/ros2ws/install/hapthexa_msgs/include/hapthexa_msgs/hapthexa_msgs/msg/detail/empty__rosidl_typesupport_introspection_cpp.hpp
[37.785s] -- Installing: /home/cao/ros2ws/install/hapthexa_msgs/include/hapthexa_msgs/hapthexa_msgs/msg/detail/leg_args__type_support.cpp
[37.785s] -- Installing: /home/cao/ros2ws/install/hapthexa_msgs/include/hapthexa_msgs/hapthexa_msgs/msg/detail/force_sensor__rosidl_typesupport_introspection_cpp.hpp
[37.785s] -- Installing: /home/cao/ros2ws/install/hapthexa_msgs/include/hapthexa_msgs/hapthexa_msgs/msg/detail/leg_args__rosidl_typesupport_introspection_cpp.hpp
[37.785s] -- Installing: /home/cao/ros2ws/install/hapthexa_msgs/include/hapthexa_msgs/hapthexa_msgs/msg/detail/empty__type_support.cpp
[37.785s] -- Up-to-date: /home/cao/ros2ws/install/hapthexa_msgs/include/hapthexa_msgs/hapthexa_msgs/srv
[37.785s] -- Up-to-date: /home/cao/ros2ws/install/hapthexa_msgs/include/hapthexa_msgs/hapthexa_msgs/srv/detail
[37.785s] -- Installing: /home/cao/ros2ws/install/hapthexa_msgs/include/hapthexa_msgs/hapthexa_msgs/srv/detail/get_leg_position__type_support.cpp
[37.786s] -- Installing: /home/cao/ros2ws/install/hapthexa_msgs/include/hapthexa_msgs/hapthexa_msgs/srv/detail/get_leg_args__type_support.cpp
[37.786s] -- Installing: /home/cao/ros2ws/install/hapthexa_msgs/include/hapthexa_msgs/hapthexa_msgs/srv/detail/get_leg_position__rosidl_typesupport_introspection_cpp.hpp
[37.786s] -- Installing: /home/cao/ros2ws/install/hapthexa_msgs/include/hapthexa_msgs/hapthexa_msgs/srv/detail/get_leg_args__rosidl_typesupport_introspection_cpp.hpp
[37.786s] -- Up-to-date: /home/cao/ros2ws/install/hapthexa_msgs/include/hapthexa_msgs/hapthexa_msgs/action
[37.786s] -- Up-to-date: /home/cao/ros2ws/install/hapthexa_msgs/include/hapthexa_msgs/hapthexa_msgs/action/detail
[37.786s] -- Installing: /home/cao/ros2ws/install/hapthexa_msgs/include/hapthexa_msgs/hapthexa_msgs/action/detail/move_leg_args__rosidl_typesupport_introspection_cpp.hpp
[37.786s] -- Installing: /home/cao/ros2ws/install/hapthexa_msgs/include/hapthexa_msgs/hapthexa_msgs/action/detail/move_leg__rosidl_typesupport_introspection_cpp.hpp
[37.786s] -- Installing: /home/cao/ros2ws/install/hapthexa_msgs/include/hapthexa_msgs/hapthexa_msgs/action/detail/gait__rosidl_typesupport_introspection_cpp.hpp
[37.787s] -- Installing: /home/cao/ros2ws/install/hapthexa_msgs/include/hapthexa_msgs/hapthexa_msgs/action/detail/move_leg_args__type_support.cpp
[37.787s] -- Installing: /home/cao/ros2ws/install/hapthexa_msgs/include/hapthexa_msgs/hapthexa_msgs/action/detail/move_leg__type_support.cpp
[37.787s] -- Installing: /home/cao/ros2ws/install/hapthexa_msgs/include/hapthexa_msgs/hapthexa_msgs/action/detail/empty__rosidl_typesupport_introspection_cpp.hpp
[37.787s] -- Installing: /home/cao/ros2ws/install/hapthexa_msgs/include/hapthexa_msgs/hapthexa_msgs/action/detail/gait__type_support.cpp
[37.787s] -- Installing: /home/cao/ros2ws/install/hapthexa_msgs/include/hapthexa_msgs/hapthexa_msgs/action/detail/empty__type_support.cpp
[37.788s] -- Installing: /home/cao/ros2ws/install/hapthexa_msgs/lib/libhapthexa_msgs__rosidl_typesupport_introspection_cpp.so
[37.792s] -- Set non-toolchain portion of runtime path of "/home/cao/ros2ws/install/hapthexa_msgs/lib/libhapthexa_msgs__rosidl_typesupport_introspection_cpp.so" to ""
[37.793s] -- Installing: /home/cao/ros2ws/install/hapthexa_msgs/lib/libhapthexa_msgs__rosidl_typesupport_cpp.so
[37.797s] -- Set non-toolchain portion of runtime path of "/home/cao/ros2ws/install/hapthexa_msgs/lib/libhapthexa_msgs__rosidl_typesupport_cpp.so" to ""
[37.797s] -- Installing: /home/cao/ros2ws/install/hapthexa_msgs/share/hapthexa_msgs/environment/pythonpath.sh
[37.797s] -- Installing: /home/cao/ros2ws/install/hapthexa_msgs/share/hapthexa_msgs/environment/pythonpath.dsv
[37.797s] -- Installing: /home/cao/ros2ws/install/hapthexa_msgs/lib/python3.12/site-packages/hapthexa_msgs-0.0.0-py3.12.egg-info
[37.797s] -- Installing: /home/cao/ros2ws/install/hapthexa_msgs/lib/python3.12/site-packages/hapthexa_msgs-0.0.0-py3.12.egg-info/SOURCES.txt
[37.797s] -- Installing: /home/cao/ros2ws/install/hapthexa_msgs/lib/python3.12/site-packages/hapthexa_msgs-0.0.0-py3.12.egg-info/top_level.txt
[37.798s] -- Installing: /home/cao/ros2ws/install/hapthexa_msgs/lib/python3.12/site-packages/hapthexa_msgs-0.0.0-py3.12.egg-info/PKG-INFO
[37.798s] -- Installing: /home/cao/ros2ws/install/hapthexa_msgs/lib/python3.12/site-packages/hapthexa_msgs-0.0.0-py3.12.egg-info/dependency_links.txt
[37.798s] -- Installing: /home/cao/ros2ws/install/hapthexa_msgs/lib/python3.12/site-packages/hapthexa_msgs
[37.798s] -- Installing: /home/cao/ros2ws/install/hapthexa_msgs/lib/python3.12/site-packages/hapthexa_msgs/__init__.py
[37.798s] -- Installing: /home/cao/ros2ws/install/hapthexa_msgs/lib/python3.12/site-packages/hapthexa_msgs/hapthexa_msgs_s__rosidl_typesupport_fastrtps_c.so
[37.798s] -- Installing: /home/cao/ros2ws/install/hapthexa_msgs/lib/python3.12/site-packages/hapthexa_msgs/msg
[37.799s] -- Installing: /home/cao/ros2ws/install/hapthexa_msgs/lib/python3.12/site-packages/hapthexa_msgs/msg/__init__.py
[37.799s] -- Installing: /home/cao/ros2ws/install/hapthexa_msgs/lib/python3.12/site-packages/hapthexa_msgs/msg/_attitude_s.c
[37.799s] -- Installing: /home/cao/ros2ws/install/hapthexa_msgs/lib/python3.12/site-packages/hapthexa_msgs/msg/_force_sensor.py
[37.799s] -- Installing: /home/cao/ros2ws/install/hapthexa_msgs/lib/python3.12/site-packages/hapthexa_msgs/msg/_leg_args.py
[37.799s] -- Installing: /home/cao/ros2ws/install/hapthexa_msgs/lib/python3.12/site-packages/hapthexa_msgs/msg/_leg_position.py
[37.799s] -- Installing: /home/cao/ros2ws/install/hapthexa_msgs/lib/python3.12/site-packages/hapthexa_msgs/msg/_leg_position_s.c
[37.799s] -- Installing: /home/cao/ros2ws/install/hapthexa_msgs/lib/python3.12/site-packages/hapthexa_msgs/msg/_empty_s.c
[37.799s] -- Installing: /home/cao/ros2ws/install/hapthexa_msgs/lib/python3.12/site-packages/hapthexa_msgs/msg/_empty.py
[37.800s] -- Installing: /home/cao/ros2ws/install/hapthexa_msgs/lib/python3.12/site-packages/hapthexa_msgs/msg/_leg_args_s.c
[37.800s] -- Installing: /home/cao/ros2ws/install/hapthexa_msgs/lib/python3.12/site-packages/hapthexa_msgs/msg/_force_sensor_s.c
[37.800s] -- Installing: /home/cao/ros2ws/install/hapthexa_msgs/lib/python3.12/site-packages/hapthexa_msgs/msg/_attitude.py
[37.800s] -- Installing: /home/cao/ros2ws/install/hapthexa_msgs/lib/python3.12/site-packages/hapthexa_msgs/_hapthexa_msgs_s.ep.rosidl_typesupport_introspection_c.c
[37.801s] -- Installing: /home/cao/ros2ws/install/hapthexa_msgs/lib/python3.12/site-packages/hapthexa_msgs/srv
[37.801s] -- Installing: /home/cao/ros2ws/install/hapthexa_msgs/lib/python3.12/site-packages/hapthexa_msgs/srv/__init__.py
[37.801s] -- Installing: /home/cao/ros2ws/install/hapthexa_msgs/lib/python3.12/site-packages/hapthexa_msgs/srv/_get_leg_args_s.c
[37.801s] -- Installing: /home/cao/ros2ws/install/hapthexa_msgs/lib/python3.12/site-packages/hapthexa_msgs/srv/_get_leg_args.py
[37.801s] -- Installing: /home/cao/ros2ws/install/hapthexa_msgs/lib/python3.12/site-packages/hapthexa_msgs/srv/_get_leg_position_s.c
[37.801s] -- Installing: /home/cao/ros2ws/install/hapthexa_msgs/lib/python3.12/site-packages/hapthexa_msgs/srv/_get_leg_position.py
[37.801s] -- Installing: /home/cao/ros2ws/install/hapthexa_msgs/lib/python3.12/site-packages/hapthexa_msgs/hapthexa_msgs_s__rosidl_typesupport_c.so
[37.802s] -- Installing: /home/cao/ros2ws/install/hapthexa_msgs/lib/python3.12/site-packages/hapthexa_msgs/_hapthexa_msgs_s.ep.rosidl_typesupport_c.c
[37.803s] -- Installing: /home/cao/ros2ws/install/hapthexa_msgs/lib/python3.12/site-packages/hapthexa_msgs/_hapthexa_msgs_s.ep.rosidl_typesupport_fastrtps_c.c
[37.803s] -- Installing: /home/cao/ros2ws/install/hapthexa_msgs/lib/python3.12/site-packages/hapthexa_msgs/hapthexa_msgs_s__rosidl_typesupport_introspection_c.so
[37.804s] -- Installing: /home/cao/ros2ws/install/hapthexa_msgs/lib/python3.12/site-packages/hapthexa_msgs/action
[37.804s] -- Installing: /home/cao/ros2ws/install/hapthexa_msgs/lib/python3.12/site-packages/hapthexa_msgs/action/_move_leg.py
[37.804s] -- Installing: /home/cao/ros2ws/install/hapthexa_msgs/lib/python3.12/site-packages/hapthexa_msgs/action/__init__.py
[37.804s] -- Installing: /home/cao/ros2ws/install/hapthexa_msgs/lib/python3.12/site-packages/hapthexa_msgs/action/_move_leg_args.py
[37.804s] -- Installing: /home/cao/ros2ws/install/hapthexa_msgs/lib/python3.12/site-packages/hapthexa_msgs/action/_gait_s.c
[37.804s] -- Installing: /home/cao/ros2ws/install/hapthexa_msgs/lib/python3.12/site-packages/hapthexa_msgs/action/_move_leg_s.c
[37.805s] -- Installing: /home/cao/ros2ws/install/hapthexa_msgs/lib/python3.12/site-packages/hapthexa_msgs/action/_empty_s.c
[37.805s] -- Installing: /home/cao/ros2ws/install/hapthexa_msgs/lib/python3.12/site-packages/hapthexa_msgs/action/_move_leg_args_s.c
[37.805s] -- Installing: /home/cao/ros2ws/install/hapthexa_msgs/lib/python3.12/site-packages/hapthexa_msgs/action/_empty.py
[37.805s] -- Installing: /home/cao/ros2ws/install/hapthexa_msgs/lib/python3.12/site-packages/hapthexa_msgs/action/_gait.py
[37.944s] Listing '/home/cao/ros2ws/install/hapthexa_msgs/lib/python3.12/site-packages/hapthexa_msgs'...
[37.944s] Compiling '/home/cao/ros2ws/install/hapthexa_msgs/lib/python3.12/site-packages/hapthexa_msgs/__init__.py'...
[37.944s] Listing '/home/cao/ros2ws/install/hapthexa_msgs/lib/python3.12/site-packages/hapthexa_msgs/action'...
[37.944s] Compiling '/home/cao/ros2ws/install/hapthexa_msgs/lib/python3.12/site-packages/hapthexa_msgs/action/__init__.py'...
[37.944s] Compiling '/home/cao/ros2ws/install/hapthexa_msgs/lib/python3.12/site-packages/hapthexa_msgs/action/_empty.py'...
[37.944s] Compiling '/home/cao/ros2ws/install/hapthexa_msgs/lib/python3.12/site-packages/hapthexa_msgs/action/_gait.py'...
[37.944s] Compiling '/home/cao/ros2ws/install/hapthexa_msgs/lib/python3.12/site-packages/hapthexa_msgs/action/_move_leg.py'...
[37.944s] Compiling '/home/cao/ros2ws/install/hapthexa_msgs/lib/python3.12/site-packages/hapthexa_msgs/action/_move_leg_args.py'...
[37.944s] Listing '/home/cao/ros2ws/install/hapthexa_msgs/lib/python3.12/site-packages/hapthexa_msgs/msg'...
[37.944s] Compiling '/home/cao/ros2ws/install/hapthexa_msgs/lib/python3.12/site-packages/hapthexa_msgs/msg/__init__.py'...
[37.945s] Compiling '/home/cao/ros2ws/install/hapthexa_msgs/lib/python3.12/site-packages/hapthexa_msgs/msg/_attitude.py'...
[37.945s] Compiling '/home/cao/ros2ws/install/hapthexa_msgs/lib/python3.12/site-packages/hapthexa_msgs/msg/_empty.py'...
[37.945s] Compiling '/home/cao/ros2ws/install/hapthexa_msgs/lib/python3.12/site-packages/hapthexa_msgs/msg/_force_sensor.py'...
[37.945s] Compiling '/home/cao/ros2ws/install/hapthexa_msgs/lib/python3.12/site-packages/hapthexa_msgs/msg/_leg_args.py'...
[37.945s] Compiling '/home/cao/ros2ws/install/hapthexa_msgs/lib/python3.12/site-packages/hapthexa_msgs/msg/_leg_position.py'...
[37.945s] Listing '/home/cao/ros2ws/install/hapthexa_msgs/lib/python3.12/site-packages/hapthexa_msgs/srv'...
[37.945s] Compiling '/home/cao/ros2ws/install/hapthexa_msgs/lib/python3.12/site-packages/hapthexa_msgs/srv/__init__.py'...
[37.945s] Compiling '/home/cao/ros2ws/install/hapthexa_msgs/lib/python3.12/site-packages/hapthexa_msgs/srv/_get_leg_args.py'...
[37.945s] Compiling '/home/cao/ros2ws/install/hapthexa_msgs/lib/python3.12/site-packages/hapthexa_msgs/srv/_get_leg_position.py'...
[37.957s] -- Installing: /home/cao/ros2ws/install/hapthexa_msgs/lib/python3.12/site-packages/hapthexa_msgs/hapthexa_msgs_s__rosidl_typesupport_fastrtps_c.so
[37.958s] -- Set non-toolchain portion of runtime path of "/home/cao/ros2ws/install/hapthexa_msgs/lib/python3.12/site-packages/hapthexa_msgs/hapthexa_msgs_s__rosidl_typesupport_fastrtps_c.so" to ""
[37.958s] -- Installing: /home/cao/ros2ws/install/hapthexa_msgs/lib/python3.12/site-packages/hapthexa_msgs/hapthexa_msgs_s__rosidl_typesupport_introspection_c.so
[37.959s] -- Set non-toolchain portion of runtime path of "/home/cao/ros2ws/install/hapthexa_msgs/lib/python3.12/site-packages/hapthexa_msgs/hapthexa_msgs_s__rosidl_typesupport_introspection_c.so" to ""
[37.959s] -- Installing: /home/cao/ros2ws/install/hapthexa_msgs/lib/python3.12/site-packages/hapthexa_msgs/hapthexa_msgs_s__rosidl_typesupport_c.so
[37.960s] -- Set non-toolchain portion of runtime path of "/home/cao/ros2ws/install/hapthexa_msgs/lib/python3.12/site-packages/hapthexa_msgs/hapthexa_msgs_s__rosidl_typesupport_c.so" to ""
[37.960s] -- Installing: /home/cao/ros2ws/install/hapthexa_msgs/lib/libhapthexa_msgs__rosidl_generator_py.so
[37.961s] -- Set non-toolchain portion of runtime path of "/home/cao/ros2ws/install/hapthexa_msgs/lib/libhapthexa_msgs__rosidl_generator_py.so" to ""
[37.961s] -- Installing: /home/cao/ros2ws/install/hapthexa_msgs/share/hapthexa_msgs/action/MoveLeg.idl
[37.961s] -- Installing: /home/cao/ros2ws/install/hapthexa_msgs/share/hapthexa_msgs/action/MoveLegArgs.idl
[37.962s] -- Installing: /home/cao/ros2ws/install/hapthexa_msgs/share/hapthexa_msgs/action/Gait.idl
[37.962s] -- Installing: /home/cao/ros2ws/install/hapthexa_msgs/share/hapthexa_msgs/action/Empty.idl
[37.962s] -- Installing: /home/cao/ros2ws/install/hapthexa_msgs/share/hapthexa_msgs/msg/Attitude.idl
[37.962s] -- Installing: /home/cao/ros2ws/install/hapthexa_msgs/share/hapthexa_msgs/msg/Empty.idl
[37.962s] -- Installing: /home/cao/ros2ws/install/hapthexa_msgs/share/hapthexa_msgs/msg/ForceSensor.idl
[37.962s] -- Installing: /home/cao/ros2ws/install/hapthexa_msgs/share/hapthexa_msgs/msg/LegArgs.idl
[37.963s] -- Installing: /home/cao/ros2ws/install/hapthexa_msgs/share/hapthexa_msgs/msg/LegPosition.idl
[37.963s] -- Installing: /home/cao/ros2ws/install/hapthexa_msgs/share/hapthexa_msgs/srv/GetLegArgs.idl
[37.963s] -- Installing: /home/cao/ros2ws/install/hapthexa_msgs/share/hapthexa_msgs/srv/GetLegPosition.idl
[37.963s] -- Installing: /home/cao/ros2ws/install/hapthexa_msgs/share/hapthexa_msgs/action/MoveLeg.action
[37.963s] -- Installing: /home/cao/ros2ws/install/hapthexa_msgs/share/hapthexa_msgs/action/MoveLegArgs.action
[37.964s] -- Installing: /home/cao/ros2ws/install/hapthexa_msgs/share/hapthexa_msgs/action/Gait.action
[37.964s] -- Installing: /home/cao/ros2ws/install/hapthexa_msgs/share/hapthexa_msgs/action/Empty.action
[37.964s] -- Installing: /home/cao/ros2ws/install/hapthexa_msgs/share/hapthexa_msgs/msg/Attitude.msg
[37.964s] -- Installing: /home/cao/ros2ws/install/hapthexa_msgs/share/hapthexa_msgs/msg/Empty.msg
[37.964s] -- Installing: /home/cao/ros2ws/install/hapthexa_msgs/share/hapthexa_msgs/msg/ForceSensor.msg
[37.964s] -- Installing: /home/cao/ros2ws/install/hapthexa_msgs/share/hapthexa_msgs/msg/LegArgs.msg
[37.965s] -- Installing: /home/cao/ros2ws/install/hapthexa_msgs/share/hapthexa_msgs/msg/LegPosition.msg
[37.965s] -- Installing: /home/cao/ros2ws/install/hapthexa_msgs/share/hapthexa_msgs/srv/GetLegArgs.srv
[37.965s] -- Installing: /home/cao/ros2ws/install/hapthexa_msgs/share/hapthexa_msgs/srv/GetLegPosition.srv
[37.965s] -- Installing: /home/cao/ros2ws/install/hapthexa_msgs/share/ament_index/resource_index/package_run_dependencies/hapthexa_msgs
[37.966s] -- Installing: /home/cao/ros2ws/install/hapthexa_msgs/share/ament_index/resource_index/parent_prefix_path/hapthexa_msgs
[37.966s] -- Installing: /home/cao/ros2ws/install/hapthexa_msgs/share/hapthexa_msgs/environment/ament_prefix_path.sh
[37.966s] -- Installing: /home/cao/ros2ws/install/hapthexa_msgs/share/hapthexa_msgs/environment/ament_prefix_path.dsv
[37.966s] -- Installing: /home/cao/ros2ws/install/hapthexa_msgs/share/hapthexa_msgs/environment/path.sh
[37.966s] -- Installing: /home/cao/ros2ws/install/hapthexa_msgs/share/hapthexa_msgs/environment/path.dsv
[37.967s] -- Installing: /home/cao/ros2ws/install/hapthexa_msgs/share/hapthexa_msgs/local_setup.bash
[37.967s] -- Installing: /home/cao/ros2ws/install/hapthexa_msgs/share/hapthexa_msgs/local_setup.sh
[37.967s] -- Installing: /home/cao/ros2ws/install/hapthexa_msgs/share/hapthexa_msgs/local_setup.zsh
[37.967s] -- Installing: /home/cao/ros2ws/install/hapthexa_msgs/share/hapthexa_msgs/local_setup.dsv
[37.967s] -- Installing: /home/cao/ros2ws/install/hapthexa_msgs/share/hapthexa_msgs/package.dsv
[37.968s] -- Installing: /home/cao/ros2ws/install/hapthexa_msgs/share/ament_index/resource_index/packages/hapthexa_msgs
[37.968s] -- Installing: /home/cao/ros2ws/install/hapthexa_msgs/share/hapthexa_msgs/cmake/export_hapthexa_msgs__rosidl_generator_cExport.cmake
[37.968s] -- Installing: /home/cao/ros2ws/install/hapthexa_msgs/share/hapthexa_msgs/cmake/export_hapthexa_msgs__rosidl_generator_cExport-noconfig.cmake
[37.968s] -- Installing: /home/cao/ros2ws/install/hapthexa_msgs/share/hapthexa_msgs/cmake/export_hapthexa_msgs__rosidl_typesupport_fastrtps_cExport.cmake
[37.968s] -- Installing: /home/cao/ros2ws/install/hapthexa_msgs/share/hapthexa_msgs/cmake/export_hapthexa_msgs__rosidl_typesupport_fastrtps_cExport-noconfig.cmake
[37.969s] -- Installing: /home/cao/ros2ws/install/hapthexa_msgs/share/hapthexa_msgs/cmake/export_hapthexa_msgs__rosidl_generator_cppExport.cmake
[37.969s] -- Installing: /home/cao/ros2ws/install/hapthexa_msgs/share/hapthexa_msgs/cmake/export_hapthexa_msgs__rosidl_typesupport_fastrtps_cppExport.cmake
[37.969s] -- Installing: /home/cao/ros2ws/install/hapthexa_msgs/share/hapthexa_msgs/cmake/export_hapthexa_msgs__rosidl_typesupport_fastrtps_cppExport-noconfig.cmake
[37.969s] -- Installing: /home/cao/ros2ws/install/hapthexa_msgs/share/hapthexa_msgs/cmake/hapthexa_msgs__rosidl_typesupport_introspection_cExport.cmake
[37.970s] -- Installing: /home/cao/ros2ws/install/hapthexa_msgs/share/hapthexa_msgs/cmake/hapthexa_msgs__rosidl_typesupport_introspection_cExport-noconfig.cmake
[37.970s] -- Installing: /home/cao/ros2ws/install/hapthexa_msgs/share/hapthexa_msgs/cmake/hapthexa_msgs__rosidl_typesupport_cExport.cmake
[37.970s] -- Installing: /home/cao/ros2ws/install/hapthexa_msgs/share/hapthexa_msgs/cmake/hapthexa_msgs__rosidl_typesupport_cExport-noconfig.cmake
[37.970s] -- Installing: /home/cao/ros2ws/install/hapthexa_msgs/share/hapthexa_msgs/cmake/hapthexa_msgs__rosidl_typesupport_introspection_cppExport.cmake
[37.970s] -- Installing: /home/cao/ros2ws/install/hapthexa_msgs/share/hapthexa_msgs/cmake/hapthexa_msgs__rosidl_typesupport_introspection_cppExport-noconfig.cmake
[37.971s] -- Installing: /home/cao/ros2ws/install/hapthexa_msgs/share/hapthexa_msgs/cmake/hapthexa_msgs__rosidl_typesupport_cppExport.cmake
[37.971s] -- Installing: /home/cao/ros2ws/install/hapthexa_msgs/share/hapthexa_msgs/cmake/hapthexa_msgs__rosidl_typesupport_cppExport-noconfig.cmake
[37.971s] -- Installing: /home/cao/ros2ws/install/hapthexa_msgs/share/hapthexa_msgs/cmake/export_hapthexa_msgs__rosidl_generator_pyExport.cmake
[37.971s] -- Installing: /home/cao/ros2ws/install/hapthexa_msgs/share/hapthexa_msgs/cmake/export_hapthexa_msgs__rosidl_generator_pyExport-noconfig.cmake
[37.971s] -- Installing: /home/cao/ros2ws/install/hapthexa_msgs/share/hapthexa_msgs/cmake/rosidl_cmake-extras.cmake
[37.972s] -- Installing: /home/cao/ros2ws/install/hapthexa_msgs/share/hapthexa_msgs/cmake/ament_cmake_export_dependencies-extras.cmake
[37.972s] -- Installing: /home/cao/ros2ws/install/hapthexa_msgs/share/hapthexa_msgs/cmake/ament_cmake_export_include_directories-extras.cmake
[37.972s] -- Installing: /home/cao/ros2ws/install/hapthexa_msgs/share/hapthexa_msgs/cmake/ament_cmake_export_libraries-extras.cmake
[37.972s] -- Installing: /home/cao/ros2ws/install/hapthexa_msgs/share/hapthexa_msgs/cmake/ament_cmake_export_targets-extras.cmake
[37.972s] -- Installing: /home/cao/ros2ws/install/hapthexa_msgs/share/hapthexa_msgs/cmake/rosidl_cmake_export_typesupport_targets-extras.cmake
[37.973s] -- Installing: /home/cao/ros2ws/install/hapthexa_msgs/share/hapthexa_msgs/cmake/rosidl_cmake_export_typesupport_libraries-extras.cmake
[37.973s] -- Installing: /home/cao/ros2ws/install/hapthexa_msgs/share/hapthexa_msgs/cmake/hapthexa_msgsConfig.cmake
[37.973s] -- Installing: /home/cao/ros2ws/install/hapthexa_msgs/share/hapthexa_msgs/cmake/hapthexa_msgsConfig-version.cmake
[37.973s] -- Installing: /home/cao/ros2ws/install/hapthexa_msgs/share/hapthexa_msgs/package.xml
[37.977s] Invoked command in '/home/cao/ros2ws/build/hapthexa_msgs' returned '0': CMAKE_PREFIX_PATH=${CMAKE_PREFIX_PATH}:/opt/ros/jazzy DEBUGINFOD_URLS=https://debuginfod.ubuntu.com /usr/bin/cmake --install /home/cao/ros2ws/build/hapthexa_msgs
