[0.074s] Invoking command in '/home/cao/ros2ws/build/hapthexa_msgs': CMAKE_PREFIX_PATH=${CMAKE_PREFIX_PATH}:/opt/ros/jazzy DEBUGINFOD_URLS=https://debuginfod.ubuntu.com /usr/bin/cmake --build /home/cao/ros2ws/build/hapthexa_msgs -- -j4 -l4
[0.176s] [  1%] Built target hapthexa_msgs__rosidl_generator_type_description
[0.205s] [  1%] Built target ament_cmake_python_copy_hapthexa_msgs
[0.229s] [  1%] Built target hapthexa_msgs__cpp
[0.243s] [ 27%] Built target hapthexa_msgs__rosidl_generator_c
[0.313s] [ 36%] Built target hapthexa_msgs__rosidl_typesupport_cpp
[0.328s] [ 46%] Built target hapthexa_msgs__rosidl_typesupport_fastrtps_cpp
[0.362s] [ 56%] Built target hapthexa_msgs__rosidl_typesupport_fastrtps_c
[0.376s] [ 65%] Built target hapthexa_msgs__rosidl_typesupport_introspection_c
[0.387s] [ 75%] Built target hapthexa_msgs__rosidl_typesupport_c
[0.433s] [ 85%] Built target hapthexa_msgs__rosidl_typesupport_introspection_cpp
[0.476s] [ 85%] Built target hapthexa_msgs
[0.515s] [ 86%] Built target hapthexa_msgs__py
[0.568s] [ 95%] Built target hapthexa_msgs__rosidl_generator_py
[0.622s] [ 98%] Built target hapthexa_msgs_s__rosidl_typesupport_introspection_c
[0.622s] [ 98%] Built target hapthexa_msgs_s__rosidl_typesupport_fastrtps_c
[0.644s] [100%] Built target hapthexa_msgs_s__rosidl_typesupport_c
[0.649s] running egg_info
[0.676s] writing hapthexa_msgs.egg-info/PKG-INFO
[0.676s] writing dependency_links to hapthexa_msgs.egg-info/dependency_links.txt
[0.678s] writing top-level names to hapthexa_msgs.egg-info/top_level.txt
[0.759s] reading manifest file 'hapthexa_msgs.egg-info/SOURCES.txt'
[0.761s] writing manifest file 'hapthexa_msgs.egg-info/SOURCES.txt'
[0.836s] [100%] Built target ament_cmake_python_build_hapthexa_msgs_egg
[0.860s] Invoked command in '/home/cao/ros2ws/build/hapthexa_msgs' returned '0': CMAKE_PREFIX_PATH=${CMAKE_PREFIX_PATH}:/opt/ros/jazzy DEBUGINFOD_URLS=https://debuginfod.ubuntu.com /usr/bin/cmake --build /home/cao/ros2ws/build/hapthexa_msgs -- -j4 -l4
[1.323s] Invoking command in '/home/cao/ros2ws/build/hapthexa_msgs': CMAKE_PREFIX_PATH=${CMAKE_PREFIX_PATH}:/opt/ros/jazzy DEBUGINFOD_URLS=https://debuginfod.ubuntu.com /usr/bin/cmake --install /home/cao/ros2ws/build/hapthexa_msgs
[1.338s] -- Install configuration: ""
[1.338s] -- Up-to-date: /home/cao/ros2ws/install/hapthexa_msgs/share/ament_index/resource_index/rosidl_interfaces/hapthexa_msgs
[1.339s] -- Up-to-date: /home/cao/ros2ws/install/hapthexa_msgs/share/hapthexa_msgs/action/MoveLeg.json
[1.339s] -- Up-to-date: /home/cao/ros2ws/install/hapthexa_msgs/share/hapthexa_msgs/action/MoveLegArgs.json
[1.339s] -- Up-to-date: /home/cao/ros2ws/install/hapthexa_msgs/share/hapthexa_msgs/action/Gait.json
[1.339s] -- Up-to-date: /home/cao/ros2ws/install/hapthexa_msgs/share/hapthexa_msgs/action/Empty.json
[1.339s] -- Up-to-date: /home/cao/ros2ws/install/hapthexa_msgs/share/hapthexa_msgs/msg/Attitude.json
[1.339s] -- Up-to-date: /home/cao/ros2ws/install/hapthexa_msgs/share/hapthexa_msgs/msg/Empty.json
[1.339s] -- Up-to-date: /home/cao/ros2ws/install/hapthexa_msgs/share/hapthexa_msgs/msg/ForceSensor.json
[1.339s] -- Up-to-date: /home/cao/ros2ws/install/hapthexa_msgs/share/hapthexa_msgs/msg/LegArgs.json
[1.340s] -- Up-to-date: /home/cao/ros2ws/install/hapthexa_msgs/share/hapthexa_msgs/msg/LegPosition.json
[1.340s] -- Up-to-date: /home/cao/ros2ws/install/hapthexa_msgs/share/hapthexa_msgs/srv/GetLegArgs.json
[1.340s] -- Up-to-date: /home/cao/ros2ws/install/hapthexa_msgs/share/hapthexa_msgs/srv/GetLegPosition.json
[1.340s] -- Up-to-date: /home/cao/ros2ws/install/hapthexa_msgs/include/hapthexa_msgs/hapthexa_msgs
[1.340s] -- Up-to-date: /home/cao/ros2ws/install/hapthexa_msgs/include/hapthexa_msgs/hapthexa_msgs/msg
[1.340s] -- Up-to-date: /home/cao/ros2ws/install/hapthexa_msgs/include/hapthexa_msgs/hapthexa_msgs/msg/attitude.h
[1.340s] -- Up-to-date: /home/cao/ros2ws/install/hapthexa_msgs/include/hapthexa_msgs/hapthexa_msgs/msg/empty.h
[1.340s] -- Up-to-date: /home/cao/ros2ws/install/hapthexa_msgs/include/hapthexa_msgs/hapthexa_msgs/msg/leg_position.h
[1.340s] -- Up-to-date: /home/cao/ros2ws/install/hapthexa_msgs/include/hapthexa_msgs/hapthexa_msgs/msg/leg_args.h
[1.341s] -- Up-to-date: /home/cao/ros2ws/install/hapthexa_msgs/include/hapthexa_msgs/hapthexa_msgs/msg/detail
[1.341s] -- Up-to-date: /home/cao/ros2ws/install/hapthexa_msgs/include/hapthexa_msgs/hapthexa_msgs/msg/detail/attitude__functions.c
[1.341s] -- Up-to-date: /home/cao/ros2ws/install/hapthexa_msgs/include/hapthexa_msgs/hapthexa_msgs/msg/detail/empty__description.c
[1.341s] -- Up-to-date: /home/cao/ros2ws/install/hapthexa_msgs/include/hapthexa_msgs/hapthexa_msgs/msg/detail/leg_position__type_support.h
[1.341s] -- Up-to-date: /home/cao/ros2ws/install/hapthexa_msgs/include/hapthexa_msgs/hapthexa_msgs/msg/detail/attitude__type_support.h
[1.341s] -- Up-to-date: /home/cao/ros2ws/install/hapthexa_msgs/include/hapthexa_msgs/hapthexa_msgs/msg/detail/force_sensor__functions.h
[1.341s] -- Installing: /home/cao/ros2ws/install/hapthexa_msgs/include/hapthexa_msgs/hapthexa_msgs/msg/detail/leg_args__type_support.c
[1.342s] -- Up-to-date: /home/cao/ros2ws/install/hapthexa_msgs/include/hapthexa_msgs/hapthexa_msgs/msg/detail/empty__functions.c
[1.342s] -- Up-to-date: /home/cao/ros2ws/install/hapthexa_msgs/include/hapthexa_msgs/hapthexa_msgs/msg/detail/force_sensor__type_support.h
[1.342s] -- Up-to-date: /home/cao/ros2ws/install/hapthexa_msgs/include/hapthexa_msgs/hapthexa_msgs/msg/detail/force_sensor__struct.h
[1.343s] -- Up-to-date: /home/cao/ros2ws/install/hapthexa_msgs/include/hapthexa_msgs/hapthexa_msgs/msg/detail/empty__struct.h
[1.343s] -- Up-to-date: /home/cao/ros2ws/install/hapthexa_msgs/include/hapthexa_msgs/hapthexa_msgs/msg/detail/attitude__struct.h
[1.343s] -- Installing: /home/cao/ros2ws/install/hapthexa_msgs/include/hapthexa_msgs/hapthexa_msgs/msg/detail/empty__type_support.c
[1.343s] -- Up-to-date: /home/cao/ros2ws/install/hapthexa_msgs/include/hapthexa_msgs/hapthexa_msgs/msg/detail/leg_args__functions.c
[1.343s] -- Installing: /home/cao/ros2ws/install/hapthexa_msgs/include/hapthexa_msgs/hapthexa_msgs/msg/detail/force_sensor__type_support.c
[1.343s] -- Up-to-date: /home/cao/ros2ws/install/hapthexa_msgs/include/hapthexa_msgs/hapthexa_msgs/msg/detail/leg_args__struct.h
[1.343s] -- Up-to-date: /home/cao/ros2ws/install/hapthexa_msgs/include/hapthexa_msgs/hapthexa_msgs/msg/detail/attitude__description.c
[1.343s] -- Up-to-date: /home/cao/ros2ws/install/hapthexa_msgs/include/hapthexa_msgs/hapthexa_msgs/msg/detail/leg_position__struct.h
[1.343s] -- Up-to-date: /home/cao/ros2ws/install/hapthexa_msgs/include/hapthexa_msgs/hapthexa_msgs/msg/detail/empty__functions.h
[1.344s] -- Installing: /home/cao/ros2ws/install/hapthexa_msgs/include/hapthexa_msgs/hapthexa_msgs/msg/detail/leg_position__type_support.c
[1.344s] -- Up-to-date: /home/cao/ros2ws/install/hapthexa_msgs/include/hapthexa_msgs/hapthexa_msgs/msg/detail/leg_args__description.c
[1.344s] -- Up-to-date: /home/cao/ros2ws/install/hapthexa_msgs/include/hapthexa_msgs/hapthexa_msgs/msg/detail/leg_position__functions.c
[1.344s] -- Up-to-date: /home/cao/ros2ws/install/hapthexa_msgs/include/hapthexa_msgs/hapthexa_msgs/msg/detail/force_sensor__functions.c
[1.345s] -- Up-to-date: /home/cao/ros2ws/install/hapthexa_msgs/include/hapthexa_msgs/hapthexa_msgs/msg/detail/leg_position__description.c
[1.345s] -- Installing: /home/cao/ros2ws/install/hapthexa_msgs/include/hapthexa_msgs/hapthexa_msgs/msg/detail/attitude__type_support.c
[1.345s] -- Up-to-date: /home/cao/ros2ws/install/hapthexa_msgs/include/hapthexa_msgs/hapthexa_msgs/msg/detail/empty__type_support.h
[1.345s] -- Up-to-date: /home/cao/ros2ws/install/hapthexa_msgs/include/hapthexa_msgs/hapthexa_msgs/msg/detail/leg_position__functions.h
[1.345s] -- Up-to-date: /home/cao/ros2ws/install/hapthexa_msgs/include/hapthexa_msgs/hapthexa_msgs/msg/detail/attitude__functions.h
[1.345s] -- Up-to-date: /home/cao/ros2ws/install/hapthexa_msgs/include/hapthexa_msgs/hapthexa_msgs/msg/detail/leg_args__type_support.h
[1.345s] -- Up-to-date: /home/cao/ros2ws/install/hapthexa_msgs/include/hapthexa_msgs/hapthexa_msgs/msg/detail/force_sensor__description.c
[1.345s] -- Up-to-date: /home/cao/ros2ws/install/hapthexa_msgs/include/hapthexa_msgs/hapthexa_msgs/msg/detail/leg_args__functions.h
[1.346s] -- Up-to-date: /home/cao/ros2ws/install/hapthexa_msgs/include/hapthexa_msgs/hapthexa_msgs/msg/rosidl_generator_c__visibility_control.h
[1.346s] -- Up-to-date: /home/cao/ros2ws/install/hapthexa_msgs/include/hapthexa_msgs/hapthexa_msgs/msg/force_sensor.h
[1.346s] -- Up-to-date: /home/cao/ros2ws/install/hapthexa_msgs/include/hapthexa_msgs/hapthexa_msgs/srv
[1.346s] -- Up-to-date: /home/cao/ros2ws/install/hapthexa_msgs/include/hapthexa_msgs/hapthexa_msgs/srv/get_leg_position.h
[1.346s] -- Up-to-date: /home/cao/ros2ws/install/hapthexa_msgs/include/hapthexa_msgs/hapthexa_msgs/srv/detail
[1.346s] -- Up-to-date: /home/cao/ros2ws/install/hapthexa_msgs/include/hapthexa_msgs/hapthexa_msgs/srv/detail/get_leg_args__struct.h
[1.346s] -- Installing: /home/cao/ros2ws/install/hapthexa_msgs/include/hapthexa_msgs/hapthexa_msgs/srv/detail/get_leg_position__type_support.c
[1.346s] -- Up-to-date: /home/cao/ros2ws/install/hapthexa_msgs/include/hapthexa_msgs/hapthexa_msgs/srv/detail/get_leg_args__description.c
[1.346s] -- Up-to-date: /home/cao/ros2ws/install/hapthexa_msgs/include/hapthexa_msgs/hapthexa_msgs/srv/detail/get_leg_position__type_support.h
[1.346s] -- Up-to-date: /home/cao/ros2ws/install/hapthexa_msgs/include/hapthexa_msgs/hapthexa_msgs/srv/detail/get_leg_args__functions.h
[1.347s] -- Up-to-date: /home/cao/ros2ws/install/hapthexa_msgs/include/hapthexa_msgs/hapthexa_msgs/srv/detail/get_leg_position__functions.h
[1.347s] -- Up-to-date: /home/cao/ros2ws/install/hapthexa_msgs/include/hapthexa_msgs/hapthexa_msgs/srv/detail/get_leg_position__description.c
[1.347s] -- Installing: /home/cao/ros2ws/install/hapthexa_msgs/include/hapthexa_msgs/hapthexa_msgs/srv/detail/get_leg_args__type_support.c
[1.347s] -- Up-to-date: /home/cao/ros2ws/install/hapthexa_msgs/include/hapthexa_msgs/hapthexa_msgs/srv/detail/get_leg_position__struct.h
[1.347s] -- Up-to-date: /home/cao/ros2ws/install/hapthexa_msgs/include/hapthexa_msgs/hapthexa_msgs/srv/detail/get_leg_position__functions.c
[1.347s] -- Up-to-date: /home/cao/ros2ws/install/hapthexa_msgs/include/hapthexa_msgs/hapthexa_msgs/srv/detail/get_leg_args__functions.c
[1.347s] -- Up-to-date: /home/cao/ros2ws/install/hapthexa_msgs/include/hapthexa_msgs/hapthexa_msgs/srv/detail/get_leg_args__type_support.h
[1.348s] -- Up-to-date: /home/cao/ros2ws/install/hapthexa_msgs/include/hapthexa_msgs/hapthexa_msgs/srv/get_leg_args.h
[1.348s] -- Up-to-date: /home/cao/ros2ws/install/hapthexa_msgs/include/hapthexa_msgs/hapthexa_msgs/action
[1.348s] -- Up-to-date: /home/cao/ros2ws/install/hapthexa_msgs/include/hapthexa_msgs/hapthexa_msgs/action/move_leg_args.h
[1.348s] -- Up-to-date: /home/cao/ros2ws/install/hapthexa_msgs/include/hapthexa_msgs/hapthexa_msgs/action/empty.h
[1.348s] -- Up-to-date: /home/cao/ros2ws/install/hapthexa_msgs/include/hapthexa_msgs/hapthexa_msgs/action/gait.h
[1.348s] -- Up-to-date: /home/cao/ros2ws/install/hapthexa_msgs/include/hapthexa_msgs/hapthexa_msgs/action/detail
[1.348s] -- Up-to-date: /home/cao/ros2ws/install/hapthexa_msgs/include/hapthexa_msgs/hapthexa_msgs/action/detail/move_leg__functions.c
[1.348s] -- Up-to-date: /home/cao/ros2ws/install/hapthexa_msgs/include/hapthexa_msgs/hapthexa_msgs/action/detail/move_leg__struct.h
[1.348s] -- Up-to-date: /home/cao/ros2ws/install/hapthexa_msgs/include/hapthexa_msgs/hapthexa_msgs/action/detail/empty__description.c
[1.348s] -- Up-to-date: /home/cao/ros2ws/install/hapthexa_msgs/include/hapthexa_msgs/hapthexa_msgs/action/detail/gait__type_support.h
[1.349s] -- Installing: /home/cao/ros2ws/install/hapthexa_msgs/include/hapthexa_msgs/hapthexa_msgs/action/detail/move_leg_args__type_support.c
[1.349s] -- Up-to-date: /home/cao/ros2ws/install/hapthexa_msgs/include/hapthexa_msgs/hapthexa_msgs/action/detail/move_leg_args__functions.c
[1.349s] -- Up-to-date: /home/cao/ros2ws/install/hapthexa_msgs/include/hapthexa_msgs/hapthexa_msgs/action/detail/gait__struct.h
[1.349s] -- Up-to-date: /home/cao/ros2ws/install/hapthexa_msgs/include/hapthexa_msgs/hapthexa_msgs/action/detail/gait__functions.c
[1.349s] -- Up-to-date: /home/cao/ros2ws/install/hapthexa_msgs/include/hapthexa_msgs/hapthexa_msgs/action/detail/empty__functions.c
[1.349s] -- Up-to-date: /home/cao/ros2ws/install/hapthexa_msgs/include/hapthexa_msgs/hapthexa_msgs/action/detail/empty__struct.h
[1.349s] -- Installing: /home/cao/ros2ws/install/hapthexa_msgs/include/hapthexa_msgs/hapthexa_msgs/action/detail/empty__type_support.c
[1.349s] -- Up-to-date: /home/cao/ros2ws/install/hapthexa_msgs/include/hapthexa_msgs/hapthexa_msgs/action/detail/move_leg_args__type_support.h
[1.349s] -- Up-to-date: /home/cao/ros2ws/install/hapthexa_msgs/include/hapthexa_msgs/hapthexa_msgs/action/detail/move_leg_args__description.c
[1.349s] -- Up-to-date: /home/cao/ros2ws/install/hapthexa_msgs/include/hapthexa_msgs/hapthexa_msgs/action/detail/move_leg_args__struct.h
[1.350s] -- Up-to-date: /home/cao/ros2ws/install/hapthexa_msgs/include/hapthexa_msgs/hapthexa_msgs/action/detail/move_leg_args__functions.h
[1.350s] -- Up-to-date: /home/cao/ros2ws/install/hapthexa_msgs/include/hapthexa_msgs/hapthexa_msgs/action/detail/move_leg__type_support.h
[1.350s] -- Up-to-date: /home/cao/ros2ws/install/hapthexa_msgs/include/hapthexa_msgs/hapthexa_msgs/action/detail/move_leg__description.c
[1.350s] -- Installing: /home/cao/ros2ws/install/hapthexa_msgs/include/hapthexa_msgs/hapthexa_msgs/action/detail/move_leg__type_support.c
[1.350s] -- Up-to-date: /home/cao/ros2ws/install/hapthexa_msgs/include/hapthexa_msgs/hapthexa_msgs/action/detail/empty__functions.h
[1.350s] -- Up-to-date: /home/cao/ros2ws/install/hapthexa_msgs/include/hapthexa_msgs/hapthexa_msgs/action/detail/move_leg__functions.h
[1.350s] -- Up-to-date: /home/cao/ros2ws/install/hapthexa_msgs/include/hapthexa_msgs/hapthexa_msgs/action/detail/empty__type_support.h
[1.350s] -- Installing: /home/cao/ros2ws/install/hapthexa_msgs/include/hapthexa_msgs/hapthexa_msgs/action/detail/gait__type_support.c
[1.350s] -- Up-to-date: /home/cao/ros2ws/install/hapthexa_msgs/include/hapthexa_msgs/hapthexa_msgs/action/detail/gait__description.c
[1.351s] -- Up-to-date: /home/cao/ros2ws/install/hapthexa_msgs/include/hapthexa_msgs/hapthexa_msgs/action/detail/gait__functions.h
[1.351s] -- Up-to-date: /home/cao/ros2ws/install/hapthexa_msgs/include/hapthexa_msgs/hapthexa_msgs/action/move_leg.h
[1.351s] -- Up-to-date: /home/cao/ros2ws/install/hapthexa_msgs/share/hapthexa_msgs/environment/library_path.sh
[1.351s] -- Up-to-date: /home/cao/ros2ws/install/hapthexa_msgs/share/hapthexa_msgs/environment/library_path.dsv
[1.351s] -- Up-to-date: /home/cao/ros2ws/install/hapthexa_msgs/lib/libhapthexa_msgs__rosidl_generator_c.so
[1.351s] -- Up-to-date: /home/cao/ros2ws/install/hapthexa_msgs/include/hapthexa_msgs/hapthexa_msgs
[1.351s] -- Up-to-date: /home/cao/ros2ws/install/hapthexa_msgs/include/hapthexa_msgs/hapthexa_msgs/msg
[1.351s] -- Up-to-date: /home/cao/ros2ws/install/hapthexa_msgs/include/hapthexa_msgs/hapthexa_msgs/msg/rosidl_typesupport_fastrtps_c__visibility_control.h
[1.351s] -- Up-to-date: /home/cao/ros2ws/install/hapthexa_msgs/include/hapthexa_msgs/hapthexa_msgs/msg/detail
[1.351s] -- Up-to-date: /home/cao/ros2ws/install/hapthexa_msgs/include/hapthexa_msgs/hapthexa_msgs/msg/detail/empty__rosidl_typesupport_fastrtps_c.h
[1.352s] -- Up-to-date: /home/cao/ros2ws/install/hapthexa_msgs/include/hapthexa_msgs/hapthexa_msgs/msg/detail/leg_position__rosidl_typesupport_fastrtps_c.h
[1.352s] -- Up-to-date: /home/cao/ros2ws/install/hapthexa_msgs/include/hapthexa_msgs/hapthexa_msgs/msg/detail/force_sensor__rosidl_typesupport_fastrtps_c.h
[1.352s] -- Up-to-date: /home/cao/ros2ws/install/hapthexa_msgs/include/hapthexa_msgs/hapthexa_msgs/msg/detail/attitude__rosidl_typesupport_fastrtps_c.h
[1.352s] -- Up-to-date: /home/cao/ros2ws/install/hapthexa_msgs/include/hapthexa_msgs/hapthexa_msgs/msg/detail/leg_args__rosidl_typesupport_fastrtps_c.h
[1.353s] -- Up-to-date: /home/cao/ros2ws/install/hapthexa_msgs/include/hapthexa_msgs/hapthexa_msgs/srv
[1.353s] -- Up-to-date: /home/cao/ros2ws/install/hapthexa_msgs/include/hapthexa_msgs/hapthexa_msgs/srv/detail
[1.353s] -- Up-to-date: /home/cao/ros2ws/install/hapthexa_msgs/include/hapthexa_msgs/hapthexa_msgs/srv/detail/get_leg_position__rosidl_typesupport_fastrtps_c.h
[1.353s] -- Up-to-date: /home/cao/ros2ws/install/hapthexa_msgs/include/hapthexa_msgs/hapthexa_msgs/srv/detail/get_leg_args__rosidl_typesupport_fastrtps_c.h
[1.353s] -- Up-to-date: /home/cao/ros2ws/install/hapthexa_msgs/include/hapthexa_msgs/hapthexa_msgs/action
[1.354s] -- Up-to-date: /home/cao/ros2ws/install/hapthexa_msgs/include/hapthexa_msgs/hapthexa_msgs/action/detail
[1.354s] -- Up-to-date: /home/cao/ros2ws/install/hapthexa_msgs/include/hapthexa_msgs/hapthexa_msgs/action/detail/empty__rosidl_typesupport_fastrtps_c.h
[1.354s] -- Up-to-date: /home/cao/ros2ws/install/hapthexa_msgs/include/hapthexa_msgs/hapthexa_msgs/action/detail/move_leg_args__rosidl_typesupport_fastrtps_c.h
[1.354s] -- Up-to-date: /home/cao/ros2ws/install/hapthexa_msgs/include/hapthexa_msgs/hapthexa_msgs/action/detail/move_leg__rosidl_typesupport_fastrtps_c.h
[1.354s] -- Up-to-date: /home/cao/ros2ws/install/hapthexa_msgs/include/hapthexa_msgs/hapthexa_msgs/action/detail/gait__rosidl_typesupport_fastrtps_c.h
[1.354s] -- Up-to-date: /home/cao/ros2ws/install/hapthexa_msgs/lib/libhapthexa_msgs__rosidl_typesupport_fastrtps_c.so
[1.354s] -- Up-to-date: /home/cao/ros2ws/install/hapthexa_msgs/include/hapthexa_msgs/hapthexa_msgs
[1.355s] -- Up-to-date: /home/cao/ros2ws/install/hapthexa_msgs/include/hapthexa_msgs/hapthexa_msgs/msg
[1.355s] -- Up-to-date: /home/cao/ros2ws/install/hapthexa_msgs/include/hapthexa_msgs/hapthexa_msgs/msg/force_sensor.hpp
[1.355s] -- Up-to-date: /home/cao/ros2ws/install/hapthexa_msgs/include/hapthexa_msgs/hapthexa_msgs/msg/rosidl_generator_cpp__visibility_control.hpp
[1.355s] -- Up-to-date: /home/cao/ros2ws/install/hapthexa_msgs/include/hapthexa_msgs/hapthexa_msgs/msg/detail
[1.355s] -- Up-to-date: /home/cao/ros2ws/install/hapthexa_msgs/include/hapthexa_msgs/hapthexa_msgs/msg/detail/force_sensor__builder.hpp
[1.355s] -- Up-to-date: /home/cao/ros2ws/install/hapthexa_msgs/include/hapthexa_msgs/hapthexa_msgs/msg/detail/leg_args__traits.hpp
[1.355s] -- Up-to-date: /home/cao/ros2ws/install/hapthexa_msgs/include/hapthexa_msgs/hapthexa_msgs/msg/detail/attitude__traits.hpp
[1.355s] -- Up-to-date: /home/cao/ros2ws/install/hapthexa_msgs/include/hapthexa_msgs/hapthexa_msgs/msg/detail/empty__type_support.hpp
[1.355s] -- Up-to-date: /home/cao/ros2ws/install/hapthexa_msgs/include/hapthexa_msgs/hapthexa_msgs/msg/detail/attitude__builder.hpp
[1.355s] -- Up-to-date: /home/cao/ros2ws/install/hapthexa_msgs/include/hapthexa_msgs/hapthexa_msgs/msg/detail/leg_position__builder.hpp
[1.355s] -- Up-to-date: /home/cao/ros2ws/install/hapthexa_msgs/include/hapthexa_msgs/hapthexa_msgs/msg/detail/leg_args__type_support.hpp
[1.356s] -- Up-to-date: /home/cao/ros2ws/install/hapthexa_msgs/include/hapthexa_msgs/hapthexa_msgs/msg/detail/force_sensor__type_support.hpp
[1.356s] -- Up-to-date: /home/cao/ros2ws/install/hapthexa_msgs/include/hapthexa_msgs/hapthexa_msgs/msg/detail/attitude__struct.hpp
[1.356s] -- Up-to-date: /home/cao/ros2ws/install/hapthexa_msgs/include/hapthexa_msgs/hapthexa_msgs/msg/detail/empty__builder.hpp
[1.356s] -- Up-to-date: /home/cao/ros2ws/install/hapthexa_msgs/include/hapthexa_msgs/hapthexa_msgs/msg/detail/empty__struct.hpp
[1.356s] -- Up-to-date: /home/cao/ros2ws/install/hapthexa_msgs/include/hapthexa_msgs/hapthexa_msgs/msg/detail/empty__traits.hpp
[1.356s] -- Up-to-date: /home/cao/ros2ws/install/hapthexa_msgs/include/hapthexa_msgs/hapthexa_msgs/msg/detail/leg_args__builder.hpp
[1.356s] -- Up-to-date: /home/cao/ros2ws/install/hapthexa_msgs/include/hapthexa_msgs/hapthexa_msgs/msg/detail/force_sensor__struct.hpp
[1.356s] -- Up-to-date: /home/cao/ros2ws/install/hapthexa_msgs/include/hapthexa_msgs/hapthexa_msgs/msg/detail/attitude__type_support.hpp
[1.356s] -- Up-to-date: /home/cao/ros2ws/install/hapthexa_msgs/include/hapthexa_msgs/hapthexa_msgs/msg/detail/leg_position__traits.hpp
[1.356s] -- Up-to-date: /home/cao/ros2ws/install/hapthexa_msgs/include/hapthexa_msgs/hapthexa_msgs/msg/detail/leg_position__struct.hpp
[1.357s] -- Up-to-date: /home/cao/ros2ws/install/hapthexa_msgs/include/hapthexa_msgs/hapthexa_msgs/msg/detail/leg_args__struct.hpp
[1.357s] -- Up-to-date: /home/cao/ros2ws/install/hapthexa_msgs/include/hapthexa_msgs/hapthexa_msgs/msg/detail/leg_position__type_support.hpp
[1.357s] -- Up-to-date: /home/cao/ros2ws/install/hapthexa_msgs/include/hapthexa_msgs/hapthexa_msgs/msg/detail/force_sensor__traits.hpp
[1.357s] -- Up-to-date: /home/cao/ros2ws/install/hapthexa_msgs/include/hapthexa_msgs/hapthexa_msgs/msg/leg_position.hpp
[1.357s] -- Up-to-date: /home/cao/ros2ws/install/hapthexa_msgs/include/hapthexa_msgs/hapthexa_msgs/msg/leg_args.hpp
[1.357s] -- Up-to-date: /home/cao/ros2ws/install/hapthexa_msgs/include/hapthexa_msgs/hapthexa_msgs/msg/attitude.hpp
[1.357s] -- Up-to-date: /home/cao/ros2ws/install/hapthexa_msgs/include/hapthexa_msgs/hapthexa_msgs/msg/empty.hpp
[1.357s] -- Up-to-date: /home/cao/ros2ws/install/hapthexa_msgs/include/hapthexa_msgs/hapthexa_msgs/srv
[1.357s] -- Up-to-date: /home/cao/ros2ws/install/hapthexa_msgs/include/hapthexa_msgs/hapthexa_msgs/srv/get_leg_position.hpp
[1.357s] -- Up-to-date: /home/cao/ros2ws/install/hapthexa_msgs/include/hapthexa_msgs/hapthexa_msgs/srv/detail
[1.357s] -- Up-to-date: /home/cao/ros2ws/install/hapthexa_msgs/include/hapthexa_msgs/hapthexa_msgs/srv/detail/get_leg_args__traits.hpp
[1.358s] -- Up-to-date: /home/cao/ros2ws/install/hapthexa_msgs/include/hapthexa_msgs/hapthexa_msgs/srv/detail/get_leg_position__builder.hpp
[1.358s] -- Up-to-date: /home/cao/ros2ws/install/hapthexa_msgs/include/hapthexa_msgs/hapthexa_msgs/srv/detail/get_leg_args__type_support.hpp
[1.358s] -- Up-to-date: /home/cao/ros2ws/install/hapthexa_msgs/include/hapthexa_msgs/hapthexa_msgs/srv/detail/get_leg_position__traits.hpp
[1.358s] -- Up-to-date: /home/cao/ros2ws/install/hapthexa_msgs/include/hapthexa_msgs/hapthexa_msgs/srv/detail/get_leg_args__struct.hpp
[1.358s] -- Up-to-date: /home/cao/ros2ws/install/hapthexa_msgs/include/hapthexa_msgs/hapthexa_msgs/srv/detail/get_leg_args__builder.hpp
[1.358s] -- Up-to-date: /home/cao/ros2ws/install/hapthexa_msgs/include/hapthexa_msgs/hapthexa_msgs/srv/detail/get_leg_position__struct.hpp
[1.358s] -- Up-to-date: /home/cao/ros2ws/install/hapthexa_msgs/include/hapthexa_msgs/hapthexa_msgs/srv/detail/get_leg_position__type_support.hpp
[1.358s] -- Up-to-date: /home/cao/ros2ws/install/hapthexa_msgs/include/hapthexa_msgs/hapthexa_msgs/srv/get_leg_args.hpp
[1.358s] -- Up-to-date: /home/cao/ros2ws/install/hapthexa_msgs/include/hapthexa_msgs/hapthexa_msgs/action
[1.358s] -- Up-to-date: /home/cao/ros2ws/install/hapthexa_msgs/include/hapthexa_msgs/hapthexa_msgs/action/move_leg_args.hpp
[1.358s] -- Up-to-date: /home/cao/ros2ws/install/hapthexa_msgs/include/hapthexa_msgs/hapthexa_msgs/action/detail
[1.358s] -- Up-to-date: /home/cao/ros2ws/install/hapthexa_msgs/include/hapthexa_msgs/hapthexa_msgs/action/detail/gait__struct.hpp
[1.359s] -- Up-to-date: /home/cao/ros2ws/install/hapthexa_msgs/include/hapthexa_msgs/hapthexa_msgs/action/detail/move_leg__builder.hpp
[1.359s] -- Up-to-date: /home/cao/ros2ws/install/hapthexa_msgs/include/hapthexa_msgs/hapthexa_msgs/action/detail/empty__type_support.hpp
[1.359s] -- Up-to-date: /home/cao/ros2ws/install/hapthexa_msgs/include/hapthexa_msgs/hapthexa_msgs/action/detail/gait__traits.hpp
[1.359s] -- Up-to-date: /home/cao/ros2ws/install/hapthexa_msgs/include/hapthexa_msgs/hapthexa_msgs/action/detail/empty__builder.hpp
[1.359s] -- Up-to-date: /home/cao/ros2ws/install/hapthexa_msgs/include/hapthexa_msgs/hapthexa_msgs/action/detail/empty__struct.hpp
[1.359s] -- Up-to-date: /home/cao/ros2ws/install/hapthexa_msgs/include/hapthexa_msgs/hapthexa_msgs/action/detail/move_leg_args__struct.hpp
[1.359s] -- Up-to-date: /home/cao/ros2ws/install/hapthexa_msgs/include/hapthexa_msgs/hapthexa_msgs/action/detail/empty__traits.hpp
[1.359s] -- Up-to-date: /home/cao/ros2ws/install/hapthexa_msgs/include/hapthexa_msgs/hapthexa_msgs/action/detail/move_leg_args__type_support.hpp
[1.359s] -- Up-to-date: /home/cao/ros2ws/install/hapthexa_msgs/include/hapthexa_msgs/hapthexa_msgs/action/detail/gait__type_support.hpp
[1.359s] -- Up-to-date: /home/cao/ros2ws/install/hapthexa_msgs/include/hapthexa_msgs/hapthexa_msgs/action/detail/move_leg_args__builder.hpp
[1.359s] -- Up-to-date: /home/cao/ros2ws/install/hapthexa_msgs/include/hapthexa_msgs/hapthexa_msgs/action/detail/move_leg__struct.hpp
[1.359s] -- Up-to-date: /home/cao/ros2ws/install/hapthexa_msgs/include/hapthexa_msgs/hapthexa_msgs/action/detail/gait__builder.hpp
[1.360s] -- Up-to-date: /home/cao/ros2ws/install/hapthexa_msgs/include/hapthexa_msgs/hapthexa_msgs/action/detail/move_leg__type_support.hpp
[1.360s] -- Up-to-date: /home/cao/ros2ws/install/hapthexa_msgs/include/hapthexa_msgs/hapthexa_msgs/action/detail/move_leg__traits.hpp
[1.360s] -- Up-to-date: /home/cao/ros2ws/install/hapthexa_msgs/include/hapthexa_msgs/hapthexa_msgs/action/detail/move_leg_args__traits.hpp
[1.360s] -- Up-to-date: /home/cao/ros2ws/install/hapthexa_msgs/include/hapthexa_msgs/hapthexa_msgs/action/gait.hpp
[1.360s] -- Up-to-date: /home/cao/ros2ws/install/hapthexa_msgs/include/hapthexa_msgs/hapthexa_msgs/action/move_leg.hpp
[1.360s] -- Up-to-date: /home/cao/ros2ws/install/hapthexa_msgs/include/hapthexa_msgs/hapthexa_msgs/action/empty.hpp
[1.360s] -- Up-to-date: /home/cao/ros2ws/install/hapthexa_msgs/include/hapthexa_msgs/hapthexa_msgs
[1.360s] -- Up-to-date: /home/cao/ros2ws/install/hapthexa_msgs/include/hapthexa_msgs/hapthexa_msgs/msg
[1.360s] -- Up-to-date: /home/cao/ros2ws/install/hapthexa_msgs/include/hapthexa_msgs/hapthexa_msgs/msg/rosidl_typesupport_fastrtps_cpp__visibility_control.h
[1.360s] -- Up-to-date: /home/cao/ros2ws/install/hapthexa_msgs/include/hapthexa_msgs/hapthexa_msgs/msg/detail
[1.360s] -- Up-to-date: /home/cao/ros2ws/install/hapthexa_msgs/include/hapthexa_msgs/hapthexa_msgs/msg/detail/attitude__rosidl_typesupport_fastrtps_cpp.hpp
[1.360s] -- Up-to-date: /home/cao/ros2ws/install/hapthexa_msgs/include/hapthexa_msgs/hapthexa_msgs/msg/detail/empty__rosidl_typesupport_fastrtps_cpp.hpp
[1.360s] -- Up-to-date: /home/cao/ros2ws/install/hapthexa_msgs/include/hapthexa_msgs/hapthexa_msgs/msg/detail/force_sensor__rosidl_typesupport_fastrtps_cpp.hpp
[1.361s] -- Up-to-date: /home/cao/ros2ws/install/hapthexa_msgs/include/hapthexa_msgs/hapthexa_msgs/msg/detail/leg_position__rosidl_typesupport_fastrtps_cpp.hpp
[1.361s] -- Up-to-date: /home/cao/ros2ws/install/hapthexa_msgs/include/hapthexa_msgs/hapthexa_msgs/msg/detail/dds_fastrtps
[1.361s] -- Up-to-date: /home/cao/ros2ws/install/hapthexa_msgs/include/hapthexa_msgs/hapthexa_msgs/msg/detail/leg_args__rosidl_typesupport_fastrtps_cpp.hpp
[1.361s] -- Up-to-date: /home/cao/ros2ws/install/hapthexa_msgs/include/hapthexa_msgs/hapthexa_msgs/srv
[1.361s] -- Up-to-date: /home/cao/ros2ws/install/hapthexa_msgs/include/hapthexa_msgs/hapthexa_msgs/srv/detail
[1.361s] -- Up-to-date: /home/cao/ros2ws/install/hapthexa_msgs/include/hapthexa_msgs/hapthexa_msgs/srv/detail/get_leg_position__rosidl_typesupport_fastrtps_cpp.hpp
[1.361s] -- Up-to-date: /home/cao/ros2ws/install/hapthexa_msgs/include/hapthexa_msgs/hapthexa_msgs/srv/detail/get_leg_args__rosidl_typesupport_fastrtps_cpp.hpp
[1.361s] -- Up-to-date: /home/cao/ros2ws/install/hapthexa_msgs/include/hapthexa_msgs/hapthexa_msgs/srv/detail/dds_fastrtps
[1.361s] -- Up-to-date: /home/cao/ros2ws/install/hapthexa_msgs/include/hapthexa_msgs/hapthexa_msgs/action
[1.361s] -- Up-to-date: /home/cao/ros2ws/install/hapthexa_msgs/include/hapthexa_msgs/hapthexa_msgs/action/detail
[1.361s] -- Up-to-date: /home/cao/ros2ws/install/hapthexa_msgs/include/hapthexa_msgs/hapthexa_msgs/action/detail/empty__rosidl_typesupport_fastrtps_cpp.hpp
[1.361s] -- Up-to-date: /home/cao/ros2ws/install/hapthexa_msgs/include/hapthexa_msgs/hapthexa_msgs/action/detail/dds_fastrtps
[1.361s] -- Up-to-date: /home/cao/ros2ws/install/hapthexa_msgs/include/hapthexa_msgs/hapthexa_msgs/action/detail/move_leg_args__rosidl_typesupport_fastrtps_cpp.hpp
[1.362s] -- Up-to-date: /home/cao/ros2ws/install/hapthexa_msgs/include/hapthexa_msgs/hapthexa_msgs/action/detail/gait__rosidl_typesupport_fastrtps_cpp.hpp
[1.362s] -- Up-to-date: /home/cao/ros2ws/install/hapthexa_msgs/include/hapthexa_msgs/hapthexa_msgs/action/detail/move_leg__rosidl_typesupport_fastrtps_cpp.hpp
[1.362s] -- Up-to-date: /home/cao/ros2ws/install/hapthexa_msgs/lib/libhapthexa_msgs__rosidl_typesupport_fastrtps_cpp.so
[1.362s] -- Up-to-date: /home/cao/ros2ws/install/hapthexa_msgs/include/hapthexa_msgs/hapthexa_msgs
[1.362s] -- Up-to-date: /home/cao/ros2ws/install/hapthexa_msgs/include/hapthexa_msgs/hapthexa_msgs/msg
[1.362s] -- Up-to-date: /home/cao/ros2ws/install/hapthexa_msgs/include/hapthexa_msgs/hapthexa_msgs/msg/rosidl_typesupport_introspection_c__visibility_control.h
[1.362s] -- Up-to-date: /home/cao/ros2ws/install/hapthexa_msgs/include/hapthexa_msgs/hapthexa_msgs/msg/detail
[1.362s] -- Installing: /home/cao/ros2ws/install/hapthexa_msgs/include/hapthexa_msgs/hapthexa_msgs/msg/detail/leg_args__type_support.c
[1.362s] -- Up-to-date: /home/cao/ros2ws/install/hapthexa_msgs/include/hapthexa_msgs/hapthexa_msgs/msg/detail/attitude__rosidl_typesupport_introspection_c.h
[1.362s] -- Installing: /home/cao/ros2ws/install/hapthexa_msgs/include/hapthexa_msgs/hapthexa_msgs/msg/detail/empty__type_support.c
[1.363s] -- Installing: /home/cao/ros2ws/install/hapthexa_msgs/include/hapthexa_msgs/hapthexa_msgs/msg/detail/force_sensor__type_support.c
[1.363s] -- Installing: /home/cao/ros2ws/install/hapthexa_msgs/include/hapthexa_msgs/hapthexa_msgs/msg/detail/leg_position__type_support.c
[1.363s] -- Up-to-date: /home/cao/ros2ws/install/hapthexa_msgs/include/hapthexa_msgs/hapthexa_msgs/msg/detail/force_sensor__rosidl_typesupport_introspection_c.h
[1.363s] -- Installing: /home/cao/ros2ws/install/hapthexa_msgs/include/hapthexa_msgs/hapthexa_msgs/msg/detail/attitude__type_support.c
[1.363s] -- Up-to-date: /home/cao/ros2ws/install/hapthexa_msgs/include/hapthexa_msgs/hapthexa_msgs/msg/detail/empty__rosidl_typesupport_introspection_c.h
[1.363s] -- Up-to-date: /home/cao/ros2ws/install/hapthexa_msgs/include/hapthexa_msgs/hapthexa_msgs/msg/detail/leg_position__rosidl_typesupport_introspection_c.h
[1.364s] -- Up-to-date: /home/cao/ros2ws/install/hapthexa_msgs/include/hapthexa_msgs/hapthexa_msgs/msg/detail/leg_args__rosidl_typesupport_introspection_c.h
[1.364s] -- Up-to-date: /home/cao/ros2ws/install/hapthexa_msgs/include/hapthexa_msgs/hapthexa_msgs/srv
[1.364s] -- Up-to-date: /home/cao/ros2ws/install/hapthexa_msgs/include/hapthexa_msgs/hapthexa_msgs/srv/detail
[1.364s] -- Installing: /home/cao/ros2ws/install/hapthexa_msgs/include/hapthexa_msgs/hapthexa_msgs/srv/detail/get_leg_position__type_support.c
[1.364s] -- Up-to-date: /home/cao/ros2ws/install/hapthexa_msgs/include/hapthexa_msgs/hapthexa_msgs/srv/detail/get_leg_position__rosidl_typesupport_introspection_c.h
[1.364s] -- Up-to-date: /home/cao/ros2ws/install/hapthexa_msgs/include/hapthexa_msgs/hapthexa_msgs/srv/detail/get_leg_args__rosidl_typesupport_introspection_c.h
[1.365s] -- Installing: /home/cao/ros2ws/install/hapthexa_msgs/include/hapthexa_msgs/hapthexa_msgs/srv/detail/get_leg_args__type_support.c
[1.365s] -- Up-to-date: /home/cao/ros2ws/install/hapthexa_msgs/include/hapthexa_msgs/hapthexa_msgs/action
[1.365s] -- Up-to-date: /home/cao/ros2ws/install/hapthexa_msgs/include/hapthexa_msgs/hapthexa_msgs/action/detail
[1.365s] -- Up-to-date: /home/cao/ros2ws/install/hapthexa_msgs/include/hapthexa_msgs/hapthexa_msgs/action/detail/gait__rosidl_typesupport_introspection_c.h
[1.365s] -- Up-to-date: /home/cao/ros2ws/install/hapthexa_msgs/include/hapthexa_msgs/hapthexa_msgs/action/detail/move_leg__rosidl_typesupport_introspection_c.h
[1.365s] -- Installing: /home/cao/ros2ws/install/hapthexa_msgs/include/hapthexa_msgs/hapthexa_msgs/action/detail/move_leg_args__type_support.c
[1.365s] -- Installing: /home/cao/ros2ws/install/hapthexa_msgs/include/hapthexa_msgs/hapthexa_msgs/action/detail/empty__type_support.c
[1.365s] -- Installing: /home/cao/ros2ws/install/hapthexa_msgs/include/hapthexa_msgs/hapthexa_msgs/action/detail/move_leg__type_support.c
[1.365s] -- Up-to-date: /home/cao/ros2ws/install/hapthexa_msgs/include/hapthexa_msgs/hapthexa_msgs/action/detail/empty__rosidl_typesupport_introspection_c.h
[1.365s] -- Installing: /home/cao/ros2ws/install/hapthexa_msgs/include/hapthexa_msgs/hapthexa_msgs/action/detail/gait__type_support.c
[1.365s] -- Up-to-date: /home/cao/ros2ws/install/hapthexa_msgs/include/hapthexa_msgs/hapthexa_msgs/action/detail/move_leg_args__rosidl_typesupport_introspection_c.h
[1.366s] -- Up-to-date: /home/cao/ros2ws/install/hapthexa_msgs/lib/libhapthexa_msgs__rosidl_typesupport_introspection_c.so
[1.366s] -- Up-to-date: /home/cao/ros2ws/install/hapthexa_msgs/lib/libhapthexa_msgs__rosidl_typesupport_c.so
[1.366s] -- Up-to-date: /home/cao/ros2ws/install/hapthexa_msgs/include/hapthexa_msgs/hapthexa_msgs
[1.366s] -- Up-to-date: /home/cao/ros2ws/install/hapthexa_msgs/include/hapthexa_msgs/hapthexa_msgs/msg
[1.366s] -- Up-to-date: /home/cao/ros2ws/install/hapthexa_msgs/include/hapthexa_msgs/hapthexa_msgs/msg/detail
[1.366s] -- Up-to-date: /home/cao/ros2ws/install/hapthexa_msgs/include/hapthexa_msgs/hapthexa_msgs/msg/detail/attitude__rosidl_typesupport_introspection_cpp.hpp
[1.366s] -- Up-to-date: /home/cao/ros2ws/install/hapthexa_msgs/include/hapthexa_msgs/hapthexa_msgs/msg/detail/leg_position__type_support.cpp
[1.366s] -- Up-to-date: /home/cao/ros2ws/install/hapthexa_msgs/include/hapthexa_msgs/hapthexa_msgs/msg/detail/force_sensor__type_support.cpp
[1.366s] -- Up-to-date: /home/cao/ros2ws/install/hapthexa_msgs/include/hapthexa_msgs/hapthexa_msgs/msg/detail/attitude__type_support.cpp
[1.366s] -- Up-to-date: /home/cao/ros2ws/install/hapthexa_msgs/include/hapthexa_msgs/hapthexa_msgs/msg/detail/leg_position__rosidl_typesupport_introspection_cpp.hpp
[1.366s] -- Up-to-date: /home/cao/ros2ws/install/hapthexa_msgs/include/hapthexa_msgs/hapthexa_msgs/msg/detail/empty__rosidl_typesupport_introspection_cpp.hpp
[1.366s] -- Up-to-date: /home/cao/ros2ws/install/hapthexa_msgs/include/hapthexa_msgs/hapthexa_msgs/msg/detail/leg_args__type_support.cpp
[1.367s] -- Up-to-date: /home/cao/ros2ws/install/hapthexa_msgs/include/hapthexa_msgs/hapthexa_msgs/msg/detail/force_sensor__rosidl_typesupport_introspection_cpp.hpp
[1.367s] -- Up-to-date: /home/cao/ros2ws/install/hapthexa_msgs/include/hapthexa_msgs/hapthexa_msgs/msg/detail/leg_args__rosidl_typesupport_introspection_cpp.hpp
[1.367s] -- Up-to-date: /home/cao/ros2ws/install/hapthexa_msgs/include/hapthexa_msgs/hapthexa_msgs/msg/detail/empty__type_support.cpp
[1.367s] -- Up-to-date: /home/cao/ros2ws/install/hapthexa_msgs/include/hapthexa_msgs/hapthexa_msgs/srv
[1.367s] -- Up-to-date: /home/cao/ros2ws/install/hapthexa_msgs/include/hapthexa_msgs/hapthexa_msgs/srv/detail
[1.367s] -- Up-to-date: /home/cao/ros2ws/install/hapthexa_msgs/include/hapthexa_msgs/hapthexa_msgs/srv/detail/get_leg_position__type_support.cpp
[1.367s] -- Up-to-date: /home/cao/ros2ws/install/hapthexa_msgs/include/hapthexa_msgs/hapthexa_msgs/srv/detail/get_leg_args__type_support.cpp
[1.367s] -- Up-to-date: /home/cao/ros2ws/install/hapthexa_msgs/include/hapthexa_msgs/hapthexa_msgs/srv/detail/get_leg_position__rosidl_typesupport_introspection_cpp.hpp
[1.367s] -- Up-to-date: /home/cao/ros2ws/install/hapthexa_msgs/include/hapthexa_msgs/hapthexa_msgs/srv/detail/get_leg_args__rosidl_typesupport_introspection_cpp.hpp
[1.367s] -- Up-to-date: /home/cao/ros2ws/install/hapthexa_msgs/include/hapthexa_msgs/hapthexa_msgs/action
[1.367s] -- Up-to-date: /home/cao/ros2ws/install/hapthexa_msgs/include/hapthexa_msgs/hapthexa_msgs/action/detail
[1.367s] -- Up-to-date: /home/cao/ros2ws/install/hapthexa_msgs/include/hapthexa_msgs/hapthexa_msgs/action/detail/move_leg_args__rosidl_typesupport_introspection_cpp.hpp
[1.367s] -- Up-to-date: /home/cao/ros2ws/install/hapthexa_msgs/include/hapthexa_msgs/hapthexa_msgs/action/detail/move_leg__rosidl_typesupport_introspection_cpp.hpp
[1.368s] -- Up-to-date: /home/cao/ros2ws/install/hapthexa_msgs/include/hapthexa_msgs/hapthexa_msgs/action/detail/gait__rosidl_typesupport_introspection_cpp.hpp
[1.368s] -- Up-to-date: /home/cao/ros2ws/install/hapthexa_msgs/include/hapthexa_msgs/hapthexa_msgs/action/detail/move_leg_args__type_support.cpp
[1.368s] -- Up-to-date: /home/cao/ros2ws/install/hapthexa_msgs/include/hapthexa_msgs/hapthexa_msgs/action/detail/move_leg__type_support.cpp
[1.368s] -- Up-to-date: /home/cao/ros2ws/install/hapthexa_msgs/include/hapthexa_msgs/hapthexa_msgs/action/detail/empty__rosidl_typesupport_introspection_cpp.hpp
[1.368s] -- Up-to-date: /home/cao/ros2ws/install/hapthexa_msgs/include/hapthexa_msgs/hapthexa_msgs/action/detail/gait__type_support.cpp
[1.368s] -- Up-to-date: /home/cao/ros2ws/install/hapthexa_msgs/include/hapthexa_msgs/hapthexa_msgs/action/detail/empty__type_support.cpp
[1.368s] -- Up-to-date: /home/cao/ros2ws/install/hapthexa_msgs/lib/libhapthexa_msgs__rosidl_typesupport_introspection_cpp.so
[1.368s] -- Up-to-date: /home/cao/ros2ws/install/hapthexa_msgs/lib/libhapthexa_msgs__rosidl_typesupport_cpp.so
[1.368s] -- Up-to-date: /home/cao/ros2ws/install/hapthexa_msgs/share/hapthexa_msgs/environment/pythonpath.sh
[1.368s] -- Up-to-date: /home/cao/ros2ws/install/hapthexa_msgs/share/hapthexa_msgs/environment/pythonpath.dsv
[1.368s] -- Up-to-date: /home/cao/ros2ws/install/hapthexa_msgs/lib/python3.12/site-packages/hapthexa_msgs-0.0.0-py3.12.egg-info
[1.368s] -- Installing: /home/cao/ros2ws/install/hapthexa_msgs/lib/python3.12/site-packages/hapthexa_msgs-0.0.0-py3.12.egg-info/SOURCES.txt
[1.368s] -- Installing: /home/cao/ros2ws/install/hapthexa_msgs/lib/python3.12/site-packages/hapthexa_msgs-0.0.0-py3.12.egg-info/top_level.txt
[1.369s] -- Installing: /home/cao/ros2ws/install/hapthexa_msgs/lib/python3.12/site-packages/hapthexa_msgs-0.0.0-py3.12.egg-info/PKG-INFO
[1.369s] -- Installing: /home/cao/ros2ws/install/hapthexa_msgs/lib/python3.12/site-packages/hapthexa_msgs-0.0.0-py3.12.egg-info/dependency_links.txt
[1.369s] -- Up-to-date: /home/cao/ros2ws/install/hapthexa_msgs/lib/python3.12/site-packages/hapthexa_msgs
[1.369s] -- Up-to-date: /home/cao/ros2ws/install/hapthexa_msgs/lib/python3.12/site-packages/hapthexa_msgs/__init__.py
[1.369s] -- Up-to-date: /home/cao/ros2ws/install/hapthexa_msgs/lib/python3.12/site-packages/hapthexa_msgs/hapthexa_msgs_s__rosidl_typesupport_fastrtps_c.so
[1.369s] -- Up-to-date: /home/cao/ros2ws/install/hapthexa_msgs/lib/python3.12/site-packages/hapthexa_msgs/msg
[1.369s] -- Up-to-date: /home/cao/ros2ws/install/hapthexa_msgs/lib/python3.12/site-packages/hapthexa_msgs/msg/__init__.py
[1.369s] -- Up-to-date: /home/cao/ros2ws/install/hapthexa_msgs/lib/python3.12/site-packages/hapthexa_msgs/msg/_attitude_s.c
[1.369s] -- Up-to-date: /home/cao/ros2ws/install/hapthexa_msgs/lib/python3.12/site-packages/hapthexa_msgs/msg/_force_sensor.py
[1.369s] -- Up-to-date: /home/cao/ros2ws/install/hapthexa_msgs/lib/python3.12/site-packages/hapthexa_msgs/msg/_leg_args.py
[1.369s] -- Up-to-date: /home/cao/ros2ws/install/hapthexa_msgs/lib/python3.12/site-packages/hapthexa_msgs/msg/_leg_position.py
[1.369s] -- Up-to-date: /home/cao/ros2ws/install/hapthexa_msgs/lib/python3.12/site-packages/hapthexa_msgs/msg/_leg_position_s.c
[1.369s] -- Up-to-date: /home/cao/ros2ws/install/hapthexa_msgs/lib/python3.12/site-packages/hapthexa_msgs/msg/_empty_s.c
[1.370s] -- Up-to-date: /home/cao/ros2ws/install/hapthexa_msgs/lib/python3.12/site-packages/hapthexa_msgs/msg/_empty.py
[1.370s] -- Up-to-date: /home/cao/ros2ws/install/hapthexa_msgs/lib/python3.12/site-packages/hapthexa_msgs/msg/_leg_args_s.c
[1.370s] -- Up-to-date: /home/cao/ros2ws/install/hapthexa_msgs/lib/python3.12/site-packages/hapthexa_msgs/msg/_force_sensor_s.c
[1.370s] -- Up-to-date: /home/cao/ros2ws/install/hapthexa_msgs/lib/python3.12/site-packages/hapthexa_msgs/msg/_attitude.py
[1.370s] -- Up-to-date: /home/cao/ros2ws/install/hapthexa_msgs/lib/python3.12/site-packages/hapthexa_msgs/_hapthexa_msgs_s.ep.rosidl_typesupport_introspection_c.c
[1.370s] -- Up-to-date: /home/cao/ros2ws/install/hapthexa_msgs/lib/python3.12/site-packages/hapthexa_msgs/srv
[1.370s] -- Up-to-date: /home/cao/ros2ws/install/hapthexa_msgs/lib/python3.12/site-packages/hapthexa_msgs/srv/__init__.py
[1.370s] -- Up-to-date: /home/cao/ros2ws/install/hapthexa_msgs/lib/python3.12/site-packages/hapthexa_msgs/srv/_get_leg_args_s.c
[1.370s] -- Up-to-date: /home/cao/ros2ws/install/hapthexa_msgs/lib/python3.12/site-packages/hapthexa_msgs/srv/_get_leg_args.py
[1.370s] -- Up-to-date: /home/cao/ros2ws/install/hapthexa_msgs/lib/python3.12/site-packages/hapthexa_msgs/srv/_get_leg_position_s.c
[1.370s] -- Up-to-date: /home/cao/ros2ws/install/hapthexa_msgs/lib/python3.12/site-packages/hapthexa_msgs/srv/_get_leg_position.py
[1.370s] -- Up-to-date: /home/cao/ros2ws/install/hapthexa_msgs/lib/python3.12/site-packages/hapthexa_msgs/hapthexa_msgs_s__rosidl_typesupport_c.so
[1.370s] -- Up-to-date: /home/cao/ros2ws/install/hapthexa_msgs/lib/python3.12/site-packages/hapthexa_msgs/_hapthexa_msgs_s.ep.rosidl_typesupport_c.c
[1.371s] -- Up-to-date: /home/cao/ros2ws/install/hapthexa_msgs/lib/python3.12/site-packages/hapthexa_msgs/_hapthexa_msgs_s.ep.rosidl_typesupport_fastrtps_c.c
[1.371s] -- Up-to-date: /home/cao/ros2ws/install/hapthexa_msgs/lib/python3.12/site-packages/hapthexa_msgs/hapthexa_msgs_s__rosidl_typesupport_introspection_c.so
[1.371s] -- Up-to-date: /home/cao/ros2ws/install/hapthexa_msgs/lib/python3.12/site-packages/hapthexa_msgs/action
[1.371s] -- Up-to-date: /home/cao/ros2ws/install/hapthexa_msgs/lib/python3.12/site-packages/hapthexa_msgs/action/_move_leg.py
[1.371s] -- Up-to-date: /home/cao/ros2ws/install/hapthexa_msgs/lib/python3.12/site-packages/hapthexa_msgs/action/__init__.py
[1.371s] -- Up-to-date: /home/cao/ros2ws/install/hapthexa_msgs/lib/python3.12/site-packages/hapthexa_msgs/action/_move_leg_args.py
[1.371s] -- Up-to-date: /home/cao/ros2ws/install/hapthexa_msgs/lib/python3.12/site-packages/hapthexa_msgs/action/_gait_s.c
[1.371s] -- Up-to-date: /home/cao/ros2ws/install/hapthexa_msgs/lib/python3.12/site-packages/hapthexa_msgs/action/_move_leg_s.c
[1.371s] -- Up-to-date: /home/cao/ros2ws/install/hapthexa_msgs/lib/python3.12/site-packages/hapthexa_msgs/action/_empty_s.c
[1.371s] -- Up-to-date: /home/cao/ros2ws/install/hapthexa_msgs/lib/python3.12/site-packages/hapthexa_msgs/action/_move_leg_args_s.c
[1.371s] -- Up-to-date: /home/cao/ros2ws/install/hapthexa_msgs/lib/python3.12/site-packages/hapthexa_msgs/action/_empty.py
[1.371s] -- Up-to-date: /home/cao/ros2ws/install/hapthexa_msgs/lib/python3.12/site-packages/hapthexa_msgs/action/_gait.py
[1.416s] Listing '/home/cao/ros2ws/install/hapthexa_msgs/lib/python3.12/site-packages/hapthexa_msgs'...
[1.416s] Listing '/home/cao/ros2ws/install/hapthexa_msgs/lib/python3.12/site-packages/hapthexa_msgs/action'...
[1.417s] Listing '/home/cao/ros2ws/install/hapthexa_msgs/lib/python3.12/site-packages/hapthexa_msgs/msg'...
[1.417s] Listing '/home/cao/ros2ws/install/hapthexa_msgs/lib/python3.12/site-packages/hapthexa_msgs/srv'...
[1.430s] -- Up-to-date: /home/cao/ros2ws/install/hapthexa_msgs/lib/python3.12/site-packages/hapthexa_msgs/hapthexa_msgs_s__rosidl_typesupport_fastrtps_c.so
[1.430s] -- Up-to-date: /home/cao/ros2ws/install/hapthexa_msgs/lib/python3.12/site-packages/hapthexa_msgs/hapthexa_msgs_s__rosidl_typesupport_introspection_c.so
[1.430s] -- Up-to-date: /home/cao/ros2ws/install/hapthexa_msgs/lib/python3.12/site-packages/hapthexa_msgs/hapthexa_msgs_s__rosidl_typesupport_c.so
[1.431s] -- Up-to-date: /home/cao/ros2ws/install/hapthexa_msgs/lib/libhapthexa_msgs__rosidl_generator_py.so
[1.431s] -- Up-to-date: /home/cao/ros2ws/install/hapthexa_msgs/share/hapthexa_msgs/action/MoveLeg.idl
[1.431s] -- Up-to-date: /home/cao/ros2ws/install/hapthexa_msgs/share/hapthexa_msgs/action/MoveLegArgs.idl
[1.431s] -- Up-to-date: /home/cao/ros2ws/install/hapthexa_msgs/share/hapthexa_msgs/action/Gait.idl
[1.432s] -- Up-to-date: /home/cao/ros2ws/install/hapthexa_msgs/share/hapthexa_msgs/action/Empty.idl
[1.432s] -- Up-to-date: /home/cao/ros2ws/install/hapthexa_msgs/share/hapthexa_msgs/msg/Attitude.idl
[1.432s] -- Up-to-date: /home/cao/ros2ws/install/hapthexa_msgs/share/hapthexa_msgs/msg/Empty.idl
[1.432s] -- Up-to-date: /home/cao/ros2ws/install/hapthexa_msgs/share/hapthexa_msgs/msg/ForceSensor.idl
[1.432s] -- Up-to-date: /home/cao/ros2ws/install/hapthexa_msgs/share/hapthexa_msgs/msg/LegArgs.idl
[1.432s] -- Up-to-date: /home/cao/ros2ws/install/hapthexa_msgs/share/hapthexa_msgs/msg/LegPosition.idl
[1.432s] -- Up-to-date: /home/cao/ros2ws/install/hapthexa_msgs/share/hapthexa_msgs/srv/GetLegArgs.idl
[1.432s] -- Up-to-date: /home/cao/ros2ws/install/hapthexa_msgs/share/hapthexa_msgs/srv/GetLegPosition.idl
[1.432s] -- Up-to-date: /home/cao/ros2ws/install/hapthexa_msgs/share/hapthexa_msgs/action/MoveLeg.action
[1.433s] -- Up-to-date: /home/cao/ros2ws/install/hapthexa_msgs/share/hapthexa_msgs/action/MoveLegArgs.action
[1.433s] -- Up-to-date: /home/cao/ros2ws/install/hapthexa_msgs/share/hapthexa_msgs/action/Gait.action
[1.433s] -- Up-to-date: /home/cao/ros2ws/install/hapthexa_msgs/share/hapthexa_msgs/action/Empty.action
[1.433s] -- Up-to-date: /home/cao/ros2ws/install/hapthexa_msgs/share/hapthexa_msgs/msg/Attitude.msg
[1.433s] -- Up-to-date: /home/cao/ros2ws/install/hapthexa_msgs/share/hapthexa_msgs/msg/Empty.msg
[1.433s] -- Up-to-date: /home/cao/ros2ws/install/hapthexa_msgs/share/hapthexa_msgs/msg/ForceSensor.msg
[1.433s] -- Up-to-date: /home/cao/ros2ws/install/hapthexa_msgs/share/hapthexa_msgs/msg/LegArgs.msg
[1.433s] -- Up-to-date: /home/cao/ros2ws/install/hapthexa_msgs/share/hapthexa_msgs/msg/LegPosition.msg
[1.433s] -- Up-to-date: /home/cao/ros2ws/install/hapthexa_msgs/share/hapthexa_msgs/srv/GetLegArgs.srv
[1.433s] -- Up-to-date: /home/cao/ros2ws/install/hapthexa_msgs/share/hapthexa_msgs/srv/GetLegPosition.srv
[1.434s] -- Up-to-date: /home/cao/ros2ws/install/hapthexa_msgs/share/ament_index/resource_index/package_run_dependencies/hapthexa_msgs
[1.434s] -- Up-to-date: /home/cao/ros2ws/install/hapthexa_msgs/share/ament_index/resource_index/parent_prefix_path/hapthexa_msgs
[1.434s] -- Up-to-date: /home/cao/ros2ws/install/hapthexa_msgs/share/hapthexa_msgs/environment/ament_prefix_path.sh
[1.434s] -- Up-to-date: /home/cao/ros2ws/install/hapthexa_msgs/share/hapthexa_msgs/environment/ament_prefix_path.dsv
[1.434s] -- Up-to-date: /home/cao/ros2ws/install/hapthexa_msgs/share/hapthexa_msgs/environment/path.sh
[1.434s] -- Up-to-date: /home/cao/ros2ws/install/hapthexa_msgs/share/hapthexa_msgs/environment/path.dsv
[1.434s] -- Up-to-date: /home/cao/ros2ws/install/hapthexa_msgs/share/hapthexa_msgs/local_setup.bash
[1.434s] -- Up-to-date: /home/cao/ros2ws/install/hapthexa_msgs/share/hapthexa_msgs/local_setup.sh
[1.435s] -- Up-to-date: /home/cao/ros2ws/install/hapthexa_msgs/share/hapthexa_msgs/local_setup.zsh
[1.435s] -- Up-to-date: /home/cao/ros2ws/install/hapthexa_msgs/share/hapthexa_msgs/local_setup.dsv
[1.435s] -- Installing: /home/cao/ros2ws/install/hapthexa_msgs/share/hapthexa_msgs/package.dsv
[1.435s] -- Up-to-date: /home/cao/ros2ws/install/hapthexa_msgs/share/ament_index/resource_index/packages/hapthexa_msgs
[1.435s] -- Up-to-date: /home/cao/ros2ws/install/hapthexa_msgs/share/hapthexa_msgs/cmake/export_hapthexa_msgs__rosidl_generator_cExport.cmake
[1.435s] -- Up-to-date: /home/cao/ros2ws/install/hapthexa_msgs/share/hapthexa_msgs/cmake/export_hapthexa_msgs__rosidl_generator_cExport-noconfig.cmake
[1.435s] -- Up-to-date: /home/cao/ros2ws/install/hapthexa_msgs/share/hapthexa_msgs/cmake/export_hapthexa_msgs__rosidl_typesupport_fastrtps_cExport.cmake
[1.435s] -- Up-to-date: /home/cao/ros2ws/install/hapthexa_msgs/share/hapthexa_msgs/cmake/export_hapthexa_msgs__rosidl_typesupport_fastrtps_cExport-noconfig.cmake
[1.436s] -- Up-to-date: /home/cao/ros2ws/install/hapthexa_msgs/share/hapthexa_msgs/cmake/export_hapthexa_msgs__rosidl_generator_cppExport.cmake
[1.436s] -- Up-to-date: /home/cao/ros2ws/install/hapthexa_msgs/share/hapthexa_msgs/cmake/export_hapthexa_msgs__rosidl_typesupport_fastrtps_cppExport.cmake
[1.436s] -- Up-to-date: /home/cao/ros2ws/install/hapthexa_msgs/share/hapthexa_msgs/cmake/export_hapthexa_msgs__rosidl_typesupport_fastrtps_cppExport-noconfig.cmake
[1.436s] -- Up-to-date: /home/cao/ros2ws/install/hapthexa_msgs/share/hapthexa_msgs/cmake/hapthexa_msgs__rosidl_typesupport_introspection_cExport.cmake
[1.436s] -- Up-to-date: /home/cao/ros2ws/install/hapthexa_msgs/share/hapthexa_msgs/cmake/hapthexa_msgs__rosidl_typesupport_introspection_cExport-noconfig.cmake
[1.437s] -- Up-to-date: /home/cao/ros2ws/install/hapthexa_msgs/share/hapthexa_msgs/cmake/hapthexa_msgs__rosidl_typesupport_cExport.cmake
[1.437s] -- Up-to-date: /home/cao/ros2ws/install/hapthexa_msgs/share/hapthexa_msgs/cmake/hapthexa_msgs__rosidl_typesupport_cExport-noconfig.cmake
[1.437s] -- Up-to-date: /home/cao/ros2ws/install/hapthexa_msgs/share/hapthexa_msgs/cmake/hapthexa_msgs__rosidl_typesupport_introspection_cppExport.cmake
[1.437s] -- Up-to-date: /home/cao/ros2ws/install/hapthexa_msgs/share/hapthexa_msgs/cmake/hapthexa_msgs__rosidl_typesupport_introspection_cppExport-noconfig.cmake
[1.437s] -- Up-to-date: /home/cao/ros2ws/install/hapthexa_msgs/share/hapthexa_msgs/cmake/hapthexa_msgs__rosidl_typesupport_cppExport.cmake
[1.438s] -- Up-to-date: /home/cao/ros2ws/install/hapthexa_msgs/share/hapthexa_msgs/cmake/hapthexa_msgs__rosidl_typesupport_cppExport-noconfig.cmake
[1.438s] -- Up-to-date: /home/cao/ros2ws/install/hapthexa_msgs/share/hapthexa_msgs/cmake/export_hapthexa_msgs__rosidl_generator_pyExport.cmake
[1.438s] -- Up-to-date: /home/cao/ros2ws/install/hapthexa_msgs/share/hapthexa_msgs/cmake/export_hapthexa_msgs__rosidl_generator_pyExport-noconfig.cmake
[1.438s] -- Up-to-date: /home/cao/ros2ws/install/hapthexa_msgs/share/hapthexa_msgs/cmake/rosidl_cmake-extras.cmake
[1.438s] -- Up-to-date: /home/cao/ros2ws/install/hapthexa_msgs/share/hapthexa_msgs/cmake/ament_cmake_export_dependencies-extras.cmake
[1.438s] -- Up-to-date: /home/cao/ros2ws/install/hapthexa_msgs/share/hapthexa_msgs/cmake/ament_cmake_export_include_directories-extras.cmake
[1.438s] -- Up-to-date: /home/cao/ros2ws/install/hapthexa_msgs/share/hapthexa_msgs/cmake/ament_cmake_export_libraries-extras.cmake
[1.439s] -- Up-to-date: /home/cao/ros2ws/install/hapthexa_msgs/share/hapthexa_msgs/cmake/ament_cmake_export_targets-extras.cmake
[1.439s] -- Up-to-date: /home/cao/ros2ws/install/hapthexa_msgs/share/hapthexa_msgs/cmake/rosidl_cmake_export_typesupport_targets-extras.cmake
[1.439s] -- Up-to-date: /home/cao/ros2ws/install/hapthexa_msgs/share/hapthexa_msgs/cmake/rosidl_cmake_export_typesupport_libraries-extras.cmake
[1.439s] -- Up-to-date: /home/cao/ros2ws/install/hapthexa_msgs/share/hapthexa_msgs/cmake/hapthexa_msgsConfig.cmake
[1.439s] -- Up-to-date: /home/cao/ros2ws/install/hapthexa_msgs/share/hapthexa_msgs/cmake/hapthexa_msgsConfig-version.cmake
[1.439s] -- Up-to-date: /home/cao/ros2ws/install/hapthexa_msgs/share/hapthexa_msgs/package.xml
[1.442s] Invoked command in '/home/cao/ros2ws/build/hapthexa_msgs' returned '0': CMAKE_PREFIX_PATH=${CMAKE_PREFIX_PATH}:/opt/ros/jazzy DEBUGINFOD_URLS=https://debuginfod.ubuntu.com /usr/bin/cmake --install /home/cao/ros2ws/build/hapthexa_msgs
