[0.022s] Invoking command in '/home/cao/ros2ws/build/dynamixel_sdk_examples': DEBUGINFOD_URLS=https://debuginfod.ubuntu.com /usr/bin/cmake /home/cao/ros2ws/src/DynamixelSDK/ros/dynamixel_sdk_examples -DCATKIN_INSTALL_INTO_PREFIX_ROOT=0 -DCMAKE_INSTALL_PREFIX=/home/cao/ros2ws/install/dynamixel_sdk_examples
[0.044s] [0mCMake Deprecation Warning at CMakeLists.txt:4 (cmake_minimum_required):
[0.044s]   Compatibility with CMake < 3.5 will be removed from a future version of
[0.044s]   CMake.
[0.044s] 
[0.045s]   Update the VERSION argument <min> value or use a ...<max> suffix to tell
[0.045s]   CMake that the project does not need compatibility with older versions.
[0.045s] 
[0.045s] [0m
[0.069s] [31mCMake Error at CMakeLists.txt:13 (find_package):
[0.069s]   By not providing "Findcatkin.cmake" in CMAKE_MODULE_PATH this project has
[0.069s]   asked CMake to find a package configuration file provided by "catkin", but
[0.069s]   CMake did not find one.
[0.069s] 
[0.069s]   Could not find a package configuration file provided by "catkin" with any
[0.069s]   of the following names:
[0.070s] 
[0.070s]     catkinConfig.cmake
[0.070s]     catkin-config.cmake
[0.070s] 
[0.070s]   Add the installation prefix of "catkin" to CMAKE_PREFIX_PATH or set
[0.071s]   "catkin_DIR" to a directory containing one of the above files.  If "catkin"
[0.072s]   provides a separate development package or SDK, be sure it has been
[0.072s]   installed.
[0.072s] 
[0.072s] [0m
[0.072s] -- Configuring incomplete, errors occurred!
[0.072s] Invoked command in '/home/cao/ros2ws/build/dynamixel_sdk_examples' returned '1': DEBUGINFOD_URLS=https://debuginfod.ubuntu.com /usr/bin/cmake /home/cao/ros2ws/src/DynamixelSDK/ros/dynamixel_sdk_examples -DCATKIN_INSTALL_INTO_PREFIX_ROOT=0 -DCMAKE_INSTALL_PREFIX=/home/cao/ros2ws/install/dynamixel_sdk_examples
