[0.034s] Invoking command in '/home/cao/ros2ws/build/hapthexa_msgs': CMAKE_PREFIX_PATH=${CMAKE_PREFIX_PATH}:/opt/ros/jazzy DEBUGINFOD_URLS=https://debuginfod.ubuntu.com /usr/bin/cmake --build /home/cao/ros2ws/build/hapthexa_msgs -- -j4 -l4
[0.150s] [  1%] Built target hapthexa_msgs__rosidl_generator_type_description
[0.222s] [  1%] Built target ament_cmake_python_copy_hapthexa_msgs
[0.283s] [ 27%] Built target hapthexa_msgs__rosidl_generator_c
[0.851s] running egg_info
[0.880s] writing hapthexa_msgs.egg-info/PKG-INFO
[0.880s] writing dependency_links to hapthexa_msgs.egg-info/dependency_links.txt
[0.881s] writing top-level names to hapthexa_msgs.egg-info/top_level.txt
[1.024s] reading manifest file 'hapthexa_msgs.egg-info/SOURCES.txt'
[1.027s] writing manifest file 'hapthexa_msgs.egg-info/SOURCES.txt'
[1.174s] [ 27%] Built target ament_cmake_python_build_hapthexa_msgs_egg
[1.253s] [ 36%] Built target hapthexa_msgs__rosidl_typesupport_introspection_c
[1.346s] [ 46%] Built target hapthexa_msgs__rosidl_typesupport_c
[1.403s] [ 56%] Built target hapthexa_msgs__rosidl_typesupport_fastrtps_c
[1.445s] [ 56%] Built target hapthexa_msgs__cpp
[1.542s] [ 65%] Built target hapthexa_msgs__rosidl_typesupport_cpp
[1.632s] [ 75%] Built target hapthexa_msgs__rosidl_typesupport_introspection_cpp
[1.715s] [ 85%] Built target hapthexa_msgs__rosidl_typesupport_fastrtps_cpp
[1.754s] [ 85%] Built target hapthexa_msgs
[1.800s] [ 86%] Built target hapthexa_msgs__py
[1.902s] [ 95%] Built target hapthexa_msgs__rosidl_generator_py
[1.949s] [ 96%] Built target hapthexa_msgs_s__rosidl_typesupport_fastrtps_c
[2.008s] [ 98%] Built target hapthexa_msgs_s__rosidl_typesupport_c
[2.096s] [100%] Built target hapthexa_msgs_s__rosidl_typesupport_introspection_c
[2.129s] Invoked command in '/home/cao/ros2ws/build/hapthexa_msgs' returned '0': CMAKE_PREFIX_PATH=${CMAKE_PREFIX_PATH}:/opt/ros/jazzy DEBUGINFOD_URLS=https://debuginfod.ubuntu.com /usr/bin/cmake --build /home/cao/ros2ws/build/hapthexa_msgs -- -j4 -l4
[2.930s] Invoking command in '/home/cao/ros2ws/build/hapthexa_msgs': CMAKE_PREFIX_PATH=${CMAKE_PREFIX_PATH}:/opt/ros/jazzy DEBUGINFOD_URLS=https://debuginfod.ubuntu.com /usr/bin/cmake --install /home/cao/ros2ws/build/hapthexa_msgs
[2.964s] -- Install configuration: ""
[2.965s] -- Up-to-date: /home/cao/ros2ws/install/hapthexa_msgs/share/ament_index/resource_index/rosidl_interfaces/hapthexa_msgs
[2.965s] -- Up-to-date: /home/cao/ros2ws/install/hapthexa_msgs/share/hapthexa_msgs/action/MoveLeg.json
[2.965s] -- Up-to-date: /home/cao/ros2ws/install/hapthexa_msgs/share/hapthexa_msgs/action/MoveLegArgs.json
[2.965s] -- Up-to-date: /home/cao/ros2ws/install/hapthexa_msgs/share/hapthexa_msgs/action/Gait.json
[2.966s] -- Up-to-date: /home/cao/ros2ws/install/hapthexa_msgs/share/hapthexa_msgs/action/Empty.json
[2.966s] -- Up-to-date: /home/cao/ros2ws/install/hapthexa_msgs/share/hapthexa_msgs/msg/Attitude.json
[2.966s] -- Up-to-date: /home/cao/ros2ws/install/hapthexa_msgs/share/hapthexa_msgs/msg/Empty.json
[2.966s] -- Up-to-date: /home/cao/ros2ws/install/hapthexa_msgs/share/hapthexa_msgs/msg/ForceSensor.json
[2.966s] -- Up-to-date: /home/cao/ros2ws/install/hapthexa_msgs/share/hapthexa_msgs/msg/LegArgs.json
[2.967s] -- Up-to-date: /home/cao/ros2ws/install/hapthexa_msgs/share/hapthexa_msgs/msg/LegPosition.json
[2.972s] -- Up-to-date: /home/cao/ros2ws/install/hapthexa_msgs/share/hapthexa_msgs/srv/GetLegArgs.json
[2.972s] -- Up-to-date: /home/cao/ros2ws/install/hapthexa_msgs/share/hapthexa_msgs/srv/GetLegPosition.json
[2.972s] -- Up-to-date: /home/cao/ros2ws/install/hapthexa_msgs/include/hapthexa_msgs/hapthexa_msgs
[2.972s] -- Up-to-date: /home/cao/ros2ws/install/hapthexa_msgs/include/hapthexa_msgs/hapthexa_msgs/msg
[2.973s] -- Up-to-date: /home/cao/ros2ws/install/hapthexa_msgs/include/hapthexa_msgs/hapthexa_msgs/msg/attitude.h
[2.973s] -- Up-to-date: /home/cao/ros2ws/install/hapthexa_msgs/include/hapthexa_msgs/hapthexa_msgs/msg/empty.h
[2.973s] -- Up-to-date: /home/cao/ros2ws/install/hapthexa_msgs/include/hapthexa_msgs/hapthexa_msgs/msg/leg_position.h
[2.973s] -- Up-to-date: /home/cao/ros2ws/install/hapthexa_msgs/include/hapthexa_msgs/hapthexa_msgs/msg/leg_args.h
[2.974s] -- Up-to-date: /home/cao/ros2ws/install/hapthexa_msgs/include/hapthexa_msgs/hapthexa_msgs/msg/detail
[2.975s] -- Up-to-date: /home/cao/ros2ws/install/hapthexa_msgs/include/hapthexa_msgs/hapthexa_msgs/msg/detail/attitude__functions.c
[2.975s] -- Up-to-date: /home/cao/ros2ws/install/hapthexa_msgs/include/hapthexa_msgs/hapthexa_msgs/msg/detail/empty__description.c
[2.976s] -- Up-to-date: /home/cao/ros2ws/install/hapthexa_msgs/include/hapthexa_msgs/hapthexa_msgs/msg/detail/leg_position__type_support.h
[2.976s] -- Up-to-date: /home/cao/ros2ws/install/hapthexa_msgs/include/hapthexa_msgs/hapthexa_msgs/msg/detail/attitude__type_support.h
[2.976s] -- Up-to-date: /home/cao/ros2ws/install/hapthexa_msgs/include/hapthexa_msgs/hapthexa_msgs/msg/detail/force_sensor__functions.h
[2.976s] -- Installing: /home/cao/ros2ws/install/hapthexa_msgs/include/hapthexa_msgs/hapthexa_msgs/msg/detail/leg_args__type_support.c
[2.976s] -- Up-to-date: /home/cao/ros2ws/install/hapthexa_msgs/include/hapthexa_msgs/hapthexa_msgs/msg/detail/empty__functions.c
[2.977s] -- Up-to-date: /home/cao/ros2ws/install/hapthexa_msgs/include/hapthexa_msgs/hapthexa_msgs/msg/detail/force_sensor__type_support.h
[2.977s] -- Up-to-date: /home/cao/ros2ws/install/hapthexa_msgs/include/hapthexa_msgs/hapthexa_msgs/msg/detail/force_sensor__struct.h
[2.977s] -- Up-to-date: /home/cao/ros2ws/install/hapthexa_msgs/include/hapthexa_msgs/hapthexa_msgs/msg/detail/empty__struct.h
[2.977s] -- Up-to-date: /home/cao/ros2ws/install/hapthexa_msgs/include/hapthexa_msgs/hapthexa_msgs/msg/detail/attitude__struct.h
[2.979s] -- Installing: /home/cao/ros2ws/install/hapthexa_msgs/include/hapthexa_msgs/hapthexa_msgs/msg/detail/empty__type_support.c
[2.980s] -- Up-to-date: /home/cao/ros2ws/install/hapthexa_msgs/include/hapthexa_msgs/hapthexa_msgs/msg/detail/leg_args__functions.c
[2.981s] -- Installing: /home/cao/ros2ws/install/hapthexa_msgs/include/hapthexa_msgs/hapthexa_msgs/msg/detail/force_sensor__type_support.c
[2.981s] -- Up-to-date: /home/cao/ros2ws/install/hapthexa_msgs/include/hapthexa_msgs/hapthexa_msgs/msg/detail/leg_args__struct.h
[2.982s] -- Up-to-date: /home/cao/ros2ws/install/hapthexa_msgs/include/hapthexa_msgs/hapthexa_msgs/msg/detail/attitude__description.c
[2.982s] -- Up-to-date: /home/cao/ros2ws/install/hapthexa_msgs/include/hapthexa_msgs/hapthexa_msgs/msg/detail/leg_position__struct.h
[2.982s] -- Up-to-date: /home/cao/ros2ws/install/hapthexa_msgs/include/hapthexa_msgs/hapthexa_msgs/msg/detail/empty__functions.h
[2.982s] -- Installing: /home/cao/ros2ws/install/hapthexa_msgs/include/hapthexa_msgs/hapthexa_msgs/msg/detail/leg_position__type_support.c
[2.982s] -- Up-to-date: /home/cao/ros2ws/install/hapthexa_msgs/include/hapthexa_msgs/hapthexa_msgs/msg/detail/leg_args__description.c
[2.983s] -- Up-to-date: /home/cao/ros2ws/install/hapthexa_msgs/include/hapthexa_msgs/hapthexa_msgs/msg/detail/leg_position__functions.c
[2.983s] -- Up-to-date: /home/cao/ros2ws/install/hapthexa_msgs/include/hapthexa_msgs/hapthexa_msgs/msg/detail/force_sensor__functions.c
[2.983s] -- Up-to-date: /home/cao/ros2ws/install/hapthexa_msgs/include/hapthexa_msgs/hapthexa_msgs/msg/detail/leg_position__description.c
[2.983s] -- Installing: /home/cao/ros2ws/install/hapthexa_msgs/include/hapthexa_msgs/hapthexa_msgs/msg/detail/attitude__type_support.c
[2.983s] -- Up-to-date: /home/cao/ros2ws/install/hapthexa_msgs/include/hapthexa_msgs/hapthexa_msgs/msg/detail/empty__type_support.h
[2.984s] -- Up-to-date: /home/cao/ros2ws/install/hapthexa_msgs/include/hapthexa_msgs/hapthexa_msgs/msg/detail/leg_position__functions.h
[2.984s] -- Up-to-date: /home/cao/ros2ws/install/hapthexa_msgs/include/hapthexa_msgs/hapthexa_msgs/msg/detail/attitude__functions.h
[2.985s] -- Up-to-date: /home/cao/ros2ws/install/hapthexa_msgs/include/hapthexa_msgs/hapthexa_msgs/msg/detail/leg_args__type_support.h
[2.986s] -- Up-to-date: /home/cao/ros2ws/install/hapthexa_msgs/include/hapthexa_msgs/hapthexa_msgs/msg/detail/force_sensor__description.c
[2.987s] -- Up-to-date: /home/cao/ros2ws/install/hapthexa_msgs/include/hapthexa_msgs/hapthexa_msgs/msg/detail/leg_args__functions.h
[2.987s] -- Up-to-date: /home/cao/ros2ws/install/hapthexa_msgs/include/hapthexa_msgs/hapthexa_msgs/msg/rosidl_generator_c__visibility_control.h
[2.987s] -- Up-to-date: /home/cao/ros2ws/install/hapthexa_msgs/include/hapthexa_msgs/hapthexa_msgs/msg/force_sensor.h
[2.988s] -- Up-to-date: /home/cao/ros2ws/install/hapthexa_msgs/include/hapthexa_msgs/hapthexa_msgs/srv
[2.988s] -- Up-to-date: /home/cao/ros2ws/install/hapthexa_msgs/include/hapthexa_msgs/hapthexa_msgs/srv/get_leg_position.h
[2.988s] -- Up-to-date: /home/cao/ros2ws/install/hapthexa_msgs/include/hapthexa_msgs/hapthexa_msgs/srv/detail
[2.989s] -- Up-to-date: /home/cao/ros2ws/install/hapthexa_msgs/include/hapthexa_msgs/hapthexa_msgs/srv/detail/get_leg_args__struct.h
[2.989s] -- Installing: /home/cao/ros2ws/install/hapthexa_msgs/include/hapthexa_msgs/hapthexa_msgs/srv/detail/get_leg_position__type_support.c
[2.989s] -- Up-to-date: /home/cao/ros2ws/install/hapthexa_msgs/include/hapthexa_msgs/hapthexa_msgs/srv/detail/get_leg_args__description.c
[2.990s] -- Up-to-date: /home/cao/ros2ws/install/hapthexa_msgs/include/hapthexa_msgs/hapthexa_msgs/srv/detail/get_leg_position__type_support.h
[2.990s] -- Up-to-date: /home/cao/ros2ws/install/hapthexa_msgs/include/hapthexa_msgs/hapthexa_msgs/srv/detail/get_leg_args__functions.h
[2.991s] -- Up-to-date: /home/cao/ros2ws/install/hapthexa_msgs/include/hapthexa_msgs/hapthexa_msgs/srv/detail/get_leg_position__functions.h
[2.991s] -- Up-to-date: /home/cao/ros2ws/install/hapthexa_msgs/include/hapthexa_msgs/hapthexa_msgs/srv/detail/get_leg_position__description.c
[2.992s] -- Installing: /home/cao/ros2ws/install/hapthexa_msgs/include/hapthexa_msgs/hapthexa_msgs/srv/detail/get_leg_args__type_support.c
[2.992s] -- Up-to-date: /home/cao/ros2ws/install/hapthexa_msgs/include/hapthexa_msgs/hapthexa_msgs/srv/detail/get_leg_position__struct.h
[2.992s] -- Up-to-date: /home/cao/ros2ws/install/hapthexa_msgs/include/hapthexa_msgs/hapthexa_msgs/srv/detail/get_leg_position__functions.c
[2.995s] -- Up-to-date: /home/cao/ros2ws/install/hapthexa_msgs/include/hapthexa_msgs/hapthexa_msgs/srv/detail/get_leg_args__functions.c
[2.997s] -- Up-to-date: /home/cao/ros2ws/install/hapthexa_msgs/include/hapthexa_msgs/hapthexa_msgs/srv/detail/get_leg_args__type_support.h
[2.997s] -- Up-to-date: /home/cao/ros2ws/install/hapthexa_msgs/include/hapthexa_msgs/hapthexa_msgs/srv/get_leg_args.h
[2.998s] -- Up-to-date: /home/cao/ros2ws/install/hapthexa_msgs/include/hapthexa_msgs/hapthexa_msgs/action
[2.998s] -- Up-to-date: /home/cao/ros2ws/install/hapthexa_msgs/include/hapthexa_msgs/hapthexa_msgs/action/move_leg_args.h
[2.999s] -- Up-to-date: /home/cao/ros2ws/install/hapthexa_msgs/include/hapthexa_msgs/hapthexa_msgs/action/empty.h
[2.999s] -- Up-to-date: /home/cao/ros2ws/install/hapthexa_msgs/include/hapthexa_msgs/hapthexa_msgs/action/gait.h
[2.999s] -- Up-to-date: /home/cao/ros2ws/install/hapthexa_msgs/include/hapthexa_msgs/hapthexa_msgs/action/detail
[2.999s] -- Up-to-date: /home/cao/ros2ws/install/hapthexa_msgs/include/hapthexa_msgs/hapthexa_msgs/action/detail/move_leg__functions.c
[3.000s] -- Up-to-date: /home/cao/ros2ws/install/hapthexa_msgs/include/hapthexa_msgs/hapthexa_msgs/action/detail/move_leg__struct.h
[3.000s] -- Up-to-date: /home/cao/ros2ws/install/hapthexa_msgs/include/hapthexa_msgs/hapthexa_msgs/action/detail/empty__description.c
[3.000s] -- Up-to-date: /home/cao/ros2ws/install/hapthexa_msgs/include/hapthexa_msgs/hapthexa_msgs/action/detail/gait__type_support.h
[3.000s] -- Installing: /home/cao/ros2ws/install/hapthexa_msgs/include/hapthexa_msgs/hapthexa_msgs/action/detail/move_leg_args__type_support.c
[3.001s] -- Up-to-date: /home/cao/ros2ws/install/hapthexa_msgs/include/hapthexa_msgs/hapthexa_msgs/action/detail/move_leg_args__functions.c
[3.002s] -- Up-to-date: /home/cao/ros2ws/install/hapthexa_msgs/include/hapthexa_msgs/hapthexa_msgs/action/detail/gait__struct.h
[3.003s] -- Up-to-date: /home/cao/ros2ws/install/hapthexa_msgs/include/hapthexa_msgs/hapthexa_msgs/action/detail/gait__functions.c
[3.003s] -- Up-to-date: /home/cao/ros2ws/install/hapthexa_msgs/include/hapthexa_msgs/hapthexa_msgs/action/detail/empty__functions.c
[3.003s] -- Up-to-date: /home/cao/ros2ws/install/hapthexa_msgs/include/hapthexa_msgs/hapthexa_msgs/action/detail/empty__struct.h
[3.004s] -- Installing: /home/cao/ros2ws/install/hapthexa_msgs/include/hapthexa_msgs/hapthexa_msgs/action/detail/empty__type_support.c
[3.004s] -- Up-to-date: /home/cao/ros2ws/install/hapthexa_msgs/include/hapthexa_msgs/hapthexa_msgs/action/detail/move_leg_args__type_support.h
[3.005s] -- Up-to-date: /home/cao/ros2ws/install/hapthexa_msgs/include/hapthexa_msgs/hapthexa_msgs/action/detail/move_leg_args__description.c
[3.005s] -- Up-to-date: /home/cao/ros2ws/install/hapthexa_msgs/include/hapthexa_msgs/hapthexa_msgs/action/detail/move_leg_args__struct.h
[3.005s] -- Up-to-date: /home/cao/ros2ws/install/hapthexa_msgs/include/hapthexa_msgs/hapthexa_msgs/action/detail/move_leg_args__functions.h
[3.005s] -- Up-to-date: /home/cao/ros2ws/install/hapthexa_msgs/include/hapthexa_msgs/hapthexa_msgs/action/detail/move_leg__type_support.h
[3.006s] -- Up-to-date: /home/cao/ros2ws/install/hapthexa_msgs/include/hapthexa_msgs/hapthexa_msgs/action/detail/move_leg__description.c
[3.006s] -- Installing: /home/cao/ros2ws/install/hapthexa_msgs/include/hapthexa_msgs/hapthexa_msgs/action/detail/move_leg__type_support.c
[3.006s] -- Up-to-date: /home/cao/ros2ws/install/hapthexa_msgs/include/hapthexa_msgs/hapthexa_msgs/action/detail/empty__functions.h
[3.006s] -- Up-to-date: /home/cao/ros2ws/install/hapthexa_msgs/include/hapthexa_msgs/hapthexa_msgs/action/detail/move_leg__functions.h
[3.007s] -- Up-to-date: /home/cao/ros2ws/install/hapthexa_msgs/include/hapthexa_msgs/hapthexa_msgs/action/detail/empty__type_support.h
[3.007s] -- Installing: /home/cao/ros2ws/install/hapthexa_msgs/include/hapthexa_msgs/hapthexa_msgs/action/detail/gait__type_support.c
[3.008s] -- Up-to-date: /home/cao/ros2ws/install/hapthexa_msgs/include/hapthexa_msgs/hapthexa_msgs/action/detail/gait__description.c
[3.008s] -- Up-to-date: /home/cao/ros2ws/install/hapthexa_msgs/include/hapthexa_msgs/hapthexa_msgs/action/detail/gait__functions.h
[3.008s] -- Up-to-date: /home/cao/ros2ws/install/hapthexa_msgs/include/hapthexa_msgs/hapthexa_msgs/action/move_leg.h
[3.009s] -- Up-to-date: /home/cao/ros2ws/install/hapthexa_msgs/share/hapthexa_msgs/environment/library_path.sh
[3.009s] -- Up-to-date: /home/cao/ros2ws/install/hapthexa_msgs/share/hapthexa_msgs/environment/library_path.dsv
[3.009s] -- Up-to-date: /home/cao/ros2ws/install/hapthexa_msgs/lib/libhapthexa_msgs__rosidl_generator_c.so
[3.010s] -- Up-to-date: /home/cao/ros2ws/install/hapthexa_msgs/include/hapthexa_msgs/hapthexa_msgs
[3.010s] -- Up-to-date: /home/cao/ros2ws/install/hapthexa_msgs/include/hapthexa_msgs/hapthexa_msgs/msg
[3.011s] -- Up-to-date: /home/cao/ros2ws/install/hapthexa_msgs/include/hapthexa_msgs/hapthexa_msgs/msg/rosidl_typesupport_fastrtps_c__visibility_control.h
[3.012s] -- Up-to-date: /home/cao/ros2ws/install/hapthexa_msgs/include/hapthexa_msgs/hapthexa_msgs/msg/detail
[3.012s] -- Up-to-date: /home/cao/ros2ws/install/hapthexa_msgs/include/hapthexa_msgs/hapthexa_msgs/msg/detail/empty__rosidl_typesupport_fastrtps_c.h
[3.013s] -- Up-to-date: /home/cao/ros2ws/install/hapthexa_msgs/include/hapthexa_msgs/hapthexa_msgs/msg/detail/leg_position__rosidl_typesupport_fastrtps_c.h
[3.013s] -- Up-to-date: /home/cao/ros2ws/install/hapthexa_msgs/include/hapthexa_msgs/hapthexa_msgs/msg/detail/force_sensor__rosidl_typesupport_fastrtps_c.h
[3.013s] -- Up-to-date: /home/cao/ros2ws/install/hapthexa_msgs/include/hapthexa_msgs/hapthexa_msgs/msg/detail/attitude__rosidl_typesupport_fastrtps_c.h
[3.013s] -- Up-to-date: /home/cao/ros2ws/install/hapthexa_msgs/include/hapthexa_msgs/hapthexa_msgs/msg/detail/leg_args__rosidl_typesupport_fastrtps_c.h
[3.013s] -- Up-to-date: /home/cao/ros2ws/install/hapthexa_msgs/include/hapthexa_msgs/hapthexa_msgs/srv
[3.013s] -- Up-to-date: /home/cao/ros2ws/install/hapthexa_msgs/include/hapthexa_msgs/hapthexa_msgs/srv/detail
[3.013s] -- Up-to-date: /home/cao/ros2ws/install/hapthexa_msgs/include/hapthexa_msgs/hapthexa_msgs/srv/detail/get_leg_position__rosidl_typesupport_fastrtps_c.h
[3.014s] -- Up-to-date: /home/cao/ros2ws/install/hapthexa_msgs/include/hapthexa_msgs/hapthexa_msgs/srv/detail/get_leg_args__rosidl_typesupport_fastrtps_c.h
[3.014s] -- Up-to-date: /home/cao/ros2ws/install/hapthexa_msgs/include/hapthexa_msgs/hapthexa_msgs/action
[3.014s] -- Up-to-date: /home/cao/ros2ws/install/hapthexa_msgs/include/hapthexa_msgs/hapthexa_msgs/action/detail
[3.014s] -- Up-to-date: /home/cao/ros2ws/install/hapthexa_msgs/include/hapthexa_msgs/hapthexa_msgs/action/detail/empty__rosidl_typesupport_fastrtps_c.h
[3.014s] -- Up-to-date: /home/cao/ros2ws/install/hapthexa_msgs/include/hapthexa_msgs/hapthexa_msgs/action/detail/move_leg_args__rosidl_typesupport_fastrtps_c.h
[3.014s] -- Up-to-date: /home/cao/ros2ws/install/hapthexa_msgs/include/hapthexa_msgs/hapthexa_msgs/action/detail/move_leg__rosidl_typesupport_fastrtps_c.h
[3.014s] -- Up-to-date: /home/cao/ros2ws/install/hapthexa_msgs/include/hapthexa_msgs/hapthexa_msgs/action/detail/gait__rosidl_typesupport_fastrtps_c.h
[3.014s] -- Up-to-date: /home/cao/ros2ws/install/hapthexa_msgs/lib/libhapthexa_msgs__rosidl_typesupport_fastrtps_c.so
[3.014s] -- Up-to-date: /home/cao/ros2ws/install/hapthexa_msgs/include/hapthexa_msgs/hapthexa_msgs
[3.014s] -- Up-to-date: /home/cao/ros2ws/install/hapthexa_msgs/include/hapthexa_msgs/hapthexa_msgs/msg
[3.015s] -- Up-to-date: /home/cao/ros2ws/install/hapthexa_msgs/include/hapthexa_msgs/hapthexa_msgs/msg/force_sensor.hpp
[3.015s] -- Up-to-date: /home/cao/ros2ws/install/hapthexa_msgs/include/hapthexa_msgs/hapthexa_msgs/msg/rosidl_generator_cpp__visibility_control.hpp
[3.015s] -- Up-to-date: /home/cao/ros2ws/install/hapthexa_msgs/include/hapthexa_msgs/hapthexa_msgs/msg/detail
[3.015s] -- Up-to-date: /home/cao/ros2ws/install/hapthexa_msgs/include/hapthexa_msgs/hapthexa_msgs/msg/detail/force_sensor__builder.hpp
[3.015s] -- Up-to-date: /home/cao/ros2ws/install/hapthexa_msgs/include/hapthexa_msgs/hapthexa_msgs/msg/detail/leg_args__traits.hpp
[3.015s] -- Up-to-date: /home/cao/ros2ws/install/hapthexa_msgs/include/hapthexa_msgs/hapthexa_msgs/msg/detail/attitude__traits.hpp
[3.015s] -- Up-to-date: /home/cao/ros2ws/install/hapthexa_msgs/include/hapthexa_msgs/hapthexa_msgs/msg/detail/empty__type_support.hpp
[3.016s] -- Up-to-date: /home/cao/ros2ws/install/hapthexa_msgs/include/hapthexa_msgs/hapthexa_msgs/msg/detail/attitude__builder.hpp
[3.016s] -- Up-to-date: /home/cao/ros2ws/install/hapthexa_msgs/include/hapthexa_msgs/hapthexa_msgs/msg/detail/leg_position__builder.hpp
[3.016s] -- Up-to-date: /home/cao/ros2ws/install/hapthexa_msgs/include/hapthexa_msgs/hapthexa_msgs/msg/detail/leg_args__type_support.hpp
[3.016s] -- Up-to-date: /home/cao/ros2ws/install/hapthexa_msgs/include/hapthexa_msgs/hapthexa_msgs/msg/detail/force_sensor__type_support.hpp
[3.016s] -- Up-to-date: /home/cao/ros2ws/install/hapthexa_msgs/include/hapthexa_msgs/hapthexa_msgs/msg/detail/attitude__struct.hpp
[3.016s] -- Up-to-date: /home/cao/ros2ws/install/hapthexa_msgs/include/hapthexa_msgs/hapthexa_msgs/msg/detail/empty__builder.hpp
[3.016s] -- Up-to-date: /home/cao/ros2ws/install/hapthexa_msgs/include/hapthexa_msgs/hapthexa_msgs/msg/detail/empty__struct.hpp
[3.016s] -- Up-to-date: /home/cao/ros2ws/install/hapthexa_msgs/include/hapthexa_msgs/hapthexa_msgs/msg/detail/empty__traits.hpp
[3.016s] -- Up-to-date: /home/cao/ros2ws/install/hapthexa_msgs/include/hapthexa_msgs/hapthexa_msgs/msg/detail/leg_args__builder.hpp
[3.016s] -- Up-to-date: /home/cao/ros2ws/install/hapthexa_msgs/include/hapthexa_msgs/hapthexa_msgs/msg/detail/force_sensor__struct.hpp
[3.017s] -- Up-to-date: /home/cao/ros2ws/install/hapthexa_msgs/include/hapthexa_msgs/hapthexa_msgs/msg/detail/attitude__type_support.hpp
[3.017s] -- Up-to-date: /home/cao/ros2ws/install/hapthexa_msgs/include/hapthexa_msgs/hapthexa_msgs/msg/detail/leg_position__traits.hpp
[3.017s] -- Up-to-date: /home/cao/ros2ws/install/hapthexa_msgs/include/hapthexa_msgs/hapthexa_msgs/msg/detail/leg_position__struct.hpp
[3.017s] -- Up-to-date: /home/cao/ros2ws/install/hapthexa_msgs/include/hapthexa_msgs/hapthexa_msgs/msg/detail/leg_args__struct.hpp
[3.017s] -- Up-to-date: /home/cao/ros2ws/install/hapthexa_msgs/include/hapthexa_msgs/hapthexa_msgs/msg/detail/leg_position__type_support.hpp
[3.017s] -- Up-to-date: /home/cao/ros2ws/install/hapthexa_msgs/include/hapthexa_msgs/hapthexa_msgs/msg/detail/force_sensor__traits.hpp
[3.017s] -- Up-to-date: /home/cao/ros2ws/install/hapthexa_msgs/include/hapthexa_msgs/hapthexa_msgs/msg/leg_position.hpp
[3.017s] -- Up-to-date: /home/cao/ros2ws/install/hapthexa_msgs/include/hapthexa_msgs/hapthexa_msgs/msg/leg_args.hpp
[3.018s] -- Up-to-date: /home/cao/ros2ws/install/hapthexa_msgs/include/hapthexa_msgs/hapthexa_msgs/msg/attitude.hpp
[3.018s] -- Up-to-date: /home/cao/ros2ws/install/hapthexa_msgs/include/hapthexa_msgs/hapthexa_msgs/msg/empty.hpp
[3.018s] -- Up-to-date: /home/cao/ros2ws/install/hapthexa_msgs/include/hapthexa_msgs/hapthexa_msgs/srv
[3.018s] -- Up-to-date: /home/cao/ros2ws/install/hapthexa_msgs/include/hapthexa_msgs/hapthexa_msgs/srv/get_leg_position.hpp
[3.018s] -- Up-to-date: /home/cao/ros2ws/install/hapthexa_msgs/include/hapthexa_msgs/hapthexa_msgs/srv/detail
[3.018s] -- Up-to-date: /home/cao/ros2ws/install/hapthexa_msgs/include/hapthexa_msgs/hapthexa_msgs/srv/detail/get_leg_args__traits.hpp
[3.018s] -- Up-to-date: /home/cao/ros2ws/install/hapthexa_msgs/include/hapthexa_msgs/hapthexa_msgs/srv/detail/get_leg_position__builder.hpp
[3.018s] -- Up-to-date: /home/cao/ros2ws/install/hapthexa_msgs/include/hapthexa_msgs/hapthexa_msgs/srv/detail/get_leg_args__type_support.hpp
[3.019s] -- Up-to-date: /home/cao/ros2ws/install/hapthexa_msgs/include/hapthexa_msgs/hapthexa_msgs/srv/detail/get_leg_position__traits.hpp
[3.019s] -- Up-to-date: /home/cao/ros2ws/install/hapthexa_msgs/include/hapthexa_msgs/hapthexa_msgs/srv/detail/get_leg_args__struct.hpp
[3.019s] -- Up-to-date: /home/cao/ros2ws/install/hapthexa_msgs/include/hapthexa_msgs/hapthexa_msgs/srv/detail/get_leg_args__builder.hpp
[3.019s] -- Up-to-date: /home/cao/ros2ws/install/hapthexa_msgs/include/hapthexa_msgs/hapthexa_msgs/srv/detail/get_leg_position__struct.hpp
[3.019s] -- Up-to-date: /home/cao/ros2ws/install/hapthexa_msgs/include/hapthexa_msgs/hapthexa_msgs/srv/detail/get_leg_position__type_support.hpp
[3.019s] -- Up-to-date: /home/cao/ros2ws/install/hapthexa_msgs/include/hapthexa_msgs/hapthexa_msgs/srv/get_leg_args.hpp
[3.019s] -- Up-to-date: /home/cao/ros2ws/install/hapthexa_msgs/include/hapthexa_msgs/hapthexa_msgs/action
[3.019s] -- Up-to-date: /home/cao/ros2ws/install/hapthexa_msgs/include/hapthexa_msgs/hapthexa_msgs/action/move_leg_args.hpp
[3.020s] -- Up-to-date: /home/cao/ros2ws/install/hapthexa_msgs/include/hapthexa_msgs/hapthexa_msgs/action/detail
[3.020s] -- Up-to-date: /home/cao/ros2ws/install/hapthexa_msgs/include/hapthexa_msgs/hapthexa_msgs/action/detail/gait__struct.hpp
[3.020s] -- Up-to-date: /home/cao/ros2ws/install/hapthexa_msgs/include/hapthexa_msgs/hapthexa_msgs/action/detail/move_leg__builder.hpp
[3.020s] -- Up-to-date: /home/cao/ros2ws/install/hapthexa_msgs/include/hapthexa_msgs/hapthexa_msgs/action/detail/empty__type_support.hpp
[3.020s] -- Up-to-date: /home/cao/ros2ws/install/hapthexa_msgs/include/hapthexa_msgs/hapthexa_msgs/action/detail/gait__traits.hpp
[3.021s] -- Up-to-date: /home/cao/ros2ws/install/hapthexa_msgs/include/hapthexa_msgs/hapthexa_msgs/action/detail/empty__builder.hpp
[3.021s] -- Up-to-date: /home/cao/ros2ws/install/hapthexa_msgs/include/hapthexa_msgs/hapthexa_msgs/action/detail/empty__struct.hpp
[3.021s] -- Up-to-date: /home/cao/ros2ws/install/hapthexa_msgs/include/hapthexa_msgs/hapthexa_msgs/action/detail/move_leg_args__struct.hpp
[3.021s] -- Up-to-date: /home/cao/ros2ws/install/hapthexa_msgs/include/hapthexa_msgs/hapthexa_msgs/action/detail/empty__traits.hpp
[3.021s] -- Up-to-date: /home/cao/ros2ws/install/hapthexa_msgs/include/hapthexa_msgs/hapthexa_msgs/action/detail/move_leg_args__type_support.hpp
[3.021s] -- Up-to-date: /home/cao/ros2ws/install/hapthexa_msgs/include/hapthexa_msgs/hapthexa_msgs/action/detail/gait__type_support.hpp
[3.022s] -- Up-to-date: /home/cao/ros2ws/install/hapthexa_msgs/include/hapthexa_msgs/hapthexa_msgs/action/detail/move_leg_args__builder.hpp
[3.022s] -- Up-to-date: /home/cao/ros2ws/install/hapthexa_msgs/include/hapthexa_msgs/hapthexa_msgs/action/detail/move_leg__struct.hpp
[3.023s] -- Up-to-date: /home/cao/ros2ws/install/hapthexa_msgs/include/hapthexa_msgs/hapthexa_msgs/action/detail/gait__builder.hpp
[3.023s] -- Up-to-date: /home/cao/ros2ws/install/hapthexa_msgs/include/hapthexa_msgs/hapthexa_msgs/action/detail/move_leg__type_support.hpp
[3.023s] -- Up-to-date: /home/cao/ros2ws/install/hapthexa_msgs/include/hapthexa_msgs/hapthexa_msgs/action/detail/move_leg__traits.hpp
[3.023s] -- Up-to-date: /home/cao/ros2ws/install/hapthexa_msgs/include/hapthexa_msgs/hapthexa_msgs/action/detail/move_leg_args__traits.hpp
[3.023s] -- Up-to-date: /home/cao/ros2ws/install/hapthexa_msgs/include/hapthexa_msgs/hapthexa_msgs/action/gait.hpp
[3.023s] -- Up-to-date: /home/cao/ros2ws/install/hapthexa_msgs/include/hapthexa_msgs/hapthexa_msgs/action/move_leg.hpp
[3.023s] -- Up-to-date: /home/cao/ros2ws/install/hapthexa_msgs/include/hapthexa_msgs/hapthexa_msgs/action/empty.hpp
[3.023s] -- Up-to-date: /home/cao/ros2ws/install/hapthexa_msgs/include/hapthexa_msgs/hapthexa_msgs
[3.024s] -- Up-to-date: /home/cao/ros2ws/install/hapthexa_msgs/include/hapthexa_msgs/hapthexa_msgs/msg
[3.024s] -- Up-to-date: /home/cao/ros2ws/install/hapthexa_msgs/include/hapthexa_msgs/hapthexa_msgs/msg/rosidl_typesupport_fastrtps_cpp__visibility_control.h
[3.024s] -- Up-to-date: /home/cao/ros2ws/install/hapthexa_msgs/include/hapthexa_msgs/hapthexa_msgs/msg/detail
[3.024s] -- Up-to-date: /home/cao/ros2ws/install/hapthexa_msgs/include/hapthexa_msgs/hapthexa_msgs/msg/detail/attitude__rosidl_typesupport_fastrtps_cpp.hpp
[3.024s] -- Up-to-date: /home/cao/ros2ws/install/hapthexa_msgs/include/hapthexa_msgs/hapthexa_msgs/msg/detail/empty__rosidl_typesupport_fastrtps_cpp.hpp
[3.024s] -- Up-to-date: /home/cao/ros2ws/install/hapthexa_msgs/include/hapthexa_msgs/hapthexa_msgs/msg/detail/force_sensor__rosidl_typesupport_fastrtps_cpp.hpp
[3.024s] -- Up-to-date: /home/cao/ros2ws/install/hapthexa_msgs/include/hapthexa_msgs/hapthexa_msgs/msg/detail/leg_position__rosidl_typesupport_fastrtps_cpp.hpp
[3.024s] -- Up-to-date: /home/cao/ros2ws/install/hapthexa_msgs/include/hapthexa_msgs/hapthexa_msgs/msg/detail/dds_fastrtps
[3.024s] -- Up-to-date: /home/cao/ros2ws/install/hapthexa_msgs/include/hapthexa_msgs/hapthexa_msgs/msg/detail/leg_args__rosidl_typesupport_fastrtps_cpp.hpp
[3.024s] -- Up-to-date: /home/cao/ros2ws/install/hapthexa_msgs/include/hapthexa_msgs/hapthexa_msgs/srv
[3.025s] -- Up-to-date: /home/cao/ros2ws/install/hapthexa_msgs/include/hapthexa_msgs/hapthexa_msgs/srv/detail
[3.025s] -- Up-to-date: /home/cao/ros2ws/install/hapthexa_msgs/include/hapthexa_msgs/hapthexa_msgs/srv/detail/get_leg_position__rosidl_typesupport_fastrtps_cpp.hpp
[3.025s] -- Up-to-date: /home/cao/ros2ws/install/hapthexa_msgs/include/hapthexa_msgs/hapthexa_msgs/srv/detail/get_leg_args__rosidl_typesupport_fastrtps_cpp.hpp
[3.025s] -- Up-to-date: /home/cao/ros2ws/install/hapthexa_msgs/include/hapthexa_msgs/hapthexa_msgs/srv/detail/dds_fastrtps
[3.025s] -- Up-to-date: /home/cao/ros2ws/install/hapthexa_msgs/include/hapthexa_msgs/hapthexa_msgs/action
[3.025s] -- Up-to-date: /home/cao/ros2ws/install/hapthexa_msgs/include/hapthexa_msgs/hapthexa_msgs/action/detail
[3.025s] -- Up-to-date: /home/cao/ros2ws/install/hapthexa_msgs/include/hapthexa_msgs/hapthexa_msgs/action/detail/empty__rosidl_typesupport_fastrtps_cpp.hpp
[3.025s] -- Up-to-date: /home/cao/ros2ws/install/hapthexa_msgs/include/hapthexa_msgs/hapthexa_msgs/action/detail/dds_fastrtps
[3.025s] -- Up-to-date: /home/cao/ros2ws/install/hapthexa_msgs/include/hapthexa_msgs/hapthexa_msgs/action/detail/move_leg_args__rosidl_typesupport_fastrtps_cpp.hpp
[3.025s] -- Up-to-date: /home/cao/ros2ws/install/hapthexa_msgs/include/hapthexa_msgs/hapthexa_msgs/action/detail/gait__rosidl_typesupport_fastrtps_cpp.hpp
[3.025s] -- Up-to-date: /home/cao/ros2ws/install/hapthexa_msgs/include/hapthexa_msgs/hapthexa_msgs/action/detail/move_leg__rosidl_typesupport_fastrtps_cpp.hpp
[3.026s] -- Up-to-date: /home/cao/ros2ws/install/hapthexa_msgs/lib/libhapthexa_msgs__rosidl_typesupport_fastrtps_cpp.so
[3.026s] -- Up-to-date: /home/cao/ros2ws/install/hapthexa_msgs/include/hapthexa_msgs/hapthexa_msgs
[3.026s] -- Up-to-date: /home/cao/ros2ws/install/hapthexa_msgs/include/hapthexa_msgs/hapthexa_msgs/msg
[3.026s] -- Up-to-date: /home/cao/ros2ws/install/hapthexa_msgs/include/hapthexa_msgs/hapthexa_msgs/msg/rosidl_typesupport_introspection_c__visibility_control.h
[3.026s] -- Up-to-date: /home/cao/ros2ws/install/hapthexa_msgs/include/hapthexa_msgs/hapthexa_msgs/msg/detail
[3.026s] -- Installing: /home/cao/ros2ws/install/hapthexa_msgs/include/hapthexa_msgs/hapthexa_msgs/msg/detail/leg_args__type_support.c
[3.026s] -- Up-to-date: /home/cao/ros2ws/install/hapthexa_msgs/include/hapthexa_msgs/hapthexa_msgs/msg/detail/attitude__rosidl_typesupport_introspection_c.h
[3.026s] -- Installing: /home/cao/ros2ws/install/hapthexa_msgs/include/hapthexa_msgs/hapthexa_msgs/msg/detail/empty__type_support.c
[3.026s] -- Installing: /home/cao/ros2ws/install/hapthexa_msgs/include/hapthexa_msgs/hapthexa_msgs/msg/detail/force_sensor__type_support.c
[3.026s] -- Installing: /home/cao/ros2ws/install/hapthexa_msgs/include/hapthexa_msgs/hapthexa_msgs/msg/detail/leg_position__type_support.c
[3.027s] -- Up-to-date: /home/cao/ros2ws/install/hapthexa_msgs/include/hapthexa_msgs/hapthexa_msgs/msg/detail/force_sensor__rosidl_typesupport_introspection_c.h
[3.027s] -- Installing: /home/cao/ros2ws/install/hapthexa_msgs/include/hapthexa_msgs/hapthexa_msgs/msg/detail/attitude__type_support.c
[3.027s] -- Up-to-date: /home/cao/ros2ws/install/hapthexa_msgs/include/hapthexa_msgs/hapthexa_msgs/msg/detail/empty__rosidl_typesupport_introspection_c.h
[3.027s] -- Up-to-date: /home/cao/ros2ws/install/hapthexa_msgs/include/hapthexa_msgs/hapthexa_msgs/msg/detail/leg_position__rosidl_typesupport_introspection_c.h
[3.027s] -- Up-to-date: /home/cao/ros2ws/install/hapthexa_msgs/include/hapthexa_msgs/hapthexa_msgs/msg/detail/leg_args__rosidl_typesupport_introspection_c.h
[3.027s] -- Up-to-date: /home/cao/ros2ws/install/hapthexa_msgs/include/hapthexa_msgs/hapthexa_msgs/srv
[3.027s] -- Up-to-date: /home/cao/ros2ws/install/hapthexa_msgs/include/hapthexa_msgs/hapthexa_msgs/srv/detail
[3.027s] -- Installing: /home/cao/ros2ws/install/hapthexa_msgs/include/hapthexa_msgs/hapthexa_msgs/srv/detail/get_leg_position__type_support.c
[3.027s] -- Up-to-date: /home/cao/ros2ws/install/hapthexa_msgs/include/hapthexa_msgs/hapthexa_msgs/srv/detail/get_leg_position__rosidl_typesupport_introspection_c.h
[3.027s] -- Up-to-date: /home/cao/ros2ws/install/hapthexa_msgs/include/hapthexa_msgs/hapthexa_msgs/srv/detail/get_leg_args__rosidl_typesupport_introspection_c.h
[3.028s] -- Installing: /home/cao/ros2ws/install/hapthexa_msgs/include/hapthexa_msgs/hapthexa_msgs/srv/detail/get_leg_args__type_support.c
[3.028s] -- Up-to-date: /home/cao/ros2ws/install/hapthexa_msgs/include/hapthexa_msgs/hapthexa_msgs/action
[3.028s] -- Up-to-date: /home/cao/ros2ws/install/hapthexa_msgs/include/hapthexa_msgs/hapthexa_msgs/action/detail
[3.028s] -- Up-to-date: /home/cao/ros2ws/install/hapthexa_msgs/include/hapthexa_msgs/hapthexa_msgs/action/detail/gait__rosidl_typesupport_introspection_c.h
[3.028s] -- Up-to-date: /home/cao/ros2ws/install/hapthexa_msgs/include/hapthexa_msgs/hapthexa_msgs/action/detail/move_leg__rosidl_typesupport_introspection_c.h
[3.028s] -- Installing: /home/cao/ros2ws/install/hapthexa_msgs/include/hapthexa_msgs/hapthexa_msgs/action/detail/move_leg_args__type_support.c
[3.028s] -- Installing: /home/cao/ros2ws/install/hapthexa_msgs/include/hapthexa_msgs/hapthexa_msgs/action/detail/empty__type_support.c
[3.028s] -- Installing: /home/cao/ros2ws/install/hapthexa_msgs/include/hapthexa_msgs/hapthexa_msgs/action/detail/move_leg__type_support.c
[3.028s] -- Up-to-date: /home/cao/ros2ws/install/hapthexa_msgs/include/hapthexa_msgs/hapthexa_msgs/action/detail/empty__rosidl_typesupport_introspection_c.h
[3.028s] -- Installing: /home/cao/ros2ws/install/hapthexa_msgs/include/hapthexa_msgs/hapthexa_msgs/action/detail/gait__type_support.c
[3.029s] -- Up-to-date: /home/cao/ros2ws/install/hapthexa_msgs/include/hapthexa_msgs/hapthexa_msgs/action/detail/move_leg_args__rosidl_typesupport_introspection_c.h
[3.029s] -- Up-to-date: /home/cao/ros2ws/install/hapthexa_msgs/lib/libhapthexa_msgs__rosidl_typesupport_introspection_c.so
[3.029s] -- Up-to-date: /home/cao/ros2ws/install/hapthexa_msgs/lib/libhapthexa_msgs__rosidl_typesupport_c.so
[3.029s] -- Up-to-date: /home/cao/ros2ws/install/hapthexa_msgs/include/hapthexa_msgs/hapthexa_msgs
[3.029s] -- Up-to-date: /home/cao/ros2ws/install/hapthexa_msgs/include/hapthexa_msgs/hapthexa_msgs/msg
[3.029s] -- Up-to-date: /home/cao/ros2ws/install/hapthexa_msgs/include/hapthexa_msgs/hapthexa_msgs/msg/detail
[3.029s] -- Up-to-date: /home/cao/ros2ws/install/hapthexa_msgs/include/hapthexa_msgs/hapthexa_msgs/msg/detail/attitude__rosidl_typesupport_introspection_cpp.hpp
[3.029s] -- Up-to-date: /home/cao/ros2ws/install/hapthexa_msgs/include/hapthexa_msgs/hapthexa_msgs/msg/detail/leg_position__type_support.cpp
[3.029s] -- Up-to-date: /home/cao/ros2ws/install/hapthexa_msgs/include/hapthexa_msgs/hapthexa_msgs/msg/detail/force_sensor__type_support.cpp
[3.029s] -- Up-to-date: /home/cao/ros2ws/install/hapthexa_msgs/include/hapthexa_msgs/hapthexa_msgs/msg/detail/attitude__type_support.cpp
[3.029s] -- Up-to-date: /home/cao/ros2ws/install/hapthexa_msgs/include/hapthexa_msgs/hapthexa_msgs/msg/detail/leg_position__rosidl_typesupport_introspection_cpp.hpp
[3.029s] -- Up-to-date: /home/cao/ros2ws/install/hapthexa_msgs/include/hapthexa_msgs/hapthexa_msgs/msg/detail/empty__rosidl_typesupport_introspection_cpp.hpp
[3.030s] -- Up-to-date: /home/cao/ros2ws/install/hapthexa_msgs/include/hapthexa_msgs/hapthexa_msgs/msg/detail/leg_args__type_support.cpp
[3.030s] -- Up-to-date: /home/cao/ros2ws/install/hapthexa_msgs/include/hapthexa_msgs/hapthexa_msgs/msg/detail/force_sensor__rosidl_typesupport_introspection_cpp.hpp
[3.030s] -- Up-to-date: /home/cao/ros2ws/install/hapthexa_msgs/include/hapthexa_msgs/hapthexa_msgs/msg/detail/leg_args__rosidl_typesupport_introspection_cpp.hpp
[3.030s] -- Up-to-date: /home/cao/ros2ws/install/hapthexa_msgs/include/hapthexa_msgs/hapthexa_msgs/msg/detail/empty__type_support.cpp
[3.030s] -- Up-to-date: /home/cao/ros2ws/install/hapthexa_msgs/include/hapthexa_msgs/hapthexa_msgs/srv
[3.030s] -- Up-to-date: /home/cao/ros2ws/install/hapthexa_msgs/include/hapthexa_msgs/hapthexa_msgs/srv/detail
[3.030s] -- Up-to-date: /home/cao/ros2ws/install/hapthexa_msgs/include/hapthexa_msgs/hapthexa_msgs/srv/detail/get_leg_position__type_support.cpp
[3.030s] -- Up-to-date: /home/cao/ros2ws/install/hapthexa_msgs/include/hapthexa_msgs/hapthexa_msgs/srv/detail/get_leg_args__type_support.cpp
[3.030s] -- Up-to-date: /home/cao/ros2ws/install/hapthexa_msgs/include/hapthexa_msgs/hapthexa_msgs/srv/detail/get_leg_position__rosidl_typesupport_introspection_cpp.hpp
[3.030s] -- Up-to-date: /home/cao/ros2ws/install/hapthexa_msgs/include/hapthexa_msgs/hapthexa_msgs/srv/detail/get_leg_args__rosidl_typesupport_introspection_cpp.hpp
[3.030s] -- Up-to-date: /home/cao/ros2ws/install/hapthexa_msgs/include/hapthexa_msgs/hapthexa_msgs/action
[3.031s] -- Up-to-date: /home/cao/ros2ws/install/hapthexa_msgs/include/hapthexa_msgs/hapthexa_msgs/action/detail
[3.031s] -- Up-to-date: /home/cao/ros2ws/install/hapthexa_msgs/include/hapthexa_msgs/hapthexa_msgs/action/detail/move_leg_args__rosidl_typesupport_introspection_cpp.hpp
[3.031s] -- Up-to-date: /home/cao/ros2ws/install/hapthexa_msgs/include/hapthexa_msgs/hapthexa_msgs/action/detail/move_leg__rosidl_typesupport_introspection_cpp.hpp
[3.031s] -- Up-to-date: /home/cao/ros2ws/install/hapthexa_msgs/include/hapthexa_msgs/hapthexa_msgs/action/detail/gait__rosidl_typesupport_introspection_cpp.hpp
[3.031s] -- Up-to-date: /home/cao/ros2ws/install/hapthexa_msgs/include/hapthexa_msgs/hapthexa_msgs/action/detail/move_leg_args__type_support.cpp
[3.031s] -- Up-to-date: /home/cao/ros2ws/install/hapthexa_msgs/include/hapthexa_msgs/hapthexa_msgs/action/detail/move_leg__type_support.cpp
[3.031s] -- Up-to-date: /home/cao/ros2ws/install/hapthexa_msgs/include/hapthexa_msgs/hapthexa_msgs/action/detail/empty__rosidl_typesupport_introspection_cpp.hpp
[3.031s] -- Up-to-date: /home/cao/ros2ws/install/hapthexa_msgs/include/hapthexa_msgs/hapthexa_msgs/action/detail/gait__type_support.cpp
[3.031s] -- Up-to-date: /home/cao/ros2ws/install/hapthexa_msgs/include/hapthexa_msgs/hapthexa_msgs/action/detail/empty__type_support.cpp
[3.031s] -- Up-to-date: /home/cao/ros2ws/install/hapthexa_msgs/lib/libhapthexa_msgs__rosidl_typesupport_introspection_cpp.so
[3.031s] -- Up-to-date: /home/cao/ros2ws/install/hapthexa_msgs/lib/libhapthexa_msgs__rosidl_typesupport_cpp.so
[3.032s] -- Up-to-date: /home/cao/ros2ws/install/hapthexa_msgs/share/hapthexa_msgs/environment/pythonpath.sh
[3.032s] -- Up-to-date: /home/cao/ros2ws/install/hapthexa_msgs/share/hapthexa_msgs/environment/pythonpath.dsv
[3.032s] -- Up-to-date: /home/cao/ros2ws/install/hapthexa_msgs/lib/python3.12/site-packages/hapthexa_msgs-0.0.0-py3.12.egg-info
[3.032s] -- Installing: /home/cao/ros2ws/install/hapthexa_msgs/lib/python3.12/site-packages/hapthexa_msgs-0.0.0-py3.12.egg-info/SOURCES.txt
[3.032s] -- Installing: /home/cao/ros2ws/install/hapthexa_msgs/lib/python3.12/site-packages/hapthexa_msgs-0.0.0-py3.12.egg-info/top_level.txt
[3.032s] -- Installing: /home/cao/ros2ws/install/hapthexa_msgs/lib/python3.12/site-packages/hapthexa_msgs-0.0.0-py3.12.egg-info/PKG-INFO
[3.032s] -- Installing: /home/cao/ros2ws/install/hapthexa_msgs/lib/python3.12/site-packages/hapthexa_msgs-0.0.0-py3.12.egg-info/dependency_links.txt
[3.032s] -- Up-to-date: /home/cao/ros2ws/install/hapthexa_msgs/lib/python3.12/site-packages/hapthexa_msgs
[3.033s] -- Up-to-date: /home/cao/ros2ws/install/hapthexa_msgs/lib/python3.12/site-packages/hapthexa_msgs/__init__.py
[3.033s] -- Up-to-date: /home/cao/ros2ws/install/hapthexa_msgs/lib/python3.12/site-packages/hapthexa_msgs/hapthexa_msgs_s__rosidl_typesupport_fastrtps_c.so
[3.033s] -- Up-to-date: /home/cao/ros2ws/install/hapthexa_msgs/lib/python3.12/site-packages/hapthexa_msgs/msg
[3.033s] -- Up-to-date: /home/cao/ros2ws/install/hapthexa_msgs/lib/python3.12/site-packages/hapthexa_msgs/msg/__init__.py
[3.033s] -- Up-to-date: /home/cao/ros2ws/install/hapthexa_msgs/lib/python3.12/site-packages/hapthexa_msgs/msg/_attitude_s.c
[3.033s] -- Up-to-date: /home/cao/ros2ws/install/hapthexa_msgs/lib/python3.12/site-packages/hapthexa_msgs/msg/_force_sensor.py
[3.033s] -- Up-to-date: /home/cao/ros2ws/install/hapthexa_msgs/lib/python3.12/site-packages/hapthexa_msgs/msg/_leg_args.py
[3.033s] -- Up-to-date: /home/cao/ros2ws/install/hapthexa_msgs/lib/python3.12/site-packages/hapthexa_msgs/msg/_leg_position.py
[3.034s] -- Up-to-date: /home/cao/ros2ws/install/hapthexa_msgs/lib/python3.12/site-packages/hapthexa_msgs/msg/_leg_position_s.c
[3.034s] -- Up-to-date: /home/cao/ros2ws/install/hapthexa_msgs/lib/python3.12/site-packages/hapthexa_msgs/msg/_empty_s.c
[3.034s] -- Up-to-date: /home/cao/ros2ws/install/hapthexa_msgs/lib/python3.12/site-packages/hapthexa_msgs/msg/_empty.py
[3.034s] -- Up-to-date: /home/cao/ros2ws/install/hapthexa_msgs/lib/python3.12/site-packages/hapthexa_msgs/msg/_leg_args_s.c
[3.034s] -- Up-to-date: /home/cao/ros2ws/install/hapthexa_msgs/lib/python3.12/site-packages/hapthexa_msgs/msg/_force_sensor_s.c
[3.034s] -- Up-to-date: /home/cao/ros2ws/install/hapthexa_msgs/lib/python3.12/site-packages/hapthexa_msgs/msg/_attitude.py
[3.034s] -- Up-to-date: /home/cao/ros2ws/install/hapthexa_msgs/lib/python3.12/site-packages/hapthexa_msgs/_hapthexa_msgs_s.ep.rosidl_typesupport_introspection_c.c
[3.034s] -- Up-to-date: /home/cao/ros2ws/install/hapthexa_msgs/lib/python3.12/site-packages/hapthexa_msgs/srv
[3.034s] -- Up-to-date: /home/cao/ros2ws/install/hapthexa_msgs/lib/python3.12/site-packages/hapthexa_msgs/srv/__init__.py
[3.035s] -- Up-to-date: /home/cao/ros2ws/install/hapthexa_msgs/lib/python3.12/site-packages/hapthexa_msgs/srv/_get_leg_args_s.c
[3.035s] -- Up-to-date: /home/cao/ros2ws/install/hapthexa_msgs/lib/python3.12/site-packages/hapthexa_msgs/srv/_get_leg_args.py
[3.035s] -- Up-to-date: /home/cao/ros2ws/install/hapthexa_msgs/lib/python3.12/site-packages/hapthexa_msgs/srv/_get_leg_position_s.c
[3.035s] -- Up-to-date: /home/cao/ros2ws/install/hapthexa_msgs/lib/python3.12/site-packages/hapthexa_msgs/srv/_get_leg_position.py
[3.035s] -- Up-to-date: /home/cao/ros2ws/install/hapthexa_msgs/lib/python3.12/site-packages/hapthexa_msgs/hapthexa_msgs_s__rosidl_typesupport_c.so
[3.035s] -- Up-to-date: /home/cao/ros2ws/install/hapthexa_msgs/lib/python3.12/site-packages/hapthexa_msgs/_hapthexa_msgs_s.ep.rosidl_typesupport_c.c
[3.035s] -- Up-to-date: /home/cao/ros2ws/install/hapthexa_msgs/lib/python3.12/site-packages/hapthexa_msgs/_hapthexa_msgs_s.ep.rosidl_typesupport_fastrtps_c.c
[3.035s] -- Up-to-date: /home/cao/ros2ws/install/hapthexa_msgs/lib/python3.12/site-packages/hapthexa_msgs/hapthexa_msgs_s__rosidl_typesupport_introspection_c.so
[3.036s] -- Up-to-date: /home/cao/ros2ws/install/hapthexa_msgs/lib/python3.12/site-packages/hapthexa_msgs/action
[3.036s] -- Up-to-date: /home/cao/ros2ws/install/hapthexa_msgs/lib/python3.12/site-packages/hapthexa_msgs/action/_move_leg.py
[3.036s] -- Up-to-date: /home/cao/ros2ws/install/hapthexa_msgs/lib/python3.12/site-packages/hapthexa_msgs/action/__init__.py
[3.036s] -- Up-to-date: /home/cao/ros2ws/install/hapthexa_msgs/lib/python3.12/site-packages/hapthexa_msgs/action/_move_leg_args.py
[3.036s] -- Up-to-date: /home/cao/ros2ws/install/hapthexa_msgs/lib/python3.12/site-packages/hapthexa_msgs/action/_gait_s.c
[3.036s] -- Up-to-date: /home/cao/ros2ws/install/hapthexa_msgs/lib/python3.12/site-packages/hapthexa_msgs/action/_move_leg_s.c
[3.036s] -- Up-to-date: /home/cao/ros2ws/install/hapthexa_msgs/lib/python3.12/site-packages/hapthexa_msgs/action/_empty_s.c
[3.037s] -- Up-to-date: /home/cao/ros2ws/install/hapthexa_msgs/lib/python3.12/site-packages/hapthexa_msgs/action/_move_leg_args_s.c
[3.037s] -- Up-to-date: /home/cao/ros2ws/install/hapthexa_msgs/lib/python3.12/site-packages/hapthexa_msgs/action/_empty.py
[3.037s] -- Up-to-date: /home/cao/ros2ws/install/hapthexa_msgs/lib/python3.12/site-packages/hapthexa_msgs/action/_gait.py
[3.082s] Listing '/home/cao/ros2ws/install/hapthexa_msgs/lib/python3.12/site-packages/hapthexa_msgs'...
[3.082s] Listing '/home/cao/ros2ws/install/hapthexa_msgs/lib/python3.12/site-packages/hapthexa_msgs/action'...
[3.083s] Listing '/home/cao/ros2ws/install/hapthexa_msgs/lib/python3.12/site-packages/hapthexa_msgs/msg'...
[3.083s] Listing '/home/cao/ros2ws/install/hapthexa_msgs/lib/python3.12/site-packages/hapthexa_msgs/srv'...
[3.097s] -- Up-to-date: /home/cao/ros2ws/install/hapthexa_msgs/lib/python3.12/site-packages/hapthexa_msgs/hapthexa_msgs_s__rosidl_typesupport_fastrtps_c.so
[3.097s] -- Up-to-date: /home/cao/ros2ws/install/hapthexa_msgs/lib/python3.12/site-packages/hapthexa_msgs/hapthexa_msgs_s__rosidl_typesupport_introspection_c.so
[3.097s] -- Up-to-date: /home/cao/ros2ws/install/hapthexa_msgs/lib/python3.12/site-packages/hapthexa_msgs/hapthexa_msgs_s__rosidl_typesupport_c.so
[3.097s] -- Up-to-date: /home/cao/ros2ws/install/hapthexa_msgs/lib/libhapthexa_msgs__rosidl_generator_py.so
[3.098s] -- Up-to-date: /home/cao/ros2ws/install/hapthexa_msgs/share/hapthexa_msgs/action/MoveLeg.idl
[3.098s] -- Up-to-date: /home/cao/ros2ws/install/hapthexa_msgs/share/hapthexa_msgs/action/MoveLegArgs.idl
[3.098s] -- Up-to-date: /home/cao/ros2ws/install/hapthexa_msgs/share/hapthexa_msgs/action/Gait.idl
[3.098s] -- Up-to-date: /home/cao/ros2ws/install/hapthexa_msgs/share/hapthexa_msgs/action/Empty.idl
[3.099s] -- Up-to-date: /home/cao/ros2ws/install/hapthexa_msgs/share/hapthexa_msgs/msg/Attitude.idl
[3.099s] -- Up-to-date: /home/cao/ros2ws/install/hapthexa_msgs/share/hapthexa_msgs/msg/Empty.idl
[3.099s] -- Up-to-date: /home/cao/ros2ws/install/hapthexa_msgs/share/hapthexa_msgs/msg/ForceSensor.idl
[3.099s] -- Up-to-date: /home/cao/ros2ws/install/hapthexa_msgs/share/hapthexa_msgs/msg/LegArgs.idl
[3.100s] -- Up-to-date: /home/cao/ros2ws/install/hapthexa_msgs/share/hapthexa_msgs/msg/LegPosition.idl
[3.100s] -- Up-to-date: /home/cao/ros2ws/install/hapthexa_msgs/share/hapthexa_msgs/srv/GetLegArgs.idl
[3.100s] -- Up-to-date: /home/cao/ros2ws/install/hapthexa_msgs/share/hapthexa_msgs/srv/GetLegPosition.idl
[3.101s] -- Up-to-date: /home/cao/ros2ws/install/hapthexa_msgs/share/hapthexa_msgs/action/MoveLeg.action
[3.101s] -- Up-to-date: /home/cao/ros2ws/install/hapthexa_msgs/share/hapthexa_msgs/action/MoveLegArgs.action
[3.101s] -- Up-to-date: /home/cao/ros2ws/install/hapthexa_msgs/share/hapthexa_msgs/action/Gait.action
[3.101s] -- Up-to-date: /home/cao/ros2ws/install/hapthexa_msgs/share/hapthexa_msgs/action/Empty.action
[3.101s] -- Up-to-date: /home/cao/ros2ws/install/hapthexa_msgs/share/hapthexa_msgs/msg/Attitude.msg
[3.102s] -- Up-to-date: /home/cao/ros2ws/install/hapthexa_msgs/share/hapthexa_msgs/msg/Empty.msg
[3.102s] -- Up-to-date: /home/cao/ros2ws/install/hapthexa_msgs/share/hapthexa_msgs/msg/ForceSensor.msg
[3.102s] -- Up-to-date: /home/cao/ros2ws/install/hapthexa_msgs/share/hapthexa_msgs/msg/LegArgs.msg
[3.102s] -- Up-to-date: /home/cao/ros2ws/install/hapthexa_msgs/share/hapthexa_msgs/msg/LegPosition.msg
[3.102s] -- Up-to-date: /home/cao/ros2ws/install/hapthexa_msgs/share/hapthexa_msgs/srv/GetLegArgs.srv
[3.102s] -- Up-to-date: /home/cao/ros2ws/install/hapthexa_msgs/share/hapthexa_msgs/srv/GetLegPosition.srv
[3.103s] -- Up-to-date: /home/cao/ros2ws/install/hapthexa_msgs/share/ament_index/resource_index/package_run_dependencies/hapthexa_msgs
[3.103s] -- Up-to-date: /home/cao/ros2ws/install/hapthexa_msgs/share/ament_index/resource_index/parent_prefix_path/hapthexa_msgs
[3.103s] -- Up-to-date: /home/cao/ros2ws/install/hapthexa_msgs/share/hapthexa_msgs/environment/ament_prefix_path.sh
[3.103s] -- Up-to-date: /home/cao/ros2ws/install/hapthexa_msgs/share/hapthexa_msgs/environment/ament_prefix_path.dsv
[3.103s] -- Up-to-date: /home/cao/ros2ws/install/hapthexa_msgs/share/hapthexa_msgs/environment/path.sh
[3.103s] -- Up-to-date: /home/cao/ros2ws/install/hapthexa_msgs/share/hapthexa_msgs/environment/path.dsv
[3.104s] -- Up-to-date: /home/cao/ros2ws/install/hapthexa_msgs/share/hapthexa_msgs/local_setup.bash
[3.104s] -- Up-to-date: /home/cao/ros2ws/install/hapthexa_msgs/share/hapthexa_msgs/local_setup.sh
[3.104s] -- Up-to-date: /home/cao/ros2ws/install/hapthexa_msgs/share/hapthexa_msgs/local_setup.zsh
[3.104s] -- Up-to-date: /home/cao/ros2ws/install/hapthexa_msgs/share/hapthexa_msgs/local_setup.dsv
[3.104s] -- Installing: /home/cao/ros2ws/install/hapthexa_msgs/share/hapthexa_msgs/package.dsv
[3.104s] -- Up-to-date: /home/cao/ros2ws/install/hapthexa_msgs/share/ament_index/resource_index/packages/hapthexa_msgs
[3.104s] -- Up-to-date: /home/cao/ros2ws/install/hapthexa_msgs/share/hapthexa_msgs/cmake/export_hapthexa_msgs__rosidl_generator_cExport.cmake
[3.104s] -- Up-to-date: /home/cao/ros2ws/install/hapthexa_msgs/share/hapthexa_msgs/cmake/export_hapthexa_msgs__rosidl_generator_cExport-noconfig.cmake
[3.104s] -- Up-to-date: /home/cao/ros2ws/install/hapthexa_msgs/share/hapthexa_msgs/cmake/export_hapthexa_msgs__rosidl_typesupport_fastrtps_cExport.cmake
[3.104s] -- Up-to-date: /home/cao/ros2ws/install/hapthexa_msgs/share/hapthexa_msgs/cmake/export_hapthexa_msgs__rosidl_typesupport_fastrtps_cExport-noconfig.cmake
[3.105s] -- Up-to-date: /home/cao/ros2ws/install/hapthexa_msgs/share/hapthexa_msgs/cmake/export_hapthexa_msgs__rosidl_generator_cppExport.cmake
[3.105s] -- Up-to-date: /home/cao/ros2ws/install/hapthexa_msgs/share/hapthexa_msgs/cmake/export_hapthexa_msgs__rosidl_typesupport_fastrtps_cppExport.cmake
[3.105s] -- Up-to-date: /home/cao/ros2ws/install/hapthexa_msgs/share/hapthexa_msgs/cmake/export_hapthexa_msgs__rosidl_typesupport_fastrtps_cppExport-noconfig.cmake
[3.105s] -- Up-to-date: /home/cao/ros2ws/install/hapthexa_msgs/share/hapthexa_msgs/cmake/hapthexa_msgs__rosidl_typesupport_introspection_cExport.cmake
[3.105s] -- Up-to-date: /home/cao/ros2ws/install/hapthexa_msgs/share/hapthexa_msgs/cmake/hapthexa_msgs__rosidl_typesupport_introspection_cExport-noconfig.cmake
[3.105s] -- Up-to-date: /home/cao/ros2ws/install/hapthexa_msgs/share/hapthexa_msgs/cmake/hapthexa_msgs__rosidl_typesupport_cExport.cmake
[3.105s] -- Up-to-date: /home/cao/ros2ws/install/hapthexa_msgs/share/hapthexa_msgs/cmake/hapthexa_msgs__rosidl_typesupport_cExport-noconfig.cmake
[3.105s] -- Up-to-date: /home/cao/ros2ws/install/hapthexa_msgs/share/hapthexa_msgs/cmake/hapthexa_msgs__rosidl_typesupport_introspection_cppExport.cmake
[3.105s] -- Up-to-date: /home/cao/ros2ws/install/hapthexa_msgs/share/hapthexa_msgs/cmake/hapthexa_msgs__rosidl_typesupport_introspection_cppExport-noconfig.cmake
[3.105s] -- Up-to-date: /home/cao/ros2ws/install/hapthexa_msgs/share/hapthexa_msgs/cmake/hapthexa_msgs__rosidl_typesupport_cppExport.cmake
[3.106s] -- Up-to-date: /home/cao/ros2ws/install/hapthexa_msgs/share/hapthexa_msgs/cmake/hapthexa_msgs__rosidl_typesupport_cppExport-noconfig.cmake
[3.106s] -- Up-to-date: /home/cao/ros2ws/install/hapthexa_msgs/share/hapthexa_msgs/cmake/export_hapthexa_msgs__rosidl_generator_pyExport.cmake
[3.106s] -- Up-to-date: /home/cao/ros2ws/install/hapthexa_msgs/share/hapthexa_msgs/cmake/export_hapthexa_msgs__rosidl_generator_pyExport-noconfig.cmake
[3.106s] -- Up-to-date: /home/cao/ros2ws/install/hapthexa_msgs/share/hapthexa_msgs/cmake/rosidl_cmake-extras.cmake
[3.106s] -- Up-to-date: /home/cao/ros2ws/install/hapthexa_msgs/share/hapthexa_msgs/cmake/ament_cmake_export_dependencies-extras.cmake
[3.106s] -- Up-to-date: /home/cao/ros2ws/install/hapthexa_msgs/share/hapthexa_msgs/cmake/ament_cmake_export_include_directories-extras.cmake
[3.106s] -- Up-to-date: /home/cao/ros2ws/install/hapthexa_msgs/share/hapthexa_msgs/cmake/ament_cmake_export_libraries-extras.cmake
[3.106s] -- Up-to-date: /home/cao/ros2ws/install/hapthexa_msgs/share/hapthexa_msgs/cmake/ament_cmake_export_targets-extras.cmake
[3.106s] -- Up-to-date: /home/cao/ros2ws/install/hapthexa_msgs/share/hapthexa_msgs/cmake/rosidl_cmake_export_typesupport_targets-extras.cmake
[3.107s] -- Up-to-date: /home/cao/ros2ws/install/hapthexa_msgs/share/hapthexa_msgs/cmake/rosidl_cmake_export_typesupport_libraries-extras.cmake
[3.107s] -- Up-to-date: /home/cao/ros2ws/install/hapthexa_msgs/share/hapthexa_msgs/cmake/hapthexa_msgsConfig.cmake
[3.107s] -- Up-to-date: /home/cao/ros2ws/install/hapthexa_msgs/share/hapthexa_msgs/cmake/hapthexa_msgsConfig-version.cmake
[3.107s] -- Up-to-date: /home/cao/ros2ws/install/hapthexa_msgs/share/hapthexa_msgs/package.xml
[3.109s] Invoked command in '/home/cao/ros2ws/build/hapthexa_msgs' returned '0': CMAKE_PREFIX_PATH=${CMAKE_PREFIX_PATH}:/opt/ros/jazzy DEBUGINFOD_URLS=https://debuginfod.ubuntu.com /usr/bin/cmake --install /home/cao/ros2ws/build/hapthexa_msgs
