[100%] Built target hapthexa_leg
-- Install configuration: ""
-- Installing: /home/cao/ros2ws/install/hapthexa_main/lib/hapthexa_main/hapthexa_leg
-- Set non-toolchain portion of runtime path of "/home/cao/ros2ws/install/hapthexa_main/lib/hapthexa_main/hapthexa_leg" to ""
-- Installing: /home/cao/ros2ws/install/hapthexa_main/lib/hapthexa_main/__init__.py
-- Installing: /home/cao/ros2ws/install/hapthexa_main/lib/hapthexa_main/attitude_controller.py
-- Installing: /home/cao/ros2ws/install/hapthexa_main/lib/hapthexa_main/omni_walk.py
-- Installing: /home/cao/ros2ws/install/hapthexa_main/lib/hapthexa_main/relative_rough_walk.py
-- Installing: /home/cao/ros2ws/install/hapthexa_main/lib/hapthexa_main/relative_simple_walk.py
-- Installing: /home/cao/ros2ws/install/hapthexa_main/lib/hapthexa_main/rough_walk.py
-- Installing: /home/cao/ros2ws/install/hapthexa_main/lib/hapthexa_main/roughwalk_action.py
-- Installing: /home/cao/ros2ws/install/hapthexa_main/lib/hapthexa_main/sensor_checker.py
-- Installing: /home/cao/ros2ws/install/hapthexa_main/lib/hapthexa_main/simple_walk.py
-- Installing: /home/cao/ros2ws/install/hapthexa_main/lib/hapthexa_main/simplewalk_action.py
-- Installing: /home/cao/ros2ws/install/hapthexa_main/lib/hapthexa_main/test_roughwalk_action.py
-- Installing: /home/cao/ros2ws/install/hapthexa_main/lib/hapthexa_main/test_simplewalk_flonly.py
-- Installing: /home/cao/ros2ws/install/hapthexa_main/lib/hapthexa_main/wakeup_by_action.py
-- Installing: /home/cao/ros2ws/install/hapthexa_main/share/hapthexa_main/launch.py
-- Installing: /home/cao/ros2ws/install/hapthexa_main/share/ament_index/resource_index/package_run_dependencies/hapthexa_main
-- Installing: /home/cao/ros2ws/install/hapthexa_main/share/ament_index/resource_index/parent_prefix_path/hapthexa_main
-- Installing: /home/cao/ros2ws/install/hapthexa_main/share/hapthexa_main/environment/ament_prefix_path.sh
-- Installing: /home/cao/ros2ws/install/hapthexa_main/share/hapthexa_main/environment/ament_prefix_path.dsv
-- Installing: /home/cao/ros2ws/install/hapthexa_main/share/hapthexa_main/environment/path.sh
-- Installing: /home/cao/ros2ws/install/hapthexa_main/share/hapthexa_main/environment/path.dsv
-- Installing: /home/cao/ros2ws/install/hapthexa_main/share/hapthexa_main/local_setup.bash
-- Installing: /home/cao/ros2ws/install/hapthexa_main/share/hapthexa_main/local_setup.sh
-- Installing: /home/cao/ros2ws/install/hapthexa_main/share/hapthexa_main/local_setup.zsh
-- Installing: /home/cao/ros2ws/install/hapthexa_main/share/hapthexa_main/local_setup.dsv
-- Installing: /home/cao/ros2ws/install/hapthexa_main/share/hapthexa_main/package.dsv
-- Installing: /home/cao/ros2ws/install/hapthexa_main/share/ament_index/resource_index/packages/hapthexa_main
-- Installing: /home/cao/ros2ws/install/hapthexa_main/share/hapthexa_main/cmake/hapthexa_mainConfig.cmake
-- Installing: /home/cao/ros2ws/install/hapthexa_main/share/hapthexa_main/cmake/hapthexa_mainConfig-version.cmake
-- Installing: /home/cao/ros2ws/install/hapthexa_main/share/hapthexa_main/package.xml
