[0.143s] DEBUG:colcon:Command line arguments: ['/usr/bin/colcon', 'build']
[0.143s] DEBUG:colcon:Parsed command line arguments: Namespace(log_base=None, log_level=None, verb_name='build', build_base='build', install_base='install', merge_install=False, symlink_install=False, test_result_base=None, continue_on_error=False, executor='parallel', parallel_workers=4, event_handlers=None, ignore_user_meta=False, metas=['./colcon.meta'], base_paths=['.'], packages_ignore=None, packages_ignore_regex=None, paths=None, packages_up_to=None, packages_up_to_regex=None, packages_above=None, packages_above_and_dependencies=None, packages_above_depth=None, packages_select_by_dep=None, packages_skip_by_dep=None, packages_skip_up_to=None, packages_select_build_failed=False, packages_skip_build_finished=False, packages_select_test_failures=False, packages_skip_test_passed=False, packages_select=None, packages_skip=None, packages_select_regex=None, packages_skip_regex=None, packages_start=None, packages_end=None, allow_overriding=[], cmake_args=None, cmake_target=None, cmake_target_skip_unavailable=False, cmake_clean_cache=False, cmake_clean_first=False, cmake_force_configure=False, ament_cmake_args=None, catkin_cmake_args=None, catkin_skip_building_tests=False, mixin_files=None, mixin=None, verb_parser=<colcon_mixin.mixin.mixin_argument.MixinArgumentDecorator object at 0xffff81cbe0c0>, verb_extension=<colcon_core.verb.build.BuildVerb object at 0xffff81e7cda0>, main=<bound method BuildVerb.main of <colcon_core.verb.build.BuildVerb object at 0xffff81e7cda0>>, mixin_verb=('build',))
[0.193s] Level 1:colcon.colcon_core.package_discovery:discover_packages(colcon_meta) check parameters
[0.194s] Level 1:colcon.colcon_core.package_discovery:discover_packages(recursive) check parameters
[0.194s] Level 1:colcon.colcon_core.package_discovery:discover_packages(ignore) check parameters
[0.194s] Level 1:colcon.colcon_core.package_discovery:discover_packages(path) check parameters
[0.194s] Level 1:colcon.colcon_core.package_discovery:discover_packages(colcon_meta) discover
[0.194s] Level 1:colcon.colcon_core.package_discovery:discover_packages(recursive) discover
[0.194s] INFO:colcon.colcon_core.package_discovery:Crawling recursively for packages in '/home/cao/ros2ws'
[0.194s] Level 1:colcon.colcon_core.package_identification:_identify(.) by extensions ['ignore', 'ignore_ament_install']
[0.194s] Level 1:colcon.colcon_core.package_identification:_identify(.) by extension 'ignore'
[0.194s] Level 1:colcon.colcon_core.package_identification:_identify(.) by extension 'ignore_ament_install'
[0.194s] Level 1:colcon.colcon_core.package_identification:_identify(.) by extensions ['colcon_pkg']
[0.194s] Level 1:colcon.colcon_core.package_identification:_identify(.) by extension 'colcon_pkg'
[0.194s] Level 1:colcon.colcon_core.package_identification:_identify(.) by extensions ['colcon_meta']
[0.194s] Level 1:colcon.colcon_core.package_identification:_identify(.) by extension 'colcon_meta'
[0.194s] Level 1:colcon.colcon_core.package_identification:_identify(.) by extensions ['ros']
[0.194s] Level 1:colcon.colcon_core.package_identification:_identify(.) by extension 'ros'
[0.232s] Level 1:colcon.colcon_core.package_identification:_identify(.) by extensions ['cmake', 'python']
[0.232s] Level 1:colcon.colcon_core.package_identification:_identify(.) by extension 'cmake'
[0.232s] Level 1:colcon.colcon_core.package_identification:_identify(.) by extension 'python'
[0.232s] Level 1:colcon.colcon_core.package_identification:_identify(.) by extensions ['python_setup_py']
[0.232s] Level 1:colcon.colcon_core.package_identification:_identify(.) by extension 'python_setup_py'
[0.232s] Level 1:colcon.colcon_core.package_identification:_identify(build) by extensions ['ignore', 'ignore_ament_install']
[0.232s] Level 1:colcon.colcon_core.package_identification:_identify(build) by extension 'ignore'
[0.232s] Level 1:colcon.colcon_core.package_identification:_identify(build) ignored
[0.232s] Level 1:colcon.colcon_core.package_identification:_identify(install) by extensions ['ignore', 'ignore_ament_install']
[0.233s] Level 1:colcon.colcon_core.package_identification:_identify(install) by extension 'ignore'
[0.233s] Level 1:colcon.colcon_core.package_identification:_identify(install) ignored
[0.233s] Level 1:colcon.colcon_core.package_identification:_identify(log) by extensions ['ignore', 'ignore_ament_install']
[0.233s] Level 1:colcon.colcon_core.package_identification:_identify(log) by extension 'ignore'
[0.233s] Level 1:colcon.colcon_core.package_identification:_identify(log) ignored
[0.233s] Level 1:colcon.colcon_core.package_identification:_identify(src) by extensions ['ignore', 'ignore_ament_install']
[0.233s] Level 1:colcon.colcon_core.package_identification:_identify(src) by extension 'ignore'
[0.233s] Level 1:colcon.colcon_core.package_identification:_identify(src) by extension 'ignore_ament_install'
[0.233s] Level 1:colcon.colcon_core.package_identification:_identify(src) by extensions ['colcon_pkg']
[0.233s] Level 1:colcon.colcon_core.package_identification:_identify(src) by extension 'colcon_pkg'
[0.233s] Level 1:colcon.colcon_core.package_identification:_identify(src) by extensions ['colcon_meta']
[0.233s] Level 1:colcon.colcon_core.package_identification:_identify(src) by extension 'colcon_meta'
[0.233s] Level 1:colcon.colcon_core.package_identification:_identify(src) by extensions ['ros']
[0.233s] Level 1:colcon.colcon_core.package_identification:_identify(src) by extension 'ros'
[0.233s] Level 1:colcon.colcon_core.package_identification:_identify(src) by extensions ['cmake', 'python']
[0.233s] Level 1:colcon.colcon_core.package_identification:_identify(src) by extension 'cmake'
[0.233s] Level 1:colcon.colcon_core.package_identification:_identify(src) by extension 'python'
[0.233s] Level 1:colcon.colcon_core.package_identification:_identify(src) by extensions ['python_setup_py']
[0.233s] Level 1:colcon.colcon_core.package_identification:_identify(src) by extension 'python_setup_py'
[0.234s] Level 1:colcon.colcon_core.package_identification:_identify(src/hapthexa_dxl_servo) by extensions ['ignore', 'ignore_ament_install']
[0.234s] Level 1:colcon.colcon_core.package_identification:_identify(src/hapthexa_dxl_servo) by extension 'ignore'
[0.234s] Level 1:colcon.colcon_core.package_identification:_identify(src/hapthexa_dxl_servo) by extension 'ignore_ament_install'
[0.234s] Level 1:colcon.colcon_core.package_identification:_identify(src/hapthexa_dxl_servo) by extensions ['colcon_pkg']
[0.234s] Level 1:colcon.colcon_core.package_identification:_identify(src/hapthexa_dxl_servo) by extension 'colcon_pkg'
[0.234s] Level 1:colcon.colcon_core.package_identification:_identify(src/hapthexa_dxl_servo) by extensions ['colcon_meta']
[0.234s] Level 1:colcon.colcon_core.package_identification:_identify(src/hapthexa_dxl_servo) by extension 'colcon_meta'
[0.234s] Level 1:colcon.colcon_core.package_identification:_identify(src/hapthexa_dxl_servo) by extensions ['ros']
[0.234s] Level 1:colcon.colcon_core.package_identification:_identify(src/hapthexa_dxl_servo) by extension 'ros'
[0.237s] DEBUG:colcon.colcon_core.package_identification:Package 'src/hapthexa_dxl_servo' with type 'ros.ament_cmake' and name 'hapthexa_dxl_servo'
[0.237s] Level 1:colcon.colcon_core.package_identification:_identify(src/hapthexa_main) by extensions ['ignore', 'ignore_ament_install']
[0.237s] Level 1:colcon.colcon_core.package_identification:_identify(src/hapthexa_main) by extension 'ignore'
[0.237s] Level 1:colcon.colcon_core.package_identification:_identify(src/hapthexa_main) by extension 'ignore_ament_install'
[0.237s] Level 1:colcon.colcon_core.package_identification:_identify(src/hapthexa_main) by extensions ['colcon_pkg']
[0.237s] Level 1:colcon.colcon_core.package_identification:_identify(src/hapthexa_main) by extension 'colcon_pkg'
[0.237s] Level 1:colcon.colcon_core.package_identification:_identify(src/hapthexa_main) by extensions ['colcon_meta']
[0.238s] Level 1:colcon.colcon_core.package_identification:_identify(src/hapthexa_main) by extension 'colcon_meta'
[0.238s] Level 1:colcon.colcon_core.package_identification:_identify(src/hapthexa_main) by extensions ['ros']
[0.238s] Level 1:colcon.colcon_core.package_identification:_identify(src/hapthexa_main) by extension 'ros'
[0.238s] DEBUG:colcon.colcon_core.package_identification:Package 'src/hapthexa_main' with type 'ros.ament_cmake' and name 'hapthexa_main'
[0.238s] Level 1:colcon.colcon_core.package_identification:_identify(src/hapthexa_msgs) by extensions ['ignore', 'ignore_ament_install']
[0.239s] Level 1:colcon.colcon_core.package_identification:_identify(src/hapthexa_msgs) by extension 'ignore'
[0.239s] Level 1:colcon.colcon_core.package_identification:_identify(src/hapthexa_msgs) by extension 'ignore_ament_install'
[0.239s] Level 1:colcon.colcon_core.package_identification:_identify(src/hapthexa_msgs) by extensions ['colcon_pkg']
[0.239s] Level 1:colcon.colcon_core.package_identification:_identify(src/hapthexa_msgs) by extension 'colcon_pkg'
[0.239s] Level 1:colcon.colcon_core.package_identification:_identify(src/hapthexa_msgs) by extensions ['colcon_meta']
[0.239s] Level 1:colcon.colcon_core.package_identification:_identify(src/hapthexa_msgs) by extension 'colcon_meta'
[0.239s] Level 1:colcon.colcon_core.package_identification:_identify(src/hapthexa_msgs) by extensions ['ros']
[0.239s] Level 1:colcon.colcon_core.package_identification:_identify(src/hapthexa_msgs) by extension 'ros'
[0.239s] DEBUG:colcon.colcon_core.package_identification:Package 'src/hapthexa_msgs' with type 'ros.ament_cmake' and name 'hapthexa_msgs'
[0.240s] Level 1:colcon.colcon_core.package_identification:_identify(src/hapthexa_ode_simulator) by extensions ['ignore', 'ignore_ament_install']
[0.240s] Level 1:colcon.colcon_core.package_identification:_identify(src/hapthexa_ode_simulator) by extension 'ignore'
[0.240s] Level 1:colcon.colcon_core.package_identification:_identify(src/hapthexa_ode_simulator) by extension 'ignore_ament_install'
[0.240s] Level 1:colcon.colcon_core.package_identification:_identify(src/hapthexa_ode_simulator) by extensions ['colcon_pkg']
[0.240s] Level 1:colcon.colcon_core.package_identification:_identify(src/hapthexa_ode_simulator) by extension 'colcon_pkg'
[0.240s] Level 1:colcon.colcon_core.package_identification:_identify(src/hapthexa_ode_simulator) by extensions ['colcon_meta']
[0.240s] Level 1:colcon.colcon_core.package_identification:_identify(src/hapthexa_ode_simulator) by extension 'colcon_meta'
[0.240s] Level 1:colcon.colcon_core.package_identification:_identify(src/hapthexa_ode_simulator) by extensions ['ros']
[0.240s] Level 1:colcon.colcon_core.package_identification:_identify(src/hapthexa_ode_simulator) by extension 'ros'
[0.241s] DEBUG:colcon.colcon_core.package_identification:Package 'src/hapthexa_ode_simulator' with type 'ros.ament_cmake' and name 'hapthexa_ode_simulator'
[0.241s] Level 1:colcon.colcon_core.package_discovery:discover_packages(recursive) using defaults
[0.241s] Level 1:colcon.colcon_core.package_discovery:discover_packages(ignore) discover
[0.241s] Level 1:colcon.colcon_core.package_discovery:discover_packages(ignore) using defaults
[0.241s] Level 1:colcon.colcon_core.package_discovery:discover_packages(path) discover
[0.241s] Level 1:colcon.colcon_core.package_discovery:discover_packages(path) using defaults
[0.264s] Level 1:colcon.colcon_core.package_discovery:discover_packages(prefix_path) check parameters
[0.264s] Level 1:colcon.colcon_core.package_discovery:discover_packages(prefix_path) discover
[0.268s] DEBUG:colcon.colcon_installed_package_information.package_discovery:Found 286 installed packages in /opt/ros/jazzy
[0.269s] Level 1:colcon.colcon_core.package_discovery:discover_packages(prefix_path) using defaults
[0.328s] Level 5:colcon.colcon_core.verb:set package 'hapthexa_msgs' build argument 'cmake_args' from command line to 'None'
[0.328s] Level 5:colcon.colcon_core.verb:set package 'hapthexa_msgs' build argument 'cmake_target' from command line to 'None'
[0.328s] Level 5:colcon.colcon_core.verb:set package 'hapthexa_msgs' build argument 'cmake_target_skip_unavailable' from command line to 'False'
[0.328s] Level 5:colcon.colcon_core.verb:set package 'hapthexa_msgs' build argument 'cmake_clean_cache' from command line to 'False'
[0.328s] Level 5:colcon.colcon_core.verb:set package 'hapthexa_msgs' build argument 'cmake_clean_first' from command line to 'False'
[0.328s] Level 5:colcon.colcon_core.verb:set package 'hapthexa_msgs' build argument 'cmake_force_configure' from command line to 'False'
[0.328s] Level 5:colcon.colcon_core.verb:set package 'hapthexa_msgs' build argument 'ament_cmake_args' from command line to 'None'
[0.328s] Level 5:colcon.colcon_core.verb:set package 'hapthexa_msgs' build argument 'catkin_cmake_args' from command line to 'None'
[0.328s] Level 5:colcon.colcon_core.verb:set package 'hapthexa_msgs' build argument 'catkin_skip_building_tests' from command line to 'False'
[0.328s] DEBUG:colcon.colcon_core.verb:Building package 'hapthexa_msgs' with the following arguments: {'ament_cmake_args': None, 'build_base': '/home/cao/ros2ws/build/hapthexa_msgs', 'catkin_cmake_args': None, 'catkin_skip_building_tests': False, 'cmake_args': None, 'cmake_clean_cache': False, 'cmake_clean_first': False, 'cmake_force_configure': False, 'cmake_target': None, 'cmake_target_skip_unavailable': False, 'install_base': '/home/cao/ros2ws/install/hapthexa_msgs', 'merge_install': False, 'path': '/home/cao/ros2ws/src/hapthexa_msgs', 'symlink_install': False, 'test_result_base': None}
[0.329s] Level 5:colcon.colcon_core.verb:set package 'hapthexa_dxl_servo' build argument 'cmake_args' from command line to 'None'
[0.329s] Level 5:colcon.colcon_core.verb:set package 'hapthexa_dxl_servo' build argument 'cmake_target' from command line to 'None'
[0.329s] Level 5:colcon.colcon_core.verb:set package 'hapthexa_dxl_servo' build argument 'cmake_target_skip_unavailable' from command line to 'False'
[0.329s] Level 5:colcon.colcon_core.verb:set package 'hapthexa_dxl_servo' build argument 'cmake_clean_cache' from command line to 'False'
[0.329s] Level 5:colcon.colcon_core.verb:set package 'hapthexa_dxl_servo' build argument 'cmake_clean_first' from command line to 'False'
[0.329s] Level 5:colcon.colcon_core.verb:set package 'hapthexa_dxl_servo' build argument 'cmake_force_configure' from command line to 'False'
[0.329s] Level 5:colcon.colcon_core.verb:set package 'hapthexa_dxl_servo' build argument 'ament_cmake_args' from command line to 'None'
[0.329s] Level 5:colcon.colcon_core.verb:set package 'hapthexa_dxl_servo' build argument 'catkin_cmake_args' from command line to 'None'
[0.329s] Level 5:colcon.colcon_core.verb:set package 'hapthexa_dxl_servo' build argument 'catkin_skip_building_tests' from command line to 'False'
[0.329s] DEBUG:colcon.colcon_core.verb:Building package 'hapthexa_dxl_servo' with the following arguments: {'ament_cmake_args': None, 'build_base': '/home/cao/ros2ws/build/hapthexa_dxl_servo', 'catkin_cmake_args': None, 'catkin_skip_building_tests': False, 'cmake_args': None, 'cmake_clean_cache': False, 'cmake_clean_first': False, 'cmake_force_configure': False, 'cmake_target': None, 'cmake_target_skip_unavailable': False, 'install_base': '/home/cao/ros2ws/install/hapthexa_dxl_servo', 'merge_install': False, 'path': '/home/cao/ros2ws/src/hapthexa_dxl_servo', 'symlink_install': False, 'test_result_base': None}
[0.329s] Level 5:colcon.colcon_core.verb:set package 'hapthexa_main' build argument 'cmake_args' from command line to 'None'
[0.329s] Level 5:colcon.colcon_core.verb:set package 'hapthexa_main' build argument 'cmake_target' from command line to 'None'
[0.329s] Level 5:colcon.colcon_core.verb:set package 'hapthexa_main' build argument 'cmake_target_skip_unavailable' from command line to 'False'
[0.329s] Level 5:colcon.colcon_core.verb:set package 'hapthexa_main' build argument 'cmake_clean_cache' from command line to 'False'
[0.329s] Level 5:colcon.colcon_core.verb:set package 'hapthexa_main' build argument 'cmake_clean_first' from command line to 'False'
[0.329s] Level 5:colcon.colcon_core.verb:set package 'hapthexa_main' build argument 'cmake_force_configure' from command line to 'False'
[0.329s] Level 5:colcon.colcon_core.verb:set package 'hapthexa_main' build argument 'ament_cmake_args' from command line to 'None'
[0.329s] Level 5:colcon.colcon_core.verb:set package 'hapthexa_main' build argument 'catkin_cmake_args' from command line to 'None'
[0.329s] Level 5:colcon.colcon_core.verb:set package 'hapthexa_main' build argument 'catkin_skip_building_tests' from command line to 'False'
[0.330s] DEBUG:colcon.colcon_core.verb:Building package 'hapthexa_main' with the following arguments: {'ament_cmake_args': None, 'build_base': '/home/cao/ros2ws/build/hapthexa_main', 'catkin_cmake_args': None, 'catkin_skip_building_tests': False, 'cmake_args': None, 'cmake_clean_cache': False, 'cmake_clean_first': False, 'cmake_force_configure': False, 'cmake_target': None, 'cmake_target_skip_unavailable': False, 'install_base': '/home/cao/ros2ws/install/hapthexa_main', 'merge_install': False, 'path': '/home/cao/ros2ws/src/hapthexa_main', 'symlink_install': False, 'test_result_base': None}
[0.330s] Level 5:colcon.colcon_core.verb:set package 'hapthexa_ode_simulator' build argument 'cmake_args' from command line to 'None'
[0.330s] Level 5:colcon.colcon_core.verb:set package 'hapthexa_ode_simulator' build argument 'cmake_target' from command line to 'None'
[0.330s] Level 5:colcon.colcon_core.verb:set package 'hapthexa_ode_simulator' build argument 'cmake_target_skip_unavailable' from command line to 'False'
[0.330s] Level 5:colcon.colcon_core.verb:set package 'hapthexa_ode_simulator' build argument 'cmake_clean_cache' from command line to 'False'
[0.330s] Level 5:colcon.colcon_core.verb:set package 'hapthexa_ode_simulator' build argument 'cmake_clean_first' from command line to 'False'
[0.330s] Level 5:colcon.colcon_core.verb:set package 'hapthexa_ode_simulator' build argument 'cmake_force_configure' from command line to 'False'
[0.330s] Level 5:colcon.colcon_core.verb:set package 'hapthexa_ode_simulator' build argument 'ament_cmake_args' from command line to 'None'
[0.330s] Level 5:colcon.colcon_core.verb:set package 'hapthexa_ode_simulator' build argument 'catkin_cmake_args' from command line to 'None'
[0.330s] Level 5:colcon.colcon_core.verb:set package 'hapthexa_ode_simulator' build argument 'catkin_skip_building_tests' from command line to 'False'
[0.330s] DEBUG:colcon.colcon_core.verb:Building package 'hapthexa_ode_simulator' with the following arguments: {'ament_cmake_args': None, 'build_base': '/home/cao/ros2ws/build/hapthexa_ode_simulator', 'catkin_cmake_args': None, 'catkin_skip_building_tests': False, 'cmake_args': None, 'cmake_clean_cache': False, 'cmake_clean_first': False, 'cmake_force_configure': False, 'cmake_target': None, 'cmake_target_skip_unavailable': False, 'install_base': '/home/cao/ros2ws/install/hapthexa_ode_simulator', 'merge_install': False, 'path': '/home/cao/ros2ws/src/hapthexa_ode_simulator', 'symlink_install': False, 'test_result_base': None}
[0.330s] INFO:colcon.colcon_core.executor:Executing jobs using 'parallel' executor
[0.332s] DEBUG:colcon.colcon_parallel_executor.executor.parallel:run_until_complete
[0.332s] INFO:colcon.colcon_ros.task.ament_cmake.build:Building ROS package in '/home/cao/ros2ws/src/hapthexa_msgs' with build type 'ament_cmake'
[0.332s] INFO:colcon.colcon_cmake.task.cmake.build:Building CMake package in '/home/cao/ros2ws/src/hapthexa_msgs'
[0.334s] INFO:colcon.colcon_core.plugin_system:Skipping extension 'colcon_core.shell.bat': Not used on non-Windows systems
[0.335s] INFO:colcon.colcon_core.shell:Skip shell extension 'powershell' for command environment: Not usable outside of PowerShell
[0.335s] DEBUG:colcon.colcon_core.shell:Skip shell extension 'dsv' for command environment
[0.346s] DEBUG:colcon.colcon_core.event_handler.log_command:Invoking command in '/home/cao/ros2ws/build/hapthexa_msgs': CMAKE_PREFIX_PATH=${CMAKE_PREFIX_PATH}:/opt/ros/jazzy DEBUGINFOD_URLS=https://debuginfod.ubuntu.com /usr/bin/cmake --build /home/cao/ros2ws/build/hapthexa_msgs -- -j4 -l4
[1.011s] DEBUG:colcon.colcon_core.event_handler.log_command:Invoked command in '/home/cao/ros2ws/build/hapthexa_msgs' returned '0': CMAKE_PREFIX_PATH=${CMAKE_PREFIX_PATH}:/opt/ros/jazzy DEBUGINFOD_URLS=https://debuginfod.ubuntu.com /usr/bin/cmake --build /home/cao/ros2ws/build/hapthexa_msgs -- -j4 -l4
[1.414s] DEBUG:colcon.colcon_core.event_handler.log_command:Invoking command in '/home/cao/ros2ws/build/hapthexa_msgs': CMAKE_PREFIX_PATH=${CMAKE_PREFIX_PATH}:/opt/ros/jazzy DEBUGINFOD_URLS=https://debuginfod.ubuntu.com /usr/bin/cmake --install /home/cao/ros2ws/build/hapthexa_msgs
[1.516s] Level 1:colcon.colcon_core.environment:create_environment_scripts_only(hapthexa_msgs)
[1.517s] DEBUG:colcon.colcon_core.event_handler.log_command:Invoked command in '/home/cao/ros2ws/build/hapthexa_msgs' returned '0': CMAKE_PREFIX_PATH=${CMAKE_PREFIX_PATH}:/opt/ros/jazzy DEBUGINFOD_URLS=https://debuginfod.ubuntu.com /usr/bin/cmake --install /home/cao/ros2ws/build/hapthexa_msgs
[1.519s] Level 1:colcon.colcon_core.environment:checking '/home/cao/ros2ws/install/hapthexa_msgs' for CMake module files
[1.520s] Level 1:colcon.colcon_core.environment:checking '/home/cao/ros2ws/install/hapthexa_msgs' for CMake config files
[1.521s] Level 1:colcon.colcon_core.shell:create_environment_hook('hapthexa_msgs', 'cmake_prefix_path')
[1.521s] INFO:colcon.colcon_core.shell:Creating environment hook '/home/cao/ros2ws/install/hapthexa_msgs/share/hapthexa_msgs/hook/cmake_prefix_path.ps1'
[1.522s] INFO:colcon.colcon_core.shell:Creating environment descriptor '/home/cao/ros2ws/install/hapthexa_msgs/share/hapthexa_msgs/hook/cmake_prefix_path.dsv'
[1.523s] INFO:colcon.colcon_core.shell:Creating environment hook '/home/cao/ros2ws/install/hapthexa_msgs/share/hapthexa_msgs/hook/cmake_prefix_path.sh'
[1.524s] Level 1:colcon.colcon_core.environment:checking '/home/cao/ros2ws/install/hapthexa_msgs/lib'
[1.524s] Level 1:colcon.colcon_core.shell:create_environment_hook('hapthexa_msgs', 'ld_library_path_lib')
[1.524s] INFO:colcon.colcon_core.shell:Creating environment hook '/home/cao/ros2ws/install/hapthexa_msgs/share/hapthexa_msgs/hook/ld_library_path_lib.ps1'
[1.525s] INFO:colcon.colcon_core.shell:Creating environment descriptor '/home/cao/ros2ws/install/hapthexa_msgs/share/hapthexa_msgs/hook/ld_library_path_lib.dsv'
[1.526s] INFO:colcon.colcon_core.shell:Creating environment hook '/home/cao/ros2ws/install/hapthexa_msgs/share/hapthexa_msgs/hook/ld_library_path_lib.sh'
[1.526s] Level 1:colcon.colcon_core.environment:checking '/home/cao/ros2ws/install/hapthexa_msgs/bin'
[1.526s] Level 1:colcon.colcon_core.environment:checking '/home/cao/ros2ws/install/hapthexa_msgs/lib/pkgconfig/hapthexa_msgs.pc'
[1.527s] Level 1:colcon.colcon_core.environment:checking '/home/cao/ros2ws/install/hapthexa_msgs/lib/python3.12/site-packages'
[1.527s] Level 1:colcon.colcon_core.shell:create_environment_hook('hapthexa_msgs', 'pythonpath')
[1.527s] INFO:colcon.colcon_core.shell:Creating environment hook '/home/cao/ros2ws/install/hapthexa_msgs/share/hapthexa_msgs/hook/pythonpath.ps1'
[1.528s] INFO:colcon.colcon_core.shell:Creating environment descriptor '/home/cao/ros2ws/install/hapthexa_msgs/share/hapthexa_msgs/hook/pythonpath.dsv'
[1.528s] INFO:colcon.colcon_core.shell:Creating environment hook '/home/cao/ros2ws/install/hapthexa_msgs/share/hapthexa_msgs/hook/pythonpath.sh'
[1.530s] Level 1:colcon.colcon_core.environment:checking '/home/cao/ros2ws/install/hapthexa_msgs/bin'
[1.530s] INFO:colcon.colcon_core.shell:Creating package script '/home/cao/ros2ws/install/hapthexa_msgs/share/hapthexa_msgs/package.ps1'
[1.531s] INFO:colcon.colcon_core.shell:Creating package descriptor '/home/cao/ros2ws/install/hapthexa_msgs/share/hapthexa_msgs/package.dsv'
[1.532s] INFO:colcon.colcon_core.shell:Creating package script '/home/cao/ros2ws/install/hapthexa_msgs/share/hapthexa_msgs/package.sh'
[1.533s] INFO:colcon.colcon_core.shell:Creating package script '/home/cao/ros2ws/install/hapthexa_msgs/share/hapthexa_msgs/package.bash'
[1.534s] INFO:colcon.colcon_core.shell:Creating package script '/home/cao/ros2ws/install/hapthexa_msgs/share/hapthexa_msgs/package.zsh'
[1.536s] Level 1:colcon.colcon_core.environment:create_file_with_runtime_dependencies(/home/cao/ros2ws/install/hapthexa_msgs/share/colcon-core/packages/hapthexa_msgs)
[1.924s] Level 1:colcon.colcon_core.environment:create_environment_scripts_only(hapthexa_msgs)
[1.924s] Level 1:colcon.colcon_core.environment:checking '/home/cao/ros2ws/install/hapthexa_msgs' for CMake module files
[1.926s] Level 1:colcon.colcon_core.environment:checking '/home/cao/ros2ws/install/hapthexa_msgs' for CMake config files
[1.927s] Level 1:colcon.colcon_core.shell:create_environment_hook('hapthexa_msgs', 'cmake_prefix_path')
[1.927s] INFO:colcon.colcon_core.shell:Creating environment hook '/home/cao/ros2ws/install/hapthexa_msgs/share/hapthexa_msgs/hook/cmake_prefix_path.ps1'
[1.928s] INFO:colcon.colcon_core.shell:Creating environment descriptor '/home/cao/ros2ws/install/hapthexa_msgs/share/hapthexa_msgs/hook/cmake_prefix_path.dsv'
[1.929s] INFO:colcon.colcon_core.shell:Creating environment hook '/home/cao/ros2ws/install/hapthexa_msgs/share/hapthexa_msgs/hook/cmake_prefix_path.sh'
[1.931s] Level 1:colcon.colcon_core.environment:checking '/home/cao/ros2ws/install/hapthexa_msgs/lib'
[1.931s] Level 1:colcon.colcon_core.shell:create_environment_hook('hapthexa_msgs', 'ld_library_path_lib')
[1.931s] INFO:colcon.colcon_core.shell:Creating environment hook '/home/cao/ros2ws/install/hapthexa_msgs/share/hapthexa_msgs/hook/ld_library_path_lib.ps1'
[1.932s] INFO:colcon.colcon_core.shell:Creating environment descriptor '/home/cao/ros2ws/install/hapthexa_msgs/share/hapthexa_msgs/hook/ld_library_path_lib.dsv'
[1.934s] INFO:colcon.colcon_core.shell:Creating environment hook '/home/cao/ros2ws/install/hapthexa_msgs/share/hapthexa_msgs/hook/ld_library_path_lib.sh'
[1.936s] Level 1:colcon.colcon_core.environment:checking '/home/cao/ros2ws/install/hapthexa_msgs/bin'
[1.936s] Level 1:colcon.colcon_core.environment:checking '/home/cao/ros2ws/install/hapthexa_msgs/lib/pkgconfig/hapthexa_msgs.pc'
[1.936s] Level 1:colcon.colcon_core.environment:checking '/home/cao/ros2ws/install/hapthexa_msgs/lib/python3.12/site-packages'
[1.936s] Level 1:colcon.colcon_core.shell:create_environment_hook('hapthexa_msgs', 'pythonpath')
[1.936s] INFO:colcon.colcon_core.shell:Creating environment hook '/home/cao/ros2ws/install/hapthexa_msgs/share/hapthexa_msgs/hook/pythonpath.ps1'
[1.937s] INFO:colcon.colcon_core.shell:Creating environment descriptor '/home/cao/ros2ws/install/hapthexa_msgs/share/hapthexa_msgs/hook/pythonpath.dsv'
[1.938s] INFO:colcon.colcon_core.shell:Creating environment hook '/home/cao/ros2ws/install/hapthexa_msgs/share/hapthexa_msgs/hook/pythonpath.sh'
[1.941s] Level 1:colcon.colcon_core.environment:checking '/home/cao/ros2ws/install/hapthexa_msgs/bin'
[1.942s] INFO:colcon.colcon_core.shell:Creating package script '/home/cao/ros2ws/install/hapthexa_msgs/share/hapthexa_msgs/package.ps1'
[1.942s] INFO:colcon.colcon_core.shell:Creating package descriptor '/home/cao/ros2ws/install/hapthexa_msgs/share/hapthexa_msgs/package.dsv'
[1.944s] INFO:colcon.colcon_core.shell:Creating package script '/home/cao/ros2ws/install/hapthexa_msgs/share/hapthexa_msgs/package.sh'
[1.945s] INFO:colcon.colcon_core.shell:Creating package script '/home/cao/ros2ws/install/hapthexa_msgs/share/hapthexa_msgs/package.bash'
[1.948s] INFO:colcon.colcon_core.shell:Creating package script '/home/cao/ros2ws/install/hapthexa_msgs/share/hapthexa_msgs/package.zsh'
[1.949s] Level 1:colcon.colcon_core.environment:create_file_with_runtime_dependencies(/home/cao/ros2ws/install/hapthexa_msgs/share/colcon-core/packages/hapthexa_msgs)
[1.950s] INFO:colcon.colcon_ros.task.ament_cmake.build:Building ROS package in '/home/cao/ros2ws/src/hapthexa_dxl_servo' with build type 'ament_cmake'
[1.951s] INFO:colcon.colcon_cmake.task.cmake.build:Building CMake package in '/home/cao/ros2ws/src/hapthexa_dxl_servo'
[1.951s] INFO:colcon.colcon_core.shell:Skip shell extension 'powershell' for command environment: Not usable outside of PowerShell
[1.951s] DEBUG:colcon.colcon_core.shell:Skip shell extension 'dsv' for command environment
[1.956s] INFO:colcon.colcon_ros.task.ament_cmake.build:Building ROS package in '/home/cao/ros2ws/src/hapthexa_main' with build type 'ament_cmake'
[1.956s] INFO:colcon.colcon_cmake.task.cmake.build:Building CMake package in '/home/cao/ros2ws/src/hapthexa_main'
[1.956s] INFO:colcon.colcon_core.shell:Skip shell extension 'powershell' for command environment: Not usable outside of PowerShell
[1.956s] DEBUG:colcon.colcon_core.shell:Skip shell extension 'dsv' for command environment
[1.961s] INFO:colcon.colcon_ros.task.ament_cmake.build:Building ROS package in '/home/cao/ros2ws/src/hapthexa_ode_simulator' with build type 'ament_cmake'
[1.961s] INFO:colcon.colcon_cmake.task.cmake.build:Building CMake package in '/home/cao/ros2ws/src/hapthexa_ode_simulator'
[1.962s] INFO:colcon.colcon_core.shell:Skip shell extension 'powershell' for command environment: Not usable outside of PowerShell
[1.962s] DEBUG:colcon.colcon_core.shell:Skip shell extension 'dsv' for command environment
[1.972s] DEBUG:colcon.colcon_core.event_handler.log_command:Invoking command in '/home/cao/ros2ws/build/hapthexa_dxl_servo': AMENT_PREFIX_PATH=/home/cao/ros2ws/install/hapthexa_msgs:${AMENT_PREFIX_PATH} CMAKE_PREFIX_PATH=/home/cao/ros2ws/install/hapthexa_msgs:/opt/ros/jazzy/opt/gz_math_vendor:/opt/ros/jazzy/opt/gz_utils_vendor:/opt/ros/jazzy/opt/gz_cmake_vendor:/opt/ros/jazzy DEBUGINFOD_URLS=https://debuginfod.ubuntu.com LD_LIBRARY_PATH=/home/cao/ros2ws/install/hapthexa_msgs/lib:${LD_LIBRARY_PATH} PYTHONPATH=/home/cao/ros2ws/install/hapthexa_msgs/lib/python3.12/site-packages:${PYTHONPATH} /usr/bin/cmake --build /home/cao/ros2ws/build/hapthexa_dxl_servo -- -j4 -l4
[1.977s] DEBUG:colcon.colcon_core.event_handler.log_command:Invoking command in '/home/cao/ros2ws/build/hapthexa_main': AMENT_PREFIX_PATH=/home/cao/ros2ws/install/hapthexa_msgs:${AMENT_PREFIX_PATH} CMAKE_PREFIX_PATH=/home/cao/ros2ws/install/hapthexa_msgs:/opt/ros/jazzy/opt/gz_math_vendor:/opt/ros/jazzy/opt/gz_utils_vendor:/opt/ros/jazzy/opt/gz_cmake_vendor:/opt/ros/jazzy DEBUGINFOD_URLS=https://debuginfod.ubuntu.com LD_LIBRARY_PATH=/home/cao/ros2ws/install/hapthexa_msgs/lib:${LD_LIBRARY_PATH} PYTHONPATH=/home/cao/ros2ws/install/hapthexa_msgs/lib/python3.12/site-packages:${PYTHONPATH} /usr/bin/cmake --build /home/cao/ros2ws/build/hapthexa_main -- -j4 -l4
[1.984s] DEBUG:colcon.colcon_core.event_handler.log_command:Invoking command in '/home/cao/ros2ws/build/hapthexa_ode_simulator': AMENT_PREFIX_PATH=/home/cao/ros2ws/install/hapthexa_msgs:${AMENT_PREFIX_PATH} CMAKE_PREFIX_PATH=/home/cao/ros2ws/install/hapthexa_msgs:/opt/ros/jazzy/opt/gz_math_vendor:/opt/ros/jazzy/opt/gz_utils_vendor:/opt/ros/jazzy/opt/gz_cmake_vendor:/opt/ros/jazzy DEBUGINFOD_URLS=https://debuginfod.ubuntu.com LD_LIBRARY_PATH=/home/cao/ros2ws/install/hapthexa_msgs/lib:${LD_LIBRARY_PATH} PYTHONPATH=/home/cao/ros2ws/install/hapthexa_msgs/lib/python3.12/site-packages:${PYTHONPATH} /usr/bin/cmake --build /home/cao/ros2ws/build/hapthexa_ode_simulator -- -j4 -l4
[2.150s] DEBUG:colcon.colcon_core.event_handler.log_command:Invoked command in '/home/cao/ros2ws/build/hapthexa_main' returned '0': AMENT_PREFIX_PATH=/home/cao/ros2ws/install/hapthexa_msgs:${AMENT_PREFIX_PATH} CMAKE_PREFIX_PATH=/home/cao/ros2ws/install/hapthexa_msgs:/opt/ros/jazzy/opt/gz_math_vendor:/opt/ros/jazzy/opt/gz_utils_vendor:/opt/ros/jazzy/opt/gz_cmake_vendor:/opt/ros/jazzy DEBUGINFOD_URLS=https://debuginfod.ubuntu.com LD_LIBRARY_PATH=/home/cao/ros2ws/install/hapthexa_msgs/lib:${LD_LIBRARY_PATH} PYTHONPATH=/home/cao/ros2ws/install/hapthexa_msgs/lib/python3.12/site-packages:${PYTHONPATH} /usr/bin/cmake --build /home/cao/ros2ws/build/hapthexa_main -- -j4 -l4
[2.206s] DEBUG:colcon.colcon_core.event_handler.log_command:Invoking command in '/home/cao/ros2ws/build/hapthexa_main': AMENT_PREFIX_PATH=/home/cao/ros2ws/install/hapthexa_msgs:${AMENT_PREFIX_PATH} CMAKE_PREFIX_PATH=/home/cao/ros2ws/install/hapthexa_msgs:/opt/ros/jazzy/opt/gz_math_vendor:/opt/ros/jazzy/opt/gz_utils_vendor:/opt/ros/jazzy/opt/gz_cmake_vendor:/opt/ros/jazzy DEBUGINFOD_URLS=https://debuginfod.ubuntu.com LD_LIBRARY_PATH=/home/cao/ros2ws/install/hapthexa_msgs/lib:${LD_LIBRARY_PATH} PYTHONPATH=/home/cao/ros2ws/install/hapthexa_msgs/lib/python3.12/site-packages:${PYTHONPATH} /usr/bin/cmake --install /home/cao/ros2ws/build/hapthexa_main
[2.292s] Level 1:colcon.colcon_core.environment:create_environment_scripts_only(hapthexa_main)
[2.293s] Level 1:colcon.colcon_core.environment:checking '/home/cao/ros2ws/install/hapthexa_main' for CMake module files
[2.294s] Level 1:colcon.colcon_core.environment:checking '/home/cao/ros2ws/install/hapthexa_main' for CMake config files
[2.295s] DEBUG:colcon.colcon_core.event_handler.log_command:Invoked command in '/home/cao/ros2ws/build/hapthexa_main' returned '0': AMENT_PREFIX_PATH=/home/cao/ros2ws/install/hapthexa_msgs:${AMENT_PREFIX_PATH} CMAKE_PREFIX_PATH=/home/cao/ros2ws/install/hapthexa_msgs:/opt/ros/jazzy/opt/gz_math_vendor:/opt/ros/jazzy/opt/gz_utils_vendor:/opt/ros/jazzy/opt/gz_cmake_vendor:/opt/ros/jazzy DEBUGINFOD_URLS=https://debuginfod.ubuntu.com LD_LIBRARY_PATH=/home/cao/ros2ws/install/hapthexa_msgs/lib:${LD_LIBRARY_PATH} PYTHONPATH=/home/cao/ros2ws/install/hapthexa_msgs/lib/python3.12/site-packages:${PYTHONPATH} /usr/bin/cmake --install /home/cao/ros2ws/build/hapthexa_main
[2.295s] Level 1:colcon.colcon_core.shell:create_environment_hook('hapthexa_main', 'cmake_prefix_path')
[2.296s] INFO:colcon.colcon_core.shell:Creating environment hook '/home/cao/ros2ws/install/hapthexa_main/share/hapthexa_main/hook/cmake_prefix_path.ps1'
[2.297s] INFO:colcon.colcon_core.shell:Creating environment descriptor '/home/cao/ros2ws/install/hapthexa_main/share/hapthexa_main/hook/cmake_prefix_path.dsv'
[2.298s] INFO:colcon.colcon_core.shell:Creating environment hook '/home/cao/ros2ws/install/hapthexa_main/share/hapthexa_main/hook/cmake_prefix_path.sh'
[2.299s] Level 1:colcon.colcon_core.environment:checking '/home/cao/ros2ws/install/hapthexa_main/lib'
[2.299s] Level 1:colcon.colcon_core.environment:checking '/home/cao/ros2ws/install/hapthexa_main/bin'
[2.299s] Level 1:colcon.colcon_core.environment:checking '/home/cao/ros2ws/install/hapthexa_main/lib/pkgconfig/hapthexa_main.pc'
[2.300s] Level 1:colcon.colcon_core.environment:checking '/home/cao/ros2ws/install/hapthexa_main/lib/python3.12/site-packages'
[2.300s] Level 1:colcon.colcon_core.environment:checking '/home/cao/ros2ws/install/hapthexa_main/bin'
[2.301s] INFO:colcon.colcon_core.shell:Creating package script '/home/cao/ros2ws/install/hapthexa_main/share/hapthexa_main/package.ps1'
[2.301s] INFO:colcon.colcon_core.shell:Creating package descriptor '/home/cao/ros2ws/install/hapthexa_main/share/hapthexa_main/package.dsv'
[2.302s] INFO:colcon.colcon_core.shell:Creating package script '/home/cao/ros2ws/install/hapthexa_main/share/hapthexa_main/package.sh'
[2.303s] INFO:colcon.colcon_core.shell:Creating package script '/home/cao/ros2ws/install/hapthexa_main/share/hapthexa_main/package.bash'
[2.303s] INFO:colcon.colcon_core.shell:Creating package script '/home/cao/ros2ws/install/hapthexa_main/share/hapthexa_main/package.zsh'
[2.304s] Level 1:colcon.colcon_core.environment:create_file_with_runtime_dependencies(/home/cao/ros2ws/install/hapthexa_main/share/colcon-core/packages/hapthexa_main)
[2.357s] Level 1:colcon.colcon_core.environment:create_environment_scripts_only(hapthexa_main)
[2.359s] Level 1:colcon.colcon_core.environment:checking '/home/cao/ros2ws/install/hapthexa_main' for CMake module files
[2.360s] Level 1:colcon.colcon_core.environment:checking '/home/cao/ros2ws/install/hapthexa_main' for CMake config files
[2.361s] Level 1:colcon.colcon_core.shell:create_environment_hook('hapthexa_main', 'cmake_prefix_path')
[2.361s] INFO:colcon.colcon_core.shell:Creating environment hook '/home/cao/ros2ws/install/hapthexa_main/share/hapthexa_main/hook/cmake_prefix_path.ps1'
[2.362s] INFO:colcon.colcon_core.shell:Creating environment descriptor '/home/cao/ros2ws/install/hapthexa_main/share/hapthexa_main/hook/cmake_prefix_path.dsv'
[2.363s] INFO:colcon.colcon_core.shell:Creating environment hook '/home/cao/ros2ws/install/hapthexa_main/share/hapthexa_main/hook/cmake_prefix_path.sh'
[2.365s] Level 1:colcon.colcon_core.environment:checking '/home/cao/ros2ws/install/hapthexa_main/lib'
[2.365s] Level 1:colcon.colcon_core.environment:checking '/home/cao/ros2ws/install/hapthexa_main/bin'
[2.365s] Level 1:colcon.colcon_core.environment:checking '/home/cao/ros2ws/install/hapthexa_main/lib/pkgconfig/hapthexa_main.pc'
[2.365s] Level 1:colcon.colcon_core.environment:checking '/home/cao/ros2ws/install/hapthexa_main/lib/python3.12/site-packages'
[2.366s] Level 1:colcon.colcon_core.environment:checking '/home/cao/ros2ws/install/hapthexa_main/bin'
[2.366s] INFO:colcon.colcon_core.shell:Creating package script '/home/cao/ros2ws/install/hapthexa_main/share/hapthexa_main/package.ps1'
[2.368s] INFO:colcon.colcon_core.shell:Creating package descriptor '/home/cao/ros2ws/install/hapthexa_main/share/hapthexa_main/package.dsv'
[2.369s] INFO:colcon.colcon_core.shell:Creating package script '/home/cao/ros2ws/install/hapthexa_main/share/hapthexa_main/package.sh'
[2.370s] INFO:colcon.colcon_core.shell:Creating package script '/home/cao/ros2ws/install/hapthexa_main/share/hapthexa_main/package.bash'
[2.371s] INFO:colcon.colcon_core.shell:Creating package script '/home/cao/ros2ws/install/hapthexa_main/share/hapthexa_main/package.zsh'
[2.373s] Level 1:colcon.colcon_core.environment:create_file_with_runtime_dependencies(/home/cao/ros2ws/install/hapthexa_main/share/colcon-core/packages/hapthexa_main)
[2.599s] DEBUG:colcon.colcon_core.event_handler.log_command:Invoked command in '/home/cao/ros2ws/build/hapthexa_ode_simulator' returned '2': AMENT_PREFIX_PATH=/home/cao/ros2ws/install/hapthexa_msgs:${AMENT_PREFIX_PATH} CMAKE_PREFIX_PATH=/home/cao/ros2ws/install/hapthexa_msgs:/opt/ros/jazzy/opt/gz_math_vendor:/opt/ros/jazzy/opt/gz_utils_vendor:/opt/ros/jazzy/opt/gz_cmake_vendor:/opt/ros/jazzy DEBUGINFOD_URLS=https://debuginfod.ubuntu.com LD_LIBRARY_PATH=/home/cao/ros2ws/install/hapthexa_msgs/lib:${LD_LIBRARY_PATH} PYTHONPATH=/home/cao/ros2ws/install/hapthexa_msgs/lib/python3.12/site-packages:${PYTHONPATH} /usr/bin/cmake --build /home/cao/ros2ws/build/hapthexa_ode_simulator -- -j4 -l4
[2.647s] Level 1:colcon.colcon_core.environment:create_environment_scripts_only(hapthexa_ode_simulator)
[2.648s] Level 1:colcon.colcon_core.environment:checking '/home/cao/ros2ws/install/hapthexa_ode_simulator' for CMake module files
[2.648s] Level 1:colcon.colcon_core.environment:checking '/home/cao/ros2ws/install/hapthexa_ode_simulator' for CMake config files
[2.649s] Level 1:colcon.colcon_core.environment:checking '/home/cao/ros2ws/install/hapthexa_ode_simulator/bin'
[2.649s] Level 1:colcon.colcon_core.environment:checking '/home/cao/ros2ws/install/hapthexa_ode_simulator/lib/pkgconfig/hapthexa_ode_simulator.pc'
[2.649s] Level 1:colcon.colcon_core.environment:checking '/home/cao/ros2ws/install/hapthexa_ode_simulator/lib/python3.12/site-packages'
[2.649s] Level 1:colcon.colcon_core.environment:checking '/home/cao/ros2ws/install/hapthexa_ode_simulator/bin'
[2.649s] INFO:colcon.colcon_core.shell:Creating package script '/home/cao/ros2ws/install/hapthexa_ode_simulator/share/hapthexa_ode_simulator/package.ps1'
[2.650s] INFO:colcon.colcon_core.shell:Creating package descriptor '/home/cao/ros2ws/install/hapthexa_ode_simulator/share/hapthexa_ode_simulator/package.dsv'
[2.651s] INFO:colcon.colcon_core.shell:Creating package script '/home/cao/ros2ws/install/hapthexa_ode_simulator/share/hapthexa_ode_simulator/package.sh'
[2.651s] INFO:colcon.colcon_core.shell:Creating package script '/home/cao/ros2ws/install/hapthexa_ode_simulator/share/hapthexa_ode_simulator/package.bash'
[2.652s] INFO:colcon.colcon_core.shell:Creating package script '/home/cao/ros2ws/install/hapthexa_ode_simulator/share/hapthexa_ode_simulator/package.zsh'
[2.652s] Level 1:colcon.colcon_core.environment:create_file_with_runtime_dependencies(/home/cao/ros2ws/install/hapthexa_ode_simulator/share/colcon-core/packages/hapthexa_ode_simulator)
[19.168s] DEBUG:colcon.colcon_parallel_executor.executor.parallel:closing loop
[19.168s] DEBUG:colcon.colcon_parallel_executor.executor.parallel:loop closed
[19.168s] DEBUG:colcon.colcon_parallel_executor.executor.parallel:run_until_complete finished with '2'
[19.168s] DEBUG:colcon.colcon_core.event_reactor:joining thread
[19.177s] INFO:colcon.colcon_core.plugin_system:Skipping extension 'colcon_notification.desktop_notification.terminal_notifier': Not used on non-Darwin systems
[19.178s] INFO:colcon.colcon_core.plugin_system:Skipping extension 'colcon_notification.desktop_notification.win32': Not used on non-Windows systems
[19.178s] INFO:colcon.colcon_notification.desktop_notification:Sending desktop notification using 'notify2'
[19.195s] DEBUG:colcon.colcon_core.event_reactor:joined thread
[19.195s] INFO:colcon.colcon_core.shell:Creating prefix script '/home/cao/ros2ws/install/local_setup.ps1'
[19.197s] INFO:colcon.colcon_core.shell:Creating prefix util module '/home/cao/ros2ws/install/_local_setup_util_ps1.py'
[19.198s] INFO:colcon.colcon_core.shell:Creating prefix chain script '/home/cao/ros2ws/install/setup.ps1'
[19.199s] INFO:colcon.colcon_core.shell:Creating prefix script '/home/cao/ros2ws/install/local_setup.sh'
[19.201s] INFO:colcon.colcon_core.shell:Creating prefix util module '/home/cao/ros2ws/install/_local_setup_util_sh.py'
[19.202s] INFO:colcon.colcon_core.shell:Creating prefix chain script '/home/cao/ros2ws/install/setup.sh'
[19.204s] INFO:colcon.colcon_core.shell:Creating prefix script '/home/cao/ros2ws/install/local_setup.bash'
[19.205s] INFO:colcon.colcon_core.shell:Creating prefix chain script '/home/cao/ros2ws/install/setup.bash'
[19.207s] INFO:colcon.colcon_core.shell:Creating prefix script '/home/cao/ros2ws/install/local_setup.zsh'
[19.208s] INFO:colcon.colcon_core.shell:Creating prefix chain script '/home/cao/ros2ws/install/setup.zsh'
