[0.094s] Invoking command in '/home/cao/ros2ws/build/hapthexa_main': CMAKE_PREFIX_PATH=/home/cao/ros2ws/install/hapthexa_msgs:/home/cao/ros2ws/install/v4l2_camera:/home/cao/ros2ws/install/hapthexa_main:/home/cao/ros2ws/install/hapthexa_dxl_servo:/opt/ros/jazzy/opt/gz_math_vendor:/opt/ros/jazzy/opt/gz_utils_vendor:/opt/ros/jazzy/opt/gz_cmake_vendor:/opt/ros/jazzy DEBUGINFOD_URLS=https://debuginfod.ubuntu.com LD_LIBRARY_PATH=/home/cao/ros2ws/install/hapthexa_msgs/lib:/home/cao/ros2ws/install/v4l2_camera/lib:/opt/ros/jazzy/opt/rviz_ogre_vendor/lib:/opt/ros/jazzy/lib/aarch64-linux-gnu:/opt/ros/jazzy/opt/gz_math_vendor/lib:/opt/ros/jazzy/opt/gz_utils_vendor/lib:/opt/ros/jazzy/opt/gz_cmake_vendor/lib:/opt/ros/jazzy/lib /usr/bin/cmake --build /home/cao/ros2ws/build/hapthexa_main -- -j4 -l4
[0.615s] [100%] Built target hapthexa_leg
[0.703s] Invoked command in '/home/cao/ros2ws/build/hapthexa_main' returned '0': CMAKE_PREFIX_PATH=/home/cao/ros2ws/install/hapthexa_msgs:/home/cao/ros2ws/install/v4l2_camera:/home/cao/ros2ws/install/hapthexa_main:/home/cao/ros2ws/install/hapthexa_dxl_servo:/opt/ros/jazzy/opt/gz_math_vendor:/opt/ros/jazzy/opt/gz_utils_vendor:/opt/ros/jazzy/opt/gz_cmake_vendor:/opt/ros/jazzy DEBUGINFOD_URLS=https://debuginfod.ubuntu.com LD_LIBRARY_PATH=/home/cao/ros2ws/install/hapthexa_msgs/lib:/home/cao/ros2ws/install/v4l2_camera/lib:/opt/ros/jazzy/opt/rviz_ogre_vendor/lib:/opt/ros/jazzy/lib/aarch64-linux-gnu:/opt/ros/jazzy/opt/gz_math_vendor/lib:/opt/ros/jazzy/opt/gz_utils_vendor/lib:/opt/ros/jazzy/opt/gz_cmake_vendor/lib:/opt/ros/jazzy/lib /usr/bin/cmake --build /home/cao/ros2ws/build/hapthexa_main -- -j4 -l4
[0.918s] Invoking command in '/home/cao/ros2ws/build/hapthexa_main': CMAKE_PREFIX_PATH=/home/cao/ros2ws/install/hapthexa_msgs:/home/cao/ros2ws/install/v4l2_camera:/home/cao/ros2ws/install/hapthexa_main:/home/cao/ros2ws/install/hapthexa_dxl_servo:/opt/ros/jazzy/opt/gz_math_vendor:/opt/ros/jazzy/opt/gz_utils_vendor:/opt/ros/jazzy/opt/gz_cmake_vendor:/opt/ros/jazzy DEBUGINFOD_URLS=https://debuginfod.ubuntu.com LD_LIBRARY_PATH=/home/cao/ros2ws/install/hapthexa_msgs/lib:/home/cao/ros2ws/install/v4l2_camera/lib:/opt/ros/jazzy/opt/rviz_ogre_vendor/lib:/opt/ros/jazzy/lib/aarch64-linux-gnu:/opt/ros/jazzy/opt/gz_math_vendor/lib:/opt/ros/jazzy/opt/gz_utils_vendor/lib:/opt/ros/jazzy/opt/gz_cmake_vendor/lib:/opt/ros/jazzy/lib /usr/bin/cmake --install /home/cao/ros2ws/build/hapthexa_main
[1.124s] -- Install configuration: ""
[1.124s] -- Up-to-date: /home/cao/ros2ws/install/hapthexa_main/lib/hapthexa_main/hapthexa_leg
[1.125s] -- Up-to-date: /home/cao/ros2ws/install/hapthexa_main/lib/hapthexa_main/__init__.py
[1.125s] -- Installing: /home/cao/ros2ws/install/hapthexa_main/lib/hapthexa_main/attitude_controller.py
[1.125s] -- Up-to-date: /home/cao/ros2ws/install/hapthexa_main/lib/hapthexa_main/omni_walk.py
[1.125s] -- Up-to-date: /home/cao/ros2ws/install/hapthexa_main/lib/hapthexa_main/relative_rough_walk.py
[1.130s] -- Up-to-date: /home/cao/ros2ws/install/hapthexa_main/lib/hapthexa_main/relative_simple_walk.py
[1.151s] -- Up-to-date: /home/cao/ros2ws/install/hapthexa_main/lib/hapthexa_main/rough_omni.py
[1.152s] -- Up-to-date: /home/cao/ros2ws/install/hapthexa_main/lib/hapthexa_main/rough_walk.py
[1.152s] -- Up-to-date: /home/cao/ros2ws/install/hapthexa_main/lib/hapthexa_main/roughwalk_action.py
[1.152s] -- Up-to-date: /home/cao/ros2ws/install/hapthexa_main/lib/hapthexa_main/sensor_checker.py
[1.152s] -- Up-to-date: /home/cao/ros2ws/install/hapthexa_main/lib/hapthexa_main/simple_walk.py
[1.177s] -- Up-to-date: /home/cao/ros2ws/install/hapthexa_main/lib/hapthexa_main/simplewalk_action.py
[1.178s] -- Up-to-date: /home/cao/ros2ws/install/hapthexa_main/lib/hapthexa_main/test_roughwalk_action.py
[1.178s] -- Up-to-date: /home/cao/ros2ws/install/hapthexa_main/lib/hapthexa_main/test_simplewalk_flonly.py
[1.178s] -- Up-to-date: /home/cao/ros2ws/install/hapthexa_main/lib/hapthexa_main/wakeup_by_action.py
[1.178s] -- Up-to-date: /home/cao/ros2ws/install/hapthexa_main/share/hapthexa_main/launch.py
[1.181s] -- Up-to-date: /home/cao/ros2ws/install/hapthexa_main/share/hapthexa_main/launch2.py
[1.181s] -- Up-to-date: /home/cao/ros2ws/install/hapthexa_main/share/ament_index/resource_index/package_run_dependencies/hapthexa_main
[1.181s] -- Up-to-date: /home/cao/ros2ws/install/hapthexa_main/share/ament_index/resource_index/parent_prefix_path/hapthexa_main
[1.181s] -- Up-to-date: /home/cao/ros2ws/install/hapthexa_main/share/hapthexa_main/environment/ament_prefix_path.sh
[1.181s] -- Up-to-date: /home/cao/ros2ws/install/hapthexa_main/share/hapthexa_main/environment/ament_prefix_path.dsv
[1.189s] -- Up-to-date: /home/cao/ros2ws/install/hapthexa_main/share/hapthexa_main/environment/path.sh
[1.189s] -- Up-to-date: /home/cao/ros2ws/install/hapthexa_main/share/hapthexa_main/environment/path.dsv
[1.218s] -- Up-to-date: /home/cao/ros2ws/install/hapthexa_main/share/hapthexa_main/local_setup.bash
[1.218s] -- Up-to-date: /home/cao/ros2ws/install/hapthexa_main/share/hapthexa_main/local_setup.sh
[1.218s] -- Up-to-date: /home/cao/ros2ws/install/hapthexa_main/share/hapthexa_main/local_setup.zsh
[1.219s] -- Up-to-date: /home/cao/ros2ws/install/hapthexa_main/share/hapthexa_main/local_setup.dsv
[1.219s] -- Installing: /home/cao/ros2ws/install/hapthexa_main/share/hapthexa_main/package.dsv
[1.219s] -- Up-to-date: /home/cao/ros2ws/install/hapthexa_main/share/ament_index/resource_index/packages/hapthexa_main
[1.219s] -- Up-to-date: /home/cao/ros2ws/install/hapthexa_main/share/hapthexa_main/cmake/hapthexa_mainConfig.cmake
[1.219s] -- Up-to-date: /home/cao/ros2ws/install/hapthexa_main/share/hapthexa_main/cmake/hapthexa_mainConfig-version.cmake
[1.219s] -- Up-to-date: /home/cao/ros2ws/install/hapthexa_main/share/hapthexa_main/package.xml
[1.272s] Invoked command in '/home/cao/ros2ws/build/hapthexa_main' returned '0': CMAKE_PREFIX_PATH=/home/cao/ros2ws/install/hapthexa_msgs:/home/cao/ros2ws/install/v4l2_camera:/home/cao/ros2ws/install/hapthexa_main:/home/cao/ros2ws/install/hapthexa_dxl_servo:/opt/ros/jazzy/opt/gz_math_vendor:/opt/ros/jazzy/opt/gz_utils_vendor:/opt/ros/jazzy/opt/gz_cmake_vendor:/opt/ros/jazzy DEBUGINFOD_URLS=https://debuginfod.ubuntu.com LD_LIBRARY_PATH=/home/cao/ros2ws/install/hapthexa_msgs/lib:/home/cao/ros2ws/install/v4l2_camera/lib:/opt/ros/jazzy/opt/rviz_ogre_vendor/lib:/opt/ros/jazzy/lib/aarch64-linux-gnu:/opt/ros/jazzy/opt/gz_math_vendor/lib:/opt/ros/jazzy/opt/gz_utils_vendor/lib:/opt/ros/jazzy/opt/gz_cmake_vendor/lib:/opt/ros/jazzy/lib /usr/bin/cmake --install /home/cao/ros2ws/build/hapthexa_main
