[0.063s] Invoking command in '/home/cao/ros2ws/build/hapthexa_msgs': CMAKE_PREFIX_PATH=${CMAKE_PREFIX_PATH}:/opt/ros/jazzy DEBUGINFOD_URLS=https://debuginfod.ubuntu.com /usr/bin/cmake --build /home/cao/ros2ws/build/hapthexa_msgs -- -j4 -l4
[0.164s] [  1%] Built target hapthexa_msgs__rosidl_generator_type_description
[0.189s] [  1%] Built target ament_cmake_python_copy_hapthexa_msgs
[0.206s] [  1%] Built target hapthexa_msgs__cpp
[0.218s] [ 27%] Built target hapthexa_msgs__rosidl_generator_c
[0.274s] [ 54%] Built target hapthexa_msgs__rosidl_typesupport_cpp
[0.274s] [ 54%] Built target hapthexa_msgs__rosidl_typesupport_fastrtps_c
[0.274s] [ 56%] Built target hapthexa_msgs__rosidl_typesupport_fastrtps_cpp
[0.326s] [ 84%] Built target hapthexa_msgs__rosidl_typesupport_introspection_c
[0.327s] [ 85%] Built target hapthexa_msgs__rosidl_typesupport_introspection_cpp
[0.327s] [ 85%] Built target hapthexa_msgs__rosidl_typesupport_c
[0.364s] [ 85%] Built target hapthexa_msgs
[0.401s] [ 86%] Built target hapthexa_msgs__py
[0.446s] [ 95%] Built target hapthexa_msgs__rosidl_generator_py
[0.497s] [ 98%] Built target hapthexa_msgs_s__rosidl_typesupport_fastrtps_c
[0.497s] [100%] Built target hapthexa_msgs_s__rosidl_typesupport_introspection_c
[0.497s] [100%] Built target hapthexa_msgs_s__rosidl_typesupport_c
[0.548s] running egg_info
[0.573s] writing hapthexa_msgs.egg-info/PKG-INFO
[0.573s] writing dependency_links to hapthexa_msgs.egg-info/dependency_links.txt
[0.574s] writing top-level names to hapthexa_msgs.egg-info/top_level.txt
[0.648s] reading manifest file 'hapthexa_msgs.egg-info/SOURCES.txt'
[0.649s] writing manifest file 'hapthexa_msgs.egg-info/SOURCES.txt'
[0.716s] [100%] Built target ament_cmake_python_build_hapthexa_msgs_egg
