[0.122s] Invoking command in '/home/cao/ros2ws/build/hapthexa_main': CMAKE_PREFIX_PATH=/home/cao/ros2ws/install/hapthexa_msgs:/home/cao/ros2ws/install/hapthexa_main:/home/cao/ros2ws/install/hapthexa_dxl_servo:/opt/ros/jazzy/opt/gz_math_vendor:/opt/ros/jazzy/opt/gz_utils_vendor:/opt/ros/jazzy/opt/gz_cmake_vendor:/opt/ros/jazzy DEBUGINFOD_URLS=https://debuginfod.ubuntu.com /usr/bin/cmake --build /home/cao/ros2ws/build/hapthexa_main -- -j4 -l4
[0.723s] [100%] Built target hapthexa_leg
[0.843s] Invoked command in '/home/cao/ros2ws/build/hapthexa_main' returned '0': CMAKE_PREFIX_PATH=/home/cao/ros2ws/install/hapthexa_msgs:/home/cao/ros2ws/install/hapthexa_main:/home/cao/ros2ws/install/hapthexa_dxl_servo:/opt/ros/jazzy/opt/gz_math_vendor:/opt/ros/jazzy/opt/gz_utils_vendor:/opt/ros/jazzy/opt/gz_cmake_vendor:/opt/ros/jazzy DEBUGINFOD_URLS=https://debuginfod.ubuntu.com /usr/bin/cmake --build /home/cao/ros2ws/build/hapthexa_main -- -j4 -l4
[1.183s] Invoking command in '/home/cao/ros2ws/build/hapthexa_main': CMAKE_PREFIX_PATH=/home/cao/ros2ws/install/hapthexa_msgs:/home/cao/ros2ws/install/hapthexa_main:/home/cao/ros2ws/install/hapthexa_dxl_servo:/opt/ros/jazzy/opt/gz_math_vendor:/opt/ros/jazzy/opt/gz_utils_vendor:/opt/ros/jazzy/opt/gz_cmake_vendor:/opt/ros/jazzy DEBUGINFOD_URLS=https://debuginfod.ubuntu.com /usr/bin/cmake --install /home/cao/ros2ws/build/hapthexa_main
[1.332s] -- Install configuration: ""
[1.337s] -- Up-to-date: /home/cao/ros2ws/install/hapthexa_main/lib/hapthexa_main/hapthexa_leg
[1.349s] -- Up-to-date: /home/cao/ros2ws/install/hapthexa_main/lib/hapthexa_main/__init__.py
[1.358s] -- Up-to-date: /home/cao/ros2ws/install/hapthexa_main/lib/hapthexa_main/attitude_controller.py
[1.359s] -- Installing: /home/cao/ros2ws/install/hapthexa_main/lib/hapthexa_main/omni_walk.py
[1.366s] -- Up-to-date: /home/cao/ros2ws/install/hapthexa_main/lib/hapthexa_main/relative_rough_walk.py
[1.367s] -- Up-to-date: /home/cao/ros2ws/install/hapthexa_main/lib/hapthexa_main/relative_simple_walk.py
[1.371s] -- Up-to-date: /home/cao/ros2ws/install/hapthexa_main/lib/hapthexa_main/rough_walk.py
[1.374s] -- Up-to-date: /home/cao/ros2ws/install/hapthexa_main/lib/hapthexa_main/roughwalk_action.py
[1.375s] -- Up-to-date: /home/cao/ros2ws/install/hapthexa_main/lib/hapthexa_main/sensor_checker.py
[1.382s] -- Up-to-date: /home/cao/ros2ws/install/hapthexa_main/lib/hapthexa_main/simple_walk.py
[1.386s] -- Up-to-date: /home/cao/ros2ws/install/hapthexa_main/lib/hapthexa_main/simplewalk_action.py
[1.387s] -- Up-to-date: /home/cao/ros2ws/install/hapthexa_main/lib/hapthexa_main/test_roughwalk_action.py
[1.395s] -- Up-to-date: /home/cao/ros2ws/install/hapthexa_main/lib/hapthexa_main/test_simplewalk_flonly.py
[1.402s] -- Up-to-date: /home/cao/ros2ws/install/hapthexa_main/lib/hapthexa_main/wakeup_by_action.py
[1.408s] -- Up-to-date: /home/cao/ros2ws/install/hapthexa_main/share/hapthexa_main/launch.py
[1.415s] -- Up-to-date: /home/cao/ros2ws/install/hapthexa_main/share/hapthexa_main/launch2.py
[1.416s] -- Up-to-date: /home/cao/ros2ws/install/hapthexa_main/share/ament_index/resource_index/package_run_dependencies/hapthexa_main
[1.423s] -- Up-to-date: /home/cao/ros2ws/install/hapthexa_main/share/ament_index/resource_index/parent_prefix_path/hapthexa_main
[1.425s] -- Up-to-date: /home/cao/ros2ws/install/hapthexa_main/share/hapthexa_main/environment/ament_prefix_path.sh
[1.431s] -- Up-to-date: /home/cao/ros2ws/install/hapthexa_main/share/hapthexa_main/environment/ament_prefix_path.dsv
[1.438s] -- Up-to-date: /home/cao/ros2ws/install/hapthexa_main/share/hapthexa_main/environment/path.sh
[1.440s] -- Up-to-date: /home/cao/ros2ws/install/hapthexa_main/share/hapthexa_main/environment/path.dsv
[1.441s] -- Up-to-date: /home/cao/ros2ws/install/hapthexa_main/share/hapthexa_main/local_setup.bash
[1.441s] -- Up-to-date: /home/cao/ros2ws/install/hapthexa_main/share/hapthexa_main/local_setup.sh
[1.441s] -- Up-to-date: /home/cao/ros2ws/install/hapthexa_main/share/hapthexa_main/local_setup.zsh
[1.442s] -- Up-to-date: /home/cao/ros2ws/install/hapthexa_main/share/hapthexa_main/local_setup.dsv
[1.442s] -- Installing: /home/cao/ros2ws/install/hapthexa_main/share/hapthexa_main/package.dsv
[1.462s] -- Up-to-date: /home/cao/ros2ws/install/hapthexa_main/share/ament_index/resource_index/packages/hapthexa_main
[1.463s] -- Up-to-date: /home/cao/ros2ws/install/hapthexa_main/share/hapthexa_main/cmake/hapthexa_mainConfig.cmake
[1.463s] -- Up-to-date: /home/cao/ros2ws/install/hapthexa_main/share/hapthexa_main/cmake/hapthexa_mainConfig-version.cmake
[1.463s] -- Up-to-date: /home/cao/ros2ws/install/hapthexa_main/share/hapthexa_main/package.xml
[1.464s] Invoked command in '/home/cao/ros2ws/build/hapthexa_main' returned '0': CMAKE_PREFIX_PATH=/home/cao/ros2ws/install/hapthexa_msgs:/home/cao/ros2ws/install/hapthexa_main:/home/cao/ros2ws/install/hapthexa_dxl_servo:/opt/ros/jazzy/opt/gz_math_vendor:/opt/ros/jazzy/opt/gz_utils_vendor:/opt/ros/jazzy/opt/gz_cmake_vendor:/opt/ros/jazzy DEBUGINFOD_URLS=https://debuginfod.ubuntu.com /usr/bin/cmake --install /home/cao/ros2ws/build/hapthexa_main
