[0.098s] Invoking command in '/home/cao/ros2ws/build/hapthexa_dxl_servo': CMAKE_PREFIX_PATH=/home/cao/ros2ws/install/hapthexa_msgs:/home/cao/ros2ws/install/hapthexa_main:/home/cao/ros2ws/install/hapthexa_dxl_servo:/opt/ros/jazzy/opt/gz_math_vendor:/opt/ros/jazzy/opt/gz_utils_vendor:/opt/ros/jazzy/opt/gz_cmake_vendor:/opt/ros/jazzy DEBUGINFOD_URLS=https://debuginfod.ubuntu.com /usr/bin/cmake --build /home/cao/ros2ws/build/hapthexa_dxl_servo -- -j4 -l4
[0.369s] [ 71%] Built target dynamixel_workbench
[0.557s] [100%] Built target hapthexa_servo
[0.599s] Invoked command in '/home/cao/ros2ws/build/hapthexa_dxl_servo' returned '0': CMAKE_PREFIX_PATH=/home/cao/ros2ws/install/hapthexa_msgs:/home/cao/ros2ws/install/hapthexa_main:/home/cao/ros2ws/install/hapthexa_dxl_servo:/opt/ros/jazzy/opt/gz_math_vendor:/opt/ros/jazzy/opt/gz_utils_vendor:/opt/ros/jazzy/opt/gz_cmake_vendor:/opt/ros/jazzy DEBUGINFOD_URLS=https://debuginfod.ubuntu.com /usr/bin/cmake --build /home/cao/ros2ws/build/hapthexa_dxl_servo -- -j4 -l4
[0.850s] Invoking command in '/home/cao/ros2ws/build/hapthexa_dxl_servo': CMAKE_PREFIX_PATH=/home/cao/ros2ws/install/hapthexa_msgs:/home/cao/ros2ws/install/hapthexa_main:/home/cao/ros2ws/install/hapthexa_dxl_servo:/opt/ros/jazzy/opt/gz_math_vendor:/opt/ros/jazzy/opt/gz_utils_vendor:/opt/ros/jazzy/opt/gz_cmake_vendor:/opt/ros/jazzy DEBUGINFOD_URLS=https://debuginfod.ubuntu.com /usr/bin/cmake --install /home/cao/ros2ws/build/hapthexa_dxl_servo
[0.952s] -- Install configuration: ""
[0.952s] -- Up-to-date: /home/cao/ros2ws/install/hapthexa_dxl_servo/lib/hapthexa_dxl_servo/hapthexa_servo
[0.957s] -- Up-to-date: /home/cao/ros2ws/install/hapthexa_dxl_servo/lib/hapthexa_dxl_servo/force_sensor.py
[0.961s] -- Up-to-date: /home/cao/ros2ws/install/hapthexa_dxl_servo/lib/hapthexa_dxl_servo/force_sensor_calibrate.py
[0.965s] -- Up-to-date: /home/cao/ros2ws/install/hapthexa_dxl_servo/lib/hapthexa_dxl_servo/forcesensor_read.py
[0.965s] -- Up-to-date: /home/cao/ros2ws/install/hapthexa_dxl_servo/share/hapthexa_dxl_servo/launch.py
[0.965s] -- Up-to-date: /home/cao/ros2ws/install/hapthexa_dxl_servo/share/hapthexa_dxl_servo/config
[0.966s] -- Up-to-date: /home/cao/ros2ws/install/hapthexa_dxl_servo/share/hapthexa_dxl_servo/config/front_left.yaml
[0.966s] -- Up-to-date: /home/cao/ros2ws/install/hapthexa_dxl_servo/share/hapthexa_dxl_servo/config/rear_left.yaml
[0.966s] -- Up-to-date: /home/cao/ros2ws/install/hapthexa_dxl_servo/share/hapthexa_dxl_servo/config/middle_right.yaml
[0.966s] -- Up-to-date: /home/cao/ros2ws/install/hapthexa_dxl_servo/share/hapthexa_dxl_servo/config/rear_right.yaml
[0.966s] -- Up-to-date: /home/cao/ros2ws/install/hapthexa_dxl_servo/share/hapthexa_dxl_servo/config/front_right.yaml
[0.966s] -- Up-to-date: /home/cao/ros2ws/install/hapthexa_dxl_servo/share/hapthexa_dxl_servo/config/middle_left.yaml
[0.966s] -- Up-to-date: /home/cao/ros2ws/install/hapthexa_dxl_servo/share/ament_index/resource_index/package_run_dependencies/hapthexa_dxl_servo
[0.970s] -- Up-to-date: /home/cao/ros2ws/install/hapthexa_dxl_servo/share/ament_index/resource_index/parent_prefix_path/hapthexa_dxl_servo
[0.971s] -- Up-to-date: /home/cao/ros2ws/install/hapthexa_dxl_servo/share/hapthexa_dxl_servo/environment/ament_prefix_path.sh
[0.973s] -- Up-to-date: /home/cao/ros2ws/install/hapthexa_dxl_servo/share/hapthexa_dxl_servo/environment/ament_prefix_path.dsv
[0.976s] -- Up-to-date: /home/cao/ros2ws/install/hapthexa_dxl_servo/share/hapthexa_dxl_servo/environment/path.sh
[0.976s] -- Up-to-date: /home/cao/ros2ws/install/hapthexa_dxl_servo/share/hapthexa_dxl_servo/environment/path.dsv
[0.977s] -- Up-to-date: /home/cao/ros2ws/install/hapthexa_dxl_servo/share/hapthexa_dxl_servo/local_setup.bash
[0.977s] -- Up-to-date: /home/cao/ros2ws/install/hapthexa_dxl_servo/share/hapthexa_dxl_servo/local_setup.sh
[0.977s] -- Up-to-date: /home/cao/ros2ws/install/hapthexa_dxl_servo/share/hapthexa_dxl_servo/local_setup.zsh
[0.977s] -- Up-to-date: /home/cao/ros2ws/install/hapthexa_dxl_servo/share/hapthexa_dxl_servo/local_setup.dsv
[0.977s] -- Installing: /home/cao/ros2ws/install/hapthexa_dxl_servo/share/hapthexa_dxl_servo/package.dsv
[0.978s] -- Up-to-date: /home/cao/ros2ws/install/hapthexa_dxl_servo/share/ament_index/resource_index/packages/hapthexa_dxl_servo
[0.978s] -- Up-to-date: /home/cao/ros2ws/install/hapthexa_dxl_servo/share/hapthexa_dxl_servo/cmake/hapthexa_dxl_servoConfig.cmake
[0.978s] -- Up-to-date: /home/cao/ros2ws/install/hapthexa_dxl_servo/share/hapthexa_dxl_servo/cmake/hapthexa_dxl_servoConfig-version.cmake
[0.978s] -- Up-to-date: /home/cao/ros2ws/install/hapthexa_dxl_servo/share/hapthexa_dxl_servo/package.xml
[0.979s] Invoked command in '/home/cao/ros2ws/build/hapthexa_dxl_servo' returned '0': CMAKE_PREFIX_PATH=/home/cao/ros2ws/install/hapthexa_msgs:/home/cao/ros2ws/install/hapthexa_main:/home/cao/ros2ws/install/hapthexa_dxl_servo:/opt/ros/jazzy/opt/gz_math_vendor:/opt/ros/jazzy/opt/gz_utils_vendor:/opt/ros/jazzy/opt/gz_cmake_vendor:/opt/ros/jazzy DEBUGINFOD_URLS=https://debuginfod.ubuntu.com /usr/bin/cmake --install /home/cao/ros2ws/build/hapthexa_dxl_servo
