[0.038s] Invoking command in '/home/cao/ros2ws/build/hapthexa_main': CMAKE_PREFIX_PATH=/home/cao/ros2ws/install/hapthexa_msgs:/home/cao/ros2ws/install/realsense2_description:/home/cao/ros2ws/install/realsense2_camera_msgs:/home/cao/ros2ws/install/hapthexa_main:/home/cao/ros2ws/install/hapthexa_dxl_servo:/opt/ros/jazzy/opt/gz_math_vendor:/opt/ros/jazzy/opt/gz_utils_vendor:/opt/ros/jazzy/opt/gz_cmake_vendor:/opt/ros/jazzy DEBUGINFOD_URLS=https://debuginfod.ubuntu.com LD_LIBRARY_PATH=/home/cao/ros2ws/install/hapthexa_msgs/lib:/home/cao/ros2ws/install/realsense2_camera_msgs/lib:/opt/ros/jazzy/opt/rviz_ogre_vendor/lib:/opt/ros/jazzy/lib/aarch64-linux-gnu:/opt/ros/jazzy/opt/gz_math_vendor/lib:/opt/ros/jazzy/opt/gz_utils_vendor/lib:/opt/ros/jazzy/opt/gz_cmake_vendor/lib:/opt/ros/jazzy/lib PYTHONPATH=/home/cao/ros2ws/install/hapthexa_msgs/lib/python3.12/site-packages:/home/cao/ros2ws/install/realsense2_camera_msgs/lib/python3.12/site-packages:/opt/ros/jazzy/lib/python3.12/site-packages /usr/bin/cmake --build /home/cao/ros2ws/build/hapthexa_main -- -j4 -l4
[0.425s] [ 50%] [32mBuilding CXX object CMakeFiles/hapthexa_leg.dir/src/hapthexa_leg.cpp.o[0m
[14.386s] [01m[K/home/cao/ros2ws/src/hapthexa_main/src/hapthexa_leg.cpp:[m[K In lambda function:
[14.388s] [01m[K/home/cao/ros2ws/src/hapthexa_main/src/hapthexa_leg.cpp:66:26:[m[K [01;31m[Kerror: [m[K‘[01m[Kclass std::shared_ptr<hapthexa_msgs::action::MoveLeg_Feedback_<std::allocator<void> > >[m[K’ has no member named ‘[01m[Kloadcell1[m[K’
[14.388s]    66 |                 feedback.[01;31m[Kloadcell1[m[K = force_sensor->loadcell1;
[14.389s]       |                          [01;31m[K^~~~~~~~~[m[K
[14.389s] [01m[K/home/cao/ros2ws/src/hapthexa_main/src/hapthexa_leg.cpp:67:26:[m[K [01;31m[Kerror: [m[K‘[01m[Kclass std::shared_ptr<hapthexa_msgs::action::MoveLeg_Feedback_<std::allocator<void> > >[m[K’ has no member named ‘[01m[Kloadcell2[m[K’
[14.389s]    67 |                 feedback.[01;31m[Kloadcell2[m[K = force_sensor->loadcell2;
[14.393s]       |                          [01;31m[K^~~~~~~~~[m[K
[14.393s] [01m[K/home/cao/ros2ws/src/hapthexa_main/src/hapthexa_leg.cpp:68:26:[m[K [01;31m[Kerror: [m[K‘[01m[Kclass std::shared_ptr<hapthexa_msgs::action::MoveLeg_Feedback_<std::allocator<void> > >[m[K’ has no member named ‘[01m[Kpiezo[m[K’
[14.393s]    68 |                 feedback.[01;31m[Kpiezo[m[K = force_sensor->piezo;
[14.394s]       |                          [01;31m[K^~~~~[m[K
[14.502s] [01m[K/home/cao/ros2ws/src/hapthexa_main/src/hapthexa_leg.cpp:[m[K In lambda function:
[14.502s] [01m[K/home/cao/ros2ws/src/hapthexa_main/src/hapthexa_leg.cpp:122:111:[m[K [01;35m[Kwarning: [m[Kunused parameter ‘[01m[Kgoal_handle[m[K’ [[01;35m[K]8;;https://gcc.gnu.org/onlinedocs/gcc/Warning-Options.html#index-Wunused-parameter-Wunused-parameter]8;;[m[K]
[14.502s]   122 |             [this]([01;35m[Kconst std::shared_ptr<rclcpp_action::ServerGoalHandle<hapthexa_msgs::action::MoveLegArgs>> goal_handle[m[K) {
[14.502s]       |                    [01;35m[K~~~~~~~~~~~~~~~~~~~~~~~~~~~~~~~~~~~~~~~~~~~~~~~~~~~~~~~~~~~~~~~~~~~~~~~~~~~~~~~~~~~~~~~~~~~^~~~~~~~~~~[m[K
[30.018s] gmake[2]: *** [CMakeFiles/hapthexa_leg.dir/build.make:76: CMakeFiles/hapthexa_leg.dir/src/hapthexa_leg.cpp.o] Error 1
[30.021s] gmake[1]: *** [CMakeFiles/Makefile2:137: CMakeFiles/hapthexa_leg.dir/all] Error 2
[30.021s] gmake: *** [Makefile:146: all] Error 2
[30.029s] Invoked command in '/home/cao/ros2ws/build/hapthexa_main' returned '2': CMAKE_PREFIX_PATH=/home/cao/ros2ws/install/hapthexa_msgs:/home/cao/ros2ws/install/realsense2_description:/home/cao/ros2ws/install/realsense2_camera_msgs:/home/cao/ros2ws/install/hapthexa_main:/home/cao/ros2ws/install/hapthexa_dxl_servo:/opt/ros/jazzy/opt/gz_math_vendor:/opt/ros/jazzy/opt/gz_utils_vendor:/opt/ros/jazzy/opt/gz_cmake_vendor:/opt/ros/jazzy DEBUGINFOD_URLS=https://debuginfod.ubuntu.com LD_LIBRARY_PATH=/home/cao/ros2ws/install/hapthexa_msgs/lib:/home/cao/ros2ws/install/realsense2_camera_msgs/lib:/opt/ros/jazzy/opt/rviz_ogre_vendor/lib:/opt/ros/jazzy/lib/aarch64-linux-gnu:/opt/ros/jazzy/opt/gz_math_vendor/lib:/opt/ros/jazzy/opt/gz_utils_vendor/lib:/opt/ros/jazzy/opt/gz_cmake_vendor/lib:/opt/ros/jazzy/lib PYTHONPATH=/home/cao/ros2ws/install/hapthexa_msgs/lib/python3.12/site-packages:/home/cao/ros2ws/install/realsense2_camera_msgs/lib/python3.12/site-packages:/opt/ros/jazzy/lib/python3.12/site-packages /usr/bin/cmake --build /home/cao/ros2ws/build/hapthexa_main -- -j4 -l4
