[ 71%] Built target dynamixel_workbench
[100%] Built target hapthexa_servo
-- Install configuration: ""
-- Up-to-date: /home/cao/ros2ws/install/hapthexa_dxl_servo/lib/hapthexa_dxl_servo/hapthexa_servo
-- Up-to-date: /home/cao/ros2ws/install/hapthexa_dxl_servo/lib/hapthexa_dxl_servo/force_sensor.py
-- Up-to-date: /home/cao/ros2ws/install/hapthexa_dxl_servo/lib/hapthexa_dxl_servo/force_sensor_calibrate.py
-- Up-to-date: /home/cao/ros2ws/install/hapthexa_dxl_servo/lib/hapthexa_dxl_servo/forcesensor_read.py
-- Up-to-date: /home/cao/ros2ws/install/hapthexa_dxl_servo/share/hapthexa_dxl_servo/launch.py
-- Up-to-date: /home/cao/ros2ws/install/hapthexa_dxl_servo/share/hapthexa_dxl_servo/config
-- Up-to-date: /home/cao/ros2ws/install/hapthexa_dxl_servo/share/hapthexa_dxl_servo/config/front_left.yaml
-- Up-to-date: /home/cao/ros2ws/install/hapthexa_dxl_servo/share/hapthexa_dxl_servo/config/rear_left.yaml
-- Up-to-date: /home/cao/ros2ws/install/hapthexa_dxl_servo/share/hapthexa_dxl_servo/config/middle_right.yaml
-- Up-to-date: /home/cao/ros2ws/install/hapthexa_dxl_servo/share/hapthexa_dxl_servo/config/rear_right.yaml
-- Up-to-date: /home/cao/ros2ws/install/hapthexa_dxl_servo/share/hapthexa_dxl_servo/config/front_right.yaml
-- Up-to-date: /home/cao/ros2ws/install/hapthexa_dxl_servo/share/hapthexa_dxl_servo/config/middle_left.yaml
-- Up-to-date: /home/cao/ros2ws/install/hapthexa_dxl_servo/share/ament_index/resource_index/package_run_dependencies/hapthexa_dxl_servo
-- Up-to-date: /home/cao/ros2ws/install/hapthexa_dxl_servo/share/ament_index/resource_index/parent_prefix_path/hapthexa_dxl_servo
-- Up-to-date: /home/cao/ros2ws/install/hapthexa_dxl_servo/share/hapthexa_dxl_servo/environment/ament_prefix_path.sh
-- Up-to-date: /home/cao/ros2ws/install/hapthexa_dxl_servo/share/hapthexa_dxl_servo/environment/ament_prefix_path.dsv
-- Up-to-date: /home/cao/ros2ws/install/hapthexa_dxl_servo/share/hapthexa_dxl_servo/environment/path.sh
-- Up-to-date: /home/cao/ros2ws/install/hapthexa_dxl_servo/share/hapthexa_dxl_servo/environment/path.dsv
-- Up-to-date: /home/cao/ros2ws/install/hapthexa_dxl_servo/share/hapthexa_dxl_servo/local_setup.bash
-- Up-to-date: /home/cao/ros2ws/install/hapthexa_dxl_servo/share/hapthexa_dxl_servo/local_setup.sh
-- Up-to-date: /home/cao/ros2ws/install/hapthexa_dxl_servo/share/hapthexa_dxl_servo/local_setup.zsh
-- Up-to-date: /home/cao/ros2ws/install/hapthexa_dxl_servo/share/hapthexa_dxl_servo/local_setup.dsv
-- Installing: /home/cao/ros2ws/install/hapthexa_dxl_servo/share/hapthexa_dxl_servo/package.dsv
-- Up-to-date: /home/cao/ros2ws/install/hapthexa_dxl_servo/share/ament_index/resource_index/packages/hapthexa_dxl_servo
-- Up-to-date: /home/cao/ros2ws/install/hapthexa_dxl_servo/share/hapthexa_dxl_servo/cmake/hapthexa_dxl_servoConfig.cmake
-- Up-to-date: /home/cao/ros2ws/install/hapthexa_dxl_servo/share/hapthexa_dxl_servo/cmake/hapthexa_dxl_servoConfig-version.cmake
-- Up-to-date: /home/cao/ros2ws/install/hapthexa_dxl_servo/share/hapthexa_dxl_servo/package.xml
