[0.073s] Invoking command in '/home/cao/ros2ws/build/realsense2_camera': CMAKE_PREFIX_PATH=/home/cao/ros2ws/install/realsense2_camera_msgs:/home/cao/ros2ws/install/realsense2_description:/home/cao/ros2ws/install/hapthexa_main:/home/cao/ros2ws/install/hapthexa_dxl_servo:/home/cao/ros2ws/install/hapthexa_msgs:/opt/ros/jazzy/opt/gz_math_vendor:/opt/ros/jazzy/opt/gz_utils_vendor:/opt/ros/jazzy/opt/gz_cmake_vendor:/opt/ros/jazzy DEBUGINFOD_URLS=https://debuginfod.ubuntu.com /usr/bin/cmake /home/cao/ros2ws/src/realsense-ros/realsense2_camera -DCMAKE_INSTALL_PREFIX=/home/cao/ros2ws/install/realsense2_camera
[0.143s] -- Create Release Build.
[0.146s] -- Found ament_cmake: 2.5.2 (/opt/ros/jazzy/share/ament_cmake/cmake)
[1.165s] -- Found builtin_interfaces: 2.0.2 (/opt/ros/jazzy/share/builtin_interfaces/cmake)
[1.251s] -- Found rosidl_generator_c: 4.6.4 (/opt/ros/jazzy/share/rosidl_generator_c/cmake)
[1.287s] -- Found rosidl_generator_cpp: 4.6.4 (/opt/ros/jazzy/share/rosidl_generator_cpp/cmake)
[1.340s] -- Using all available rosidl_typesupport_c: rosidl_typesupport_fastrtps_c;rosidl_typesupport_introspection_c
[1.397s] -- Using all available rosidl_typesupport_cpp: rosidl_typesupport_fastrtps_cpp;rosidl_typesupport_introspection_cpp
[1.448s] -- Found cv_bridge: 4.1.0 (/opt/ros/jazzy/share/cv_bridge/cmake)
[1.880s] -- Found rmw_implementation_cmake: 7.3.1 (/opt/ros/jazzy/share/rmw_implementation_cmake/cmake)
[1.887s] -- Found rmw_fastrtps_cpp: 8.4.1 (/opt/ros/jazzy/share/rmw_fastrtps_cpp/cmake)
[2.154s] -- Using RMW implementation 'rmw_fastrtps_cpp' as default
[2.378s] -- Found image_transport: 5.1.4 (/opt/ros/jazzy/share/image_transport/cmake)
[2.422s] -- Found rclcpp_action: 28.1.5 (/opt/ros/jazzy/share/rclcpp_action/cmake)
[2.575s] -- Found rclcpp_components: 28.1.5 (/opt/ros/jazzy/share/rclcpp_components/cmake)
[2.667s] -- Found realsense2_camera_msgs: 4.55.1 (/home/cao/ros2ws/install/realsense2_camera_msgs/share/realsense2_camera_msgs/cmake)
[2.840s] -- Found std_srvs: 5.3.5 (/opt/ros/jazzy/share/std_srvs/cmake)
[2.993s] -- Found nav_msgs: 5.3.5 (/opt/ros/jazzy/share/nav_msgs/cmake)
[3.163s] -- Found tf2_ros: 0.36.4 (/opt/ros/jazzy/share/tf2_ros/cmake)
[3.436s] -- Found diagnostic_updater: 4.2.1 (/opt/ros/jazzy/share/diagnostic_updater/cmake)
[3.620s] [33mCMake Warning at CMakeLists.txt:122 (find_package):
[3.621s]   Could not find a configuration file for package "realsense2" that is
[3.622s]   compatible with requested version "2.56.0".
[3.622s] 
[3.622s]   The following configuration files were considered but not accepted:
[3.622s] 
[3.622s]     /usr/local/lib/cmake/realsense2/realsense2Config.cmake, version: 2.55.1
[3.623s] 
[3.623s] 
[3.627s] [0m
[3.628s] [31mCMake Error at CMakeLists.txt:127 (message):
[3.628s]   
[3.631s] 
[3.632s] 
[3.632s] 
[3.632s]    Intel RealSense SDK 2.0 is missing, please install it from https://github.com/IntelRealSense/librealsense/releases
[3.632s] 
[3.633s]   
[3.633s] 
[3.634s] 
[3.634s] [0m
[3.634s] -- Configuring incomplete, errors occurred!
[3.668s] Invoked command in '/home/cao/ros2ws/build/realsense2_camera' returned '1': CMAKE_PREFIX_PATH=/home/cao/ros2ws/install/realsense2_camera_msgs:/home/cao/ros2ws/install/realsense2_description:/home/cao/ros2ws/install/hapthexa_main:/home/cao/ros2ws/install/hapthexa_dxl_servo:/home/cao/ros2ws/install/hapthexa_msgs:/opt/ros/jazzy/opt/gz_math_vendor:/opt/ros/jazzy/opt/gz_utils_vendor:/opt/ros/jazzy/opt/gz_cmake_vendor:/opt/ros/jazzy DEBUGINFOD_URLS=https://debuginfod.ubuntu.com /usr/bin/cmake /home/cao/ros2ws/src/realsense-ros/realsense2_camera -DCMAKE_INSTALL_PREFIX=/home/cao/ros2ws/install/realsense2_camera
