[0.035s] Invoking command in '/home/cao/ros2ws/build/hapthexa_msgs': CMAKE_PREFIX_PATH=${CMAKE_PREFIX_PATH}:/opt/ros/jazzy DEBUGINFOD_URLS=https://debuginfod.ubuntu.com /usr/bin/cmake --build /home/cao/ros2ws/build/hapthexa_msgs -- -j4 -l4
[0.248s] [  1%] Built target hapthexa_msgs__rosidl_generator_type_description
[0.270s] [  1%] Built target ament_cmake_python_copy_hapthexa_msgs
[0.406s] [  1%] Built target hapthexa_msgs__cpp
[0.492s] [ 27%] Built target hapthexa_msgs__rosidl_generator_c
[0.672s] [ 36%] Built target hapthexa_msgs__rosidl_typesupport_cpp
[0.715s] [ 46%] Built target hapthexa_msgs__rosidl_typesupport_fastrtps_cpp
[0.733s] [ 56%] Built target hapthexa_msgs__rosidl_typesupport_fastrtps_c
[0.803s] [ 65%] Built target hapthexa_msgs__rosidl_typesupport_introspection_c
[0.887s] [ 75%] Built target hapthexa_msgs__rosidl_typesupport_c
[0.945s] [ 85%] Built target hapthexa_msgs__rosidl_typesupport_introspection_cpp
[1.053s] [ 85%] Built target hapthexa_msgs
[1.144s] [ 86%] Built target hapthexa_msgs__py
[1.186s] running egg_info
[1.229s] [ 95%] Built target hapthexa_msgs__rosidl_generator_py
[1.238s] writing hapthexa_msgs.egg-info/PKG-INFO
[1.240s] writing dependency_links to hapthexa_msgs.egg-info/dependency_links.txt
[1.242s] writing top-level names to hapthexa_msgs.egg-info/top_level.txt
[1.329s] [ 97%] Built target hapthexa_msgs_s__rosidl_typesupport_introspection_c
[1.335s] [ 98%] Built target hapthexa_msgs_s__rosidl_typesupport_fastrtps_c
[1.418s] [100%] Built target hapthexa_msgs_s__rosidl_typesupport_c
[1.422s] reading manifest file 'hapthexa_msgs.egg-info/SOURCES.txt'
[1.423s] writing manifest file 'hapthexa_msgs.egg-info/SOURCES.txt'
[1.533s] [100%] Built target ament_cmake_python_build_hapthexa_msgs_egg
[1.565s] Invoked command in '/home/cao/ros2ws/build/hapthexa_msgs' returned '0': CMAKE_PREFIX_PATH=${CMAKE_PREFIX_PATH}:/opt/ros/jazzy DEBUGINFOD_URLS=https://debuginfod.ubuntu.com /usr/bin/cmake --build /home/cao/ros2ws/build/hapthexa_msgs -- -j4 -l4
[2.255s] Invoking command in '/home/cao/ros2ws/build/hapthexa_msgs': CMAKE_PREFIX_PATH=${CMAKE_PREFIX_PATH}:/opt/ros/jazzy DEBUGINFOD_URLS=https://debuginfod.ubuntu.com /usr/bin/cmake --install /home/cao/ros2ws/build/hapthexa_msgs
[2.280s] -- Install configuration: ""
[2.280s] -- Up-to-date: /home/cao/ros2ws/install/hapthexa_msgs/share/ament_index/resource_index/rosidl_interfaces/hapthexa_msgs
[2.280s] -- Up-to-date: /home/cao/ros2ws/install/hapthexa_msgs/share/hapthexa_msgs/action/MoveLeg.json
[2.280s] -- Up-to-date: /home/cao/ros2ws/install/hapthexa_msgs/share/hapthexa_msgs/action/MoveLegArgs.json
[2.280s] -- Up-to-date: /home/cao/ros2ws/install/hapthexa_msgs/share/hapthexa_msgs/action/Gait.json
[2.281s] -- Up-to-date: /home/cao/ros2ws/install/hapthexa_msgs/share/hapthexa_msgs/action/Empty.json
[2.281s] -- Up-to-date: /home/cao/ros2ws/install/hapthexa_msgs/share/hapthexa_msgs/msg/Attitude.json
[2.281s] -- Up-to-date: /home/cao/ros2ws/install/hapthexa_msgs/share/hapthexa_msgs/msg/Empty.json
[2.281s] -- Up-to-date: /home/cao/ros2ws/install/hapthexa_msgs/share/hapthexa_msgs/msg/ForceSensor.json
[2.281s] -- Up-to-date: /home/cao/ros2ws/install/hapthexa_msgs/share/hapthexa_msgs/msg/LegArgs.json
[2.281s] -- Up-to-date: /home/cao/ros2ws/install/hapthexa_msgs/share/hapthexa_msgs/msg/LegPosition.json
[2.281s] -- Up-to-date: /home/cao/ros2ws/install/hapthexa_msgs/share/hapthexa_msgs/srv/GetLegArgs.json
[2.281s] -- Up-to-date: /home/cao/ros2ws/install/hapthexa_msgs/share/hapthexa_msgs/srv/GetLegPosition.json
[2.281s] -- Up-to-date: /home/cao/ros2ws/install/hapthexa_msgs/include/hapthexa_msgs/hapthexa_msgs
[2.282s] -- Up-to-date: /home/cao/ros2ws/install/hapthexa_msgs/include/hapthexa_msgs/hapthexa_msgs/msg
[2.284s] -- Up-to-date: /home/cao/ros2ws/install/hapthexa_msgs/include/hapthexa_msgs/hapthexa_msgs/msg/attitude.h
[2.285s] -- Up-to-date: /home/cao/ros2ws/install/hapthexa_msgs/include/hapthexa_msgs/hapthexa_msgs/msg/empty.h
[2.285s] -- Up-to-date: /home/cao/ros2ws/install/hapthexa_msgs/include/hapthexa_msgs/hapthexa_msgs/msg/leg_position.h
[2.286s] -- Up-to-date: /home/cao/ros2ws/install/hapthexa_msgs/include/hapthexa_msgs/hapthexa_msgs/msg/leg_args.h
[2.286s] -- Up-to-date: /home/cao/ros2ws/install/hapthexa_msgs/include/hapthexa_msgs/hapthexa_msgs/msg/detail
[2.286s] -- Up-to-date: /home/cao/ros2ws/install/hapthexa_msgs/include/hapthexa_msgs/hapthexa_msgs/msg/detail/attitude__functions.c
[2.286s] -- Up-to-date: /home/cao/ros2ws/install/hapthexa_msgs/include/hapthexa_msgs/hapthexa_msgs/msg/detail/empty__description.c
[2.286s] -- Up-to-date: /home/cao/ros2ws/install/hapthexa_msgs/include/hapthexa_msgs/hapthexa_msgs/msg/detail/leg_position__type_support.h
[2.287s] -- Up-to-date: /home/cao/ros2ws/install/hapthexa_msgs/include/hapthexa_msgs/hapthexa_msgs/msg/detail/attitude__type_support.h
[2.289s] -- Up-to-date: /home/cao/ros2ws/install/hapthexa_msgs/include/hapthexa_msgs/hapthexa_msgs/msg/detail/force_sensor__functions.h
[2.291s] -- Installing: /home/cao/ros2ws/install/hapthexa_msgs/include/hapthexa_msgs/hapthexa_msgs/msg/detail/leg_args__type_support.c
[2.291s] -- Up-to-date: /home/cao/ros2ws/install/hapthexa_msgs/include/hapthexa_msgs/hapthexa_msgs/msg/detail/empty__functions.c
[2.291s] -- Up-to-date: /home/cao/ros2ws/install/hapthexa_msgs/include/hapthexa_msgs/hapthexa_msgs/msg/detail/force_sensor__type_support.h
[2.292s] -- Up-to-date: /home/cao/ros2ws/install/hapthexa_msgs/include/hapthexa_msgs/hapthexa_msgs/msg/detail/force_sensor__struct.h
[2.293s] -- Up-to-date: /home/cao/ros2ws/install/hapthexa_msgs/include/hapthexa_msgs/hapthexa_msgs/msg/detail/empty__struct.h
[2.293s] -- Up-to-date: /home/cao/ros2ws/install/hapthexa_msgs/include/hapthexa_msgs/hapthexa_msgs/msg/detail/attitude__struct.h
[2.293s] -- Installing: /home/cao/ros2ws/install/hapthexa_msgs/include/hapthexa_msgs/hapthexa_msgs/msg/detail/empty__type_support.c
[2.293s] -- Up-to-date: /home/cao/ros2ws/install/hapthexa_msgs/include/hapthexa_msgs/hapthexa_msgs/msg/detail/leg_args__functions.c
[2.293s] -- Installing: /home/cao/ros2ws/install/hapthexa_msgs/include/hapthexa_msgs/hapthexa_msgs/msg/detail/force_sensor__type_support.c
[2.293s] -- Up-to-date: /home/cao/ros2ws/install/hapthexa_msgs/include/hapthexa_msgs/hapthexa_msgs/msg/detail/leg_args__struct.h
[2.293s] -- Up-to-date: /home/cao/ros2ws/install/hapthexa_msgs/include/hapthexa_msgs/hapthexa_msgs/msg/detail/attitude__description.c
[2.294s] -- Up-to-date: /home/cao/ros2ws/install/hapthexa_msgs/include/hapthexa_msgs/hapthexa_msgs/msg/detail/leg_position__struct.h
[2.297s] -- Up-to-date: /home/cao/ros2ws/install/hapthexa_msgs/include/hapthexa_msgs/hapthexa_msgs/msg/detail/empty__functions.h
[2.298s] -- Installing: /home/cao/ros2ws/install/hapthexa_msgs/include/hapthexa_msgs/hapthexa_msgs/msg/detail/leg_position__type_support.c
[2.300s] -- Up-to-date: /home/cao/ros2ws/install/hapthexa_msgs/include/hapthexa_msgs/hapthexa_msgs/msg/detail/leg_args__description.c
[2.300s] -- Up-to-date: /home/cao/ros2ws/install/hapthexa_msgs/include/hapthexa_msgs/hapthexa_msgs/msg/detail/leg_position__functions.c
[2.300s] -- Up-to-date: /home/cao/ros2ws/install/hapthexa_msgs/include/hapthexa_msgs/hapthexa_msgs/msg/detail/force_sensor__functions.c
[2.301s] -- Up-to-date: /home/cao/ros2ws/install/hapthexa_msgs/include/hapthexa_msgs/hapthexa_msgs/msg/detail/leg_position__description.c
[2.302s] -- Installing: /home/cao/ros2ws/install/hapthexa_msgs/include/hapthexa_msgs/hapthexa_msgs/msg/detail/attitude__type_support.c
[2.302s] -- Up-to-date: /home/cao/ros2ws/install/hapthexa_msgs/include/hapthexa_msgs/hapthexa_msgs/msg/detail/empty__type_support.h
[2.302s] -- Up-to-date: /home/cao/ros2ws/install/hapthexa_msgs/include/hapthexa_msgs/hapthexa_msgs/msg/detail/leg_position__functions.h
[2.303s] -- Up-to-date: /home/cao/ros2ws/install/hapthexa_msgs/include/hapthexa_msgs/hapthexa_msgs/msg/detail/attitude__functions.h
[2.303s] -- Up-to-date: /home/cao/ros2ws/install/hapthexa_msgs/include/hapthexa_msgs/hapthexa_msgs/msg/detail/leg_args__type_support.h
[2.304s] -- Up-to-date: /home/cao/ros2ws/install/hapthexa_msgs/include/hapthexa_msgs/hapthexa_msgs/msg/detail/force_sensor__description.c
[2.304s] -- Up-to-date: /home/cao/ros2ws/install/hapthexa_msgs/include/hapthexa_msgs/hapthexa_msgs/msg/detail/leg_args__functions.h
[2.305s] -- Up-to-date: /home/cao/ros2ws/install/hapthexa_msgs/include/hapthexa_msgs/hapthexa_msgs/msg/rosidl_generator_c__visibility_control.h
[2.305s] -- Up-to-date: /home/cao/ros2ws/install/hapthexa_msgs/include/hapthexa_msgs/hapthexa_msgs/msg/force_sensor.h
[2.306s] -- Up-to-date: /home/cao/ros2ws/install/hapthexa_msgs/include/hapthexa_msgs/hapthexa_msgs/srv
[2.307s] -- Up-to-date: /home/cao/ros2ws/install/hapthexa_msgs/include/hapthexa_msgs/hapthexa_msgs/srv/get_leg_position.h
[2.309s] -- Up-to-date: /home/cao/ros2ws/install/hapthexa_msgs/include/hapthexa_msgs/hapthexa_msgs/srv/detail
[2.309s] -- Up-to-date: /home/cao/ros2ws/install/hapthexa_msgs/include/hapthexa_msgs/hapthexa_msgs/srv/detail/get_leg_args__struct.h
[2.309s] -- Installing: /home/cao/ros2ws/install/hapthexa_msgs/include/hapthexa_msgs/hapthexa_msgs/srv/detail/get_leg_position__type_support.c
[2.310s] -- Up-to-date: /home/cao/ros2ws/install/hapthexa_msgs/include/hapthexa_msgs/hapthexa_msgs/srv/detail/get_leg_args__description.c
[2.310s] -- Up-to-date: /home/cao/ros2ws/install/hapthexa_msgs/include/hapthexa_msgs/hapthexa_msgs/srv/detail/get_leg_position__type_support.h
[2.310s] -- Up-to-date: /home/cao/ros2ws/install/hapthexa_msgs/include/hapthexa_msgs/hapthexa_msgs/srv/detail/get_leg_args__functions.h
[2.310s] -- Up-to-date: /home/cao/ros2ws/install/hapthexa_msgs/include/hapthexa_msgs/hapthexa_msgs/srv/detail/get_leg_position__functions.h
[2.310s] -- Up-to-date: /home/cao/ros2ws/install/hapthexa_msgs/include/hapthexa_msgs/hapthexa_msgs/srv/detail/get_leg_position__description.c
[2.310s] -- Installing: /home/cao/ros2ws/install/hapthexa_msgs/include/hapthexa_msgs/hapthexa_msgs/srv/detail/get_leg_args__type_support.c
[2.313s] -- Up-to-date: /home/cao/ros2ws/install/hapthexa_msgs/include/hapthexa_msgs/hapthexa_msgs/srv/detail/get_leg_position__struct.h
[2.314s] -- Up-to-date: /home/cao/ros2ws/install/hapthexa_msgs/include/hapthexa_msgs/hapthexa_msgs/srv/detail/get_leg_position__functions.c
[2.315s] -- Up-to-date: /home/cao/ros2ws/install/hapthexa_msgs/include/hapthexa_msgs/hapthexa_msgs/srv/detail/get_leg_args__functions.c
[2.315s] -- Up-to-date: /home/cao/ros2ws/install/hapthexa_msgs/include/hapthexa_msgs/hapthexa_msgs/srv/detail/get_leg_args__type_support.h
[2.315s] -- Up-to-date: /home/cao/ros2ws/install/hapthexa_msgs/include/hapthexa_msgs/hapthexa_msgs/srv/get_leg_args.h
[2.316s] -- Up-to-date: /home/cao/ros2ws/install/hapthexa_msgs/include/hapthexa_msgs/hapthexa_msgs/action
[2.316s] -- Up-to-date: /home/cao/ros2ws/install/hapthexa_msgs/include/hapthexa_msgs/hapthexa_msgs/action/move_leg_args.h
[2.316s] -- Up-to-date: /home/cao/ros2ws/install/hapthexa_msgs/include/hapthexa_msgs/hapthexa_msgs/action/empty.h
[2.316s] -- Up-to-date: /home/cao/ros2ws/install/hapthexa_msgs/include/hapthexa_msgs/hapthexa_msgs/action/gait.h
[2.316s] -- Up-to-date: /home/cao/ros2ws/install/hapthexa_msgs/include/hapthexa_msgs/hapthexa_msgs/action/detail
[2.316s] -- Up-to-date: /home/cao/ros2ws/install/hapthexa_msgs/include/hapthexa_msgs/hapthexa_msgs/action/detail/move_leg__functions.c
[2.316s] -- Up-to-date: /home/cao/ros2ws/install/hapthexa_msgs/include/hapthexa_msgs/hapthexa_msgs/action/detail/move_leg__struct.h
[2.316s] -- Up-to-date: /home/cao/ros2ws/install/hapthexa_msgs/include/hapthexa_msgs/hapthexa_msgs/action/detail/empty__description.c
[2.317s] -- Up-to-date: /home/cao/ros2ws/install/hapthexa_msgs/include/hapthexa_msgs/hapthexa_msgs/action/detail/gait__type_support.h
[2.319s] -- Installing: /home/cao/ros2ws/install/hapthexa_msgs/include/hapthexa_msgs/hapthexa_msgs/action/detail/move_leg_args__type_support.c
[2.319s] -- Up-to-date: /home/cao/ros2ws/install/hapthexa_msgs/include/hapthexa_msgs/hapthexa_msgs/action/detail/move_leg_args__functions.c
[2.320s] -- Up-to-date: /home/cao/ros2ws/install/hapthexa_msgs/include/hapthexa_msgs/hapthexa_msgs/action/detail/gait__struct.h
[2.320s] -- Up-to-date: /home/cao/ros2ws/install/hapthexa_msgs/include/hapthexa_msgs/hapthexa_msgs/action/detail/gait__functions.c
[2.320s] -- Up-to-date: /home/cao/ros2ws/install/hapthexa_msgs/include/hapthexa_msgs/hapthexa_msgs/action/detail/empty__functions.c
[2.320s] -- Up-to-date: /home/cao/ros2ws/install/hapthexa_msgs/include/hapthexa_msgs/hapthexa_msgs/action/detail/empty__struct.h
[2.320s] -- Installing: /home/cao/ros2ws/install/hapthexa_msgs/include/hapthexa_msgs/hapthexa_msgs/action/detail/empty__type_support.c
[2.320s] -- Up-to-date: /home/cao/ros2ws/install/hapthexa_msgs/include/hapthexa_msgs/hapthexa_msgs/action/detail/move_leg_args__type_support.h
[2.320s] -- Up-to-date: /home/cao/ros2ws/install/hapthexa_msgs/include/hapthexa_msgs/hapthexa_msgs/action/detail/move_leg_args__description.c
[2.320s] -- Up-to-date: /home/cao/ros2ws/install/hapthexa_msgs/include/hapthexa_msgs/hapthexa_msgs/action/detail/move_leg_args__struct.h
[2.320s] -- Up-to-date: /home/cao/ros2ws/install/hapthexa_msgs/include/hapthexa_msgs/hapthexa_msgs/action/detail/move_leg_args__functions.h
[2.321s] -- Up-to-date: /home/cao/ros2ws/install/hapthexa_msgs/include/hapthexa_msgs/hapthexa_msgs/action/detail/move_leg__type_support.h
[2.321s] -- Up-to-date: /home/cao/ros2ws/install/hapthexa_msgs/include/hapthexa_msgs/hapthexa_msgs/action/detail/move_leg__description.c
[2.321s] -- Installing: /home/cao/ros2ws/install/hapthexa_msgs/include/hapthexa_msgs/hapthexa_msgs/action/detail/move_leg__type_support.c
[2.321s] -- Up-to-date: /home/cao/ros2ws/install/hapthexa_msgs/include/hapthexa_msgs/hapthexa_msgs/action/detail/empty__functions.h
[2.321s] -- Up-to-date: /home/cao/ros2ws/install/hapthexa_msgs/include/hapthexa_msgs/hapthexa_msgs/action/detail/move_leg__functions.h
[2.321s] -- Up-to-date: /home/cao/ros2ws/install/hapthexa_msgs/include/hapthexa_msgs/hapthexa_msgs/action/detail/empty__type_support.h
[2.321s] -- Installing: /home/cao/ros2ws/install/hapthexa_msgs/include/hapthexa_msgs/hapthexa_msgs/action/detail/gait__type_support.c
[2.322s] -- Up-to-date: /home/cao/ros2ws/install/hapthexa_msgs/include/hapthexa_msgs/hapthexa_msgs/action/detail/gait__description.c
[2.322s] -- Up-to-date: /home/cao/ros2ws/install/hapthexa_msgs/include/hapthexa_msgs/hapthexa_msgs/action/detail/gait__functions.h
[2.322s] -- Up-to-date: /home/cao/ros2ws/install/hapthexa_msgs/include/hapthexa_msgs/hapthexa_msgs/action/move_leg.h
[2.322s] -- Up-to-date: /home/cao/ros2ws/install/hapthexa_msgs/share/hapthexa_msgs/environment/library_path.sh
[2.322s] -- Up-to-date: /home/cao/ros2ws/install/hapthexa_msgs/share/hapthexa_msgs/environment/library_path.dsv
[2.322s] -- Up-to-date: /home/cao/ros2ws/install/hapthexa_msgs/lib/libhapthexa_msgs__rosidl_generator_c.so
[2.322s] -- Up-to-date: /home/cao/ros2ws/install/hapthexa_msgs/include/hapthexa_msgs/hapthexa_msgs
[2.323s] -- Up-to-date: /home/cao/ros2ws/install/hapthexa_msgs/include/hapthexa_msgs/hapthexa_msgs/msg
[2.323s] -- Up-to-date: /home/cao/ros2ws/install/hapthexa_msgs/include/hapthexa_msgs/hapthexa_msgs/msg/rosidl_typesupport_fastrtps_c__visibility_control.h
[2.323s] -- Up-to-date: /home/cao/ros2ws/install/hapthexa_msgs/include/hapthexa_msgs/hapthexa_msgs/msg/detail
[2.323s] -- Up-to-date: /home/cao/ros2ws/install/hapthexa_msgs/include/hapthexa_msgs/hapthexa_msgs/msg/detail/empty__rosidl_typesupport_fastrtps_c.h
[2.323s] -- Up-to-date: /home/cao/ros2ws/install/hapthexa_msgs/include/hapthexa_msgs/hapthexa_msgs/msg/detail/leg_position__rosidl_typesupport_fastrtps_c.h
[2.323s] -- Up-to-date: /home/cao/ros2ws/install/hapthexa_msgs/include/hapthexa_msgs/hapthexa_msgs/msg/detail/force_sensor__rosidl_typesupport_fastrtps_c.h
[2.323s] -- Up-to-date: /home/cao/ros2ws/install/hapthexa_msgs/include/hapthexa_msgs/hapthexa_msgs/msg/detail/attitude__rosidl_typesupport_fastrtps_c.h
[2.323s] -- Up-to-date: /home/cao/ros2ws/install/hapthexa_msgs/include/hapthexa_msgs/hapthexa_msgs/msg/detail/leg_args__rosidl_typesupport_fastrtps_c.h
[2.324s] -- Up-to-date: /home/cao/ros2ws/install/hapthexa_msgs/include/hapthexa_msgs/hapthexa_msgs/srv
[2.324s] -- Up-to-date: /home/cao/ros2ws/install/hapthexa_msgs/include/hapthexa_msgs/hapthexa_msgs/srv/detail
[2.324s] -- Up-to-date: /home/cao/ros2ws/install/hapthexa_msgs/include/hapthexa_msgs/hapthexa_msgs/srv/detail/get_leg_position__rosidl_typesupport_fastrtps_c.h
[2.324s] -- Up-to-date: /home/cao/ros2ws/install/hapthexa_msgs/include/hapthexa_msgs/hapthexa_msgs/srv/detail/get_leg_args__rosidl_typesupport_fastrtps_c.h
[2.324s] -- Up-to-date: /home/cao/ros2ws/install/hapthexa_msgs/include/hapthexa_msgs/hapthexa_msgs/action
[2.324s] -- Up-to-date: /home/cao/ros2ws/install/hapthexa_msgs/include/hapthexa_msgs/hapthexa_msgs/action/detail
[2.324s] -- Up-to-date: /home/cao/ros2ws/install/hapthexa_msgs/include/hapthexa_msgs/hapthexa_msgs/action/detail/empty__rosidl_typesupport_fastrtps_c.h
[2.324s] -- Up-to-date: /home/cao/ros2ws/install/hapthexa_msgs/include/hapthexa_msgs/hapthexa_msgs/action/detail/move_leg_args__rosidl_typesupport_fastrtps_c.h
[2.325s] -- Up-to-date: /home/cao/ros2ws/install/hapthexa_msgs/include/hapthexa_msgs/hapthexa_msgs/action/detail/move_leg__rosidl_typesupport_fastrtps_c.h
[2.325s] -- Up-to-date: /home/cao/ros2ws/install/hapthexa_msgs/include/hapthexa_msgs/hapthexa_msgs/action/detail/gait__rosidl_typesupport_fastrtps_c.h
[2.325s] -- Up-to-date: /home/cao/ros2ws/install/hapthexa_msgs/lib/libhapthexa_msgs__rosidl_typesupport_fastrtps_c.so
[2.325s] -- Up-to-date: /home/cao/ros2ws/install/hapthexa_msgs/include/hapthexa_msgs/hapthexa_msgs
[2.325s] -- Up-to-date: /home/cao/ros2ws/install/hapthexa_msgs/include/hapthexa_msgs/hapthexa_msgs/msg
[2.325s] -- Up-to-date: /home/cao/ros2ws/install/hapthexa_msgs/include/hapthexa_msgs/hapthexa_msgs/msg/force_sensor.hpp
[2.325s] -- Up-to-date: /home/cao/ros2ws/install/hapthexa_msgs/include/hapthexa_msgs/hapthexa_msgs/msg/rosidl_generator_cpp__visibility_control.hpp
[2.325s] -- Up-to-date: /home/cao/ros2ws/install/hapthexa_msgs/include/hapthexa_msgs/hapthexa_msgs/msg/detail
[2.325s] -- Up-to-date: /home/cao/ros2ws/install/hapthexa_msgs/include/hapthexa_msgs/hapthexa_msgs/msg/detail/force_sensor__builder.hpp
[2.325s] -- Up-to-date: /home/cao/ros2ws/install/hapthexa_msgs/include/hapthexa_msgs/hapthexa_msgs/msg/detail/leg_args__traits.hpp
[2.325s] -- Up-to-date: /home/cao/ros2ws/install/hapthexa_msgs/include/hapthexa_msgs/hapthexa_msgs/msg/detail/attitude__traits.hpp
[2.326s] -- Up-to-date: /home/cao/ros2ws/install/hapthexa_msgs/include/hapthexa_msgs/hapthexa_msgs/msg/detail/empty__type_support.hpp
[2.326s] -- Up-to-date: /home/cao/ros2ws/install/hapthexa_msgs/include/hapthexa_msgs/hapthexa_msgs/msg/detail/attitude__builder.hpp
[2.326s] -- Up-to-date: /home/cao/ros2ws/install/hapthexa_msgs/include/hapthexa_msgs/hapthexa_msgs/msg/detail/leg_position__builder.hpp
[2.326s] -- Up-to-date: /home/cao/ros2ws/install/hapthexa_msgs/include/hapthexa_msgs/hapthexa_msgs/msg/detail/leg_args__type_support.hpp
[2.327s] -- Up-to-date: /home/cao/ros2ws/install/hapthexa_msgs/include/hapthexa_msgs/hapthexa_msgs/msg/detail/force_sensor__type_support.hpp
[2.328s] -- Up-to-date: /home/cao/ros2ws/install/hapthexa_msgs/include/hapthexa_msgs/hapthexa_msgs/msg/detail/attitude__struct.hpp
[2.328s] -- Up-to-date: /home/cao/ros2ws/install/hapthexa_msgs/include/hapthexa_msgs/hapthexa_msgs/msg/detail/empty__builder.hpp
[2.328s] -- Up-to-date: /home/cao/ros2ws/install/hapthexa_msgs/include/hapthexa_msgs/hapthexa_msgs/msg/detail/empty__struct.hpp
[2.328s] -- Up-to-date: /home/cao/ros2ws/install/hapthexa_msgs/include/hapthexa_msgs/hapthexa_msgs/msg/detail/empty__traits.hpp
[2.330s] -- Up-to-date: /home/cao/ros2ws/install/hapthexa_msgs/include/hapthexa_msgs/hapthexa_msgs/msg/detail/leg_args__builder.hpp
[2.330s] -- Up-to-date: /home/cao/ros2ws/install/hapthexa_msgs/include/hapthexa_msgs/hapthexa_msgs/msg/detail/force_sensor__struct.hpp
[2.330s] -- Up-to-date: /home/cao/ros2ws/install/hapthexa_msgs/include/hapthexa_msgs/hapthexa_msgs/msg/detail/attitude__type_support.hpp
[2.331s] -- Up-to-date: /home/cao/ros2ws/install/hapthexa_msgs/include/hapthexa_msgs/hapthexa_msgs/msg/detail/leg_position__traits.hpp
[2.332s] -- Up-to-date: /home/cao/ros2ws/install/hapthexa_msgs/include/hapthexa_msgs/hapthexa_msgs/msg/detail/leg_position__struct.hpp
[2.334s] -- Up-to-date: /home/cao/ros2ws/install/hapthexa_msgs/include/hapthexa_msgs/hapthexa_msgs/msg/detail/leg_args__struct.hpp
[2.334s] -- Up-to-date: /home/cao/ros2ws/install/hapthexa_msgs/include/hapthexa_msgs/hapthexa_msgs/msg/detail/leg_position__type_support.hpp
[2.334s] -- Up-to-date: /home/cao/ros2ws/install/hapthexa_msgs/include/hapthexa_msgs/hapthexa_msgs/msg/detail/force_sensor__traits.hpp
[2.334s] -- Up-to-date: /home/cao/ros2ws/install/hapthexa_msgs/include/hapthexa_msgs/hapthexa_msgs/msg/leg_position.hpp
[2.335s] -- Up-to-date: /home/cao/ros2ws/install/hapthexa_msgs/include/hapthexa_msgs/hapthexa_msgs/msg/leg_args.hpp
[2.336s] -- Up-to-date: /home/cao/ros2ws/install/hapthexa_msgs/include/hapthexa_msgs/hapthexa_msgs/msg/attitude.hpp
[2.337s] -- Up-to-date: /home/cao/ros2ws/install/hapthexa_msgs/include/hapthexa_msgs/hapthexa_msgs/msg/empty.hpp
[2.337s] -- Up-to-date: /home/cao/ros2ws/install/hapthexa_msgs/include/hapthexa_msgs/hapthexa_msgs/srv
[2.337s] -- Up-to-date: /home/cao/ros2ws/install/hapthexa_msgs/include/hapthexa_msgs/hapthexa_msgs/srv/get_leg_position.hpp
[2.337s] -- Up-to-date: /home/cao/ros2ws/install/hapthexa_msgs/include/hapthexa_msgs/hapthexa_msgs/srv/detail
[2.337s] -- Up-to-date: /home/cao/ros2ws/install/hapthexa_msgs/include/hapthexa_msgs/hapthexa_msgs/srv/detail/get_leg_args__traits.hpp
[2.338s] -- Up-to-date: /home/cao/ros2ws/install/hapthexa_msgs/include/hapthexa_msgs/hapthexa_msgs/srv/detail/get_leg_position__builder.hpp
[2.338s] -- Up-to-date: /home/cao/ros2ws/install/hapthexa_msgs/include/hapthexa_msgs/hapthexa_msgs/srv/detail/get_leg_args__type_support.hpp
[2.338s] -- Up-to-date: /home/cao/ros2ws/install/hapthexa_msgs/include/hapthexa_msgs/hapthexa_msgs/srv/detail/get_leg_position__traits.hpp
[2.338s] -- Up-to-date: /home/cao/ros2ws/install/hapthexa_msgs/include/hapthexa_msgs/hapthexa_msgs/srv/detail/get_leg_args__struct.hpp
[2.338s] -- Up-to-date: /home/cao/ros2ws/install/hapthexa_msgs/include/hapthexa_msgs/hapthexa_msgs/srv/detail/get_leg_args__builder.hpp
[2.339s] -- Up-to-date: /home/cao/ros2ws/install/hapthexa_msgs/include/hapthexa_msgs/hapthexa_msgs/srv/detail/get_leg_position__struct.hpp
[2.339s] -- Up-to-date: /home/cao/ros2ws/install/hapthexa_msgs/include/hapthexa_msgs/hapthexa_msgs/srv/detail/get_leg_position__type_support.hpp
[2.339s] -- Up-to-date: /home/cao/ros2ws/install/hapthexa_msgs/include/hapthexa_msgs/hapthexa_msgs/srv/get_leg_args.hpp
[2.340s] -- Up-to-date: /home/cao/ros2ws/install/hapthexa_msgs/include/hapthexa_msgs/hapthexa_msgs/action
[2.340s] -- Up-to-date: /home/cao/ros2ws/install/hapthexa_msgs/include/hapthexa_msgs/hapthexa_msgs/action/move_leg_args.hpp
[2.340s] -- Up-to-date: /home/cao/ros2ws/install/hapthexa_msgs/include/hapthexa_msgs/hapthexa_msgs/action/detail
[2.340s] -- Up-to-date: /home/cao/ros2ws/install/hapthexa_msgs/include/hapthexa_msgs/hapthexa_msgs/action/detail/gait__struct.hpp
[2.341s] -- Up-to-date: /home/cao/ros2ws/install/hapthexa_msgs/include/hapthexa_msgs/hapthexa_msgs/action/detail/move_leg__builder.hpp
[2.341s] -- Up-to-date: /home/cao/ros2ws/install/hapthexa_msgs/include/hapthexa_msgs/hapthexa_msgs/action/detail/empty__type_support.hpp
[2.341s] -- Up-to-date: /home/cao/ros2ws/install/hapthexa_msgs/include/hapthexa_msgs/hapthexa_msgs/action/detail/gait__traits.hpp
[2.341s] -- Up-to-date: /home/cao/ros2ws/install/hapthexa_msgs/include/hapthexa_msgs/hapthexa_msgs/action/detail/empty__builder.hpp
[2.341s] -- Up-to-date: /home/cao/ros2ws/install/hapthexa_msgs/include/hapthexa_msgs/hapthexa_msgs/action/detail/empty__struct.hpp
[2.341s] -- Up-to-date: /home/cao/ros2ws/install/hapthexa_msgs/include/hapthexa_msgs/hapthexa_msgs/action/detail/move_leg_args__struct.hpp
[2.341s] -- Up-to-date: /home/cao/ros2ws/install/hapthexa_msgs/include/hapthexa_msgs/hapthexa_msgs/action/detail/empty__traits.hpp
[2.341s] -- Up-to-date: /home/cao/ros2ws/install/hapthexa_msgs/include/hapthexa_msgs/hapthexa_msgs/action/detail/move_leg_args__type_support.hpp
[2.341s] -- Up-to-date: /home/cao/ros2ws/install/hapthexa_msgs/include/hapthexa_msgs/hapthexa_msgs/action/detail/gait__type_support.hpp
[2.342s] -- Up-to-date: /home/cao/ros2ws/install/hapthexa_msgs/include/hapthexa_msgs/hapthexa_msgs/action/detail/move_leg_args__builder.hpp
[2.342s] -- Up-to-date: /home/cao/ros2ws/install/hapthexa_msgs/include/hapthexa_msgs/hapthexa_msgs/action/detail/move_leg__struct.hpp
[2.342s] -- Up-to-date: /home/cao/ros2ws/install/hapthexa_msgs/include/hapthexa_msgs/hapthexa_msgs/action/detail/gait__builder.hpp
[2.342s] -- Up-to-date: /home/cao/ros2ws/install/hapthexa_msgs/include/hapthexa_msgs/hapthexa_msgs/action/detail/move_leg__type_support.hpp
[2.342s] -- Up-to-date: /home/cao/ros2ws/install/hapthexa_msgs/include/hapthexa_msgs/hapthexa_msgs/action/detail/move_leg__traits.hpp
[2.342s] -- Up-to-date: /home/cao/ros2ws/install/hapthexa_msgs/include/hapthexa_msgs/hapthexa_msgs/action/detail/move_leg_args__traits.hpp
[2.343s] -- Up-to-date: /home/cao/ros2ws/install/hapthexa_msgs/include/hapthexa_msgs/hapthexa_msgs/action/gait.hpp
[2.343s] -- Up-to-date: /home/cao/ros2ws/install/hapthexa_msgs/include/hapthexa_msgs/hapthexa_msgs/action/move_leg.hpp
[2.343s] -- Up-to-date: /home/cao/ros2ws/install/hapthexa_msgs/include/hapthexa_msgs/hapthexa_msgs/action/empty.hpp
[2.343s] -- Up-to-date: /home/cao/ros2ws/install/hapthexa_msgs/include/hapthexa_msgs/hapthexa_msgs
[2.343s] -- Up-to-date: /home/cao/ros2ws/install/hapthexa_msgs/include/hapthexa_msgs/hapthexa_msgs/msg
[2.343s] -- Up-to-date: /home/cao/ros2ws/install/hapthexa_msgs/include/hapthexa_msgs/hapthexa_msgs/msg/rosidl_typesupport_fastrtps_cpp__visibility_control.h
[2.343s] -- Up-to-date: /home/cao/ros2ws/install/hapthexa_msgs/include/hapthexa_msgs/hapthexa_msgs/msg/detail
[2.344s] -- Up-to-date: /home/cao/ros2ws/install/hapthexa_msgs/include/hapthexa_msgs/hapthexa_msgs/msg/detail/attitude__rosidl_typesupport_fastrtps_cpp.hpp
[2.344s] -- Up-to-date: /home/cao/ros2ws/install/hapthexa_msgs/include/hapthexa_msgs/hapthexa_msgs/msg/detail/empty__rosidl_typesupport_fastrtps_cpp.hpp
[2.344s] -- Up-to-date: /home/cao/ros2ws/install/hapthexa_msgs/include/hapthexa_msgs/hapthexa_msgs/msg/detail/force_sensor__rosidl_typesupport_fastrtps_cpp.hpp
[2.344s] -- Up-to-date: /home/cao/ros2ws/install/hapthexa_msgs/include/hapthexa_msgs/hapthexa_msgs/msg/detail/leg_position__rosidl_typesupport_fastrtps_cpp.hpp
[2.344s] -- Up-to-date: /home/cao/ros2ws/install/hapthexa_msgs/include/hapthexa_msgs/hapthexa_msgs/msg/detail/dds_fastrtps
[2.344s] -- Up-to-date: /home/cao/ros2ws/install/hapthexa_msgs/include/hapthexa_msgs/hapthexa_msgs/msg/detail/leg_args__rosidl_typesupport_fastrtps_cpp.hpp
[2.344s] -- Up-to-date: /home/cao/ros2ws/install/hapthexa_msgs/include/hapthexa_msgs/hapthexa_msgs/srv
[2.344s] -- Up-to-date: /home/cao/ros2ws/install/hapthexa_msgs/include/hapthexa_msgs/hapthexa_msgs/srv/detail
[2.344s] -- Up-to-date: /home/cao/ros2ws/install/hapthexa_msgs/include/hapthexa_msgs/hapthexa_msgs/srv/detail/get_leg_position__rosidl_typesupport_fastrtps_cpp.hpp
[2.344s] -- Up-to-date: /home/cao/ros2ws/install/hapthexa_msgs/include/hapthexa_msgs/hapthexa_msgs/srv/detail/get_leg_args__rosidl_typesupport_fastrtps_cpp.hpp
[2.344s] -- Up-to-date: /home/cao/ros2ws/install/hapthexa_msgs/include/hapthexa_msgs/hapthexa_msgs/srv/detail/dds_fastrtps
[2.345s] -- Up-to-date: /home/cao/ros2ws/install/hapthexa_msgs/include/hapthexa_msgs/hapthexa_msgs/action
[2.345s] -- Up-to-date: /home/cao/ros2ws/install/hapthexa_msgs/include/hapthexa_msgs/hapthexa_msgs/action/detail
[2.345s] -- Up-to-date: /home/cao/ros2ws/install/hapthexa_msgs/include/hapthexa_msgs/hapthexa_msgs/action/detail/empty__rosidl_typesupport_fastrtps_cpp.hpp
[2.345s] -- Up-to-date: /home/cao/ros2ws/install/hapthexa_msgs/include/hapthexa_msgs/hapthexa_msgs/action/detail/dds_fastrtps
[2.345s] -- Up-to-date: /home/cao/ros2ws/install/hapthexa_msgs/include/hapthexa_msgs/hapthexa_msgs/action/detail/move_leg_args__rosidl_typesupport_fastrtps_cpp.hpp
[2.345s] -- Up-to-date: /home/cao/ros2ws/install/hapthexa_msgs/include/hapthexa_msgs/hapthexa_msgs/action/detail/gait__rosidl_typesupport_fastrtps_cpp.hpp
[2.345s] -- Up-to-date: /home/cao/ros2ws/install/hapthexa_msgs/include/hapthexa_msgs/hapthexa_msgs/action/detail/move_leg__rosidl_typesupport_fastrtps_cpp.hpp
[2.345s] -- Up-to-date: /home/cao/ros2ws/install/hapthexa_msgs/lib/libhapthexa_msgs__rosidl_typesupport_fastrtps_cpp.so
[2.345s] -- Up-to-date: /home/cao/ros2ws/install/hapthexa_msgs/include/hapthexa_msgs/hapthexa_msgs
[2.345s] -- Up-to-date: /home/cao/ros2ws/install/hapthexa_msgs/include/hapthexa_msgs/hapthexa_msgs/msg
[2.345s] -- Up-to-date: /home/cao/ros2ws/install/hapthexa_msgs/include/hapthexa_msgs/hapthexa_msgs/msg/rosidl_typesupport_introspection_c__visibility_control.h
[2.346s] -- Up-to-date: /home/cao/ros2ws/install/hapthexa_msgs/include/hapthexa_msgs/hapthexa_msgs/msg/detail
[2.346s] -- Installing: /home/cao/ros2ws/install/hapthexa_msgs/include/hapthexa_msgs/hapthexa_msgs/msg/detail/leg_args__type_support.c
[2.346s] -- Up-to-date: /home/cao/ros2ws/install/hapthexa_msgs/include/hapthexa_msgs/hapthexa_msgs/msg/detail/attitude__rosidl_typesupport_introspection_c.h
[2.346s] -- Installing: /home/cao/ros2ws/install/hapthexa_msgs/include/hapthexa_msgs/hapthexa_msgs/msg/detail/empty__type_support.c
[2.346s] -- Installing: /home/cao/ros2ws/install/hapthexa_msgs/include/hapthexa_msgs/hapthexa_msgs/msg/detail/force_sensor__type_support.c
[2.346s] -- Installing: /home/cao/ros2ws/install/hapthexa_msgs/include/hapthexa_msgs/hapthexa_msgs/msg/detail/leg_position__type_support.c
[2.346s] -- Up-to-date: /home/cao/ros2ws/install/hapthexa_msgs/include/hapthexa_msgs/hapthexa_msgs/msg/detail/force_sensor__rosidl_typesupport_introspection_c.h
[2.346s] -- Installing: /home/cao/ros2ws/install/hapthexa_msgs/include/hapthexa_msgs/hapthexa_msgs/msg/detail/attitude__type_support.c
[2.346s] -- Up-to-date: /home/cao/ros2ws/install/hapthexa_msgs/include/hapthexa_msgs/hapthexa_msgs/msg/detail/empty__rosidl_typesupport_introspection_c.h
[2.346s] -- Up-to-date: /home/cao/ros2ws/install/hapthexa_msgs/include/hapthexa_msgs/hapthexa_msgs/msg/detail/leg_position__rosidl_typesupport_introspection_c.h
[2.346s] -- Up-to-date: /home/cao/ros2ws/install/hapthexa_msgs/include/hapthexa_msgs/hapthexa_msgs/msg/detail/leg_args__rosidl_typesupport_introspection_c.h
[2.347s] -- Up-to-date: /home/cao/ros2ws/install/hapthexa_msgs/include/hapthexa_msgs/hapthexa_msgs/srv
[2.347s] -- Up-to-date: /home/cao/ros2ws/install/hapthexa_msgs/include/hapthexa_msgs/hapthexa_msgs/srv/detail
[2.347s] -- Installing: /home/cao/ros2ws/install/hapthexa_msgs/include/hapthexa_msgs/hapthexa_msgs/srv/detail/get_leg_position__type_support.c
[2.347s] -- Up-to-date: /home/cao/ros2ws/install/hapthexa_msgs/include/hapthexa_msgs/hapthexa_msgs/srv/detail/get_leg_position__rosidl_typesupport_introspection_c.h
[2.347s] -- Up-to-date: /home/cao/ros2ws/install/hapthexa_msgs/include/hapthexa_msgs/hapthexa_msgs/srv/detail/get_leg_args__rosidl_typesupport_introspection_c.h
[2.347s] -- Installing: /home/cao/ros2ws/install/hapthexa_msgs/include/hapthexa_msgs/hapthexa_msgs/srv/detail/get_leg_args__type_support.c
[2.347s] -- Up-to-date: /home/cao/ros2ws/install/hapthexa_msgs/include/hapthexa_msgs/hapthexa_msgs/action
[2.349s] -- Up-to-date: /home/cao/ros2ws/install/hapthexa_msgs/include/hapthexa_msgs/hapthexa_msgs/action/detail
[2.349s] -- Up-to-date: /home/cao/ros2ws/install/hapthexa_msgs/include/hapthexa_msgs/hapthexa_msgs/action/detail/gait__rosidl_typesupport_introspection_c.h
[2.349s] -- Up-to-date: /home/cao/ros2ws/install/hapthexa_msgs/include/hapthexa_msgs/hapthexa_msgs/action/detail/move_leg__rosidl_typesupport_introspection_c.h
[2.349s] -- Installing: /home/cao/ros2ws/install/hapthexa_msgs/include/hapthexa_msgs/hapthexa_msgs/action/detail/move_leg_args__type_support.c
[2.349s] -- Installing: /home/cao/ros2ws/install/hapthexa_msgs/include/hapthexa_msgs/hapthexa_msgs/action/detail/empty__type_support.c
[2.349s] -- Installing: /home/cao/ros2ws/install/hapthexa_msgs/include/hapthexa_msgs/hapthexa_msgs/action/detail/move_leg__type_support.c
[2.349s] -- Up-to-date: /home/cao/ros2ws/install/hapthexa_msgs/include/hapthexa_msgs/hapthexa_msgs/action/detail/empty__rosidl_typesupport_introspection_c.h
[2.350s] -- Installing: /home/cao/ros2ws/install/hapthexa_msgs/include/hapthexa_msgs/hapthexa_msgs/action/detail/gait__type_support.c
[2.350s] -- Up-to-date: /home/cao/ros2ws/install/hapthexa_msgs/include/hapthexa_msgs/hapthexa_msgs/action/detail/move_leg_args__rosidl_typesupport_introspection_c.h
[2.350s] -- Up-to-date: /home/cao/ros2ws/install/hapthexa_msgs/lib/libhapthexa_msgs__rosidl_typesupport_introspection_c.so
[2.350s] -- Up-to-date: /home/cao/ros2ws/install/hapthexa_msgs/lib/libhapthexa_msgs__rosidl_typesupport_c.so
[2.350s] -- Up-to-date: /home/cao/ros2ws/install/hapthexa_msgs/include/hapthexa_msgs/hapthexa_msgs
[2.350s] -- Up-to-date: /home/cao/ros2ws/install/hapthexa_msgs/include/hapthexa_msgs/hapthexa_msgs/msg
[2.350s] -- Up-to-date: /home/cao/ros2ws/install/hapthexa_msgs/include/hapthexa_msgs/hapthexa_msgs/msg/detail
[2.350s] -- Up-to-date: /home/cao/ros2ws/install/hapthexa_msgs/include/hapthexa_msgs/hapthexa_msgs/msg/detail/attitude__rosidl_typesupport_introspection_cpp.hpp
[2.351s] -- Up-to-date: /home/cao/ros2ws/install/hapthexa_msgs/include/hapthexa_msgs/hapthexa_msgs/msg/detail/leg_position__type_support.cpp
[2.351s] -- Up-to-date: /home/cao/ros2ws/install/hapthexa_msgs/include/hapthexa_msgs/hapthexa_msgs/msg/detail/force_sensor__type_support.cpp
[2.351s] -- Up-to-date: /home/cao/ros2ws/install/hapthexa_msgs/include/hapthexa_msgs/hapthexa_msgs/msg/detail/attitude__type_support.cpp
[2.351s] -- Up-to-date: /home/cao/ros2ws/install/hapthexa_msgs/include/hapthexa_msgs/hapthexa_msgs/msg/detail/leg_position__rosidl_typesupport_introspection_cpp.hpp
[2.351s] -- Up-to-date: /home/cao/ros2ws/install/hapthexa_msgs/include/hapthexa_msgs/hapthexa_msgs/msg/detail/empty__rosidl_typesupport_introspection_cpp.hpp
[2.351s] -- Up-to-date: /home/cao/ros2ws/install/hapthexa_msgs/include/hapthexa_msgs/hapthexa_msgs/msg/detail/leg_args__type_support.cpp
[2.351s] -- Up-to-date: /home/cao/ros2ws/install/hapthexa_msgs/include/hapthexa_msgs/hapthexa_msgs/msg/detail/force_sensor__rosidl_typesupport_introspection_cpp.hpp
[2.351s] -- Up-to-date: /home/cao/ros2ws/install/hapthexa_msgs/include/hapthexa_msgs/hapthexa_msgs/msg/detail/leg_args__rosidl_typesupport_introspection_cpp.hpp
[2.351s] -- Up-to-date: /home/cao/ros2ws/install/hapthexa_msgs/include/hapthexa_msgs/hapthexa_msgs/msg/detail/empty__type_support.cpp
[2.351s] -- Up-to-date: /home/cao/ros2ws/install/hapthexa_msgs/include/hapthexa_msgs/hapthexa_msgs/srv
[2.352s] -- Up-to-date: /home/cao/ros2ws/install/hapthexa_msgs/include/hapthexa_msgs/hapthexa_msgs/srv/detail
[2.352s] -- Up-to-date: /home/cao/ros2ws/install/hapthexa_msgs/include/hapthexa_msgs/hapthexa_msgs/srv/detail/get_leg_position__type_support.cpp
[2.352s] -- Up-to-date: /home/cao/ros2ws/install/hapthexa_msgs/include/hapthexa_msgs/hapthexa_msgs/srv/detail/get_leg_args__type_support.cpp
[2.352s] -- Up-to-date: /home/cao/ros2ws/install/hapthexa_msgs/include/hapthexa_msgs/hapthexa_msgs/srv/detail/get_leg_position__rosidl_typesupport_introspection_cpp.hpp
[2.352s] -- Up-to-date: /home/cao/ros2ws/install/hapthexa_msgs/include/hapthexa_msgs/hapthexa_msgs/srv/detail/get_leg_args__rosidl_typesupport_introspection_cpp.hpp
[2.352s] -- Up-to-date: /home/cao/ros2ws/install/hapthexa_msgs/include/hapthexa_msgs/hapthexa_msgs/action
[2.352s] -- Up-to-date: /home/cao/ros2ws/install/hapthexa_msgs/include/hapthexa_msgs/hapthexa_msgs/action/detail
[2.352s] -- Up-to-date: /home/cao/ros2ws/install/hapthexa_msgs/include/hapthexa_msgs/hapthexa_msgs/action/detail/move_leg_args__rosidl_typesupport_introspection_cpp.hpp
[2.352s] -- Up-to-date: /home/cao/ros2ws/install/hapthexa_msgs/include/hapthexa_msgs/hapthexa_msgs/action/detail/move_leg__rosidl_typesupport_introspection_cpp.hpp
[2.352s] -- Up-to-date: /home/cao/ros2ws/install/hapthexa_msgs/include/hapthexa_msgs/hapthexa_msgs/action/detail/gait__rosidl_typesupport_introspection_cpp.hpp
[2.353s] -- Up-to-date: /home/cao/ros2ws/install/hapthexa_msgs/include/hapthexa_msgs/hapthexa_msgs/action/detail/move_leg_args__type_support.cpp
[2.353s] -- Up-to-date: /home/cao/ros2ws/install/hapthexa_msgs/include/hapthexa_msgs/hapthexa_msgs/action/detail/move_leg__type_support.cpp
[2.353s] -- Up-to-date: /home/cao/ros2ws/install/hapthexa_msgs/include/hapthexa_msgs/hapthexa_msgs/action/detail/empty__rosidl_typesupport_introspection_cpp.hpp
[2.353s] -- Up-to-date: /home/cao/ros2ws/install/hapthexa_msgs/include/hapthexa_msgs/hapthexa_msgs/action/detail/gait__type_support.cpp
[2.353s] -- Up-to-date: /home/cao/ros2ws/install/hapthexa_msgs/include/hapthexa_msgs/hapthexa_msgs/action/detail/empty__type_support.cpp
[2.353s] -- Up-to-date: /home/cao/ros2ws/install/hapthexa_msgs/lib/libhapthexa_msgs__rosidl_typesupport_introspection_cpp.so
[2.353s] -- Up-to-date: /home/cao/ros2ws/install/hapthexa_msgs/lib/libhapthexa_msgs__rosidl_typesupport_cpp.so
[2.354s] -- Up-to-date: /home/cao/ros2ws/install/hapthexa_msgs/share/hapthexa_msgs/environment/pythonpath.sh
[2.354s] -- Up-to-date: /home/cao/ros2ws/install/hapthexa_msgs/share/hapthexa_msgs/environment/pythonpath.dsv
[2.354s] -- Up-to-date: /home/cao/ros2ws/install/hapthexa_msgs/lib/python3.12/site-packages/hapthexa_msgs-0.0.0-py3.12.egg-info
[2.354s] -- Installing: /home/cao/ros2ws/install/hapthexa_msgs/lib/python3.12/site-packages/hapthexa_msgs-0.0.0-py3.12.egg-info/SOURCES.txt
[2.354s] -- Installing: /home/cao/ros2ws/install/hapthexa_msgs/lib/python3.12/site-packages/hapthexa_msgs-0.0.0-py3.12.egg-info/top_level.txt
[2.354s] -- Installing: /home/cao/ros2ws/install/hapthexa_msgs/lib/python3.12/site-packages/hapthexa_msgs-0.0.0-py3.12.egg-info/PKG-INFO
[2.354s] -- Installing: /home/cao/ros2ws/install/hapthexa_msgs/lib/python3.12/site-packages/hapthexa_msgs-0.0.0-py3.12.egg-info/dependency_links.txt
[2.354s] -- Up-to-date: /home/cao/ros2ws/install/hapthexa_msgs/lib/python3.12/site-packages/hapthexa_msgs
[2.354s] -- Up-to-date: /home/cao/ros2ws/install/hapthexa_msgs/lib/python3.12/site-packages/hapthexa_msgs/__init__.py
[2.354s] -- Up-to-date: /home/cao/ros2ws/install/hapthexa_msgs/lib/python3.12/site-packages/hapthexa_msgs/hapthexa_msgs_s__rosidl_typesupport_fastrtps_c.so
[2.354s] -- Up-to-date: /home/cao/ros2ws/install/hapthexa_msgs/lib/python3.12/site-packages/hapthexa_msgs/msg
[2.355s] -- Up-to-date: /home/cao/ros2ws/install/hapthexa_msgs/lib/python3.12/site-packages/hapthexa_msgs/msg/__init__.py
[2.355s] -- Up-to-date: /home/cao/ros2ws/install/hapthexa_msgs/lib/python3.12/site-packages/hapthexa_msgs/msg/_attitude_s.c
[2.355s] -- Up-to-date: /home/cao/ros2ws/install/hapthexa_msgs/lib/python3.12/site-packages/hapthexa_msgs/msg/_force_sensor.py
[2.355s] -- Up-to-date: /home/cao/ros2ws/install/hapthexa_msgs/lib/python3.12/site-packages/hapthexa_msgs/msg/_leg_args.py
[2.355s] -- Up-to-date: /home/cao/ros2ws/install/hapthexa_msgs/lib/python3.12/site-packages/hapthexa_msgs/msg/_leg_position.py
[2.355s] -- Up-to-date: /home/cao/ros2ws/install/hapthexa_msgs/lib/python3.12/site-packages/hapthexa_msgs/msg/_leg_position_s.c
[2.355s] -- Up-to-date: /home/cao/ros2ws/install/hapthexa_msgs/lib/python3.12/site-packages/hapthexa_msgs/msg/_empty_s.c
[2.355s] -- Up-to-date: /home/cao/ros2ws/install/hapthexa_msgs/lib/python3.12/site-packages/hapthexa_msgs/msg/_empty.py
[2.355s] -- Up-to-date: /home/cao/ros2ws/install/hapthexa_msgs/lib/python3.12/site-packages/hapthexa_msgs/msg/_leg_args_s.c
[2.355s] -- Up-to-date: /home/cao/ros2ws/install/hapthexa_msgs/lib/python3.12/site-packages/hapthexa_msgs/msg/_force_sensor_s.c
[2.355s] -- Up-to-date: /home/cao/ros2ws/install/hapthexa_msgs/lib/python3.12/site-packages/hapthexa_msgs/msg/_attitude.py
[2.355s] -- Up-to-date: /home/cao/ros2ws/install/hapthexa_msgs/lib/python3.12/site-packages/hapthexa_msgs/_hapthexa_msgs_s.ep.rosidl_typesupport_introspection_c.c
[2.356s] -- Up-to-date: /home/cao/ros2ws/install/hapthexa_msgs/lib/python3.12/site-packages/hapthexa_msgs/srv
[2.356s] -- Up-to-date: /home/cao/ros2ws/install/hapthexa_msgs/lib/python3.12/site-packages/hapthexa_msgs/srv/__init__.py
[2.356s] -- Up-to-date: /home/cao/ros2ws/install/hapthexa_msgs/lib/python3.12/site-packages/hapthexa_msgs/srv/_get_leg_args_s.c
[2.356s] -- Up-to-date: /home/cao/ros2ws/install/hapthexa_msgs/lib/python3.12/site-packages/hapthexa_msgs/srv/_get_leg_args.py
[2.356s] -- Up-to-date: /home/cao/ros2ws/install/hapthexa_msgs/lib/python3.12/site-packages/hapthexa_msgs/srv/_get_leg_position_s.c
[2.356s] -- Up-to-date: /home/cao/ros2ws/install/hapthexa_msgs/lib/python3.12/site-packages/hapthexa_msgs/srv/_get_leg_position.py
[2.356s] -- Up-to-date: /home/cao/ros2ws/install/hapthexa_msgs/lib/python3.12/site-packages/hapthexa_msgs/hapthexa_msgs_s__rosidl_typesupport_c.so
[2.356s] -- Up-to-date: /home/cao/ros2ws/install/hapthexa_msgs/lib/python3.12/site-packages/hapthexa_msgs/_hapthexa_msgs_s.ep.rosidl_typesupport_c.c
[2.356s] -- Up-to-date: /home/cao/ros2ws/install/hapthexa_msgs/lib/python3.12/site-packages/hapthexa_msgs/_hapthexa_msgs_s.ep.rosidl_typesupport_fastrtps_c.c
[2.356s] -- Up-to-date: /home/cao/ros2ws/install/hapthexa_msgs/lib/python3.12/site-packages/hapthexa_msgs/hapthexa_msgs_s__rosidl_typesupport_introspection_c.so
[2.356s] -- Up-to-date: /home/cao/ros2ws/install/hapthexa_msgs/lib/python3.12/site-packages/hapthexa_msgs/action
[2.357s] -- Up-to-date: /home/cao/ros2ws/install/hapthexa_msgs/lib/python3.12/site-packages/hapthexa_msgs/action/_move_leg.py
[2.357s] -- Up-to-date: /home/cao/ros2ws/install/hapthexa_msgs/lib/python3.12/site-packages/hapthexa_msgs/action/__init__.py
[2.357s] -- Up-to-date: /home/cao/ros2ws/install/hapthexa_msgs/lib/python3.12/site-packages/hapthexa_msgs/action/_move_leg_args.py
[2.357s] -- Up-to-date: /home/cao/ros2ws/install/hapthexa_msgs/lib/python3.12/site-packages/hapthexa_msgs/action/_gait_s.c
[2.357s] -- Up-to-date: /home/cao/ros2ws/install/hapthexa_msgs/lib/python3.12/site-packages/hapthexa_msgs/action/_move_leg_s.c
[2.357s] -- Up-to-date: /home/cao/ros2ws/install/hapthexa_msgs/lib/python3.12/site-packages/hapthexa_msgs/action/_empty_s.c
[2.358s] -- Up-to-date: /home/cao/ros2ws/install/hapthexa_msgs/lib/python3.12/site-packages/hapthexa_msgs/action/_move_leg_args_s.c
[2.358s] -- Up-to-date: /home/cao/ros2ws/install/hapthexa_msgs/lib/python3.12/site-packages/hapthexa_msgs/action/_empty.py
[2.358s] -- Up-to-date: /home/cao/ros2ws/install/hapthexa_msgs/lib/python3.12/site-packages/hapthexa_msgs/action/_gait.py
[2.446s] Listing '/home/cao/ros2ws/install/hapthexa_msgs/lib/python3.12/site-packages/hapthexa_msgs'...
[2.448s] Listing '/home/cao/ros2ws/install/hapthexa_msgs/lib/python3.12/site-packages/hapthexa_msgs/action'...
[2.450s] Listing '/home/cao/ros2ws/install/hapthexa_msgs/lib/python3.12/site-packages/hapthexa_msgs/msg'...
[2.453s] Listing '/home/cao/ros2ws/install/hapthexa_msgs/lib/python3.12/site-packages/hapthexa_msgs/srv'...
[2.477s] -- Up-to-date: /home/cao/ros2ws/install/hapthexa_msgs/lib/python3.12/site-packages/hapthexa_msgs/hapthexa_msgs_s__rosidl_typesupport_fastrtps_c.so
[2.478s] -- Up-to-date: /home/cao/ros2ws/install/hapthexa_msgs/lib/python3.12/site-packages/hapthexa_msgs/hapthexa_msgs_s__rosidl_typesupport_introspection_c.so
[2.479s] -- Up-to-date: /home/cao/ros2ws/install/hapthexa_msgs/lib/python3.12/site-packages/hapthexa_msgs/hapthexa_msgs_s__rosidl_typesupport_c.so
[2.482s] -- Up-to-date: /home/cao/ros2ws/install/hapthexa_msgs/lib/libhapthexa_msgs__rosidl_generator_py.so
[2.483s] -- Up-to-date: /home/cao/ros2ws/install/hapthexa_msgs/share/hapthexa_msgs/action/MoveLeg.idl
[2.484s] -- Up-to-date: /home/cao/ros2ws/install/hapthexa_msgs/share/hapthexa_msgs/action/MoveLegArgs.idl
[2.484s] -- Up-to-date: /home/cao/ros2ws/install/hapthexa_msgs/share/hapthexa_msgs/action/Gait.idl
[2.485s] -- Up-to-date: /home/cao/ros2ws/install/hapthexa_msgs/share/hapthexa_msgs/action/Empty.idl
[2.486s] -- Up-to-date: /home/cao/ros2ws/install/hapthexa_msgs/share/hapthexa_msgs/msg/Attitude.idl
[2.486s] -- Up-to-date: /home/cao/ros2ws/install/hapthexa_msgs/share/hapthexa_msgs/msg/Empty.idl
[2.486s] -- Up-to-date: /home/cao/ros2ws/install/hapthexa_msgs/share/hapthexa_msgs/msg/ForceSensor.idl
[2.486s] -- Up-to-date: /home/cao/ros2ws/install/hapthexa_msgs/share/hapthexa_msgs/msg/LegArgs.idl
[2.486s] -- Up-to-date: /home/cao/ros2ws/install/hapthexa_msgs/share/hapthexa_msgs/msg/LegPosition.idl
[2.486s] -- Up-to-date: /home/cao/ros2ws/install/hapthexa_msgs/share/hapthexa_msgs/srv/GetLegArgs.idl
[2.487s] -- Up-to-date: /home/cao/ros2ws/install/hapthexa_msgs/share/hapthexa_msgs/srv/GetLegPosition.idl
[2.487s] -- Up-to-date: /home/cao/ros2ws/install/hapthexa_msgs/share/hapthexa_msgs/action/MoveLeg.action
[2.487s] -- Up-to-date: /home/cao/ros2ws/install/hapthexa_msgs/share/hapthexa_msgs/action/MoveLegArgs.action
[2.487s] -- Up-to-date: /home/cao/ros2ws/install/hapthexa_msgs/share/hapthexa_msgs/action/Gait.action
[2.487s] -- Up-to-date: /home/cao/ros2ws/install/hapthexa_msgs/share/hapthexa_msgs/action/Empty.action
[2.493s] -- Up-to-date: /home/cao/ros2ws/install/hapthexa_msgs/share/hapthexa_msgs/msg/Attitude.msg
[2.494s] -- Up-to-date: /home/cao/ros2ws/install/hapthexa_msgs/share/hapthexa_msgs/msg/Empty.msg
[2.494s] -- Up-to-date: /home/cao/ros2ws/install/hapthexa_msgs/share/hapthexa_msgs/msg/ForceSensor.msg
[2.494s] -- Up-to-date: /home/cao/ros2ws/install/hapthexa_msgs/share/hapthexa_msgs/msg/LegArgs.msg
[2.494s] -- Up-to-date: /home/cao/ros2ws/install/hapthexa_msgs/share/hapthexa_msgs/msg/LegPosition.msg
[2.494s] -- Up-to-date: /home/cao/ros2ws/install/hapthexa_msgs/share/hapthexa_msgs/srv/GetLegArgs.srv
[2.494s] -- Up-to-date: /home/cao/ros2ws/install/hapthexa_msgs/share/hapthexa_msgs/srv/GetLegPosition.srv
[2.494s] -- Up-to-date: /home/cao/ros2ws/install/hapthexa_msgs/share/ament_index/resource_index/package_run_dependencies/hapthexa_msgs
[2.495s] -- Up-to-date: /home/cao/ros2ws/install/hapthexa_msgs/share/ament_index/resource_index/parent_prefix_path/hapthexa_msgs
[2.495s] -- Up-to-date: /home/cao/ros2ws/install/hapthexa_msgs/share/hapthexa_msgs/environment/ament_prefix_path.sh
[2.495s] -- Up-to-date: /home/cao/ros2ws/install/hapthexa_msgs/share/hapthexa_msgs/environment/ament_prefix_path.dsv
[2.495s] -- Up-to-date: /home/cao/ros2ws/install/hapthexa_msgs/share/hapthexa_msgs/environment/path.sh
[2.495s] -- Up-to-date: /home/cao/ros2ws/install/hapthexa_msgs/share/hapthexa_msgs/environment/path.dsv
[2.495s] -- Up-to-date: /home/cao/ros2ws/install/hapthexa_msgs/share/hapthexa_msgs/local_setup.bash
[2.495s] -- Up-to-date: /home/cao/ros2ws/install/hapthexa_msgs/share/hapthexa_msgs/local_setup.sh
[2.495s] -- Up-to-date: /home/cao/ros2ws/install/hapthexa_msgs/share/hapthexa_msgs/local_setup.zsh
[2.495s] -- Up-to-date: /home/cao/ros2ws/install/hapthexa_msgs/share/hapthexa_msgs/local_setup.dsv
[2.495s] -- Installing: /home/cao/ros2ws/install/hapthexa_msgs/share/hapthexa_msgs/package.dsv
[2.495s] -- Up-to-date: /home/cao/ros2ws/install/hapthexa_msgs/share/ament_index/resource_index/packages/hapthexa_msgs
[2.496s] -- Up-to-date: /home/cao/ros2ws/install/hapthexa_msgs/share/hapthexa_msgs/cmake/export_hapthexa_msgs__rosidl_generator_cExport.cmake
[2.496s] -- Up-to-date: /home/cao/ros2ws/install/hapthexa_msgs/share/hapthexa_msgs/cmake/export_hapthexa_msgs__rosidl_generator_cExport-noconfig.cmake
[2.496s] -- Up-to-date: /home/cao/ros2ws/install/hapthexa_msgs/share/hapthexa_msgs/cmake/export_hapthexa_msgs__rosidl_typesupport_fastrtps_cExport.cmake
[2.496s] -- Up-to-date: /home/cao/ros2ws/install/hapthexa_msgs/share/hapthexa_msgs/cmake/export_hapthexa_msgs__rosidl_typesupport_fastrtps_cExport-noconfig.cmake
[2.496s] -- Up-to-date: /home/cao/ros2ws/install/hapthexa_msgs/share/hapthexa_msgs/cmake/export_hapthexa_msgs__rosidl_generator_cppExport.cmake
[2.496s] -- Up-to-date: /home/cao/ros2ws/install/hapthexa_msgs/share/hapthexa_msgs/cmake/export_hapthexa_msgs__rosidl_typesupport_fastrtps_cppExport.cmake
[2.496s] -- Up-to-date: /home/cao/ros2ws/install/hapthexa_msgs/share/hapthexa_msgs/cmake/export_hapthexa_msgs__rosidl_typesupport_fastrtps_cppExport-noconfig.cmake
[2.496s] -- Up-to-date: /home/cao/ros2ws/install/hapthexa_msgs/share/hapthexa_msgs/cmake/hapthexa_msgs__rosidl_typesupport_introspection_cExport.cmake
[2.496s] -- Up-to-date: /home/cao/ros2ws/install/hapthexa_msgs/share/hapthexa_msgs/cmake/hapthexa_msgs__rosidl_typesupport_introspection_cExport-noconfig.cmake
[2.497s] -- Up-to-date: /home/cao/ros2ws/install/hapthexa_msgs/share/hapthexa_msgs/cmake/hapthexa_msgs__rosidl_typesupport_cExport.cmake
[2.497s] -- Up-to-date: /home/cao/ros2ws/install/hapthexa_msgs/share/hapthexa_msgs/cmake/hapthexa_msgs__rosidl_typesupport_cExport-noconfig.cmake
[2.497s] -- Up-to-date: /home/cao/ros2ws/install/hapthexa_msgs/share/hapthexa_msgs/cmake/hapthexa_msgs__rosidl_typesupport_introspection_cppExport.cmake
[2.498s] -- Up-to-date: /home/cao/ros2ws/install/hapthexa_msgs/share/hapthexa_msgs/cmake/hapthexa_msgs__rosidl_typesupport_introspection_cppExport-noconfig.cmake
[2.498s] -- Up-to-date: /home/cao/ros2ws/install/hapthexa_msgs/share/hapthexa_msgs/cmake/hapthexa_msgs__rosidl_typesupport_cppExport.cmake
[2.498s] -- Up-to-date: /home/cao/ros2ws/install/hapthexa_msgs/share/hapthexa_msgs/cmake/hapthexa_msgs__rosidl_typesupport_cppExport-noconfig.cmake
[2.498s] -- Up-to-date: /home/cao/ros2ws/install/hapthexa_msgs/share/hapthexa_msgs/cmake/export_hapthexa_msgs__rosidl_generator_pyExport.cmake
[2.498s] -- Up-to-date: /home/cao/ros2ws/install/hapthexa_msgs/share/hapthexa_msgs/cmake/export_hapthexa_msgs__rosidl_generator_pyExport-noconfig.cmake
[2.498s] -- Up-to-date: /home/cao/ros2ws/install/hapthexa_msgs/share/hapthexa_msgs/cmake/rosidl_cmake-extras.cmake
[2.498s] -- Up-to-date: /home/cao/ros2ws/install/hapthexa_msgs/share/hapthexa_msgs/cmake/ament_cmake_export_dependencies-extras.cmake
[2.499s] -- Up-to-date: /home/cao/ros2ws/install/hapthexa_msgs/share/hapthexa_msgs/cmake/ament_cmake_export_include_directories-extras.cmake
[2.499s] -- Up-to-date: /home/cao/ros2ws/install/hapthexa_msgs/share/hapthexa_msgs/cmake/ament_cmake_export_libraries-extras.cmake
[2.499s] -- Up-to-date: /home/cao/ros2ws/install/hapthexa_msgs/share/hapthexa_msgs/cmake/ament_cmake_export_targets-extras.cmake
[2.499s] -- Up-to-date: /home/cao/ros2ws/install/hapthexa_msgs/share/hapthexa_msgs/cmake/rosidl_cmake_export_typesupport_targets-extras.cmake
[2.499s] -- Up-to-date: /home/cao/ros2ws/install/hapthexa_msgs/share/hapthexa_msgs/cmake/rosidl_cmake_export_typesupport_libraries-extras.cmake
[2.499s] -- Up-to-date: /home/cao/ros2ws/install/hapthexa_msgs/share/hapthexa_msgs/cmake/hapthexa_msgsConfig.cmake
[2.501s] -- Up-to-date: /home/cao/ros2ws/install/hapthexa_msgs/share/hapthexa_msgs/cmake/hapthexa_msgsConfig-version.cmake
[2.505s] -- Up-to-date: /home/cao/ros2ws/install/hapthexa_msgs/share/hapthexa_msgs/package.xml
[2.505s] Invoked command in '/home/cao/ros2ws/build/hapthexa_msgs' returned '0': CMAKE_PREFIX_PATH=${CMAKE_PREFIX_PATH}:/opt/ros/jazzy DEBUGINFOD_URLS=https://debuginfod.ubuntu.com /usr/bin/cmake --install /home/cao/ros2ws/build/hapthexa_msgs
