[ 50%] [32mBuilding CXX object CMakeFiles/hapthexa_leg.dir/src/hapthexa_leg.cpp.o[0m
[100%] [32m[1mLinking CXX executable hapthexa_leg[0m
[100%] Built target hapthexa_leg
-- Install configuration: ""
-- Installing: /home/cao/ros2ws/install/hapthexa_main/lib/hapthexa_main/hapthexa_leg
-- Set non-toolchain portion of runtime path of "/home/cao/ros2ws/install/hapthexa_main/lib/hapthexa_main/hapthexa_leg" to ""
-- Up-to-date: /home/cao/ros2ws/install/hapthexa_main/lib/hapthexa_main/__init__.py
-- Up-to-date: /home/cao/ros2ws/install/hapthexa_main/lib/hapthexa_main/attitude_controller.py
-- Up-to-date: /home/cao/ros2ws/install/hapthexa_main/lib/hapthexa_main/omni_walk.py
-- Up-to-date: /home/cao/ros2ws/install/hapthexa_main/lib/hapthexa_main/relative_rough_walk.py
-- Up-to-date: /home/cao/ros2ws/install/hapthexa_main/lib/hapthexa_main/relative_simple_walk.py
-- Up-to-date: /home/cao/ros2ws/install/hapthexa_main/lib/hapthexa_main/rough_walk.py
-- Up-to-date: /home/cao/ros2ws/install/hapthexa_main/lib/hapthexa_main/roughwalk_action.py
-- Up-to-date: /home/cao/ros2ws/install/hapthexa_main/lib/hapthexa_main/sensor_checker.py
-- Up-to-date: /home/cao/ros2ws/install/hapthexa_main/lib/hapthexa_main/simple_walk.py
-- Up-to-date: /home/cao/ros2ws/install/hapthexa_main/lib/hapthexa_main/simplewalk_action.py
-- Up-to-date: /home/cao/ros2ws/install/hapthexa_main/lib/hapthexa_main/test_roughwalk_action.py
-- Up-to-date: /home/cao/ros2ws/install/hapthexa_main/lib/hapthexa_main/test_simplewalk_flonly.py
-- Up-to-date: /home/cao/ros2ws/install/hapthexa_main/lib/hapthexa_main/wakeup_by_action.py
-- Up-to-date: /home/cao/ros2ws/install/hapthexa_main/share/hapthexa_main/launch.py
-- Up-to-date: /home/cao/ros2ws/install/hapthexa_main/share/hapthexa_main/launch2.py
-- Up-to-date: /home/cao/ros2ws/install/hapthexa_main/share/ament_index/resource_index/package_run_dependencies/hapthexa_main
-- Up-to-date: /home/cao/ros2ws/install/hapthexa_main/share/ament_index/resource_index/parent_prefix_path/hapthexa_main
-- Up-to-date: /home/cao/ros2ws/install/hapthexa_main/share/hapthexa_main/environment/ament_prefix_path.sh
-- Up-to-date: /home/cao/ros2ws/install/hapthexa_main/share/hapthexa_main/environment/ament_prefix_path.dsv
-- Up-to-date: /home/cao/ros2ws/install/hapthexa_main/share/hapthexa_main/environment/path.sh
-- Up-to-date: /home/cao/ros2ws/install/hapthexa_main/share/hapthexa_main/environment/path.dsv
-- Up-to-date: /home/cao/ros2ws/install/hapthexa_main/share/hapthexa_main/local_setup.bash
-- Up-to-date: /home/cao/ros2ws/install/hapthexa_main/share/hapthexa_main/local_setup.sh
-- Up-to-date: /home/cao/ros2ws/install/hapthexa_main/share/hapthexa_main/local_setup.zsh
-- Up-to-date: /home/cao/ros2ws/install/hapthexa_main/share/hapthexa_main/local_setup.dsv
-- Installing: /home/cao/ros2ws/install/hapthexa_main/share/hapthexa_main/package.dsv
-- Up-to-date: /home/cao/ros2ws/install/hapthexa_main/share/ament_index/resource_index/packages/hapthexa_main
-- Up-to-date: /home/cao/ros2ws/install/hapthexa_main/share/hapthexa_main/cmake/hapthexa_mainConfig.cmake
-- Up-to-date: /home/cao/ros2ws/install/hapthexa_main/share/hapthexa_main/cmake/hapthexa_mainConfig-version.cmake
-- Up-to-date: /home/cao/ros2ws/install/hapthexa_main/share/hapthexa_main/package.xml
