[0.021s] Invoking command in '/home/cao/ros2ws/src/build/realsense2_camera_msgs': CMAKE_PREFIX_PATH=${CMAKE_PREFIX_PATH}:/opt/ros/jazzy DEBUGINFOD_URLS=https://debuginfod.ubuntu.com /usr/bin/cmake /home/cao/ros2ws/src/realsense-ros/realsense2_camera_msgs -DCMAKE_INSTALL_PREFIX=/home/cao/ros2ws/src/install/realsense2_camera_msgs
[0.366s] -- The C compiler identification is GNU 13.2.0
[0.621s] -- The CXX compiler identification is GNU 13.2.0
[0.661s] -- Detecting C compiler ABI info
[0.898s] -- Detecting C compiler ABI info - done
[0.913s] -- Check for working C compiler: /usr/bin/cc - skipped
[0.913s] -- Detecting C compile features
[0.914s] -- Detecting C compile features - done
[0.932s] -- Detecting CXX compiler ABI info
[1.166s] -- Detecting CXX compiler ABI info - done
[1.185s] -- Check for working CXX compiler: /usr/bin/c++ - skipped
[1.186s] -- Detecting CXX compile features
[1.186s] -- Detecting CXX compile features - done
[1.191s] -- Found ament_cmake: 2.5.2 (/opt/ros/jazzy/share/ament_cmake/cmake)
[1.511s] -- Found Python3: /usr/bin/python3 (found version "3.12.3") found components: Interpreter 
[1.788s] -- Found rosidl_default_generators: 1.6.0 (/opt/ros/jazzy/share/rosidl_default_generators/cmake)
[1.807s] -- Using all available rosidl_typesupport_c: rosidl_typesupport_fastrtps_c;rosidl_typesupport_introspection_c
[1.926s] -- Using all available rosidl_typesupport_cpp: rosidl_typesupport_fastrtps_cpp;rosidl_typesupport_introspection_cpp
[2.022s] -- Found rosidl_adapter: 4.6.4 (/opt/ros/jazzy/share/rosidl_adapter/cmake)
[2.033s] -- Found builtin_interfaces: 2.0.2 (/opt/ros/jazzy/share/builtin_interfaces/cmake)
[2.055s] -- Found std_msgs: 5.3.5 (/opt/ros/jazzy/share/std_msgs/cmake)
[2.097s] -- Found sensor_msgs: 5.3.5 (/opt/ros/jazzy/share/sensor_msgs/cmake)
[3.624s] -- Found ament_cmake_cppcheck: 0.17.1 (/opt/ros/jazzy/share/ament_cmake_cppcheck/cmake)
[3.629s] -- Found ament_cmake_cpplint: 0.17.1 (/opt/ros/jazzy/share/ament_cmake_cpplint/cmake)
[3.635s] -- Found ament_cmake_uncrustify: 0.17.1 (/opt/ros/jazzy/share/ament_cmake_uncrustify/cmake)
[3.640s] -- Found ament_cmake_ros: 0.12.0 (/opt/ros/jazzy/share/ament_cmake_ros/cmake)
[4.938s] -- Using all available rosidl_typesupport_c: rosidl_typesupport_fastrtps_c;rosidl_typesupport_introspection_c
[6.787s] -- Using all available rosidl_typesupport_cpp: rosidl_typesupport_fastrtps_cpp;rosidl_typesupport_introspection_cpp
[6.797s] -- Found python_cmake_module: 0.11.1 (/opt/ros/jazzy/share/python_cmake_module/cmake)
[7.147s] -- Found PythonExtra: /usr/bin/python3  
[8.351s] -- Found Python3: /usr/bin/python3 (found version "3.12.3") found components: Interpreter Development NumPy Development.Module Development.Embed 
[8.522s] -- Found ament_cmake_flake8: 0.17.1 (/opt/ros/jazzy/share/ament_cmake_flake8/cmake)
[8.528s] -- Found ament_cmake_pep257: 0.17.1 (/opt/ros/jazzy/share/ament_cmake_pep257/cmake)
[8.548s] -- Configuring done (8.5s)
[8.683s] -- Generating done (0.1s)
[8.690s] -- Build files have been written to: /home/cao/ros2ws/src/build/realsense2_camera_msgs
[8.747s] Invoked command in '/home/cao/ros2ws/src/build/realsense2_camera_msgs' returned '0': CMAKE_PREFIX_PATH=${CMAKE_PREFIX_PATH}:/opt/ros/jazzy DEBUGINFOD_URLS=https://debuginfod.ubuntu.com /usr/bin/cmake /home/cao/ros2ws/src/realsense-ros/realsense2_camera_msgs -DCMAKE_INSTALL_PREFIX=/home/cao/ros2ws/src/install/realsense2_camera_msgs
[8.747s] Invoking command in '/home/cao/ros2ws/src/build/realsense2_camera_msgs': CMAKE_PREFIX_PATH=${CMAKE_PREFIX_PATH}:/opt/ros/jazzy DEBUGINFOD_URLS=https://debuginfod.ubuntu.com /usr/bin/cmake --build /home/cao/ros2ws/src/build/realsense2_camera_msgs -- -j4 -l4
[8.934s] [  1%] [34m[1mGenerating type hashes for ROS interfaces[0m
[8.945s] [  1%] Built target ament_cmake_python_copy_realsense2_camera_msgs
[9.904s] running egg_info
[9.911s] creating realsense2_camera_msgs.egg-info
[9.995s] writing realsense2_camera_msgs.egg-info/PKG-INFO
[9.996s] writing dependency_links to realsense2_camera_msgs.egg-info/dependency_links.txt
[9.996s] writing top-level names to realsense2_camera_msgs.egg-info/top_level.txt
[9.996s] writing manifest file 'realsense2_camera_msgs.egg-info/SOURCES.txt'
[10.292s] reading manifest file 'realsense2_camera_msgs.egg-info/SOURCES.txt'
[10.292s] writing manifest file 'realsense2_camera_msgs.egg-info/SOURCES.txt'
[10.487s] [  1%] Built target ament_cmake_python_build_realsense2_camera_msgs_egg
[10.585s] [  1%] Built target realsense2_camera_msgs__rosidl_generator_type_description
[10.635s] [  2%] [34m[1mGenerating C code for ROS interfaces[0m
[10.701s] [  2%] [34m[1mGenerating C++ code for ROS interfaces[0m
[14.546s] [  3%] [32mBuilding C object CMakeFiles/realsense2_camera_msgs__rosidl_generator_c.dir/rosidl_generator_c/realsense2_camera_msgs/msg/detail/imu_info__description.c.o[0m
[14.546s] [  3%] Built target realsense2_camera_msgs__cpp
[14.571s] [  4%] [32mBuilding C object CMakeFiles/realsense2_camera_msgs__rosidl_generator_c.dir/rosidl_generator_c/realsense2_camera_msgs/msg/detail/imu_info__functions.c.o[0m
[14.574s] [  5%] [32mBuilding C object CMakeFiles/realsense2_camera_msgs__rosidl_generator_c.dir/rosidl_generator_c/realsense2_camera_msgs/msg/detail/imu_info__type_support.c.o[0m
[14.611s] [  6%] [32mBuilding C object CMakeFiles/realsense2_camera_msgs__rosidl_generator_c.dir/rosidl_generator_c/realsense2_camera_msgs/msg/detail/extrinsics__description.c.o[0m
[14.766s] [  7%] [32mBuilding C object CMakeFiles/realsense2_camera_msgs__rosidl_generator_c.dir/rosidl_generator_c/realsense2_camera_msgs/msg/detail/extrinsics__functions.c.o[0m
[14.914s] [  8%] [32mBuilding C object CMakeFiles/realsense2_camera_msgs__rosidl_generator_c.dir/rosidl_generator_c/realsense2_camera_msgs/msg/detail/extrinsics__type_support.c.o[0m
[14.932s] [  9%] [32mBuilding C object CMakeFiles/realsense2_camera_msgs__rosidl_generator_c.dir/rosidl_generator_c/realsense2_camera_msgs/msg/detail/metadata__description.c.o[0m
[14.962s] [ 10%] [32mBuilding C object CMakeFiles/realsense2_camera_msgs__rosidl_generator_c.dir/rosidl_generator_c/realsense2_camera_msgs/msg/detail/metadata__functions.c.o[0m
[15.075s] [ 11%] [32mBuilding C object CMakeFiles/realsense2_camera_msgs__rosidl_generator_c.dir/rosidl_generator_c/realsense2_camera_msgs/msg/detail/metadata__type_support.c.o[0m
[15.116s] [ 12%] [32mBuilding C object CMakeFiles/realsense2_camera_msgs__rosidl_generator_c.dir/rosidl_generator_c/realsense2_camera_msgs/msg/detail/rgbd__description.c.o[0m
[15.188s] [ 13%] [32mBuilding C object CMakeFiles/realsense2_camera_msgs__rosidl_generator_c.dir/rosidl_generator_c/realsense2_camera_msgs/msg/detail/rgbd__functions.c.o[0m
[15.199s] [ 14%] [32mBuilding C object CMakeFiles/realsense2_camera_msgs__rosidl_generator_c.dir/rosidl_generator_c/realsense2_camera_msgs/msg/detail/rgbd__type_support.c.o[0m
[15.244s] [ 15%] [32mBuilding C object CMakeFiles/realsense2_camera_msgs__rosidl_generator_c.dir/rosidl_generator_c/realsense2_camera_msgs/srv/detail/device_info__description.c.o[0m
[15.419s] [ 16%] [32mBuilding C object CMakeFiles/realsense2_camera_msgs__rosidl_generator_c.dir/rosidl_generator_c/realsense2_camera_msgs/srv/detail/device_info__functions.c.o[0m
[15.427s] [ 17%] [32mBuilding C object CMakeFiles/realsense2_camera_msgs__rosidl_generator_c.dir/rosidl_generator_c/realsense2_camera_msgs/srv/detail/device_info__type_support.c.o[0m
[15.514s] [ 18%] [32mBuilding C object CMakeFiles/realsense2_camera_msgs__rosidl_generator_c.dir/rosidl_generator_c/realsense2_camera_msgs/srv/detail/calib_config_read__description.c.o[0m
[15.524s] [ 19%] [32mBuilding C object CMakeFiles/realsense2_camera_msgs__rosidl_generator_c.dir/rosidl_generator_c/realsense2_camera_msgs/srv/detail/calib_config_read__functions.c.o[0m
[15.620s] [ 20%] [32mBuilding C object CMakeFiles/realsense2_camera_msgs__rosidl_generator_c.dir/rosidl_generator_c/realsense2_camera_msgs/srv/detail/calib_config_read__type_support.c.o[0m
[15.878s] [ 21%] [32mBuilding C object CMakeFiles/realsense2_camera_msgs__rosidl_generator_c.dir/rosidl_generator_c/realsense2_camera_msgs/srv/detail/calib_config_write__description.c.o[0m
[15.888s] [ 22%] [32mBuilding C object CMakeFiles/realsense2_camera_msgs__rosidl_generator_c.dir/rosidl_generator_c/realsense2_camera_msgs/srv/detail/calib_config_write__functions.c.o[0m
[15.925s] [ 23%] [32mBuilding C object CMakeFiles/realsense2_camera_msgs__rosidl_generator_c.dir/rosidl_generator_c/realsense2_camera_msgs/srv/detail/calib_config_write__type_support.c.o[0m
[16.059s] [ 24%] [32mBuilding C object CMakeFiles/realsense2_camera_msgs__rosidl_generator_c.dir/rosidl_generator_c/realsense2_camera_msgs/action/detail/triggered_calibration__description.c.o[0m
[16.237s] [ 24%] [32mBuilding C object CMakeFiles/realsense2_camera_msgs__rosidl_generator_c.dir/rosidl_generator_c/realsense2_camera_msgs/action/detail/triggered_calibration__type_support.c.o[0m
[16.251s] [ 25%] [32mBuilding C object CMakeFiles/realsense2_camera_msgs__rosidl_generator_c.dir/rosidl_generator_c/realsense2_camera_msgs/action/detail/triggered_calibration__functions.c.o[0m
[16.884s] [ 26%] [32m[1mLinking C shared library librealsense2_camera_msgs__rosidl_generator_c.so[0m
[17.143s] [ 26%] Built target realsense2_camera_msgs__rosidl_generator_c
[17.211s] [ 27%] [34m[1mGenerating C++ type support dispatch for ROS interfaces[0m
[17.217s] [ 28%] [34m[1mGenerating C type support for eProsima Fast-RTPS[0m
[17.231s] [ 28%] [34m[1mGenerating C introspection for ROS interfaces[0m
[17.245s] [ 29%] [34m[1mGenerating C type support dispatch for ROS interfaces[0m
[20.368s] [ 30%] [32mBuilding CXX object CMakeFiles/realsense2_camera_msgs__rosidl_typesupport_cpp.dir/rosidl_typesupport_cpp/realsense2_camera_msgs/msg/imu_info__type_support.cpp.o[0m
[20.457s] [ 31%] [32mBuilding CXX object CMakeFiles/realsense2_camera_msgs__rosidl_typesupport_c.dir/rosidl_typesupport_c/realsense2_camera_msgs/msg/imu_info__type_support.cpp.o[0m
[20.664s] [ 32%] [32mBuilding CXX object CMakeFiles/realsense2_camera_msgs__rosidl_typesupport_c.dir/rosidl_typesupport_c/realsense2_camera_msgs/msg/extrinsics__type_support.cpp.o[0m
[20.915s] [ 33%] [32mBuilding CXX object CMakeFiles/realsense2_camera_msgs__rosidl_typesupport_c.dir/rosidl_typesupport_c/realsense2_camera_msgs/msg/metadata__type_support.cpp.o[0m
[21.064s] [ 34%] [32mBuilding CXX object CMakeFiles/realsense2_camera_msgs__rosidl_typesupport_c.dir/rosidl_typesupport_c/realsense2_camera_msgs/msg/rgbd__type_support.cpp.o[0m
[21.451s] [ 35%] [32mBuilding CXX object CMakeFiles/realsense2_camera_msgs__rosidl_typesupport_c.dir/rosidl_typesupport_c/realsense2_camera_msgs/srv/device_info__type_support.cpp.o[0m
[21.644s] [ 36%] [32mBuilding CXX object CMakeFiles/realsense2_camera_msgs__rosidl_typesupport_c.dir/rosidl_typesupport_c/realsense2_camera_msgs/srv/calib_config_read__type_support.cpp.o[0m
[21.814s] [ 37%] [32mBuilding C object CMakeFiles/realsense2_camera_msgs__rosidl_typesupport_introspection_c.dir/rosidl_typesupport_introspection_c/realsense2_camera_msgs/msg/detail/imu_info__type_support.c.o[0m
[21.878s] [ 38%] [32mBuilding CXX object CMakeFiles/realsense2_camera_msgs__rosidl_typesupport_c.dir/rosidl_typesupport_c/realsense2_camera_msgs/srv/calib_config_write__type_support.cpp.o[0m
[21.958s] [ 39%] [32mBuilding CXX object CMakeFiles/realsense2_camera_msgs__rosidl_typesupport_cpp.dir/rosidl_typesupport_cpp/realsense2_camera_msgs/msg/extrinsics__type_support.cpp.o[0m
[22.086s] [ 40%] [32mBuilding C object CMakeFiles/realsense2_camera_msgs__rosidl_typesupport_introspection_c.dir/rosidl_typesupport_introspection_c/realsense2_camera_msgs/msg/detail/extrinsics__type_support.c.o[0m
[22.122s] [ 41%] [32mBuilding CXX object CMakeFiles/realsense2_camera_msgs__rosidl_typesupport_c.dir/rosidl_typesupport_c/realsense2_camera_msgs/action/triggered_calibration__type_support.cpp.o[0m
[22.302s] [ 42%] [32mBuilding C object CMakeFiles/realsense2_camera_msgs__rosidl_typesupport_introspection_c.dir/rosidl_typesupport_introspection_c/realsense2_camera_msgs/msg/detail/metadata__type_support.c.o[0m
[22.462s] [ 43%] [32mBuilding C object CMakeFiles/realsense2_camera_msgs__rosidl_typesupport_introspection_c.dir/rosidl_typesupport_introspection_c/realsense2_camera_msgs/msg/detail/rgbd__type_support.c.o[0m
[22.560s] [ 44%] [32m[1mLinking CXX shared library librealsense2_camera_msgs__rosidl_typesupport_c.so[0m
[22.725s] [ 45%] [32mBuilding C object CMakeFiles/realsense2_camera_msgs__rosidl_typesupport_introspection_c.dir/rosidl_typesupport_introspection_c/realsense2_camera_msgs/srv/detail/device_info__type_support.c.o[0m
[22.886s] [ 45%] Built target realsense2_camera_msgs__rosidl_typesupport_c
[22.920s] [ 46%] [34m[1mGenerating C++ type support for eProsima Fast-RTPS[0m
[22.986s] [ 47%] [32mBuilding C object CMakeFiles/realsense2_camera_msgs__rosidl_typesupport_introspection_c.dir/rosidl_typesupport_introspection_c/realsense2_camera_msgs/srv/detail/calib_config_read__type_support.c.o[0m
[23.037s] [ 48%] [32mBuilding CXX object CMakeFiles/realsense2_camera_msgs__rosidl_typesupport_fastrtps_c.dir/rosidl_typesupport_fastrtps_c/realsense2_camera_msgs/msg/detail/imu_info__type_support_c.cpp.o[0m
[23.386s] [ 49%] [32mBuilding C object CMakeFiles/realsense2_camera_msgs__rosidl_typesupport_introspection_c.dir/rosidl_typesupport_introspection_c/realsense2_camera_msgs/srv/detail/calib_config_write__type_support.c.o[0m
[23.718s] [ 50%] [32mBuilding C object CMakeFiles/realsense2_camera_msgs__rosidl_typesupport_introspection_c.dir/rosidl_typesupport_introspection_c/realsense2_camera_msgs/action/detail/triggered_calibration__type_support.c.o[0m
[24.165s] [ 51%] [32mBuilding CXX object CMakeFiles/realsense2_camera_msgs__rosidl_typesupport_cpp.dir/rosidl_typesupport_cpp/realsense2_camera_msgs/msg/metadata__type_support.cpp.o[0m
[24.245s] [ 52%] [32m[1mLinking C shared library librealsense2_camera_msgs__rosidl_typesupport_introspection_c.so[0m
[24.467s] [ 52%] Built target realsense2_camera_msgs__rosidl_typesupport_introspection_c
[24.523s] [ 53%] [34m[1mGenerating C++ introspection for ROS interfaces[0m
[26.587s] [ 54%] [32mBuilding CXX object CMakeFiles/realsense2_camera_msgs__rosidl_typesupport_fastrtps_cpp.dir/rosidl_typesupport_fastrtps_cpp/realsense2_camera_msgs/msg/detail/dds_fastrtps/imu_info__type_support.cpp.o[0m
[26.615s] [ 55%] [32mBuilding CXX object CMakeFiles/realsense2_camera_msgs__rosidl_typesupport_fastrtps_c.dir/rosidl_typesupport_fastrtps_c/realsense2_camera_msgs/msg/detail/extrinsics__type_support_c.cpp.o[0m
[26.821s] [ 55%] [32mBuilding CXX object CMakeFiles/realsense2_camera_msgs__rosidl_typesupport_cpp.dir/rosidl_typesupport_cpp/realsense2_camera_msgs/msg/rgbd__type_support.cpp.o[0m
[28.095s] [ 56%] [32mBuilding CXX object CMakeFiles/realsense2_camera_msgs__rosidl_typesupport_introspection_cpp.dir/rosidl_typesupport_introspection_cpp/realsense2_camera_msgs/msg/detail/imu_info__type_support.cpp.o[0m
[29.123s] [ 57%] [32mBuilding CXX object CMakeFiles/realsense2_camera_msgs__rosidl_typesupport_fastrtps_cpp.dir/rosidl_typesupport_fastrtps_cpp/realsense2_camera_msgs/msg/detail/dds_fastrtps/extrinsics__type_support.cpp.o[0m
[29.191s] [ 58%] [32mBuilding CXX object CMakeFiles/realsense2_camera_msgs__rosidl_typesupport_cpp.dir/rosidl_typesupport_cpp/realsense2_camera_msgs/srv/device_info__type_support.cpp.o[0m
[30.273s] [ 59%] [32mBuilding CXX object CMakeFiles/realsense2_camera_msgs__rosidl_typesupport_fastrtps_c.dir/rosidl_typesupport_fastrtps_c/realsense2_camera_msgs/msg/detail/metadata__type_support_c.cpp.o[0m
[30.762s] [ 60%] [32mBuilding CXX object CMakeFiles/realsense2_camera_msgs__rosidl_typesupport_introspection_cpp.dir/rosidl_typesupport_introspection_cpp/realsense2_camera_msgs/msg/detail/extrinsics__type_support.cpp.o[0m
[31.552s] [ 61%] [32mBuilding CXX object CMakeFiles/realsense2_camera_msgs__rosidl_typesupport_fastrtps_c.dir/rosidl_typesupport_fastrtps_c/realsense2_camera_msgs/msg/detail/rgbd__type_support_c.cpp.o[0m
[32.167s] [ 62%] [32mBuilding CXX object CMakeFiles/realsense2_camera_msgs__rosidl_typesupport_cpp.dir/rosidl_typesupport_cpp/realsense2_camera_msgs/srv/calib_config_read__type_support.cpp.o[0m
[32.781s] [ 63%] [32mBuilding CXX object CMakeFiles/realsense2_camera_msgs__rosidl_typesupport_fastrtps_cpp.dir/rosidl_typesupport_fastrtps_cpp/realsense2_camera_msgs/msg/detail/dds_fastrtps/metadata__type_support.cpp.o[0m
[33.055s] [ 64%] [32mBuilding CXX object CMakeFiles/realsense2_camera_msgs__rosidl_typesupport_introspection_cpp.dir/rosidl_typesupport_introspection_cpp/realsense2_camera_msgs/msg/detail/metadata__type_support.cpp.o[0m
[33.767s] [ 65%] [32mBuilding CXX object CMakeFiles/realsense2_camera_msgs__rosidl_typesupport_fastrtps_c.dir/rosidl_typesupport_fastrtps_c/realsense2_camera_msgs/srv/detail/device_info__type_support_c.cpp.o[0m
[34.127s] [ 66%] [32mBuilding CXX object CMakeFiles/realsense2_camera_msgs__rosidl_typesupport_fastrtps_cpp.dir/rosidl_typesupport_fastrtps_cpp/realsense2_camera_msgs/msg/detail/dds_fastrtps/rgbd__type_support.cpp.o[0m
[34.140s] [ 67%] [32mBuilding CXX object CMakeFiles/realsense2_camera_msgs__rosidl_typesupport_cpp.dir/rosidl_typesupport_cpp/realsense2_camera_msgs/srv/calib_config_write__type_support.cpp.o[0m
[35.118s] [ 68%] [32mBuilding CXX object CMakeFiles/realsense2_camera_msgs__rosidl_typesupport_introspection_cpp.dir/rosidl_typesupport_introspection_cpp/realsense2_camera_msgs/msg/detail/rgbd__type_support.cpp.o[0m
[36.138s] [ 69%] [32mBuilding CXX object CMakeFiles/realsense2_camera_msgs__rosidl_typesupport_introspection_cpp.dir/rosidl_typesupport_introspection_cpp/realsense2_camera_msgs/srv/detail/device_info__type_support.cpp.o[0m
[37.045s] [ 70%] [32mBuilding CXX object CMakeFiles/realsense2_camera_msgs__rosidl_typesupport_fastrtps_c.dir/rosidl_typesupport_fastrtps_c/realsense2_camera_msgs/srv/detail/calib_config_read__type_support_c.cpp.o[0m
[37.050s] [ 71%] [32mBuilding CXX object CMakeFiles/realsense2_camera_msgs__rosidl_typesupport_cpp.dir/rosidl_typesupport_cpp/realsense2_camera_msgs/action/triggered_calibration__type_support.cpp.o[0m
[37.152s] [ 72%] [32mBuilding CXX object CMakeFiles/realsense2_camera_msgs__rosidl_typesupport_fastrtps_cpp.dir/rosidl_typesupport_fastrtps_cpp/realsense2_camera_msgs/srv/detail/dds_fastrtps/device_info__type_support.cpp.o[0m
[38.803s] [ 73%] [32mBuilding CXX object CMakeFiles/realsense2_camera_msgs__rosidl_typesupport_introspection_cpp.dir/rosidl_typesupport_introspection_cpp/realsense2_camera_msgs/srv/detail/calib_config_read__type_support.cpp.o[0m
[39.343s] [ 74%] [32mBuilding CXX object CMakeFiles/realsense2_camera_msgs__rosidl_typesupport_fastrtps_cpp.dir/rosidl_typesupport_fastrtps_cpp/realsense2_camera_msgs/srv/detail/dds_fastrtps/calib_config_read__type_support.cpp.o[0m
[39.573s] [ 75%] [32mBuilding CXX object CMakeFiles/realsense2_camera_msgs__rosidl_typesupport_fastrtps_c.dir/rosidl_typesupport_fastrtps_c/realsense2_camera_msgs/srv/detail/calib_config_write__type_support_c.cpp.o[0m
[41.055s] [ 76%] [32mBuilding CXX object CMakeFiles/realsense2_camera_msgs__rosidl_typesupport_introspection_cpp.dir/rosidl_typesupport_introspection_cpp/realsense2_camera_msgs/srv/detail/calib_config_write__type_support.cpp.o[0m
[41.306s] [ 77%] [32m[1mLinking CXX shared library librealsense2_camera_msgs__rosidl_typesupport_cpp.so[0m
[41.818s] [ 77%] Built target realsense2_camera_msgs__rosidl_typesupport_cpp
[42.617s] [ 78%] [32mBuilding CXX object CMakeFiles/realsense2_camera_msgs__rosidl_typesupport_fastrtps_c.dir/rosidl_typesupport_fastrtps_c/realsense2_camera_msgs/action/detail/triggered_calibration__type_support_c.cpp.o[0m
[43.172s] [ 79%] [32mBuilding CXX object CMakeFiles/realsense2_camera_msgs__rosidl_typesupport_introspection_cpp.dir/rosidl_typesupport_introspection_cpp/realsense2_camera_msgs/action/detail/triggered_calibration__type_support.cpp.o[0m
[43.433s] [ 80%] [32mBuilding CXX object CMakeFiles/realsense2_camera_msgs__rosidl_typesupport_fastrtps_cpp.dir/rosidl_typesupport_fastrtps_cpp/realsense2_camera_msgs/srv/detail/dds_fastrtps/calib_config_write__type_support.cpp.o[0m
[45.338s] [ 81%] [32m[1mLinking CXX shared library librealsense2_camera_msgs__rosidl_typesupport_fastrtps_c.so[0m
[45.854s] [ 81%] Built target realsense2_camera_msgs__rosidl_typesupport_fastrtps_c
[47.329s] [ 82%] [32mBuilding CXX object CMakeFiles/realsense2_camera_msgs__rosidl_typesupport_fastrtps_cpp.dir/rosidl_typesupport_fastrtps_cpp/realsense2_camera_msgs/action/detail/dds_fastrtps/triggered_calibration__type_support.cpp.o[0m
[47.673s] [ 83%] [32m[1mLinking CXX shared library librealsense2_camera_msgs__rosidl_typesupport_introspection_cpp.so[0m
[48.082s] [ 83%] Built target realsense2_camera_msgs__rosidl_typesupport_introspection_cpp
[50.442s] [ 84%] [32m[1mLinking CXX shared library librealsense2_camera_msgs__rosidl_typesupport_fastrtps_cpp.so[0m
[50.742s] [ 84%] Built target realsense2_camera_msgs__rosidl_typesupport_fastrtps_cpp
[50.792s] [ 84%] Built target realsense2_camera_msgs
[50.846s] [ 85%] [34m[1mGenerating Python code for ROS interfaces[0m
[54.260s] [ 85%] Built target realsense2_camera_msgs__py
[54.313s] [ 86%] [32mBuilding C object CMakeFiles/realsense2_camera_msgs__rosidl_generator_py.dir/rosidl_generator_py/realsense2_camera_msgs/msg/_imu_info_s.c.o[0m
[54.682s] [ 87%] [32mBuilding C object CMakeFiles/realsense2_camera_msgs__rosidl_generator_py.dir/rosidl_generator_py/realsense2_camera_msgs/msg/_rgbd_s.c.o[0m
[55.205s] [ 88%] [32mBuilding C object CMakeFiles/realsense2_camera_msgs__rosidl_generator_py.dir/rosidl_generator_py/realsense2_camera_msgs/srv/_device_info_s.c.o[0m
[55.634s] [ 89%] [32mBuilding C object CMakeFiles/realsense2_camera_msgs__rosidl_generator_py.dir/rosidl_generator_py/realsense2_camera_msgs/srv/_calib_config_read_s.c.o[0m
[56.049s] [ 90%] [32mBuilding C object CMakeFiles/realsense2_camera_msgs__rosidl_generator_py.dir/rosidl_generator_py/realsense2_camera_msgs/srv/_calib_config_write_s.c.o[0m
[56.428s] [ 91%] [32mBuilding C object CMakeFiles/realsense2_camera_msgs__rosidl_generator_py.dir/rosidl_generator_py/realsense2_camera_msgs/action/_triggered_calibration_s.c.o[0m
[56.873s] [ 92%] [32mBuilding C object CMakeFiles/realsense2_camera_msgs__rosidl_generator_py.dir/rosidl_generator_py/realsense2_camera_msgs/msg/_metadata_s.c.o[0m
[57.132s] [ 93%] [32mBuilding C object CMakeFiles/realsense2_camera_msgs__rosidl_generator_py.dir/rosidl_generator_py/realsense2_camera_msgs/msg/_extrinsics_s.c.o[0m
[57.409s] [ 94%] [32m[1mLinking C shared library librealsense2_camera_msgs__rosidl_generator_py.so[0m
[57.536s] [ 94%] Built target realsense2_camera_msgs__rosidl_generator_py
[57.580s] [ 95%] [32mBuilding C object CMakeFiles/realsense2_camera_msgs_s__rosidl_typesupport_fastrtps_c.dir/rosidl_generator_py/realsense2_camera_msgs/_realsense2_camera_msgs_s.ep.rosidl_typesupport_fastrtps_c.c.o[0m
[57.963s] [ 96%] [32m[1mLinking C shared module rosidl_generator_py/realsense2_camera_msgs/realsense2_camera_msgs_s__rosidl_typesupport_fastrtps_c.so[0m
[58.035s] [ 96%] Built target realsense2_camera_msgs_s__rosidl_typesupport_fastrtps_c
[58.076s] [ 97%] [32mBuilding C object CMakeFiles/realsense2_camera_msgs_s__rosidl_typesupport_c.dir/rosidl_generator_py/realsense2_camera_msgs/_realsense2_camera_msgs_s.ep.rosidl_typesupport_c.c.o[0m
[58.442s] [ 98%] [32m[1mLinking C shared module rosidl_generator_py/realsense2_camera_msgs/realsense2_camera_msgs_s__rosidl_typesupport_c.so[0m
[58.510s] [ 98%] Built target realsense2_camera_msgs_s__rosidl_typesupport_c
[58.551s] [ 99%] [32mBuilding C object CMakeFiles/realsense2_camera_msgs_s__rosidl_typesupport_introspection_c.dir/rosidl_generator_py/realsense2_camera_msgs/_realsense2_camera_msgs_s.ep.rosidl_typesupport_introspection_c.c.o[0m
[58.919s] [100%] [32m[1mLinking C shared module rosidl_generator_py/realsense2_camera_msgs/realsense2_camera_msgs_s__rosidl_typesupport_introspection_c.so[0m
[58.986s] [100%] Built target realsense2_camera_msgs_s__rosidl_typesupport_introspection_c
[59.023s] Invoked command in '/home/cao/ros2ws/src/build/realsense2_camera_msgs' returned '0': CMAKE_PREFIX_PATH=${CMAKE_PREFIX_PATH}:/opt/ros/jazzy DEBUGINFOD_URLS=https://debuginfod.ubuntu.com /usr/bin/cmake --build /home/cao/ros2ws/src/build/realsense2_camera_msgs -- -j4 -l4
[59.439s] Invoking command in '/home/cao/ros2ws/src/build/realsense2_camera_msgs': CMAKE_PREFIX_PATH=${CMAKE_PREFIX_PATH}:/opt/ros/jazzy DEBUGINFOD_URLS=https://debuginfod.ubuntu.com /usr/bin/cmake --install /home/cao/ros2ws/src/build/realsense2_camera_msgs
[59.458s] -- Install configuration: ""
[59.459s] -- Installing: /home/cao/ros2ws/src/install/realsense2_camera_msgs/share/ament_index/resource_index/rosidl_interfaces/realsense2_camera_msgs
[59.459s] -- Installing: /home/cao/ros2ws/src/install/realsense2_camera_msgs/share/realsense2_camera_msgs/msg/IMUInfo.json
[59.459s] -- Installing: /home/cao/ros2ws/src/install/realsense2_camera_msgs/share/realsense2_camera_msgs/msg/Extrinsics.json
[59.459s] -- Installing: /home/cao/ros2ws/src/install/realsense2_camera_msgs/share/realsense2_camera_msgs/msg/Metadata.json
[59.460s] -- Installing: /home/cao/ros2ws/src/install/realsense2_camera_msgs/share/realsense2_camera_msgs/msg/RGBD.json
[59.460s] -- Installing: /home/cao/ros2ws/src/install/realsense2_camera_msgs/share/realsense2_camera_msgs/srv/DeviceInfo.json
[59.460s] -- Installing: /home/cao/ros2ws/src/install/realsense2_camera_msgs/share/realsense2_camera_msgs/srv/CalibConfigRead.json
[59.460s] -- Installing: /home/cao/ros2ws/src/install/realsense2_camera_msgs/share/realsense2_camera_msgs/srv/CalibConfigWrite.json
[59.461s] -- Installing: /home/cao/ros2ws/src/install/realsense2_camera_msgs/share/realsense2_camera_msgs/action/TriggeredCalibration.json
[59.461s] -- Installing: /home/cao/ros2ws/src/install/realsense2_camera_msgs/include/realsense2_camera_msgs/realsense2_camera_msgs
[59.461s] -- Installing: /home/cao/ros2ws/src/install/realsense2_camera_msgs/include/realsense2_camera_msgs/realsense2_camera_msgs/msg
[59.461s] -- Installing: /home/cao/ros2ws/src/install/realsense2_camera_msgs/include/realsense2_camera_msgs/realsense2_camera_msgs/msg/rgbd.h
[59.461s] -- Installing: /home/cao/ros2ws/src/install/realsense2_camera_msgs/include/realsense2_camera_msgs/realsense2_camera_msgs/msg/detail
[59.462s] -- Installing: /home/cao/ros2ws/src/install/realsense2_camera_msgs/include/realsense2_camera_msgs/realsense2_camera_msgs/msg/detail/extrinsics__functions.c
[59.462s] -- Installing: /home/cao/ros2ws/src/install/realsense2_camera_msgs/include/realsense2_camera_msgs/realsense2_camera_msgs/msg/detail/imu_info__type_support.h
[59.462s] -- Installing: /home/cao/ros2ws/src/install/realsense2_camera_msgs/include/realsense2_camera_msgs/realsense2_camera_msgs/msg/detail/rgbd__type_support.h
[59.462s] -- Installing: /home/cao/ros2ws/src/install/realsense2_camera_msgs/include/realsense2_camera_msgs/realsense2_camera_msgs/msg/detail/rgbd__functions.h
[59.462s] -- Installing: /home/cao/ros2ws/src/install/realsense2_camera_msgs/include/realsense2_camera_msgs/realsense2_camera_msgs/msg/detail/imu_info__functions.c
[59.462s] -- Installing: /home/cao/ros2ws/src/install/realsense2_camera_msgs/include/realsense2_camera_msgs/realsense2_camera_msgs/msg/detail/imu_info__functions.h
[59.462s] -- Installing: /home/cao/ros2ws/src/install/realsense2_camera_msgs/include/realsense2_camera_msgs/realsense2_camera_msgs/msg/detail/metadata__functions.h
[59.463s] -- Installing: /home/cao/ros2ws/src/install/realsense2_camera_msgs/include/realsense2_camera_msgs/realsense2_camera_msgs/msg/detail/metadata__type_support.c
[59.463s] -- Installing: /home/cao/ros2ws/src/install/realsense2_camera_msgs/include/realsense2_camera_msgs/realsense2_camera_msgs/msg/detail/rgbd__description.c
[59.463s] -- Installing: /home/cao/ros2ws/src/install/realsense2_camera_msgs/include/realsense2_camera_msgs/realsense2_camera_msgs/msg/detail/rgbd__functions.c
[59.463s] -- Installing: /home/cao/ros2ws/src/install/realsense2_camera_msgs/include/realsense2_camera_msgs/realsense2_camera_msgs/msg/detail/metadata__struct.h
[59.463s] -- Installing: /home/cao/ros2ws/src/install/realsense2_camera_msgs/include/realsense2_camera_msgs/realsense2_camera_msgs/msg/detail/imu_info__type_support.c
[59.463s] -- Installing: /home/cao/ros2ws/src/install/realsense2_camera_msgs/include/realsense2_camera_msgs/realsense2_camera_msgs/msg/detail/metadata__type_support.h
[59.464s] -- Installing: /home/cao/ros2ws/src/install/realsense2_camera_msgs/include/realsense2_camera_msgs/realsense2_camera_msgs/msg/detail/extrinsics__struct.h
[59.464s] -- Installing: /home/cao/ros2ws/src/install/realsense2_camera_msgs/include/realsense2_camera_msgs/realsense2_camera_msgs/msg/detail/metadata__functions.c
[59.464s] -- Installing: /home/cao/ros2ws/src/install/realsense2_camera_msgs/include/realsense2_camera_msgs/realsense2_camera_msgs/msg/detail/extrinsics__type_support.h
[59.464s] -- Installing: /home/cao/ros2ws/src/install/realsense2_camera_msgs/include/realsense2_camera_msgs/realsense2_camera_msgs/msg/detail/extrinsics__type_support.c
[59.464s] -- Installing: /home/cao/ros2ws/src/install/realsense2_camera_msgs/include/realsense2_camera_msgs/realsense2_camera_msgs/msg/detail/rgbd__struct.h
[59.464s] -- Installing: /home/cao/ros2ws/src/install/realsense2_camera_msgs/include/realsense2_camera_msgs/realsense2_camera_msgs/msg/detail/extrinsics__description.c
[59.464s] -- Installing: /home/cao/ros2ws/src/install/realsense2_camera_msgs/include/realsense2_camera_msgs/realsense2_camera_msgs/msg/detail/imu_info__struct.h
[59.465s] -- Installing: /home/cao/ros2ws/src/install/realsense2_camera_msgs/include/realsense2_camera_msgs/realsense2_camera_msgs/msg/detail/extrinsics__functions.h
[59.465s] -- Installing: /home/cao/ros2ws/src/install/realsense2_camera_msgs/include/realsense2_camera_msgs/realsense2_camera_msgs/msg/detail/imu_info__description.c
[59.465s] -- Installing: /home/cao/ros2ws/src/install/realsense2_camera_msgs/include/realsense2_camera_msgs/realsense2_camera_msgs/msg/detail/metadata__description.c
[59.465s] -- Installing: /home/cao/ros2ws/src/install/realsense2_camera_msgs/include/realsense2_camera_msgs/realsense2_camera_msgs/msg/detail/rgbd__type_support.c
[59.465s] -- Installing: /home/cao/ros2ws/src/install/realsense2_camera_msgs/include/realsense2_camera_msgs/realsense2_camera_msgs/msg/rosidl_generator_c__visibility_control.h
[59.465s] -- Installing: /home/cao/ros2ws/src/install/realsense2_camera_msgs/include/realsense2_camera_msgs/realsense2_camera_msgs/msg/extrinsics.h
[59.466s] -- Installing: /home/cao/ros2ws/src/install/realsense2_camera_msgs/include/realsense2_camera_msgs/realsense2_camera_msgs/msg/imu_info.h
[59.466s] -- Installing: /home/cao/ros2ws/src/install/realsense2_camera_msgs/include/realsense2_camera_msgs/realsense2_camera_msgs/msg/metadata.h
[59.466s] -- Installing: /home/cao/ros2ws/src/install/realsense2_camera_msgs/include/realsense2_camera_msgs/realsense2_camera_msgs/srv
[59.466s] -- Installing: /home/cao/ros2ws/src/install/realsense2_camera_msgs/include/realsense2_camera_msgs/realsense2_camera_msgs/srv/calib_config_write.h
[59.466s] -- Installing: /home/cao/ros2ws/src/install/realsense2_camera_msgs/include/realsense2_camera_msgs/realsense2_camera_msgs/srv/calib_config_read.h
[59.466s] -- Installing: /home/cao/ros2ws/src/install/realsense2_camera_msgs/include/realsense2_camera_msgs/realsense2_camera_msgs/srv/device_info.h
[59.466s] -- Installing: /home/cao/ros2ws/src/install/realsense2_camera_msgs/include/realsense2_camera_msgs/realsense2_camera_msgs/srv/detail
[59.467s] -- Installing: /home/cao/ros2ws/src/install/realsense2_camera_msgs/include/realsense2_camera_msgs/realsense2_camera_msgs/srv/detail/calib_config_write__functions.c
[59.467s] -- Installing: /home/cao/ros2ws/src/install/realsense2_camera_msgs/include/realsense2_camera_msgs/realsense2_camera_msgs/srv/detail/device_info__functions.c
[59.467s] -- Installing: /home/cao/ros2ws/src/install/realsense2_camera_msgs/include/realsense2_camera_msgs/realsense2_camera_msgs/srv/detail/calib_config_read__struct.h
[59.467s] -- Installing: /home/cao/ros2ws/src/install/realsense2_camera_msgs/include/realsense2_camera_msgs/realsense2_camera_msgs/srv/detail/calib_config_read__type_support.h
[59.467s] -- Installing: /home/cao/ros2ws/src/install/realsense2_camera_msgs/include/realsense2_camera_msgs/realsense2_camera_msgs/srv/detail/device_info__type_support.h
[59.467s] -- Installing: /home/cao/ros2ws/src/install/realsense2_camera_msgs/include/realsense2_camera_msgs/realsense2_camera_msgs/srv/detail/device_info__type_support.c
[59.468s] -- Installing: /home/cao/ros2ws/src/install/realsense2_camera_msgs/include/realsense2_camera_msgs/realsense2_camera_msgs/srv/detail/calib_config_read__functions.c
[59.468s] -- Installing: /home/cao/ros2ws/src/install/realsense2_camera_msgs/include/realsense2_camera_msgs/realsense2_camera_msgs/srv/detail/device_info__description.c
[59.468s] -- Installing: /home/cao/ros2ws/src/install/realsense2_camera_msgs/include/realsense2_camera_msgs/realsense2_camera_msgs/srv/detail/calib_config_read__functions.h
[59.468s] -- Installing: /home/cao/ros2ws/src/install/realsense2_camera_msgs/include/realsense2_camera_msgs/realsense2_camera_msgs/srv/detail/calib_config_write__description.c
[59.468s] -- Installing: /home/cao/ros2ws/src/install/realsense2_camera_msgs/include/realsense2_camera_msgs/realsense2_camera_msgs/srv/detail/calib_config_write__struct.h
[59.469s] -- Installing: /home/cao/ros2ws/src/install/realsense2_camera_msgs/include/realsense2_camera_msgs/realsense2_camera_msgs/srv/detail/device_info__functions.h
[59.469s] -- Installing: /home/cao/ros2ws/src/install/realsense2_camera_msgs/include/realsense2_camera_msgs/realsense2_camera_msgs/srv/detail/calib_config_write__type_support.c
[59.469s] -- Installing: /home/cao/ros2ws/src/install/realsense2_camera_msgs/include/realsense2_camera_msgs/realsense2_camera_msgs/srv/detail/calib_config_write__type_support.h
[59.469s] -- Installing: /home/cao/ros2ws/src/install/realsense2_camera_msgs/include/realsense2_camera_msgs/realsense2_camera_msgs/srv/detail/device_info__struct.h
[59.469s] -- Installing: /home/cao/ros2ws/src/install/realsense2_camera_msgs/include/realsense2_camera_msgs/realsense2_camera_msgs/srv/detail/calib_config_read__description.c
[59.469s] -- Installing: /home/cao/ros2ws/src/install/realsense2_camera_msgs/include/realsense2_camera_msgs/realsense2_camera_msgs/srv/detail/calib_config_write__functions.h
[59.470s] -- Installing: /home/cao/ros2ws/src/install/realsense2_camera_msgs/include/realsense2_camera_msgs/realsense2_camera_msgs/srv/detail/calib_config_read__type_support.c
[59.470s] -- Installing: /home/cao/ros2ws/src/install/realsense2_camera_msgs/include/realsense2_camera_msgs/realsense2_camera_msgs/action
[59.470s] -- Installing: /home/cao/ros2ws/src/install/realsense2_camera_msgs/include/realsense2_camera_msgs/realsense2_camera_msgs/action/detail
[59.470s] -- Installing: /home/cao/ros2ws/src/install/realsense2_camera_msgs/include/realsense2_camera_msgs/realsense2_camera_msgs/action/detail/triggered_calibration__functions.h
[59.470s] -- Installing: /home/cao/ros2ws/src/install/realsense2_camera_msgs/include/realsense2_camera_msgs/realsense2_camera_msgs/action/detail/triggered_calibration__functions.c
[59.471s] -- Installing: /home/cao/ros2ws/src/install/realsense2_camera_msgs/include/realsense2_camera_msgs/realsense2_camera_msgs/action/detail/triggered_calibration__struct.h
[59.471s] -- Installing: /home/cao/ros2ws/src/install/realsense2_camera_msgs/include/realsense2_camera_msgs/realsense2_camera_msgs/action/detail/triggered_calibration__description.c
[59.471s] -- Installing: /home/cao/ros2ws/src/install/realsense2_camera_msgs/include/realsense2_camera_msgs/realsense2_camera_msgs/action/detail/triggered_calibration__type_support.c
[59.471s] -- Installing: /home/cao/ros2ws/src/install/realsense2_camera_msgs/include/realsense2_camera_msgs/realsense2_camera_msgs/action/detail/triggered_calibration__type_support.h
[59.472s] -- Installing: /home/cao/ros2ws/src/install/realsense2_camera_msgs/include/realsense2_camera_msgs/realsense2_camera_msgs/action/triggered_calibration.h
[59.473s] -- Installing: /home/cao/ros2ws/src/install/realsense2_camera_msgs/share/realsense2_camera_msgs/environment/library_path.sh
[59.473s] -- Installing: /home/cao/ros2ws/src/install/realsense2_camera_msgs/share/realsense2_camera_msgs/environment/library_path.dsv
[59.475s] -- Installing: /home/cao/ros2ws/src/install/realsense2_camera_msgs/lib/librealsense2_camera_msgs__rosidl_generator_c.so
[59.476s] -- Set non-toolchain portion of runtime path of "/home/cao/ros2ws/src/install/realsense2_camera_msgs/lib/librealsense2_camera_msgs__rosidl_generator_c.so" to ""
[59.476s] -- Up-to-date: /home/cao/ros2ws/src/install/realsense2_camera_msgs/include/realsense2_camera_msgs/realsense2_camera_msgs
[59.476s] -- Up-to-date: /home/cao/ros2ws/src/install/realsense2_camera_msgs/include/realsense2_camera_msgs/realsense2_camera_msgs/msg
[59.476s] -- Installing: /home/cao/ros2ws/src/install/realsense2_camera_msgs/include/realsense2_camera_msgs/realsense2_camera_msgs/msg/rosidl_typesupport_fastrtps_c__visibility_control.h
[59.476s] -- Up-to-date: /home/cao/ros2ws/src/install/realsense2_camera_msgs/include/realsense2_camera_msgs/realsense2_camera_msgs/msg/detail
[59.477s] -- Installing: /home/cao/ros2ws/src/install/realsense2_camera_msgs/include/realsense2_camera_msgs/realsense2_camera_msgs/msg/detail/rgbd__rosidl_typesupport_fastrtps_c.h
[59.477s] -- Installing: /home/cao/ros2ws/src/install/realsense2_camera_msgs/include/realsense2_camera_msgs/realsense2_camera_msgs/msg/detail/metadata__rosidl_typesupport_fastrtps_c.h
[59.477s] -- Installing: /home/cao/ros2ws/src/install/realsense2_camera_msgs/include/realsense2_camera_msgs/realsense2_camera_msgs/msg/detail/imu_info__rosidl_typesupport_fastrtps_c.h
[59.477s] -- Installing: /home/cao/ros2ws/src/install/realsense2_camera_msgs/include/realsense2_camera_msgs/realsense2_camera_msgs/msg/detail/extrinsics__rosidl_typesupport_fastrtps_c.h
[59.479s] -- Up-to-date: /home/cao/ros2ws/src/install/realsense2_camera_msgs/include/realsense2_camera_msgs/realsense2_camera_msgs/srv
[59.480s] -- Up-to-date: /home/cao/ros2ws/src/install/realsense2_camera_msgs/include/realsense2_camera_msgs/realsense2_camera_msgs/srv/detail
[59.481s] -- Installing: /home/cao/ros2ws/src/install/realsense2_camera_msgs/include/realsense2_camera_msgs/realsense2_camera_msgs/srv/detail/device_info__rosidl_typesupport_fastrtps_c.h
[59.481s] -- Installing: /home/cao/ros2ws/src/install/realsense2_camera_msgs/include/realsense2_camera_msgs/realsense2_camera_msgs/srv/detail/calib_config_write__rosidl_typesupport_fastrtps_c.h
[59.481s] -- Installing: /home/cao/ros2ws/src/install/realsense2_camera_msgs/include/realsense2_camera_msgs/realsense2_camera_msgs/srv/detail/calib_config_read__rosidl_typesupport_fastrtps_c.h
[59.481s] -- Up-to-date: /home/cao/ros2ws/src/install/realsense2_camera_msgs/include/realsense2_camera_msgs/realsense2_camera_msgs/action
[59.482s] -- Up-to-date: /home/cao/ros2ws/src/install/realsense2_camera_msgs/include/realsense2_camera_msgs/realsense2_camera_msgs/action/detail
[59.482s] -- Installing: /home/cao/ros2ws/src/install/realsense2_camera_msgs/include/realsense2_camera_msgs/realsense2_camera_msgs/action/detail/triggered_calibration__rosidl_typesupport_fastrtps_c.h
[59.482s] -- Installing: /home/cao/ros2ws/src/install/realsense2_camera_msgs/lib/librealsense2_camera_msgs__rosidl_typesupport_fastrtps_c.so
[59.482s] -- Set non-toolchain portion of runtime path of "/home/cao/ros2ws/src/install/realsense2_camera_msgs/lib/librealsense2_camera_msgs__rosidl_typesupport_fastrtps_c.so" to ""
[59.482s] -- Up-to-date: /home/cao/ros2ws/src/install/realsense2_camera_msgs/include/realsense2_camera_msgs/realsense2_camera_msgs
[59.482s] -- Up-to-date: /home/cao/ros2ws/src/install/realsense2_camera_msgs/include/realsense2_camera_msgs/realsense2_camera_msgs/msg
[59.483s] -- Installing: /home/cao/ros2ws/src/install/realsense2_camera_msgs/include/realsense2_camera_msgs/realsense2_camera_msgs/msg/rosidl_typesupport_introspection_c__visibility_control.h
[59.483s] -- Up-to-date: /home/cao/ros2ws/src/install/realsense2_camera_msgs/include/realsense2_camera_msgs/realsense2_camera_msgs/msg/detail
[59.483s] -- Installing: /home/cao/ros2ws/src/install/realsense2_camera_msgs/include/realsense2_camera_msgs/realsense2_camera_msgs/msg/detail/extrinsics__rosidl_typesupport_introspection_c.h
[59.483s] -- Installing: /home/cao/ros2ws/src/install/realsense2_camera_msgs/include/realsense2_camera_msgs/realsense2_camera_msgs/msg/detail/metadata__type_support.c
[59.483s] -- Installing: /home/cao/ros2ws/src/install/realsense2_camera_msgs/include/realsense2_camera_msgs/realsense2_camera_msgs/msg/detail/metadata__rosidl_typesupport_introspection_c.h
[59.484s] -- Installing: /home/cao/ros2ws/src/install/realsense2_camera_msgs/include/realsense2_camera_msgs/realsense2_camera_msgs/msg/detail/rgbd__rosidl_typesupport_introspection_c.h
[59.484s] -- Installing: /home/cao/ros2ws/src/install/realsense2_camera_msgs/include/realsense2_camera_msgs/realsense2_camera_msgs/msg/detail/imu_info__type_support.c
[59.484s] -- Installing: /home/cao/ros2ws/src/install/realsense2_camera_msgs/include/realsense2_camera_msgs/realsense2_camera_msgs/msg/detail/extrinsics__type_support.c
[59.484s] -- Installing: /home/cao/ros2ws/src/install/realsense2_camera_msgs/include/realsense2_camera_msgs/realsense2_camera_msgs/msg/detail/imu_info__rosidl_typesupport_introspection_c.h
[59.484s] -- Installing: /home/cao/ros2ws/src/install/realsense2_camera_msgs/include/realsense2_camera_msgs/realsense2_camera_msgs/msg/detail/rgbd__type_support.c
[59.484s] -- Up-to-date: /home/cao/ros2ws/src/install/realsense2_camera_msgs/include/realsense2_camera_msgs/realsense2_camera_msgs/srv
[59.484s] -- Up-to-date: /home/cao/ros2ws/src/install/realsense2_camera_msgs/include/realsense2_camera_msgs/realsense2_camera_msgs/srv/detail
[59.486s] -- Installing: /home/cao/ros2ws/src/install/realsense2_camera_msgs/include/realsense2_camera_msgs/realsense2_camera_msgs/srv/detail/device_info__type_support.c
[59.486s] -- Installing: /home/cao/ros2ws/src/install/realsense2_camera_msgs/include/realsense2_camera_msgs/realsense2_camera_msgs/srv/detail/calib_config_read__rosidl_typesupport_introspection_c.h
[59.486s] -- Installing: /home/cao/ros2ws/src/install/realsense2_camera_msgs/include/realsense2_camera_msgs/realsense2_camera_msgs/srv/detail/calib_config_write__type_support.c
[59.486s] -- Installing: /home/cao/ros2ws/src/install/realsense2_camera_msgs/include/realsense2_camera_msgs/realsense2_camera_msgs/srv/detail/calib_config_write__rosidl_typesupport_introspection_c.h
[59.486s] -- Installing: /home/cao/ros2ws/src/install/realsense2_camera_msgs/include/realsense2_camera_msgs/realsense2_camera_msgs/srv/detail/calib_config_read__type_support.c
[59.487s] -- Installing: /home/cao/ros2ws/src/install/realsense2_camera_msgs/include/realsense2_camera_msgs/realsense2_camera_msgs/srv/detail/device_info__rosidl_typesupport_introspection_c.h
[59.487s] -- Up-to-date: /home/cao/ros2ws/src/install/realsense2_camera_msgs/include/realsense2_camera_msgs/realsense2_camera_msgs/action
[59.488s] -- Up-to-date: /home/cao/ros2ws/src/install/realsense2_camera_msgs/include/realsense2_camera_msgs/realsense2_camera_msgs/action/detail
[59.489s] -- Installing: /home/cao/ros2ws/src/install/realsense2_camera_msgs/include/realsense2_camera_msgs/realsense2_camera_msgs/action/detail/triggered_calibration__rosidl_typesupport_introspection_c.h
[59.489s] -- Installing: /home/cao/ros2ws/src/install/realsense2_camera_msgs/include/realsense2_camera_msgs/realsense2_camera_msgs/action/detail/triggered_calibration__type_support.c
[59.489s] -- Installing: /home/cao/ros2ws/src/install/realsense2_camera_msgs/lib/librealsense2_camera_msgs__rosidl_typesupport_introspection_c.so
[59.490s] -- Set non-toolchain portion of runtime path of "/home/cao/ros2ws/src/install/realsense2_camera_msgs/lib/librealsense2_camera_msgs__rosidl_typesupport_introspection_c.so" to ""
[59.490s] -- Installing: /home/cao/ros2ws/src/install/realsense2_camera_msgs/lib/librealsense2_camera_msgs__rosidl_typesupport_c.so
[59.490s] -- Set non-toolchain portion of runtime path of "/home/cao/ros2ws/src/install/realsense2_camera_msgs/lib/librealsense2_camera_msgs__rosidl_typesupport_c.so" to ""
[59.490s] -- Up-to-date: /home/cao/ros2ws/src/install/realsense2_camera_msgs/include/realsense2_camera_msgs/realsense2_camera_msgs
[59.490s] -- Up-to-date: /home/cao/ros2ws/src/install/realsense2_camera_msgs/include/realsense2_camera_msgs/realsense2_camera_msgs/msg
[59.490s] -- Installing: /home/cao/ros2ws/src/install/realsense2_camera_msgs/include/realsense2_camera_msgs/realsense2_camera_msgs/msg/rosidl_generator_cpp__visibility_control.hpp
[59.492s] -- Up-to-date: /home/cao/ros2ws/src/install/realsense2_camera_msgs/include/realsense2_camera_msgs/realsense2_camera_msgs/msg/detail
[59.492s] -- Installing: /home/cao/ros2ws/src/install/realsense2_camera_msgs/include/realsense2_camera_msgs/realsense2_camera_msgs/msg/detail/metadata__type_support.hpp
[59.492s] -- Installing: /home/cao/ros2ws/src/install/realsense2_camera_msgs/include/realsense2_camera_msgs/realsense2_camera_msgs/msg/detail/metadata__builder.hpp
[59.493s] -- Installing: /home/cao/ros2ws/src/install/realsense2_camera_msgs/include/realsense2_camera_msgs/realsense2_camera_msgs/msg/detail/extrinsics__struct.hpp
[59.493s] -- Installing: /home/cao/ros2ws/src/install/realsense2_camera_msgs/include/realsense2_camera_msgs/realsense2_camera_msgs/msg/detail/imu_info__builder.hpp
[59.493s] -- Installing: /home/cao/ros2ws/src/install/realsense2_camera_msgs/include/realsense2_camera_msgs/realsense2_camera_msgs/msg/detail/rgbd__type_support.hpp
[59.494s] -- Installing: /home/cao/ros2ws/src/install/realsense2_camera_msgs/include/realsense2_camera_msgs/realsense2_camera_msgs/msg/detail/rgbd__struct.hpp
[59.494s] -- Installing: /home/cao/ros2ws/src/install/realsense2_camera_msgs/include/realsense2_camera_msgs/realsense2_camera_msgs/msg/detail/metadata__struct.hpp
[59.494s] -- Installing: /home/cao/ros2ws/src/install/realsense2_camera_msgs/include/realsense2_camera_msgs/realsense2_camera_msgs/msg/detail/extrinsics__builder.hpp
[59.494s] -- Installing: /home/cao/ros2ws/src/install/realsense2_camera_msgs/include/realsense2_camera_msgs/realsense2_camera_msgs/msg/detail/imu_info__traits.hpp
[59.494s] -- Installing: /home/cao/ros2ws/src/install/realsense2_camera_msgs/include/realsense2_camera_msgs/realsense2_camera_msgs/msg/detail/metadata__traits.hpp
[59.494s] -- Installing: /home/cao/ros2ws/src/install/realsense2_camera_msgs/include/realsense2_camera_msgs/realsense2_camera_msgs/msg/detail/rgbd__traits.hpp
[59.495s] -- Installing: /home/cao/ros2ws/src/install/realsense2_camera_msgs/include/realsense2_camera_msgs/realsense2_camera_msgs/msg/detail/imu_info__type_support.hpp
[59.495s] -- Installing: /home/cao/ros2ws/src/install/realsense2_camera_msgs/include/realsense2_camera_msgs/realsense2_camera_msgs/msg/detail/extrinsics__traits.hpp
[59.495s] -- Installing: /home/cao/ros2ws/src/install/realsense2_camera_msgs/include/realsense2_camera_msgs/realsense2_camera_msgs/msg/detail/extrinsics__type_support.hpp
[59.495s] -- Installing: /home/cao/ros2ws/src/install/realsense2_camera_msgs/include/realsense2_camera_msgs/realsense2_camera_msgs/msg/detail/imu_info__struct.hpp
[59.495s] -- Installing: /home/cao/ros2ws/src/install/realsense2_camera_msgs/include/realsense2_camera_msgs/realsense2_camera_msgs/msg/detail/rgbd__builder.hpp
[59.495s] -- Installing: /home/cao/ros2ws/src/install/realsense2_camera_msgs/include/realsense2_camera_msgs/realsense2_camera_msgs/msg/metadata.hpp
[59.496s] -- Installing: /home/cao/ros2ws/src/install/realsense2_camera_msgs/include/realsense2_camera_msgs/realsense2_camera_msgs/msg/imu_info.hpp
[59.496s] -- Installing: /home/cao/ros2ws/src/install/realsense2_camera_msgs/include/realsense2_camera_msgs/realsense2_camera_msgs/msg/rgbd.hpp
[59.496s] -- Installing: /home/cao/ros2ws/src/install/realsense2_camera_msgs/include/realsense2_camera_msgs/realsense2_camera_msgs/msg/extrinsics.hpp
[59.496s] -- Up-to-date: /home/cao/ros2ws/src/install/realsense2_camera_msgs/include/realsense2_camera_msgs/realsense2_camera_msgs/srv
[59.496s] -- Installing: /home/cao/ros2ws/src/install/realsense2_camera_msgs/include/realsense2_camera_msgs/realsense2_camera_msgs/srv/calib_config_write.hpp
[59.496s] -- Installing: /home/cao/ros2ws/src/install/realsense2_camera_msgs/include/realsense2_camera_msgs/realsense2_camera_msgs/srv/calib_config_read.hpp
[59.497s] -- Installing: /home/cao/ros2ws/src/install/realsense2_camera_msgs/include/realsense2_camera_msgs/realsense2_camera_msgs/srv/device_info.hpp
[59.497s] -- Up-to-date: /home/cao/ros2ws/src/install/realsense2_camera_msgs/include/realsense2_camera_msgs/realsense2_camera_msgs/srv/detail
[59.497s] -- Installing: /home/cao/ros2ws/src/install/realsense2_camera_msgs/include/realsense2_camera_msgs/realsense2_camera_msgs/srv/detail/calib_config_write__builder.hpp
[59.497s] -- Installing: /home/cao/ros2ws/src/install/realsense2_camera_msgs/include/realsense2_camera_msgs/realsense2_camera_msgs/srv/detail/calib_config_read__type_support.hpp
[59.497s] -- Installing: /home/cao/ros2ws/src/install/realsense2_camera_msgs/include/realsense2_camera_msgs/realsense2_camera_msgs/srv/detail/calib_config_write__type_support.hpp
[59.498s] -- Installing: /home/cao/ros2ws/src/install/realsense2_camera_msgs/include/realsense2_camera_msgs/realsense2_camera_msgs/srv/detail/device_info__type_support.hpp
[59.498s] -- Installing: /home/cao/ros2ws/src/install/realsense2_camera_msgs/include/realsense2_camera_msgs/realsense2_camera_msgs/srv/detail/calib_config_read__struct.hpp
[59.498s] -- Installing: /home/cao/ros2ws/src/install/realsense2_camera_msgs/include/realsense2_camera_msgs/realsense2_camera_msgs/srv/detail/device_info__traits.hpp
[59.498s] -- Installing: /home/cao/ros2ws/src/install/realsense2_camera_msgs/include/realsense2_camera_msgs/realsense2_camera_msgs/srv/detail/calib_config_read__builder.hpp
[59.498s] -- Installing: /home/cao/ros2ws/src/install/realsense2_camera_msgs/include/realsense2_camera_msgs/realsense2_camera_msgs/srv/detail/device_info__builder.hpp
[59.498s] -- Installing: /home/cao/ros2ws/src/install/realsense2_camera_msgs/include/realsense2_camera_msgs/realsense2_camera_msgs/srv/detail/device_info__struct.hpp
[59.499s] -- Installing: /home/cao/ros2ws/src/install/realsense2_camera_msgs/include/realsense2_camera_msgs/realsense2_camera_msgs/srv/detail/calib_config_write__traits.hpp
[59.499s] -- Installing: /home/cao/ros2ws/src/install/realsense2_camera_msgs/include/realsense2_camera_msgs/realsense2_camera_msgs/srv/detail/calib_config_write__struct.hpp
[59.499s] -- Installing: /home/cao/ros2ws/src/install/realsense2_camera_msgs/include/realsense2_camera_msgs/realsense2_camera_msgs/srv/detail/calib_config_read__traits.hpp
[59.501s] -- Up-to-date: /home/cao/ros2ws/src/install/realsense2_camera_msgs/include/realsense2_camera_msgs/realsense2_camera_msgs/action
[59.501s] -- Up-to-date: /home/cao/ros2ws/src/install/realsense2_camera_msgs/include/realsense2_camera_msgs/realsense2_camera_msgs/action/detail
[59.502s] -- Installing: /home/cao/ros2ws/src/install/realsense2_camera_msgs/include/realsense2_camera_msgs/realsense2_camera_msgs/action/detail/triggered_calibration__traits.hpp
[59.502s] -- Installing: /home/cao/ros2ws/src/install/realsense2_camera_msgs/include/realsense2_camera_msgs/realsense2_camera_msgs/action/detail/triggered_calibration__builder.hpp
[59.503s] -- Installing: /home/cao/ros2ws/src/install/realsense2_camera_msgs/include/realsense2_camera_msgs/realsense2_camera_msgs/action/detail/triggered_calibration__type_support.hpp
[59.503s] -- Installing: /home/cao/ros2ws/src/install/realsense2_camera_msgs/include/realsense2_camera_msgs/realsense2_camera_msgs/action/detail/triggered_calibration__struct.hpp
[59.503s] -- Installing: /home/cao/ros2ws/src/install/realsense2_camera_msgs/include/realsense2_camera_msgs/realsense2_camera_msgs/action/triggered_calibration.hpp
[59.503s] -- Up-to-date: /home/cao/ros2ws/src/install/realsense2_camera_msgs/include/realsense2_camera_msgs/realsense2_camera_msgs
[59.503s] -- Up-to-date: /home/cao/ros2ws/src/install/realsense2_camera_msgs/include/realsense2_camera_msgs/realsense2_camera_msgs/msg
[59.503s] -- Installing: /home/cao/ros2ws/src/install/realsense2_camera_msgs/include/realsense2_camera_msgs/realsense2_camera_msgs/msg/rosidl_typesupport_fastrtps_cpp__visibility_control.h
[59.504s] -- Up-to-date: /home/cao/ros2ws/src/install/realsense2_camera_msgs/include/realsense2_camera_msgs/realsense2_camera_msgs/msg/detail
[59.504s] -- Installing: /home/cao/ros2ws/src/install/realsense2_camera_msgs/include/realsense2_camera_msgs/realsense2_camera_msgs/msg/detail/extrinsics__rosidl_typesupport_fastrtps_cpp.hpp
[59.504s] -- Installing: /home/cao/ros2ws/src/install/realsense2_camera_msgs/include/realsense2_camera_msgs/realsense2_camera_msgs/msg/detail/rgbd__rosidl_typesupport_fastrtps_cpp.hpp
[59.504s] -- Installing: /home/cao/ros2ws/src/install/realsense2_camera_msgs/include/realsense2_camera_msgs/realsense2_camera_msgs/msg/detail/metadata__rosidl_typesupport_fastrtps_cpp.hpp
[59.504s] -- Installing: /home/cao/ros2ws/src/install/realsense2_camera_msgs/include/realsense2_camera_msgs/realsense2_camera_msgs/msg/detail/dds_fastrtps
[59.505s] -- Installing: /home/cao/ros2ws/src/install/realsense2_camera_msgs/include/realsense2_camera_msgs/realsense2_camera_msgs/msg/detail/imu_info__rosidl_typesupport_fastrtps_cpp.hpp
[59.505s] -- Up-to-date: /home/cao/ros2ws/src/install/realsense2_camera_msgs/include/realsense2_camera_msgs/realsense2_camera_msgs/srv
[59.505s] -- Up-to-date: /home/cao/ros2ws/src/install/realsense2_camera_msgs/include/realsense2_camera_msgs/realsense2_camera_msgs/srv/detail
[59.505s] -- Installing: /home/cao/ros2ws/src/install/realsense2_camera_msgs/include/realsense2_camera_msgs/realsense2_camera_msgs/srv/detail/device_info__rosidl_typesupport_fastrtps_cpp.hpp
[59.505s] -- Installing: /home/cao/ros2ws/src/install/realsense2_camera_msgs/include/realsense2_camera_msgs/realsense2_camera_msgs/srv/detail/dds_fastrtps
[59.505s] -- Installing: /home/cao/ros2ws/src/install/realsense2_camera_msgs/include/realsense2_camera_msgs/realsense2_camera_msgs/srv/detail/calib_config_read__rosidl_typesupport_fastrtps_cpp.hpp
[59.507s] -- Installing: /home/cao/ros2ws/src/install/realsense2_camera_msgs/include/realsense2_camera_msgs/realsense2_camera_msgs/srv/detail/calib_config_write__rosidl_typesupport_fastrtps_cpp.hpp
[59.508s] -- Up-to-date: /home/cao/ros2ws/src/install/realsense2_camera_msgs/include/realsense2_camera_msgs/realsense2_camera_msgs/action
[59.508s] -- Up-to-date: /home/cao/ros2ws/src/install/realsense2_camera_msgs/include/realsense2_camera_msgs/realsense2_camera_msgs/action/detail
[59.508s] -- Installing: /home/cao/ros2ws/src/install/realsense2_camera_msgs/include/realsense2_camera_msgs/realsense2_camera_msgs/action/detail/dds_fastrtps
[59.508s] -- Installing: /home/cao/ros2ws/src/install/realsense2_camera_msgs/include/realsense2_camera_msgs/realsense2_camera_msgs/action/detail/triggered_calibration__rosidl_typesupport_fastrtps_cpp.hpp
[59.508s] -- Installing: /home/cao/ros2ws/src/install/realsense2_camera_msgs/lib/librealsense2_camera_msgs__rosidl_typesupport_fastrtps_cpp.so
[59.508s] -- Set non-toolchain portion of runtime path of "/home/cao/ros2ws/src/install/realsense2_camera_msgs/lib/librealsense2_camera_msgs__rosidl_typesupport_fastrtps_cpp.so" to ""
[59.508s] -- Up-to-date: /home/cao/ros2ws/src/install/realsense2_camera_msgs/include/realsense2_camera_msgs/realsense2_camera_msgs
[59.508s] -- Up-to-date: /home/cao/ros2ws/src/install/realsense2_camera_msgs/include/realsense2_camera_msgs/realsense2_camera_msgs/msg
[59.509s] -- Up-to-date: /home/cao/ros2ws/src/install/realsense2_camera_msgs/include/realsense2_camera_msgs/realsense2_camera_msgs/msg/detail
[59.509s] -- Installing: /home/cao/ros2ws/src/install/realsense2_camera_msgs/include/realsense2_camera_msgs/realsense2_camera_msgs/msg/detail/metadata__type_support.cpp
[59.509s] -- Installing: /home/cao/ros2ws/src/install/realsense2_camera_msgs/include/realsense2_camera_msgs/realsense2_camera_msgs/msg/detail/imu_info__rosidl_typesupport_introspection_cpp.hpp
[59.509s] -- Installing: /home/cao/ros2ws/src/install/realsense2_camera_msgs/include/realsense2_camera_msgs/realsense2_camera_msgs/msg/detail/metadata__rosidl_typesupport_introspection_cpp.hpp
[59.509s] -- Installing: /home/cao/ros2ws/src/install/realsense2_camera_msgs/include/realsense2_camera_msgs/realsense2_camera_msgs/msg/detail/extrinsics__rosidl_typesupport_introspection_cpp.hpp
[59.509s] -- Installing: /home/cao/ros2ws/src/install/realsense2_camera_msgs/include/realsense2_camera_msgs/realsense2_camera_msgs/msg/detail/imu_info__type_support.cpp
[59.509s] -- Installing: /home/cao/ros2ws/src/install/realsense2_camera_msgs/include/realsense2_camera_msgs/realsense2_camera_msgs/msg/detail/extrinsics__type_support.cpp
[59.511s] -- Installing: /home/cao/ros2ws/src/install/realsense2_camera_msgs/include/realsense2_camera_msgs/realsense2_camera_msgs/msg/detail/rgbd__type_support.cpp
[59.511s] -- Installing: /home/cao/ros2ws/src/install/realsense2_camera_msgs/include/realsense2_camera_msgs/realsense2_camera_msgs/msg/detail/rgbd__rosidl_typesupport_introspection_cpp.hpp
[59.511s] -- Up-to-date: /home/cao/ros2ws/src/install/realsense2_camera_msgs/include/realsense2_camera_msgs/realsense2_camera_msgs/srv
[59.512s] -- Up-to-date: /home/cao/ros2ws/src/install/realsense2_camera_msgs/include/realsense2_camera_msgs/realsense2_camera_msgs/srv/detail
[59.512s] -- Installing: /home/cao/ros2ws/src/install/realsense2_camera_msgs/include/realsense2_camera_msgs/realsense2_camera_msgs/srv/detail/device_info__rosidl_typesupport_introspection_cpp.hpp
[59.512s] -- Installing: /home/cao/ros2ws/src/install/realsense2_camera_msgs/include/realsense2_camera_msgs/realsense2_camera_msgs/srv/detail/calib_config_write__type_support.cpp
[59.512s] -- Installing: /home/cao/ros2ws/src/install/realsense2_camera_msgs/include/realsense2_camera_msgs/realsense2_camera_msgs/srv/detail/calib_config_read__type_support.cpp
[59.512s] -- Installing: /home/cao/ros2ws/src/install/realsense2_camera_msgs/include/realsense2_camera_msgs/realsense2_camera_msgs/srv/detail/device_info__type_support.cpp
[59.512s] -- Installing: /home/cao/ros2ws/src/install/realsense2_camera_msgs/include/realsense2_camera_msgs/realsense2_camera_msgs/srv/detail/calib_config_write__rosidl_typesupport_introspection_cpp.hpp
[59.513s] -- Installing: /home/cao/ros2ws/src/install/realsense2_camera_msgs/include/realsense2_camera_msgs/realsense2_camera_msgs/srv/detail/calib_config_read__rosidl_typesupport_introspection_cpp.hpp
[59.513s] -- Up-to-date: /home/cao/ros2ws/src/install/realsense2_camera_msgs/include/realsense2_camera_msgs/realsense2_camera_msgs/action
[59.513s] -- Up-to-date: /home/cao/ros2ws/src/install/realsense2_camera_msgs/include/realsense2_camera_msgs/realsense2_camera_msgs/action/detail
[59.513s] -- Installing: /home/cao/ros2ws/src/install/realsense2_camera_msgs/include/realsense2_camera_msgs/realsense2_camera_msgs/action/detail/triggered_calibration__rosidl_typesupport_introspection_cpp.hpp
[59.513s] -- Installing: /home/cao/ros2ws/src/install/realsense2_camera_msgs/include/realsense2_camera_msgs/realsense2_camera_msgs/action/detail/triggered_calibration__type_support.cpp
[59.513s] -- Installing: /home/cao/ros2ws/src/install/realsense2_camera_msgs/lib/librealsense2_camera_msgs__rosidl_typesupport_introspection_cpp.so
[59.514s] -- Set non-toolchain portion of runtime path of "/home/cao/ros2ws/src/install/realsense2_camera_msgs/lib/librealsense2_camera_msgs__rosidl_typesupport_introspection_cpp.so" to ""
[59.514s] -- Installing: /home/cao/ros2ws/src/install/realsense2_camera_msgs/lib/librealsense2_camera_msgs__rosidl_typesupport_cpp.so
[59.514s] -- Set non-toolchain portion of runtime path of "/home/cao/ros2ws/src/install/realsense2_camera_msgs/lib/librealsense2_camera_msgs__rosidl_typesupport_cpp.so" to ""
[59.515s] -- Installing: /home/cao/ros2ws/src/install/realsense2_camera_msgs/share/realsense2_camera_msgs/environment/pythonpath.sh
[59.515s] -- Installing: /home/cao/ros2ws/src/install/realsense2_camera_msgs/share/realsense2_camera_msgs/environment/pythonpath.dsv
[59.515s] -- Installing: /home/cao/ros2ws/src/install/realsense2_camera_msgs/lib/python3.12/site-packages/realsense2_camera_msgs-4.55.1-py3.12.egg-info
[59.515s] -- Installing: /home/cao/ros2ws/src/install/realsense2_camera_msgs/lib/python3.12/site-packages/realsense2_camera_msgs-4.55.1-py3.12.egg-info/SOURCES.txt
[59.515s] -- Installing: /home/cao/ros2ws/src/install/realsense2_camera_msgs/lib/python3.12/site-packages/realsense2_camera_msgs-4.55.1-py3.12.egg-info/top_level.txt
[59.516s] -- Installing: /home/cao/ros2ws/src/install/realsense2_camera_msgs/lib/python3.12/site-packages/realsense2_camera_msgs-4.55.1-py3.12.egg-info/PKG-INFO
[59.516s] -- Installing: /home/cao/ros2ws/src/install/realsense2_camera_msgs/lib/python3.12/site-packages/realsense2_camera_msgs-4.55.1-py3.12.egg-info/dependency_links.txt
[59.516s] -- Installing: /home/cao/ros2ws/src/install/realsense2_camera_msgs/lib/python3.12/site-packages/realsense2_camera_msgs
[59.516s] -- Installing: /home/cao/ros2ws/src/install/realsense2_camera_msgs/lib/python3.12/site-packages/realsense2_camera_msgs/__init__.py
[59.516s] -- Installing: /home/cao/ros2ws/src/install/realsense2_camera_msgs/lib/python3.12/site-packages/realsense2_camera_msgs/msg
[59.516s] -- Installing: /home/cao/ros2ws/src/install/realsense2_camera_msgs/lib/python3.12/site-packages/realsense2_camera_msgs/msg/_metadata_s.c
[59.517s] -- Installing: /home/cao/ros2ws/src/install/realsense2_camera_msgs/lib/python3.12/site-packages/realsense2_camera_msgs/msg/__init__.py
[59.517s] -- Installing: /home/cao/ros2ws/src/install/realsense2_camera_msgs/lib/python3.12/site-packages/realsense2_camera_msgs/msg/_imu_info.py
[59.517s] -- Installing: /home/cao/ros2ws/src/install/realsense2_camera_msgs/lib/python3.12/site-packages/realsense2_camera_msgs/msg/_imu_info_s.c
[59.517s] -- Installing: /home/cao/ros2ws/src/install/realsense2_camera_msgs/lib/python3.12/site-packages/realsense2_camera_msgs/msg/_extrinsics_s.c
[59.517s] -- Installing: /home/cao/ros2ws/src/install/realsense2_camera_msgs/lib/python3.12/site-packages/realsense2_camera_msgs/msg/_rgbd_s.c
[59.518s] -- Installing: /home/cao/ros2ws/src/install/realsense2_camera_msgs/lib/python3.12/site-packages/realsense2_camera_msgs/msg/_rgbd.py
[59.518s] -- Installing: /home/cao/ros2ws/src/install/realsense2_camera_msgs/lib/python3.12/site-packages/realsense2_camera_msgs/msg/_extrinsics.py
[59.518s] -- Installing: /home/cao/ros2ws/src/install/realsense2_camera_msgs/lib/python3.12/site-packages/realsense2_camera_msgs/msg/_metadata.py
[59.518s] -- Installing: /home/cao/ros2ws/src/install/realsense2_camera_msgs/lib/python3.12/site-packages/realsense2_camera_msgs/srv
[59.518s] -- Installing: /home/cao/ros2ws/src/install/realsense2_camera_msgs/lib/python3.12/site-packages/realsense2_camera_msgs/srv/_calib_config_write.py
[59.518s] -- Installing: /home/cao/ros2ws/src/install/realsense2_camera_msgs/lib/python3.12/site-packages/realsense2_camera_msgs/srv/__init__.py
[59.518s] -- Installing: /home/cao/ros2ws/src/install/realsense2_camera_msgs/lib/python3.12/site-packages/realsense2_camera_msgs/srv/_calib_config_write_s.c
[59.518s] -- Installing: /home/cao/ros2ws/src/install/realsense2_camera_msgs/lib/python3.12/site-packages/realsense2_camera_msgs/srv/_device_info.py
[59.519s] -- Installing: /home/cao/ros2ws/src/install/realsense2_camera_msgs/lib/python3.12/site-packages/realsense2_camera_msgs/srv/_device_info_s.c
[59.519s] -- Installing: /home/cao/ros2ws/src/install/realsense2_camera_msgs/lib/python3.12/site-packages/realsense2_camera_msgs/srv/_calib_config_read.py
[59.519s] -- Installing: /home/cao/ros2ws/src/install/realsense2_camera_msgs/lib/python3.12/site-packages/realsense2_camera_msgs/srv/_calib_config_read_s.c
[59.519s] -- Installing: /home/cao/ros2ws/src/install/realsense2_camera_msgs/lib/python3.12/site-packages/realsense2_camera_msgs/_realsense2_camera_msgs_s.ep.rosidl_typesupport_introspection_c.c
[59.519s] -- Installing: /home/cao/ros2ws/src/install/realsense2_camera_msgs/lib/python3.12/site-packages/realsense2_camera_msgs/realsense2_camera_msgs_s__rosidl_typesupport_fastrtps_c.so
[59.519s] -- Installing: /home/cao/ros2ws/src/install/realsense2_camera_msgs/lib/python3.12/site-packages/realsense2_camera_msgs/realsense2_camera_msgs_s__rosidl_typesupport_c.so
[59.519s] -- Installing: /home/cao/ros2ws/src/install/realsense2_camera_msgs/lib/python3.12/site-packages/realsense2_camera_msgs/action
[59.519s] -- Installing: /home/cao/ros2ws/src/install/realsense2_camera_msgs/lib/python3.12/site-packages/realsense2_camera_msgs/action/__init__.py
[59.519s] -- Installing: /home/cao/ros2ws/src/install/realsense2_camera_msgs/lib/python3.12/site-packages/realsense2_camera_msgs/action/_triggered_calibration.py
[59.519s] -- Installing: /home/cao/ros2ws/src/install/realsense2_camera_msgs/lib/python3.12/site-packages/realsense2_camera_msgs/action/_triggered_calibration_s.c
[59.520s] -- Installing: /home/cao/ros2ws/src/install/realsense2_camera_msgs/lib/python3.12/site-packages/realsense2_camera_msgs/_realsense2_camera_msgs_s.ep.rosidl_typesupport_c.c
[59.520s] -- Installing: /home/cao/ros2ws/src/install/realsense2_camera_msgs/lib/python3.12/site-packages/realsense2_camera_msgs/realsense2_camera_msgs_s__rosidl_typesupport_introspection_c.so
[59.520s] -- Installing: /home/cao/ros2ws/src/install/realsense2_camera_msgs/lib/python3.12/site-packages/realsense2_camera_msgs/_realsense2_camera_msgs_s.ep.rosidl_typesupport_fastrtps_c.c
[59.641s] Listing '/home/cao/ros2ws/src/install/realsense2_camera_msgs/lib/python3.12/site-packages/realsense2_camera_msgs'...
[59.641s] Compiling '/home/cao/ros2ws/src/install/realsense2_camera_msgs/lib/python3.12/site-packages/realsense2_camera_msgs/__init__.py'...
[59.641s] Listing '/home/cao/ros2ws/src/install/realsense2_camera_msgs/lib/python3.12/site-packages/realsense2_camera_msgs/action'...
[59.641s] Compiling '/home/cao/ros2ws/src/install/realsense2_camera_msgs/lib/python3.12/site-packages/realsense2_camera_msgs/action/__init__.py'...
[59.641s] Compiling '/home/cao/ros2ws/src/install/realsense2_camera_msgs/lib/python3.12/site-packages/realsense2_camera_msgs/action/_triggered_calibration.py'...
[59.642s] Listing '/home/cao/ros2ws/src/install/realsense2_camera_msgs/lib/python3.12/site-packages/realsense2_camera_msgs/msg'...
[59.642s] Compiling '/home/cao/ros2ws/src/install/realsense2_camera_msgs/lib/python3.12/site-packages/realsense2_camera_msgs/msg/__init__.py'...
[59.642s] Compiling '/home/cao/ros2ws/src/install/realsense2_camera_msgs/lib/python3.12/site-packages/realsense2_camera_msgs/msg/_extrinsics.py'...
[59.642s] Compiling '/home/cao/ros2ws/src/install/realsense2_camera_msgs/lib/python3.12/site-packages/realsense2_camera_msgs/msg/_imu_info.py'...
[59.642s] Compiling '/home/cao/ros2ws/src/install/realsense2_camera_msgs/lib/python3.12/site-packages/realsense2_camera_msgs/msg/_metadata.py'...
[59.642s] Compiling '/home/cao/ros2ws/src/install/realsense2_camera_msgs/lib/python3.12/site-packages/realsense2_camera_msgs/msg/_rgbd.py'...
[59.642s] Listing '/home/cao/ros2ws/src/install/realsense2_camera_msgs/lib/python3.12/site-packages/realsense2_camera_msgs/srv'...
[59.642s] Compiling '/home/cao/ros2ws/src/install/realsense2_camera_msgs/lib/python3.12/site-packages/realsense2_camera_msgs/srv/__init__.py'...
[59.642s] Compiling '/home/cao/ros2ws/src/install/realsense2_camera_msgs/lib/python3.12/site-packages/realsense2_camera_msgs/srv/_calib_config_read.py'...
[59.642s] Compiling '/home/cao/ros2ws/src/install/realsense2_camera_msgs/lib/python3.12/site-packages/realsense2_camera_msgs/srv/_calib_config_write.py'...
[59.642s] Compiling '/home/cao/ros2ws/src/install/realsense2_camera_msgs/lib/python3.12/site-packages/realsense2_camera_msgs/srv/_device_info.py'...
[59.663s] -- Installing: /home/cao/ros2ws/src/install/realsense2_camera_msgs/lib/python3.12/site-packages/realsense2_camera_msgs/realsense2_camera_msgs_s__rosidl_typesupport_fastrtps_c.so
[59.663s] -- Set non-toolchain portion of runtime path of "/home/cao/ros2ws/src/install/realsense2_camera_msgs/lib/python3.12/site-packages/realsense2_camera_msgs/realsense2_camera_msgs_s__rosidl_typesupport_fastrtps_c.so" to ""
[59.664s] -- Installing: /home/cao/ros2ws/src/install/realsense2_camera_msgs/lib/python3.12/site-packages/realsense2_camera_msgs/realsense2_camera_msgs_s__rosidl_typesupport_introspection_c.so
[59.664s] -- Set non-toolchain portion of runtime path of "/home/cao/ros2ws/src/install/realsense2_camera_msgs/lib/python3.12/site-packages/realsense2_camera_msgs/realsense2_camera_msgs_s__rosidl_typesupport_introspection_c.so" to ""
[59.665s] -- Installing: /home/cao/ros2ws/src/install/realsense2_camera_msgs/lib/python3.12/site-packages/realsense2_camera_msgs/realsense2_camera_msgs_s__rosidl_typesupport_c.so
[59.665s] -- Set non-toolchain portion of runtime path of "/home/cao/ros2ws/src/install/realsense2_camera_msgs/lib/python3.12/site-packages/realsense2_camera_msgs/realsense2_camera_msgs_s__rosidl_typesupport_c.so" to ""
[59.666s] -- Installing: /home/cao/ros2ws/src/install/realsense2_camera_msgs/lib/librealsense2_camera_msgs__rosidl_generator_py.so
[59.666s] -- Set non-toolchain portion of runtime path of "/home/cao/ros2ws/src/install/realsense2_camera_msgs/lib/librealsense2_camera_msgs__rosidl_generator_py.so" to ""
[59.667s] -- Installing: /home/cao/ros2ws/src/install/realsense2_camera_msgs/share/realsense2_camera_msgs/msg/IMUInfo.idl
[59.667s] -- Installing: /home/cao/ros2ws/src/install/realsense2_camera_msgs/share/realsense2_camera_msgs/msg/Extrinsics.idl
[59.667s] -- Installing: /home/cao/ros2ws/src/install/realsense2_camera_msgs/share/realsense2_camera_msgs/msg/Metadata.idl
[59.667s] -- Installing: /home/cao/ros2ws/src/install/realsense2_camera_msgs/share/realsense2_camera_msgs/msg/RGBD.idl
[59.668s] -- Installing: /home/cao/ros2ws/src/install/realsense2_camera_msgs/share/realsense2_camera_msgs/srv/DeviceInfo.idl
[59.668s] -- Installing: /home/cao/ros2ws/src/install/realsense2_camera_msgs/share/realsense2_camera_msgs/srv/CalibConfigRead.idl
[59.668s] -- Installing: /home/cao/ros2ws/src/install/realsense2_camera_msgs/share/realsense2_camera_msgs/srv/CalibConfigWrite.idl
[59.669s] -- Installing: /home/cao/ros2ws/src/install/realsense2_camera_msgs/share/realsense2_camera_msgs/action/TriggeredCalibration.idl
[59.669s] -- Installing: /home/cao/ros2ws/src/install/realsense2_camera_msgs/share/realsense2_camera_msgs/msg/IMUInfo.msg
[59.669s] -- Installing: /home/cao/ros2ws/src/install/realsense2_camera_msgs/share/realsense2_camera_msgs/msg/Extrinsics.msg
[59.670s] -- Installing: /home/cao/ros2ws/src/install/realsense2_camera_msgs/share/realsense2_camera_msgs/msg/Metadata.msg
[59.670s] -- Installing: /home/cao/ros2ws/src/install/realsense2_camera_msgs/share/realsense2_camera_msgs/msg/RGBD.msg
[59.671s] -- Installing: /home/cao/ros2ws/src/install/realsense2_camera_msgs/share/realsense2_camera_msgs/srv/DeviceInfo.srv
[59.671s] -- Installing: /home/cao/ros2ws/src/install/realsense2_camera_msgs/share/realsense2_camera_msgs/srv/CalibConfigRead.srv
[59.671s] -- Installing: /home/cao/ros2ws/src/install/realsense2_camera_msgs/share/realsense2_camera_msgs/srv/CalibConfigWrite.srv
[59.671s] -- Installing: /home/cao/ros2ws/src/install/realsense2_camera_msgs/share/realsense2_camera_msgs/action/TriggeredCalibration.action
[59.672s] -- Installing: /home/cao/ros2ws/src/install/realsense2_camera_msgs/share/ament_index/resource_index/package_run_dependencies/realsense2_camera_msgs
[59.672s] -- Installing: /home/cao/ros2ws/src/install/realsense2_camera_msgs/share/ament_index/resource_index/parent_prefix_path/realsense2_camera_msgs
[59.673s] -- Installing: /home/cao/ros2ws/src/install/realsense2_camera_msgs/share/realsense2_camera_msgs/environment/ament_prefix_path.sh
[59.673s] -- Installing: /home/cao/ros2ws/src/install/realsense2_camera_msgs/share/realsense2_camera_msgs/environment/ament_prefix_path.dsv
[59.673s] -- Installing: /home/cao/ros2ws/src/install/realsense2_camera_msgs/share/realsense2_camera_msgs/environment/path.sh
[59.673s] -- Installing: /home/cao/ros2ws/src/install/realsense2_camera_msgs/share/realsense2_camera_msgs/environment/path.dsv
[59.674s] -- Installing: /home/cao/ros2ws/src/install/realsense2_camera_msgs/share/realsense2_camera_msgs/local_setup.bash
[59.674s] -- Installing: /home/cao/ros2ws/src/install/realsense2_camera_msgs/share/realsense2_camera_msgs/local_setup.sh
[59.674s] -- Installing: /home/cao/ros2ws/src/install/realsense2_camera_msgs/share/realsense2_camera_msgs/local_setup.zsh
[59.674s] -- Installing: /home/cao/ros2ws/src/install/realsense2_camera_msgs/share/realsense2_camera_msgs/local_setup.dsv
[59.675s] -- Installing: /home/cao/ros2ws/src/install/realsense2_camera_msgs/share/realsense2_camera_msgs/package.dsv
[59.675s] -- Installing: /home/cao/ros2ws/src/install/realsense2_camera_msgs/share/ament_index/resource_index/packages/realsense2_camera_msgs
[59.675s] -- Installing: /home/cao/ros2ws/src/install/realsense2_camera_msgs/share/realsense2_camera_msgs/cmake/export_realsense2_camera_msgs__rosidl_generator_cExport.cmake
[59.676s] -- Installing: /home/cao/ros2ws/src/install/realsense2_camera_msgs/share/realsense2_camera_msgs/cmake/export_realsense2_camera_msgs__rosidl_generator_cExport-noconfig.cmake
[59.676s] -- Installing: /home/cao/ros2ws/src/install/realsense2_camera_msgs/share/realsense2_camera_msgs/cmake/export_realsense2_camera_msgs__rosidl_typesupport_fastrtps_cExport.cmake
[59.676s] -- Installing: /home/cao/ros2ws/src/install/realsense2_camera_msgs/share/realsense2_camera_msgs/cmake/export_realsense2_camera_msgs__rosidl_typesupport_fastrtps_cExport-noconfig.cmake
[59.677s] -- Installing: /home/cao/ros2ws/src/install/realsense2_camera_msgs/share/realsense2_camera_msgs/cmake/realsense2_camera_msgs__rosidl_typesupport_introspection_cExport.cmake
[59.677s] -- Installing: /home/cao/ros2ws/src/install/realsense2_camera_msgs/share/realsense2_camera_msgs/cmake/realsense2_camera_msgs__rosidl_typesupport_introspection_cExport-noconfig.cmake
[59.677s] -- Installing: /home/cao/ros2ws/src/install/realsense2_camera_msgs/share/realsense2_camera_msgs/cmake/realsense2_camera_msgs__rosidl_typesupport_cExport.cmake
[59.677s] -- Installing: /home/cao/ros2ws/src/install/realsense2_camera_msgs/share/realsense2_camera_msgs/cmake/realsense2_camera_msgs__rosidl_typesupport_cExport-noconfig.cmake
[59.678s] -- Installing: /home/cao/ros2ws/src/install/realsense2_camera_msgs/share/realsense2_camera_msgs/cmake/export_realsense2_camera_msgs__rosidl_generator_cppExport.cmake
[59.678s] -- Installing: /home/cao/ros2ws/src/install/realsense2_camera_msgs/share/realsense2_camera_msgs/cmake/export_realsense2_camera_msgs__rosidl_typesupport_fastrtps_cppExport.cmake
[59.678s] -- Installing: /home/cao/ros2ws/src/install/realsense2_camera_msgs/share/realsense2_camera_msgs/cmake/export_realsense2_camera_msgs__rosidl_typesupport_fastrtps_cppExport-noconfig.cmake
[59.679s] -- Installing: /home/cao/ros2ws/src/install/realsense2_camera_msgs/share/realsense2_camera_msgs/cmake/realsense2_camera_msgs__rosidl_typesupport_introspection_cppExport.cmake
[59.679s] -- Installing: /home/cao/ros2ws/src/install/realsense2_camera_msgs/share/realsense2_camera_msgs/cmake/realsense2_camera_msgs__rosidl_typesupport_introspection_cppExport-noconfig.cmake
[59.679s] -- Installing: /home/cao/ros2ws/src/install/realsense2_camera_msgs/share/realsense2_camera_msgs/cmake/realsense2_camera_msgs__rosidl_typesupport_cppExport.cmake
[59.679s] -- Installing: /home/cao/ros2ws/src/install/realsense2_camera_msgs/share/realsense2_camera_msgs/cmake/realsense2_camera_msgs__rosidl_typesupport_cppExport-noconfig.cmake
[59.680s] -- Installing: /home/cao/ros2ws/src/install/realsense2_camera_msgs/share/realsense2_camera_msgs/cmake/export_realsense2_camera_msgs__rosidl_generator_pyExport.cmake
[59.680s] -- Installing: /home/cao/ros2ws/src/install/realsense2_camera_msgs/share/realsense2_camera_msgs/cmake/export_realsense2_camera_msgs__rosidl_generator_pyExport-noconfig.cmake
[59.680s] -- Installing: /home/cao/ros2ws/src/install/realsense2_camera_msgs/share/realsense2_camera_msgs/cmake/rosidl_cmake-extras.cmake
[59.681s] -- Installing: /home/cao/ros2ws/src/install/realsense2_camera_msgs/share/realsense2_camera_msgs/cmake/ament_cmake_export_dependencies-extras.cmake
[59.681s] -- Installing: /home/cao/ros2ws/src/install/realsense2_camera_msgs/share/realsense2_camera_msgs/cmake/ament_cmake_export_include_directories-extras.cmake
[59.681s] -- Installing: /home/cao/ros2ws/src/install/realsense2_camera_msgs/share/realsense2_camera_msgs/cmake/ament_cmake_export_libraries-extras.cmake
[59.681s] -- Installing: /home/cao/ros2ws/src/install/realsense2_camera_msgs/share/realsense2_camera_msgs/cmake/ament_cmake_export_targets-extras.cmake
[59.682s] -- Installing: /home/cao/ros2ws/src/install/realsense2_camera_msgs/share/realsense2_camera_msgs/cmake/rosidl_cmake_export_typesupport_targets-extras.cmake
[59.682s] -- Installing: /home/cao/ros2ws/src/install/realsense2_camera_msgs/share/realsense2_camera_msgs/cmake/rosidl_cmake_export_typesupport_libraries-extras.cmake
[59.682s] -- Installing: /home/cao/ros2ws/src/install/realsense2_camera_msgs/share/realsense2_camera_msgs/cmake/realsense2_camera_msgsConfig.cmake
[59.682s] -- Installing: /home/cao/ros2ws/src/install/realsense2_camera_msgs/share/realsense2_camera_msgs/cmake/realsense2_camera_msgsConfig-version.cmake
[59.683s] -- Installing: /home/cao/ros2ws/src/install/realsense2_camera_msgs/share/realsense2_camera_msgs/package.xml
[59.687s] Invoked command in '/home/cao/ros2ws/src/build/realsense2_camera_msgs' returned '0': CMAKE_PREFIX_PATH=${CMAKE_PREFIX_PATH}:/opt/ros/jazzy DEBUGINFOD_URLS=https://debuginfod.ubuntu.com /usr/bin/cmake --install /home/cao/ros2ws/src/build/realsense2_camera_msgs
