[0.034s] Invoking command in '/home/cao/ros2ws/build/hapthexa_msgs': CMAKE_PREFIX_PATH=${CMAKE_PREFIX_PATH}:/opt/ros/jazzy DEBUGINFOD_URLS=https://debuginfod.ubuntu.com /usr/bin/cmake --build /home/cao/ros2ws/build/hapthexa_msgs -- -j4 -l4
[0.199s] [  1%] Built target hapthexa_msgs__rosidl_generator_type_description
[0.261s] [  1%] Built target ament_cmake_python_copy_hapthexa_msgs
[0.332s] [ 27%] Built target hapthexa_msgs__rosidl_generator_c
[0.847s] running egg_info
[0.880s] writing hapthexa_msgs.egg-info/PKG-INFO
[0.880s] writing dependency_links to hapthexa_msgs.egg-info/dependency_links.txt
[0.881s] writing top-level names to hapthexa_msgs.egg-info/top_level.txt
[0.960s] reading manifest file 'hapthexa_msgs.egg-info/SOURCES.txt'
[0.962s] writing manifest file 'hapthexa_msgs.egg-info/SOURCES.txt'
[1.070s] [ 27%] Built target ament_cmake_python_build_hapthexa_msgs_egg
[1.115s] [ 36%] Built target hapthexa_msgs__rosidl_typesupport_introspection_c
[1.160s] [ 46%] Built target hapthexa_msgs__rosidl_typesupport_c
[1.256s] [ 56%] Built target hapthexa_msgs__rosidl_typesupport_fastrtps_c
[1.298s] [ 56%] Built target hapthexa_msgs__cpp
[1.350s] [ 65%] Built target hapthexa_msgs__rosidl_typesupport_cpp
[1.430s] [ 75%] Built target hapthexa_msgs__rosidl_typesupport_introspection_cpp
[1.502s] [ 85%] Built target hapthexa_msgs__rosidl_typesupport_fastrtps_cpp
[1.538s] [ 85%] Built target hapthexa_msgs
[1.584s] [ 86%] Built target hapthexa_msgs__py
[1.677s] [ 95%] Built target hapthexa_msgs__rosidl_generator_py
[1.716s] [ 96%] Built target hapthexa_msgs_s__rosidl_typesupport_fastrtps_c
[1.766s] [ 98%] Built target hapthexa_msgs_s__rosidl_typesupport_c
[1.834s] [100%] Built target hapthexa_msgs_s__rosidl_typesupport_introspection_c
[1.878s] Invoked command in '/home/cao/ros2ws/build/hapthexa_msgs' returned '0': CMAKE_PREFIX_PATH=${CMAKE_PREFIX_PATH}:/opt/ros/jazzy DEBUGINFOD_URLS=https://debuginfod.ubuntu.com /usr/bin/cmake --build /home/cao/ros2ws/build/hapthexa_msgs -- -j4 -l4
[2.505s] Invoking command in '/home/cao/ros2ws/build/hapthexa_msgs': CMAKE_PREFIX_PATH=${CMAKE_PREFIX_PATH}:/opt/ros/jazzy DEBUGINFOD_URLS=https://debuginfod.ubuntu.com /usr/bin/cmake --install /home/cao/ros2ws/build/hapthexa_msgs
[2.521s] -- Install configuration: ""
[2.521s] -- Up-to-date: /home/cao/ros2ws/install/hapthexa_msgs/share/ament_index/resource_index/rosidl_interfaces/hapthexa_msgs
[2.521s] -- Up-to-date: /home/cao/ros2ws/install/hapthexa_msgs/share/hapthexa_msgs/action/MoveLeg.json
[2.521s] -- Up-to-date: /home/cao/ros2ws/install/hapthexa_msgs/share/hapthexa_msgs/action/MoveLegArgs.json
[2.521s] -- Up-to-date: /home/cao/ros2ws/install/hapthexa_msgs/share/hapthexa_msgs/action/Gait.json
[2.521s] -- Up-to-date: /home/cao/ros2ws/install/hapthexa_msgs/share/hapthexa_msgs/action/Empty.json
[2.521s] -- Up-to-date: /home/cao/ros2ws/install/hapthexa_msgs/share/hapthexa_msgs/msg/Attitude.json
[2.522s] -- Up-to-date: /home/cao/ros2ws/install/hapthexa_msgs/share/hapthexa_msgs/msg/Empty.json
[2.522s] -- Up-to-date: /home/cao/ros2ws/install/hapthexa_msgs/share/hapthexa_msgs/msg/ForceSensor.json
[2.522s] -- Up-to-date: /home/cao/ros2ws/install/hapthexa_msgs/share/hapthexa_msgs/msg/LegArgs.json
[2.522s] -- Up-to-date: /home/cao/ros2ws/install/hapthexa_msgs/share/hapthexa_msgs/msg/LegPosition.json
[2.522s] -- Up-to-date: /home/cao/ros2ws/install/hapthexa_msgs/share/hapthexa_msgs/srv/GetLegArgs.json
[2.522s] -- Up-to-date: /home/cao/ros2ws/install/hapthexa_msgs/share/hapthexa_msgs/srv/GetLegPosition.json
[2.522s] -- Up-to-date: /home/cao/ros2ws/install/hapthexa_msgs/include/hapthexa_msgs/hapthexa_msgs
[2.522s] -- Up-to-date: /home/cao/ros2ws/install/hapthexa_msgs/include/hapthexa_msgs/hapthexa_msgs/msg
[2.522s] -- Up-to-date: /home/cao/ros2ws/install/hapthexa_msgs/include/hapthexa_msgs/hapthexa_msgs/msg/attitude.h
[2.523s] -- Up-to-date: /home/cao/ros2ws/install/hapthexa_msgs/include/hapthexa_msgs/hapthexa_msgs/msg/empty.h
[2.523s] -- Up-to-date: /home/cao/ros2ws/install/hapthexa_msgs/include/hapthexa_msgs/hapthexa_msgs/msg/leg_position.h
[2.523s] -- Up-to-date: /home/cao/ros2ws/install/hapthexa_msgs/include/hapthexa_msgs/hapthexa_msgs/msg/leg_args.h
[2.523s] -- Up-to-date: /home/cao/ros2ws/install/hapthexa_msgs/include/hapthexa_msgs/hapthexa_msgs/msg/detail
[2.523s] -- Up-to-date: /home/cao/ros2ws/install/hapthexa_msgs/include/hapthexa_msgs/hapthexa_msgs/msg/detail/attitude__functions.c
[2.523s] -- Up-to-date: /home/cao/ros2ws/install/hapthexa_msgs/include/hapthexa_msgs/hapthexa_msgs/msg/detail/empty__description.c
[2.523s] -- Up-to-date: /home/cao/ros2ws/install/hapthexa_msgs/include/hapthexa_msgs/hapthexa_msgs/msg/detail/leg_position__type_support.h
[2.523s] -- Up-to-date: /home/cao/ros2ws/install/hapthexa_msgs/include/hapthexa_msgs/hapthexa_msgs/msg/detail/attitude__type_support.h
[2.523s] -- Up-to-date: /home/cao/ros2ws/install/hapthexa_msgs/include/hapthexa_msgs/hapthexa_msgs/msg/detail/force_sensor__functions.h
[2.523s] -- Installing: /home/cao/ros2ws/install/hapthexa_msgs/include/hapthexa_msgs/hapthexa_msgs/msg/detail/leg_args__type_support.c
[2.525s] -- Up-to-date: /home/cao/ros2ws/install/hapthexa_msgs/include/hapthexa_msgs/hapthexa_msgs/msg/detail/empty__functions.c
[2.525s] -- Up-to-date: /home/cao/ros2ws/install/hapthexa_msgs/include/hapthexa_msgs/hapthexa_msgs/msg/detail/force_sensor__type_support.h
[2.526s] -- Up-to-date: /home/cao/ros2ws/install/hapthexa_msgs/include/hapthexa_msgs/hapthexa_msgs/msg/detail/force_sensor__struct.h
[2.526s] -- Up-to-date: /home/cao/ros2ws/install/hapthexa_msgs/include/hapthexa_msgs/hapthexa_msgs/msg/detail/empty__struct.h
[2.526s] -- Up-to-date: /home/cao/ros2ws/install/hapthexa_msgs/include/hapthexa_msgs/hapthexa_msgs/msg/detail/attitude__struct.h
[2.526s] -- Installing: /home/cao/ros2ws/install/hapthexa_msgs/include/hapthexa_msgs/hapthexa_msgs/msg/detail/empty__type_support.c
[2.526s] -- Up-to-date: /home/cao/ros2ws/install/hapthexa_msgs/include/hapthexa_msgs/hapthexa_msgs/msg/detail/leg_args__functions.c
[2.526s] -- Installing: /home/cao/ros2ws/install/hapthexa_msgs/include/hapthexa_msgs/hapthexa_msgs/msg/detail/force_sensor__type_support.c
[2.526s] -- Up-to-date: /home/cao/ros2ws/install/hapthexa_msgs/include/hapthexa_msgs/hapthexa_msgs/msg/detail/leg_args__struct.h
[2.526s] -- Up-to-date: /home/cao/ros2ws/install/hapthexa_msgs/include/hapthexa_msgs/hapthexa_msgs/msg/detail/attitude__description.c
[2.527s] -- Up-to-date: /home/cao/ros2ws/install/hapthexa_msgs/include/hapthexa_msgs/hapthexa_msgs/msg/detail/leg_position__struct.h
[2.527s] -- Up-to-date: /home/cao/ros2ws/install/hapthexa_msgs/include/hapthexa_msgs/hapthexa_msgs/msg/detail/empty__functions.h
[2.527s] -- Installing: /home/cao/ros2ws/install/hapthexa_msgs/include/hapthexa_msgs/hapthexa_msgs/msg/detail/leg_position__type_support.c
[2.527s] -- Up-to-date: /home/cao/ros2ws/install/hapthexa_msgs/include/hapthexa_msgs/hapthexa_msgs/msg/detail/leg_args__description.c
[2.527s] -- Up-to-date: /home/cao/ros2ws/install/hapthexa_msgs/include/hapthexa_msgs/hapthexa_msgs/msg/detail/leg_position__functions.c
[2.527s] -- Up-to-date: /home/cao/ros2ws/install/hapthexa_msgs/include/hapthexa_msgs/hapthexa_msgs/msg/detail/force_sensor__functions.c
[2.527s] -- Up-to-date: /home/cao/ros2ws/install/hapthexa_msgs/include/hapthexa_msgs/hapthexa_msgs/msg/detail/leg_position__description.c
[2.527s] -- Installing: /home/cao/ros2ws/install/hapthexa_msgs/include/hapthexa_msgs/hapthexa_msgs/msg/detail/attitude__type_support.c
[2.527s] -- Up-to-date: /home/cao/ros2ws/install/hapthexa_msgs/include/hapthexa_msgs/hapthexa_msgs/msg/detail/empty__type_support.h
[2.528s] -- Up-to-date: /home/cao/ros2ws/install/hapthexa_msgs/include/hapthexa_msgs/hapthexa_msgs/msg/detail/leg_position__functions.h
[2.528s] -- Up-to-date: /home/cao/ros2ws/install/hapthexa_msgs/include/hapthexa_msgs/hapthexa_msgs/msg/detail/attitude__functions.h
[2.528s] -- Up-to-date: /home/cao/ros2ws/install/hapthexa_msgs/include/hapthexa_msgs/hapthexa_msgs/msg/detail/leg_args__type_support.h
[2.528s] -- Up-to-date: /home/cao/ros2ws/install/hapthexa_msgs/include/hapthexa_msgs/hapthexa_msgs/msg/detail/force_sensor__description.c
[2.528s] -- Up-to-date: /home/cao/ros2ws/install/hapthexa_msgs/include/hapthexa_msgs/hapthexa_msgs/msg/detail/leg_args__functions.h
[2.528s] -- Up-to-date: /home/cao/ros2ws/install/hapthexa_msgs/include/hapthexa_msgs/hapthexa_msgs/msg/rosidl_generator_c__visibility_control.h
[2.528s] -- Up-to-date: /home/cao/ros2ws/install/hapthexa_msgs/include/hapthexa_msgs/hapthexa_msgs/msg/force_sensor.h
[2.528s] -- Up-to-date: /home/cao/ros2ws/install/hapthexa_msgs/include/hapthexa_msgs/hapthexa_msgs/srv
[2.528s] -- Up-to-date: /home/cao/ros2ws/install/hapthexa_msgs/include/hapthexa_msgs/hapthexa_msgs/srv/get_leg_position.h
[2.528s] -- Up-to-date: /home/cao/ros2ws/install/hapthexa_msgs/include/hapthexa_msgs/hapthexa_msgs/srv/detail
[2.528s] -- Up-to-date: /home/cao/ros2ws/install/hapthexa_msgs/include/hapthexa_msgs/hapthexa_msgs/srv/detail/get_leg_args__struct.h
[2.528s] -- Installing: /home/cao/ros2ws/install/hapthexa_msgs/include/hapthexa_msgs/hapthexa_msgs/srv/detail/get_leg_position__type_support.c
[2.529s] -- Up-to-date: /home/cao/ros2ws/install/hapthexa_msgs/include/hapthexa_msgs/hapthexa_msgs/srv/detail/get_leg_args__description.c
[2.529s] -- Up-to-date: /home/cao/ros2ws/install/hapthexa_msgs/include/hapthexa_msgs/hapthexa_msgs/srv/detail/get_leg_position__type_support.h
[2.529s] -- Up-to-date: /home/cao/ros2ws/install/hapthexa_msgs/include/hapthexa_msgs/hapthexa_msgs/srv/detail/get_leg_args__functions.h
[2.529s] -- Up-to-date: /home/cao/ros2ws/install/hapthexa_msgs/include/hapthexa_msgs/hapthexa_msgs/srv/detail/get_leg_position__functions.h
[2.529s] -- Up-to-date: /home/cao/ros2ws/install/hapthexa_msgs/include/hapthexa_msgs/hapthexa_msgs/srv/detail/get_leg_position__description.c
[2.529s] -- Installing: /home/cao/ros2ws/install/hapthexa_msgs/include/hapthexa_msgs/hapthexa_msgs/srv/detail/get_leg_args__type_support.c
[2.529s] -- Up-to-date: /home/cao/ros2ws/install/hapthexa_msgs/include/hapthexa_msgs/hapthexa_msgs/srv/detail/get_leg_position__struct.h
[2.529s] -- Up-to-date: /home/cao/ros2ws/install/hapthexa_msgs/include/hapthexa_msgs/hapthexa_msgs/srv/detail/get_leg_position__functions.c
[2.529s] -- Up-to-date: /home/cao/ros2ws/install/hapthexa_msgs/include/hapthexa_msgs/hapthexa_msgs/srv/detail/get_leg_args__functions.c
[2.530s] -- Up-to-date: /home/cao/ros2ws/install/hapthexa_msgs/include/hapthexa_msgs/hapthexa_msgs/srv/detail/get_leg_args__type_support.h
[2.530s] -- Up-to-date: /home/cao/ros2ws/install/hapthexa_msgs/include/hapthexa_msgs/hapthexa_msgs/srv/get_leg_args.h
[2.530s] -- Up-to-date: /home/cao/ros2ws/install/hapthexa_msgs/include/hapthexa_msgs/hapthexa_msgs/action
[2.530s] -- Up-to-date: /home/cao/ros2ws/install/hapthexa_msgs/include/hapthexa_msgs/hapthexa_msgs/action/move_leg_args.h
[2.530s] -- Up-to-date: /home/cao/ros2ws/install/hapthexa_msgs/include/hapthexa_msgs/hapthexa_msgs/action/empty.h
[2.530s] -- Up-to-date: /home/cao/ros2ws/install/hapthexa_msgs/include/hapthexa_msgs/hapthexa_msgs/action/gait.h
[2.530s] -- Up-to-date: /home/cao/ros2ws/install/hapthexa_msgs/include/hapthexa_msgs/hapthexa_msgs/action/detail
[2.530s] -- Up-to-date: /home/cao/ros2ws/install/hapthexa_msgs/include/hapthexa_msgs/hapthexa_msgs/action/detail/move_leg__functions.c
[2.530s] -- Up-to-date: /home/cao/ros2ws/install/hapthexa_msgs/include/hapthexa_msgs/hapthexa_msgs/action/detail/move_leg__struct.h
[2.530s] -- Up-to-date: /home/cao/ros2ws/install/hapthexa_msgs/include/hapthexa_msgs/hapthexa_msgs/action/detail/empty__description.c
[2.530s] -- Up-to-date: /home/cao/ros2ws/install/hapthexa_msgs/include/hapthexa_msgs/hapthexa_msgs/action/detail/gait__type_support.h
[2.531s] -- Installing: /home/cao/ros2ws/install/hapthexa_msgs/include/hapthexa_msgs/hapthexa_msgs/action/detail/move_leg_args__type_support.c
[2.531s] -- Up-to-date: /home/cao/ros2ws/install/hapthexa_msgs/include/hapthexa_msgs/hapthexa_msgs/action/detail/move_leg_args__functions.c
[2.531s] -- Up-to-date: /home/cao/ros2ws/install/hapthexa_msgs/include/hapthexa_msgs/hapthexa_msgs/action/detail/gait__struct.h
[2.531s] -- Up-to-date: /home/cao/ros2ws/install/hapthexa_msgs/include/hapthexa_msgs/hapthexa_msgs/action/detail/gait__functions.c
[2.532s] -- Up-to-date: /home/cao/ros2ws/install/hapthexa_msgs/include/hapthexa_msgs/hapthexa_msgs/action/detail/empty__functions.c
[2.532s] -- Up-to-date: /home/cao/ros2ws/install/hapthexa_msgs/include/hapthexa_msgs/hapthexa_msgs/action/detail/empty__struct.h
[2.532s] -- Installing: /home/cao/ros2ws/install/hapthexa_msgs/include/hapthexa_msgs/hapthexa_msgs/action/detail/empty__type_support.c
[2.532s] -- Up-to-date: /home/cao/ros2ws/install/hapthexa_msgs/include/hapthexa_msgs/hapthexa_msgs/action/detail/move_leg_args__type_support.h
[2.532s] -- Up-to-date: /home/cao/ros2ws/install/hapthexa_msgs/include/hapthexa_msgs/hapthexa_msgs/action/detail/move_leg_args__description.c
[2.532s] -- Up-to-date: /home/cao/ros2ws/install/hapthexa_msgs/include/hapthexa_msgs/hapthexa_msgs/action/detail/move_leg_args__struct.h
[2.532s] -- Up-to-date: /home/cao/ros2ws/install/hapthexa_msgs/include/hapthexa_msgs/hapthexa_msgs/action/detail/move_leg_args__functions.h
[2.532s] -- Up-to-date: /home/cao/ros2ws/install/hapthexa_msgs/include/hapthexa_msgs/hapthexa_msgs/action/detail/move_leg__type_support.h
[2.532s] -- Up-to-date: /home/cao/ros2ws/install/hapthexa_msgs/include/hapthexa_msgs/hapthexa_msgs/action/detail/move_leg__description.c
[2.533s] -- Installing: /home/cao/ros2ws/install/hapthexa_msgs/include/hapthexa_msgs/hapthexa_msgs/action/detail/move_leg__type_support.c
[2.533s] -- Up-to-date: /home/cao/ros2ws/install/hapthexa_msgs/include/hapthexa_msgs/hapthexa_msgs/action/detail/empty__functions.h
[2.533s] -- Up-to-date: /home/cao/ros2ws/install/hapthexa_msgs/include/hapthexa_msgs/hapthexa_msgs/action/detail/move_leg__functions.h
[2.533s] -- Up-to-date: /home/cao/ros2ws/install/hapthexa_msgs/include/hapthexa_msgs/hapthexa_msgs/action/detail/empty__type_support.h
[2.533s] -- Installing: /home/cao/ros2ws/install/hapthexa_msgs/include/hapthexa_msgs/hapthexa_msgs/action/detail/gait__type_support.c
[2.533s] -- Up-to-date: /home/cao/ros2ws/install/hapthexa_msgs/include/hapthexa_msgs/hapthexa_msgs/action/detail/gait__description.c
[2.533s] -- Up-to-date: /home/cao/ros2ws/install/hapthexa_msgs/include/hapthexa_msgs/hapthexa_msgs/action/detail/gait__functions.h
[2.533s] -- Up-to-date: /home/cao/ros2ws/install/hapthexa_msgs/include/hapthexa_msgs/hapthexa_msgs/action/move_leg.h
[2.534s] -- Up-to-date: /home/cao/ros2ws/install/hapthexa_msgs/share/hapthexa_msgs/environment/library_path.sh
[2.534s] -- Up-to-date: /home/cao/ros2ws/install/hapthexa_msgs/share/hapthexa_msgs/environment/library_path.dsv
[2.534s] -- Up-to-date: /home/cao/ros2ws/install/hapthexa_msgs/lib/libhapthexa_msgs__rosidl_generator_c.so
[2.534s] -- Up-to-date: /home/cao/ros2ws/install/hapthexa_msgs/include/hapthexa_msgs/hapthexa_msgs
[2.534s] -- Up-to-date: /home/cao/ros2ws/install/hapthexa_msgs/include/hapthexa_msgs/hapthexa_msgs/msg
[2.534s] -- Up-to-date: /home/cao/ros2ws/install/hapthexa_msgs/include/hapthexa_msgs/hapthexa_msgs/msg/rosidl_typesupport_fastrtps_c__visibility_control.h
[2.534s] -- Up-to-date: /home/cao/ros2ws/install/hapthexa_msgs/include/hapthexa_msgs/hapthexa_msgs/msg/detail
[2.534s] -- Up-to-date: /home/cao/ros2ws/install/hapthexa_msgs/include/hapthexa_msgs/hapthexa_msgs/msg/detail/empty__rosidl_typesupport_fastrtps_c.h
[2.534s] -- Up-to-date: /home/cao/ros2ws/install/hapthexa_msgs/include/hapthexa_msgs/hapthexa_msgs/msg/detail/leg_position__rosidl_typesupport_fastrtps_c.h
[2.535s] -- Up-to-date: /home/cao/ros2ws/install/hapthexa_msgs/include/hapthexa_msgs/hapthexa_msgs/msg/detail/force_sensor__rosidl_typesupport_fastrtps_c.h
[2.535s] -- Up-to-date: /home/cao/ros2ws/install/hapthexa_msgs/include/hapthexa_msgs/hapthexa_msgs/msg/detail/attitude__rosidl_typesupport_fastrtps_c.h
[2.535s] -- Up-to-date: /home/cao/ros2ws/install/hapthexa_msgs/include/hapthexa_msgs/hapthexa_msgs/msg/detail/leg_args__rosidl_typesupport_fastrtps_c.h
[2.535s] -- Up-to-date: /home/cao/ros2ws/install/hapthexa_msgs/include/hapthexa_msgs/hapthexa_msgs/srv
[2.535s] -- Up-to-date: /home/cao/ros2ws/install/hapthexa_msgs/include/hapthexa_msgs/hapthexa_msgs/srv/detail
[2.535s] -- Up-to-date: /home/cao/ros2ws/install/hapthexa_msgs/include/hapthexa_msgs/hapthexa_msgs/srv/detail/get_leg_position__rosidl_typesupport_fastrtps_c.h
[2.535s] -- Up-to-date: /home/cao/ros2ws/install/hapthexa_msgs/include/hapthexa_msgs/hapthexa_msgs/srv/detail/get_leg_args__rosidl_typesupport_fastrtps_c.h
[2.535s] -- Up-to-date: /home/cao/ros2ws/install/hapthexa_msgs/include/hapthexa_msgs/hapthexa_msgs/action
[2.537s] -- Up-to-date: /home/cao/ros2ws/install/hapthexa_msgs/include/hapthexa_msgs/hapthexa_msgs/action/detail
[2.537s] -- Up-to-date: /home/cao/ros2ws/install/hapthexa_msgs/include/hapthexa_msgs/hapthexa_msgs/action/detail/empty__rosidl_typesupport_fastrtps_c.h
[2.537s] -- Up-to-date: /home/cao/ros2ws/install/hapthexa_msgs/include/hapthexa_msgs/hapthexa_msgs/action/detail/move_leg_args__rosidl_typesupport_fastrtps_c.h
[2.538s] -- Up-to-date: /home/cao/ros2ws/install/hapthexa_msgs/include/hapthexa_msgs/hapthexa_msgs/action/detail/move_leg__rosidl_typesupport_fastrtps_c.h
[2.538s] -- Up-to-date: /home/cao/ros2ws/install/hapthexa_msgs/include/hapthexa_msgs/hapthexa_msgs/action/detail/gait__rosidl_typesupport_fastrtps_c.h
[2.538s] -- Up-to-date: /home/cao/ros2ws/install/hapthexa_msgs/lib/libhapthexa_msgs__rosidl_typesupport_fastrtps_c.so
[2.538s] -- Up-to-date: /home/cao/ros2ws/install/hapthexa_msgs/include/hapthexa_msgs/hapthexa_msgs
[2.538s] -- Up-to-date: /home/cao/ros2ws/install/hapthexa_msgs/include/hapthexa_msgs/hapthexa_msgs/msg
[2.538s] -- Up-to-date: /home/cao/ros2ws/install/hapthexa_msgs/include/hapthexa_msgs/hapthexa_msgs/msg/force_sensor.hpp
[2.539s] -- Up-to-date: /home/cao/ros2ws/install/hapthexa_msgs/include/hapthexa_msgs/hapthexa_msgs/msg/rosidl_generator_cpp__visibility_control.hpp
[2.539s] -- Up-to-date: /home/cao/ros2ws/install/hapthexa_msgs/include/hapthexa_msgs/hapthexa_msgs/msg/detail
[2.539s] -- Up-to-date: /home/cao/ros2ws/install/hapthexa_msgs/include/hapthexa_msgs/hapthexa_msgs/msg/detail/force_sensor__builder.hpp
[2.539s] -- Up-to-date: /home/cao/ros2ws/install/hapthexa_msgs/include/hapthexa_msgs/hapthexa_msgs/msg/detail/leg_args__traits.hpp
[2.539s] -- Up-to-date: /home/cao/ros2ws/install/hapthexa_msgs/include/hapthexa_msgs/hapthexa_msgs/msg/detail/attitude__traits.hpp
[2.539s] -- Up-to-date: /home/cao/ros2ws/install/hapthexa_msgs/include/hapthexa_msgs/hapthexa_msgs/msg/detail/empty__type_support.hpp
[2.539s] -- Up-to-date: /home/cao/ros2ws/install/hapthexa_msgs/include/hapthexa_msgs/hapthexa_msgs/msg/detail/attitude__builder.hpp
[2.539s] -- Up-to-date: /home/cao/ros2ws/install/hapthexa_msgs/include/hapthexa_msgs/hapthexa_msgs/msg/detail/leg_position__builder.hpp
[2.539s] -- Up-to-date: /home/cao/ros2ws/install/hapthexa_msgs/include/hapthexa_msgs/hapthexa_msgs/msg/detail/leg_args__type_support.hpp
[2.539s] -- Up-to-date: /home/cao/ros2ws/install/hapthexa_msgs/include/hapthexa_msgs/hapthexa_msgs/msg/detail/force_sensor__type_support.hpp
[2.539s] -- Up-to-date: /home/cao/ros2ws/install/hapthexa_msgs/include/hapthexa_msgs/hapthexa_msgs/msg/detail/attitude__struct.hpp
[2.540s] -- Up-to-date: /home/cao/ros2ws/install/hapthexa_msgs/include/hapthexa_msgs/hapthexa_msgs/msg/detail/empty__builder.hpp
[2.540s] -- Up-to-date: /home/cao/ros2ws/install/hapthexa_msgs/include/hapthexa_msgs/hapthexa_msgs/msg/detail/empty__struct.hpp
[2.540s] -- Up-to-date: /home/cao/ros2ws/install/hapthexa_msgs/include/hapthexa_msgs/hapthexa_msgs/msg/detail/empty__traits.hpp
[2.540s] -- Up-to-date: /home/cao/ros2ws/install/hapthexa_msgs/include/hapthexa_msgs/hapthexa_msgs/msg/detail/leg_args__builder.hpp
[2.540s] -- Up-to-date: /home/cao/ros2ws/install/hapthexa_msgs/include/hapthexa_msgs/hapthexa_msgs/msg/detail/force_sensor__struct.hpp
[2.540s] -- Up-to-date: /home/cao/ros2ws/install/hapthexa_msgs/include/hapthexa_msgs/hapthexa_msgs/msg/detail/attitude__type_support.hpp
[2.540s] -- Up-to-date: /home/cao/ros2ws/install/hapthexa_msgs/include/hapthexa_msgs/hapthexa_msgs/msg/detail/leg_position__traits.hpp
[2.540s] -- Up-to-date: /home/cao/ros2ws/install/hapthexa_msgs/include/hapthexa_msgs/hapthexa_msgs/msg/detail/leg_position__struct.hpp
[2.540s] -- Up-to-date: /home/cao/ros2ws/install/hapthexa_msgs/include/hapthexa_msgs/hapthexa_msgs/msg/detail/leg_args__struct.hpp
[2.541s] -- Up-to-date: /home/cao/ros2ws/install/hapthexa_msgs/include/hapthexa_msgs/hapthexa_msgs/msg/detail/leg_position__type_support.hpp
[2.541s] -- Up-to-date: /home/cao/ros2ws/install/hapthexa_msgs/include/hapthexa_msgs/hapthexa_msgs/msg/detail/force_sensor__traits.hpp
[2.541s] -- Up-to-date: /home/cao/ros2ws/install/hapthexa_msgs/include/hapthexa_msgs/hapthexa_msgs/msg/leg_position.hpp
[2.541s] -- Up-to-date: /home/cao/ros2ws/install/hapthexa_msgs/include/hapthexa_msgs/hapthexa_msgs/msg/leg_args.hpp
[2.541s] -- Up-to-date: /home/cao/ros2ws/install/hapthexa_msgs/include/hapthexa_msgs/hapthexa_msgs/msg/attitude.hpp
[2.541s] -- Up-to-date: /home/cao/ros2ws/install/hapthexa_msgs/include/hapthexa_msgs/hapthexa_msgs/msg/empty.hpp
[2.541s] -- Up-to-date: /home/cao/ros2ws/install/hapthexa_msgs/include/hapthexa_msgs/hapthexa_msgs/srv
[2.541s] -- Up-to-date: /home/cao/ros2ws/install/hapthexa_msgs/include/hapthexa_msgs/hapthexa_msgs/srv/get_leg_position.hpp
[2.542s] -- Up-to-date: /home/cao/ros2ws/install/hapthexa_msgs/include/hapthexa_msgs/hapthexa_msgs/srv/detail
[2.542s] -- Up-to-date: /home/cao/ros2ws/install/hapthexa_msgs/include/hapthexa_msgs/hapthexa_msgs/srv/detail/get_leg_args__traits.hpp
[2.543s] -- Up-to-date: /home/cao/ros2ws/install/hapthexa_msgs/include/hapthexa_msgs/hapthexa_msgs/srv/detail/get_leg_position__builder.hpp
[2.543s] -- Up-to-date: /home/cao/ros2ws/install/hapthexa_msgs/include/hapthexa_msgs/hapthexa_msgs/srv/detail/get_leg_args__type_support.hpp
[2.543s] -- Up-to-date: /home/cao/ros2ws/install/hapthexa_msgs/include/hapthexa_msgs/hapthexa_msgs/srv/detail/get_leg_position__traits.hpp
[2.543s] -- Up-to-date: /home/cao/ros2ws/install/hapthexa_msgs/include/hapthexa_msgs/hapthexa_msgs/srv/detail/get_leg_args__struct.hpp
[2.543s] -- Up-to-date: /home/cao/ros2ws/install/hapthexa_msgs/include/hapthexa_msgs/hapthexa_msgs/srv/detail/get_leg_args__builder.hpp
[2.543s] -- Up-to-date: /home/cao/ros2ws/install/hapthexa_msgs/include/hapthexa_msgs/hapthexa_msgs/srv/detail/get_leg_position__struct.hpp
[2.543s] -- Up-to-date: /home/cao/ros2ws/install/hapthexa_msgs/include/hapthexa_msgs/hapthexa_msgs/srv/detail/get_leg_position__type_support.hpp
[2.544s] -- Up-to-date: /home/cao/ros2ws/install/hapthexa_msgs/include/hapthexa_msgs/hapthexa_msgs/srv/get_leg_args.hpp
[2.544s] -- Up-to-date: /home/cao/ros2ws/install/hapthexa_msgs/include/hapthexa_msgs/hapthexa_msgs/action
[2.544s] -- Up-to-date: /home/cao/ros2ws/install/hapthexa_msgs/include/hapthexa_msgs/hapthexa_msgs/action/move_leg_args.hpp
[2.544s] -- Up-to-date: /home/cao/ros2ws/install/hapthexa_msgs/include/hapthexa_msgs/hapthexa_msgs/action/detail
[2.544s] -- Up-to-date: /home/cao/ros2ws/install/hapthexa_msgs/include/hapthexa_msgs/hapthexa_msgs/action/detail/gait__struct.hpp
[2.544s] -- Up-to-date: /home/cao/ros2ws/install/hapthexa_msgs/include/hapthexa_msgs/hapthexa_msgs/action/detail/move_leg__builder.hpp
[2.544s] -- Up-to-date: /home/cao/ros2ws/install/hapthexa_msgs/include/hapthexa_msgs/hapthexa_msgs/action/detail/empty__type_support.hpp
[2.545s] -- Up-to-date: /home/cao/ros2ws/install/hapthexa_msgs/include/hapthexa_msgs/hapthexa_msgs/action/detail/gait__traits.hpp
[2.545s] -- Up-to-date: /home/cao/ros2ws/install/hapthexa_msgs/include/hapthexa_msgs/hapthexa_msgs/action/detail/empty__builder.hpp
[2.545s] -- Up-to-date: /home/cao/ros2ws/install/hapthexa_msgs/include/hapthexa_msgs/hapthexa_msgs/action/detail/empty__struct.hpp
[2.545s] -- Up-to-date: /home/cao/ros2ws/install/hapthexa_msgs/include/hapthexa_msgs/hapthexa_msgs/action/detail/move_leg_args__struct.hpp
[2.545s] -- Up-to-date: /home/cao/ros2ws/install/hapthexa_msgs/include/hapthexa_msgs/hapthexa_msgs/action/detail/empty__traits.hpp
[2.545s] -- Up-to-date: /home/cao/ros2ws/install/hapthexa_msgs/include/hapthexa_msgs/hapthexa_msgs/action/detail/move_leg_args__type_support.hpp
[2.545s] -- Up-to-date: /home/cao/ros2ws/install/hapthexa_msgs/include/hapthexa_msgs/hapthexa_msgs/action/detail/gait__type_support.hpp
[2.546s] -- Up-to-date: /home/cao/ros2ws/install/hapthexa_msgs/include/hapthexa_msgs/hapthexa_msgs/action/detail/move_leg_args__builder.hpp
[2.546s] -- Up-to-date: /home/cao/ros2ws/install/hapthexa_msgs/include/hapthexa_msgs/hapthexa_msgs/action/detail/move_leg__struct.hpp
[2.546s] -- Up-to-date: /home/cao/ros2ws/install/hapthexa_msgs/include/hapthexa_msgs/hapthexa_msgs/action/detail/gait__builder.hpp
[2.546s] -- Up-to-date: /home/cao/ros2ws/install/hapthexa_msgs/include/hapthexa_msgs/hapthexa_msgs/action/detail/move_leg__type_support.hpp
[2.546s] -- Up-to-date: /home/cao/ros2ws/install/hapthexa_msgs/include/hapthexa_msgs/hapthexa_msgs/action/detail/move_leg__traits.hpp
[2.546s] -- Up-to-date: /home/cao/ros2ws/install/hapthexa_msgs/include/hapthexa_msgs/hapthexa_msgs/action/detail/move_leg_args__traits.hpp
[2.547s] -- Up-to-date: /home/cao/ros2ws/install/hapthexa_msgs/include/hapthexa_msgs/hapthexa_msgs/action/gait.hpp
[2.547s] -- Up-to-date: /home/cao/ros2ws/install/hapthexa_msgs/include/hapthexa_msgs/hapthexa_msgs/action/move_leg.hpp
[2.547s] -- Up-to-date: /home/cao/ros2ws/install/hapthexa_msgs/include/hapthexa_msgs/hapthexa_msgs/action/empty.hpp
[2.548s] -- Up-to-date: /home/cao/ros2ws/install/hapthexa_msgs/include/hapthexa_msgs/hapthexa_msgs
[2.548s] -- Up-to-date: /home/cao/ros2ws/install/hapthexa_msgs/include/hapthexa_msgs/hapthexa_msgs/msg
[2.548s] -- Up-to-date: /home/cao/ros2ws/install/hapthexa_msgs/include/hapthexa_msgs/hapthexa_msgs/msg/rosidl_typesupport_fastrtps_cpp__visibility_control.h
[2.548s] -- Up-to-date: /home/cao/ros2ws/install/hapthexa_msgs/include/hapthexa_msgs/hapthexa_msgs/msg/detail
[2.548s] -- Up-to-date: /home/cao/ros2ws/install/hapthexa_msgs/include/hapthexa_msgs/hapthexa_msgs/msg/detail/attitude__rosidl_typesupport_fastrtps_cpp.hpp
[2.548s] -- Up-to-date: /home/cao/ros2ws/install/hapthexa_msgs/include/hapthexa_msgs/hapthexa_msgs/msg/detail/empty__rosidl_typesupport_fastrtps_cpp.hpp
[2.548s] -- Up-to-date: /home/cao/ros2ws/install/hapthexa_msgs/include/hapthexa_msgs/hapthexa_msgs/msg/detail/force_sensor__rosidl_typesupport_fastrtps_cpp.hpp
[2.548s] -- Up-to-date: /home/cao/ros2ws/install/hapthexa_msgs/include/hapthexa_msgs/hapthexa_msgs/msg/detail/leg_position__rosidl_typesupport_fastrtps_cpp.hpp
[2.549s] -- Up-to-date: /home/cao/ros2ws/install/hapthexa_msgs/include/hapthexa_msgs/hapthexa_msgs/msg/detail/dds_fastrtps
[2.549s] -- Up-to-date: /home/cao/ros2ws/install/hapthexa_msgs/include/hapthexa_msgs/hapthexa_msgs/msg/detail/leg_args__rosidl_typesupport_fastrtps_cpp.hpp
[2.549s] -- Up-to-date: /home/cao/ros2ws/install/hapthexa_msgs/include/hapthexa_msgs/hapthexa_msgs/srv
[2.549s] -- Up-to-date: /home/cao/ros2ws/install/hapthexa_msgs/include/hapthexa_msgs/hapthexa_msgs/srv/detail
[2.549s] -- Up-to-date: /home/cao/ros2ws/install/hapthexa_msgs/include/hapthexa_msgs/hapthexa_msgs/srv/detail/get_leg_position__rosidl_typesupport_fastrtps_cpp.hpp
[2.549s] -- Up-to-date: /home/cao/ros2ws/install/hapthexa_msgs/include/hapthexa_msgs/hapthexa_msgs/srv/detail/get_leg_args__rosidl_typesupport_fastrtps_cpp.hpp
[2.550s] -- Up-to-date: /home/cao/ros2ws/install/hapthexa_msgs/include/hapthexa_msgs/hapthexa_msgs/srv/detail/dds_fastrtps
[2.550s] -- Up-to-date: /home/cao/ros2ws/install/hapthexa_msgs/include/hapthexa_msgs/hapthexa_msgs/action
[2.550s] -- Up-to-date: /home/cao/ros2ws/install/hapthexa_msgs/include/hapthexa_msgs/hapthexa_msgs/action/detail
[2.550s] -- Up-to-date: /home/cao/ros2ws/install/hapthexa_msgs/include/hapthexa_msgs/hapthexa_msgs/action/detail/empty__rosidl_typesupport_fastrtps_cpp.hpp
[2.551s] -- Up-to-date: /home/cao/ros2ws/install/hapthexa_msgs/include/hapthexa_msgs/hapthexa_msgs/action/detail/dds_fastrtps
[2.551s] -- Up-to-date: /home/cao/ros2ws/install/hapthexa_msgs/include/hapthexa_msgs/hapthexa_msgs/action/detail/move_leg_args__rosidl_typesupport_fastrtps_cpp.hpp
[2.551s] -- Up-to-date: /home/cao/ros2ws/install/hapthexa_msgs/include/hapthexa_msgs/hapthexa_msgs/action/detail/gait__rosidl_typesupport_fastrtps_cpp.hpp
[2.551s] -- Up-to-date: /home/cao/ros2ws/install/hapthexa_msgs/include/hapthexa_msgs/hapthexa_msgs/action/detail/move_leg__rosidl_typesupport_fastrtps_cpp.hpp
[2.551s] -- Up-to-date: /home/cao/ros2ws/install/hapthexa_msgs/lib/libhapthexa_msgs__rosidl_typesupport_fastrtps_cpp.so
[2.552s] -- Up-to-date: /home/cao/ros2ws/install/hapthexa_msgs/include/hapthexa_msgs/hapthexa_msgs
[2.552s] -- Up-to-date: /home/cao/ros2ws/install/hapthexa_msgs/include/hapthexa_msgs/hapthexa_msgs/msg
[2.552s] -- Up-to-date: /home/cao/ros2ws/install/hapthexa_msgs/include/hapthexa_msgs/hapthexa_msgs/msg/rosidl_typesupport_introspection_c__visibility_control.h
[2.552s] -- Up-to-date: /home/cao/ros2ws/install/hapthexa_msgs/include/hapthexa_msgs/hapthexa_msgs/msg/detail
[2.552s] -- Installing: /home/cao/ros2ws/install/hapthexa_msgs/include/hapthexa_msgs/hapthexa_msgs/msg/detail/leg_args__type_support.c
[2.552s] -- Up-to-date: /home/cao/ros2ws/install/hapthexa_msgs/include/hapthexa_msgs/hapthexa_msgs/msg/detail/attitude__rosidl_typesupport_introspection_c.h
[2.552s] -- Installing: /home/cao/ros2ws/install/hapthexa_msgs/include/hapthexa_msgs/hapthexa_msgs/msg/detail/empty__type_support.c
[2.552s] -- Installing: /home/cao/ros2ws/install/hapthexa_msgs/include/hapthexa_msgs/hapthexa_msgs/msg/detail/force_sensor__type_support.c
[2.552s] -- Installing: /home/cao/ros2ws/install/hapthexa_msgs/include/hapthexa_msgs/hapthexa_msgs/msg/detail/leg_position__type_support.c
[2.553s] -- Up-to-date: /home/cao/ros2ws/install/hapthexa_msgs/include/hapthexa_msgs/hapthexa_msgs/msg/detail/force_sensor__rosidl_typesupport_introspection_c.h
[2.553s] -- Installing: /home/cao/ros2ws/install/hapthexa_msgs/include/hapthexa_msgs/hapthexa_msgs/msg/detail/attitude__type_support.c
[2.553s] -- Up-to-date: /home/cao/ros2ws/install/hapthexa_msgs/include/hapthexa_msgs/hapthexa_msgs/msg/detail/empty__rosidl_typesupport_introspection_c.h
[2.553s] -- Up-to-date: /home/cao/ros2ws/install/hapthexa_msgs/include/hapthexa_msgs/hapthexa_msgs/msg/detail/leg_position__rosidl_typesupport_introspection_c.h
[2.553s] -- Up-to-date: /home/cao/ros2ws/install/hapthexa_msgs/include/hapthexa_msgs/hapthexa_msgs/msg/detail/leg_args__rosidl_typesupport_introspection_c.h
[2.553s] -- Up-to-date: /home/cao/ros2ws/install/hapthexa_msgs/include/hapthexa_msgs/hapthexa_msgs/srv
[2.553s] -- Up-to-date: /home/cao/ros2ws/install/hapthexa_msgs/include/hapthexa_msgs/hapthexa_msgs/srv/detail
[2.553s] -- Installing: /home/cao/ros2ws/install/hapthexa_msgs/include/hapthexa_msgs/hapthexa_msgs/srv/detail/get_leg_position__type_support.c
[2.553s] -- Up-to-date: /home/cao/ros2ws/install/hapthexa_msgs/include/hapthexa_msgs/hapthexa_msgs/srv/detail/get_leg_position__rosidl_typesupport_introspection_c.h
[2.554s] -- Up-to-date: /home/cao/ros2ws/install/hapthexa_msgs/include/hapthexa_msgs/hapthexa_msgs/srv/detail/get_leg_args__rosidl_typesupport_introspection_c.h
[2.554s] -- Installing: /home/cao/ros2ws/install/hapthexa_msgs/include/hapthexa_msgs/hapthexa_msgs/srv/detail/get_leg_args__type_support.c
[2.554s] -- Up-to-date: /home/cao/ros2ws/install/hapthexa_msgs/include/hapthexa_msgs/hapthexa_msgs/action
[2.554s] -- Up-to-date: /home/cao/ros2ws/install/hapthexa_msgs/include/hapthexa_msgs/hapthexa_msgs/action/detail
[2.554s] -- Up-to-date: /home/cao/ros2ws/install/hapthexa_msgs/include/hapthexa_msgs/hapthexa_msgs/action/detail/gait__rosidl_typesupport_introspection_c.h
[2.554s] -- Up-to-date: /home/cao/ros2ws/install/hapthexa_msgs/include/hapthexa_msgs/hapthexa_msgs/action/detail/move_leg__rosidl_typesupport_introspection_c.h
[2.554s] -- Installing: /home/cao/ros2ws/install/hapthexa_msgs/include/hapthexa_msgs/hapthexa_msgs/action/detail/move_leg_args__type_support.c
[2.554s] -- Installing: /home/cao/ros2ws/install/hapthexa_msgs/include/hapthexa_msgs/hapthexa_msgs/action/detail/empty__type_support.c
[2.555s] -- Installing: /home/cao/ros2ws/install/hapthexa_msgs/include/hapthexa_msgs/hapthexa_msgs/action/detail/move_leg__type_support.c
[2.555s] -- Up-to-date: /home/cao/ros2ws/install/hapthexa_msgs/include/hapthexa_msgs/hapthexa_msgs/action/detail/empty__rosidl_typesupport_introspection_c.h
[2.555s] -- Installing: /home/cao/ros2ws/install/hapthexa_msgs/include/hapthexa_msgs/hapthexa_msgs/action/detail/gait__type_support.c
[2.555s] -- Up-to-date: /home/cao/ros2ws/install/hapthexa_msgs/include/hapthexa_msgs/hapthexa_msgs/action/detail/move_leg_args__rosidl_typesupport_introspection_c.h
[2.555s] -- Up-to-date: /home/cao/ros2ws/install/hapthexa_msgs/lib/libhapthexa_msgs__rosidl_typesupport_introspection_c.so
[2.555s] -- Up-to-date: /home/cao/ros2ws/install/hapthexa_msgs/lib/libhapthexa_msgs__rosidl_typesupport_c.so
[2.555s] -- Up-to-date: /home/cao/ros2ws/install/hapthexa_msgs/include/hapthexa_msgs/hapthexa_msgs
[2.555s] -- Up-to-date: /home/cao/ros2ws/install/hapthexa_msgs/include/hapthexa_msgs/hapthexa_msgs/msg
[2.555s] -- Up-to-date: /home/cao/ros2ws/install/hapthexa_msgs/include/hapthexa_msgs/hapthexa_msgs/msg/detail
[2.556s] -- Up-to-date: /home/cao/ros2ws/install/hapthexa_msgs/include/hapthexa_msgs/hapthexa_msgs/msg/detail/attitude__rosidl_typesupport_introspection_cpp.hpp
[2.556s] -- Up-to-date: /home/cao/ros2ws/install/hapthexa_msgs/include/hapthexa_msgs/hapthexa_msgs/msg/detail/leg_position__type_support.cpp
[2.556s] -- Up-to-date: /home/cao/ros2ws/install/hapthexa_msgs/include/hapthexa_msgs/hapthexa_msgs/msg/detail/force_sensor__type_support.cpp
[2.556s] -- Up-to-date: /home/cao/ros2ws/install/hapthexa_msgs/include/hapthexa_msgs/hapthexa_msgs/msg/detail/attitude__type_support.cpp
[2.556s] -- Up-to-date: /home/cao/ros2ws/install/hapthexa_msgs/include/hapthexa_msgs/hapthexa_msgs/msg/detail/leg_position__rosidl_typesupport_introspection_cpp.hpp
[2.556s] -- Up-to-date: /home/cao/ros2ws/install/hapthexa_msgs/include/hapthexa_msgs/hapthexa_msgs/msg/detail/empty__rosidl_typesupport_introspection_cpp.hpp
[2.556s] -- Up-to-date: /home/cao/ros2ws/install/hapthexa_msgs/include/hapthexa_msgs/hapthexa_msgs/msg/detail/leg_args__type_support.cpp
[2.556s] -- Up-to-date: /home/cao/ros2ws/install/hapthexa_msgs/include/hapthexa_msgs/hapthexa_msgs/msg/detail/force_sensor__rosidl_typesupport_introspection_cpp.hpp
[2.556s] -- Up-to-date: /home/cao/ros2ws/install/hapthexa_msgs/include/hapthexa_msgs/hapthexa_msgs/msg/detail/leg_args__rosidl_typesupport_introspection_cpp.hpp
[2.557s] -- Up-to-date: /home/cao/ros2ws/install/hapthexa_msgs/include/hapthexa_msgs/hapthexa_msgs/msg/detail/empty__type_support.cpp
[2.557s] -- Up-to-date: /home/cao/ros2ws/install/hapthexa_msgs/include/hapthexa_msgs/hapthexa_msgs/srv
[2.557s] -- Up-to-date: /home/cao/ros2ws/install/hapthexa_msgs/include/hapthexa_msgs/hapthexa_msgs/srv/detail
[2.557s] -- Up-to-date: /home/cao/ros2ws/install/hapthexa_msgs/include/hapthexa_msgs/hapthexa_msgs/srv/detail/get_leg_position__type_support.cpp
[2.557s] -- Up-to-date: /home/cao/ros2ws/install/hapthexa_msgs/include/hapthexa_msgs/hapthexa_msgs/srv/detail/get_leg_args__type_support.cpp
[2.557s] -- Up-to-date: /home/cao/ros2ws/install/hapthexa_msgs/include/hapthexa_msgs/hapthexa_msgs/srv/detail/get_leg_position__rosidl_typesupport_introspection_cpp.hpp
[2.557s] -- Up-to-date: /home/cao/ros2ws/install/hapthexa_msgs/include/hapthexa_msgs/hapthexa_msgs/srv/detail/get_leg_args__rosidl_typesupport_introspection_cpp.hpp
[2.557s] -- Up-to-date: /home/cao/ros2ws/install/hapthexa_msgs/include/hapthexa_msgs/hapthexa_msgs/action
[2.558s] -- Up-to-date: /home/cao/ros2ws/install/hapthexa_msgs/include/hapthexa_msgs/hapthexa_msgs/action/detail
[2.558s] -- Up-to-date: /home/cao/ros2ws/install/hapthexa_msgs/include/hapthexa_msgs/hapthexa_msgs/action/detail/move_leg_args__rosidl_typesupport_introspection_cpp.hpp
[2.558s] -- Up-to-date: /home/cao/ros2ws/install/hapthexa_msgs/include/hapthexa_msgs/hapthexa_msgs/action/detail/move_leg__rosidl_typesupport_introspection_cpp.hpp
[2.558s] -- Up-to-date: /home/cao/ros2ws/install/hapthexa_msgs/include/hapthexa_msgs/hapthexa_msgs/action/detail/gait__rosidl_typesupport_introspection_cpp.hpp
[2.558s] -- Up-to-date: /home/cao/ros2ws/install/hapthexa_msgs/include/hapthexa_msgs/hapthexa_msgs/action/detail/move_leg_args__type_support.cpp
[2.559s] -- Up-to-date: /home/cao/ros2ws/install/hapthexa_msgs/include/hapthexa_msgs/hapthexa_msgs/action/detail/move_leg__type_support.cpp
[2.559s] -- Up-to-date: /home/cao/ros2ws/install/hapthexa_msgs/include/hapthexa_msgs/hapthexa_msgs/action/detail/empty__rosidl_typesupport_introspection_cpp.hpp
[2.559s] -- Up-to-date: /home/cao/ros2ws/install/hapthexa_msgs/include/hapthexa_msgs/hapthexa_msgs/action/detail/gait__type_support.cpp
[2.559s] -- Up-to-date: /home/cao/ros2ws/install/hapthexa_msgs/include/hapthexa_msgs/hapthexa_msgs/action/detail/empty__type_support.cpp
[2.559s] -- Up-to-date: /home/cao/ros2ws/install/hapthexa_msgs/lib/libhapthexa_msgs__rosidl_typesupport_introspection_cpp.so
[2.559s] -- Up-to-date: /home/cao/ros2ws/install/hapthexa_msgs/lib/libhapthexa_msgs__rosidl_typesupport_cpp.so
[2.559s] -- Up-to-date: /home/cao/ros2ws/install/hapthexa_msgs/share/hapthexa_msgs/environment/pythonpath.sh
[2.559s] -- Up-to-date: /home/cao/ros2ws/install/hapthexa_msgs/share/hapthexa_msgs/environment/pythonpath.dsv
[2.559s] -- Up-to-date: /home/cao/ros2ws/install/hapthexa_msgs/lib/python3.12/site-packages/hapthexa_msgs-0.0.0-py3.12.egg-info
[2.559s] -- Installing: /home/cao/ros2ws/install/hapthexa_msgs/lib/python3.12/site-packages/hapthexa_msgs-0.0.0-py3.12.egg-info/SOURCES.txt
[2.560s] -- Installing: /home/cao/ros2ws/install/hapthexa_msgs/lib/python3.12/site-packages/hapthexa_msgs-0.0.0-py3.12.egg-info/top_level.txt
[2.560s] -- Installing: /home/cao/ros2ws/install/hapthexa_msgs/lib/python3.12/site-packages/hapthexa_msgs-0.0.0-py3.12.egg-info/PKG-INFO
[2.560s] -- Installing: /home/cao/ros2ws/install/hapthexa_msgs/lib/python3.12/site-packages/hapthexa_msgs-0.0.0-py3.12.egg-info/dependency_links.txt
[2.561s] -- Up-to-date: /home/cao/ros2ws/install/hapthexa_msgs/lib/python3.12/site-packages/hapthexa_msgs
[2.561s] -- Up-to-date: /home/cao/ros2ws/install/hapthexa_msgs/lib/python3.12/site-packages/hapthexa_msgs/__init__.py
[2.561s] -- Up-to-date: /home/cao/ros2ws/install/hapthexa_msgs/lib/python3.12/site-packages/hapthexa_msgs/hapthexa_msgs_s__rosidl_typesupport_fastrtps_c.so
[2.562s] -- Up-to-date: /home/cao/ros2ws/install/hapthexa_msgs/lib/python3.12/site-packages/hapthexa_msgs/msg
[2.562s] -- Up-to-date: /home/cao/ros2ws/install/hapthexa_msgs/lib/python3.12/site-packages/hapthexa_msgs/msg/__init__.py
[2.562s] -- Up-to-date: /home/cao/ros2ws/install/hapthexa_msgs/lib/python3.12/site-packages/hapthexa_msgs/msg/_attitude_s.c
[2.562s] -- Up-to-date: /home/cao/ros2ws/install/hapthexa_msgs/lib/python3.12/site-packages/hapthexa_msgs/msg/_force_sensor.py
[2.562s] -- Up-to-date: /home/cao/ros2ws/install/hapthexa_msgs/lib/python3.12/site-packages/hapthexa_msgs/msg/_leg_args.py
[2.562s] -- Up-to-date: /home/cao/ros2ws/install/hapthexa_msgs/lib/python3.12/site-packages/hapthexa_msgs/msg/_leg_position.py
[2.562s] -- Up-to-date: /home/cao/ros2ws/install/hapthexa_msgs/lib/python3.12/site-packages/hapthexa_msgs/msg/_leg_position_s.c
[2.562s] -- Up-to-date: /home/cao/ros2ws/install/hapthexa_msgs/lib/python3.12/site-packages/hapthexa_msgs/msg/_empty_s.c
[2.562s] -- Up-to-date: /home/cao/ros2ws/install/hapthexa_msgs/lib/python3.12/site-packages/hapthexa_msgs/msg/_empty.py
[2.563s] -- Up-to-date: /home/cao/ros2ws/install/hapthexa_msgs/lib/python3.12/site-packages/hapthexa_msgs/msg/_leg_args_s.c
[2.563s] -- Up-to-date: /home/cao/ros2ws/install/hapthexa_msgs/lib/python3.12/site-packages/hapthexa_msgs/msg/_force_sensor_s.c
[2.563s] -- Up-to-date: /home/cao/ros2ws/install/hapthexa_msgs/lib/python3.12/site-packages/hapthexa_msgs/msg/_attitude.py
[2.563s] -- Up-to-date: /home/cao/ros2ws/install/hapthexa_msgs/lib/python3.12/site-packages/hapthexa_msgs/_hapthexa_msgs_s.ep.rosidl_typesupport_introspection_c.c
[2.563s] -- Up-to-date: /home/cao/ros2ws/install/hapthexa_msgs/lib/python3.12/site-packages/hapthexa_msgs/srv
[2.563s] -- Up-to-date: /home/cao/ros2ws/install/hapthexa_msgs/lib/python3.12/site-packages/hapthexa_msgs/srv/__init__.py
[2.563s] -- Up-to-date: /home/cao/ros2ws/install/hapthexa_msgs/lib/python3.12/site-packages/hapthexa_msgs/srv/_get_leg_args_s.c
[2.563s] -- Up-to-date: /home/cao/ros2ws/install/hapthexa_msgs/lib/python3.12/site-packages/hapthexa_msgs/srv/_get_leg_args.py
[2.563s] -- Up-to-date: /home/cao/ros2ws/install/hapthexa_msgs/lib/python3.12/site-packages/hapthexa_msgs/srv/_get_leg_position_s.c
[2.563s] -- Up-to-date: /home/cao/ros2ws/install/hapthexa_msgs/lib/python3.12/site-packages/hapthexa_msgs/srv/_get_leg_position.py
[2.563s] -- Up-to-date: /home/cao/ros2ws/install/hapthexa_msgs/lib/python3.12/site-packages/hapthexa_msgs/hapthexa_msgs_s__rosidl_typesupport_c.so
[2.564s] -- Up-to-date: /home/cao/ros2ws/install/hapthexa_msgs/lib/python3.12/site-packages/hapthexa_msgs/_hapthexa_msgs_s.ep.rosidl_typesupport_c.c
[2.564s] -- Up-to-date: /home/cao/ros2ws/install/hapthexa_msgs/lib/python3.12/site-packages/hapthexa_msgs/_hapthexa_msgs_s.ep.rosidl_typesupport_fastrtps_c.c
[2.564s] -- Up-to-date: /home/cao/ros2ws/install/hapthexa_msgs/lib/python3.12/site-packages/hapthexa_msgs/hapthexa_msgs_s__rosidl_typesupport_introspection_c.so
[2.564s] -- Up-to-date: /home/cao/ros2ws/install/hapthexa_msgs/lib/python3.12/site-packages/hapthexa_msgs/action
[2.564s] -- Up-to-date: /home/cao/ros2ws/install/hapthexa_msgs/lib/python3.12/site-packages/hapthexa_msgs/action/_move_leg.py
[2.564s] -- Up-to-date: /home/cao/ros2ws/install/hapthexa_msgs/lib/python3.12/site-packages/hapthexa_msgs/action/__init__.py
[2.564s] -- Up-to-date: /home/cao/ros2ws/install/hapthexa_msgs/lib/python3.12/site-packages/hapthexa_msgs/action/_move_leg_args.py
[2.564s] -- Up-to-date: /home/cao/ros2ws/install/hapthexa_msgs/lib/python3.12/site-packages/hapthexa_msgs/action/_gait_s.c
[2.564s] -- Up-to-date: /home/cao/ros2ws/install/hapthexa_msgs/lib/python3.12/site-packages/hapthexa_msgs/action/_move_leg_s.c
[2.564s] -- Up-to-date: /home/cao/ros2ws/install/hapthexa_msgs/lib/python3.12/site-packages/hapthexa_msgs/action/_empty_s.c
[2.564s] -- Up-to-date: /home/cao/ros2ws/install/hapthexa_msgs/lib/python3.12/site-packages/hapthexa_msgs/action/_move_leg_args_s.c
[2.565s] -- Up-to-date: /home/cao/ros2ws/install/hapthexa_msgs/lib/python3.12/site-packages/hapthexa_msgs/action/_empty.py
[2.565s] -- Up-to-date: /home/cao/ros2ws/install/hapthexa_msgs/lib/python3.12/site-packages/hapthexa_msgs/action/_gait.py
[2.618s] Listing '/home/cao/ros2ws/install/hapthexa_msgs/lib/python3.12/site-packages/hapthexa_msgs'...
[2.618s] Listing '/home/cao/ros2ws/install/hapthexa_msgs/lib/python3.12/site-packages/hapthexa_msgs/action'...
[2.619s] Listing '/home/cao/ros2ws/install/hapthexa_msgs/lib/python3.12/site-packages/hapthexa_msgs/msg'...
[2.619s] Listing '/home/cao/ros2ws/install/hapthexa_msgs/lib/python3.12/site-packages/hapthexa_msgs/srv'...
[2.641s] -- Up-to-date: /home/cao/ros2ws/install/hapthexa_msgs/lib/python3.12/site-packages/hapthexa_msgs/hapthexa_msgs_s__rosidl_typesupport_fastrtps_c.so
[2.642s] -- Up-to-date: /home/cao/ros2ws/install/hapthexa_msgs/lib/python3.12/site-packages/hapthexa_msgs/hapthexa_msgs_s__rosidl_typesupport_introspection_c.so
[2.643s] -- Up-to-date: /home/cao/ros2ws/install/hapthexa_msgs/lib/python3.12/site-packages/hapthexa_msgs/hapthexa_msgs_s__rosidl_typesupport_c.so
[2.644s] -- Up-to-date: /home/cao/ros2ws/install/hapthexa_msgs/lib/libhapthexa_msgs__rosidl_generator_py.so
[2.645s] -- Up-to-date: /home/cao/ros2ws/install/hapthexa_msgs/share/hapthexa_msgs/action/MoveLeg.idl
[2.647s] -- Up-to-date: /home/cao/ros2ws/install/hapthexa_msgs/share/hapthexa_msgs/action/MoveLegArgs.idl
[2.649s] -- Up-to-date: /home/cao/ros2ws/install/hapthexa_msgs/share/hapthexa_msgs/action/Gait.idl
[2.651s] -- Up-to-date: /home/cao/ros2ws/install/hapthexa_msgs/share/hapthexa_msgs/action/Empty.idl
[2.651s] -- Up-to-date: /home/cao/ros2ws/install/hapthexa_msgs/share/hapthexa_msgs/msg/Attitude.idl
[2.652s] -- Up-to-date: /home/cao/ros2ws/install/hapthexa_msgs/share/hapthexa_msgs/msg/Empty.idl
[2.652s] -- Up-to-date: /home/cao/ros2ws/install/hapthexa_msgs/share/hapthexa_msgs/msg/ForceSensor.idl
[2.652s] -- Up-to-date: /home/cao/ros2ws/install/hapthexa_msgs/share/hapthexa_msgs/msg/LegArgs.idl
[2.653s] -- Up-to-date: /home/cao/ros2ws/install/hapthexa_msgs/share/hapthexa_msgs/msg/LegPosition.idl
[2.653s] -- Up-to-date: /home/cao/ros2ws/install/hapthexa_msgs/share/hapthexa_msgs/srv/GetLegArgs.idl
[2.653s] -- Up-to-date: /home/cao/ros2ws/install/hapthexa_msgs/share/hapthexa_msgs/srv/GetLegPosition.idl
[2.654s] -- Up-to-date: /home/cao/ros2ws/install/hapthexa_msgs/share/hapthexa_msgs/action/MoveLeg.action
[2.654s] -- Up-to-date: /home/cao/ros2ws/install/hapthexa_msgs/share/hapthexa_msgs/action/MoveLegArgs.action
[2.654s] -- Up-to-date: /home/cao/ros2ws/install/hapthexa_msgs/share/hapthexa_msgs/action/Gait.action
[2.655s] -- Up-to-date: /home/cao/ros2ws/install/hapthexa_msgs/share/hapthexa_msgs/action/Empty.action
[2.655s] -- Up-to-date: /home/cao/ros2ws/install/hapthexa_msgs/share/hapthexa_msgs/msg/Attitude.msg
[2.655s] -- Up-to-date: /home/cao/ros2ws/install/hapthexa_msgs/share/hapthexa_msgs/msg/Empty.msg
[2.655s] -- Up-to-date: /home/cao/ros2ws/install/hapthexa_msgs/share/hapthexa_msgs/msg/ForceSensor.msg
[2.656s] -- Up-to-date: /home/cao/ros2ws/install/hapthexa_msgs/share/hapthexa_msgs/msg/LegArgs.msg
[2.656s] -- Up-to-date: /home/cao/ros2ws/install/hapthexa_msgs/share/hapthexa_msgs/msg/LegPosition.msg
[2.656s] -- Up-to-date: /home/cao/ros2ws/install/hapthexa_msgs/share/hapthexa_msgs/srv/GetLegArgs.srv
[2.657s] -- Up-to-date: /home/cao/ros2ws/install/hapthexa_msgs/share/hapthexa_msgs/srv/GetLegPosition.srv
[2.657s] -- Up-to-date: /home/cao/ros2ws/install/hapthexa_msgs/share/ament_index/resource_index/package_run_dependencies/hapthexa_msgs
[2.657s] -- Up-to-date: /home/cao/ros2ws/install/hapthexa_msgs/share/ament_index/resource_index/parent_prefix_path/hapthexa_msgs
[2.658s] -- Up-to-date: /home/cao/ros2ws/install/hapthexa_msgs/share/hapthexa_msgs/environment/ament_prefix_path.sh
[2.658s] -- Up-to-date: /home/cao/ros2ws/install/hapthexa_msgs/share/hapthexa_msgs/environment/ament_prefix_path.dsv
[2.658s] -- Up-to-date: /home/cao/ros2ws/install/hapthexa_msgs/share/hapthexa_msgs/environment/path.sh
[2.659s] -- Up-to-date: /home/cao/ros2ws/install/hapthexa_msgs/share/hapthexa_msgs/environment/path.dsv
[2.659s] -- Up-to-date: /home/cao/ros2ws/install/hapthexa_msgs/share/hapthexa_msgs/local_setup.bash
[2.659s] -- Up-to-date: /home/cao/ros2ws/install/hapthexa_msgs/share/hapthexa_msgs/local_setup.sh
[2.660s] -- Up-to-date: /home/cao/ros2ws/install/hapthexa_msgs/share/hapthexa_msgs/local_setup.zsh
[2.660s] -- Up-to-date: /home/cao/ros2ws/install/hapthexa_msgs/share/hapthexa_msgs/local_setup.dsv
[2.661s] -- Installing: /home/cao/ros2ws/install/hapthexa_msgs/share/hapthexa_msgs/package.dsv
[2.661s] -- Up-to-date: /home/cao/ros2ws/install/hapthexa_msgs/share/ament_index/resource_index/packages/hapthexa_msgs
[2.661s] -- Up-to-date: /home/cao/ros2ws/install/hapthexa_msgs/share/hapthexa_msgs/cmake/export_hapthexa_msgs__rosidl_generator_cExport.cmake
[2.662s] -- Up-to-date: /home/cao/ros2ws/install/hapthexa_msgs/share/hapthexa_msgs/cmake/export_hapthexa_msgs__rosidl_generator_cExport-noconfig.cmake
[2.662s] -- Up-to-date: /home/cao/ros2ws/install/hapthexa_msgs/share/hapthexa_msgs/cmake/export_hapthexa_msgs__rosidl_typesupport_fastrtps_cExport.cmake
[2.662s] -- Up-to-date: /home/cao/ros2ws/install/hapthexa_msgs/share/hapthexa_msgs/cmake/export_hapthexa_msgs__rosidl_typesupport_fastrtps_cExport-noconfig.cmake
[2.662s] -- Up-to-date: /home/cao/ros2ws/install/hapthexa_msgs/share/hapthexa_msgs/cmake/export_hapthexa_msgs__rosidl_generator_cppExport.cmake
[2.663s] -- Up-to-date: /home/cao/ros2ws/install/hapthexa_msgs/share/hapthexa_msgs/cmake/export_hapthexa_msgs__rosidl_typesupport_fastrtps_cppExport.cmake
[2.663s] -- Up-to-date: /home/cao/ros2ws/install/hapthexa_msgs/share/hapthexa_msgs/cmake/export_hapthexa_msgs__rosidl_typesupport_fastrtps_cppExport-noconfig.cmake
[2.663s] -- Up-to-date: /home/cao/ros2ws/install/hapthexa_msgs/share/hapthexa_msgs/cmake/hapthexa_msgs__rosidl_typesupport_introspection_cExport.cmake
[2.663s] -- Up-to-date: /home/cao/ros2ws/install/hapthexa_msgs/share/hapthexa_msgs/cmake/hapthexa_msgs__rosidl_typesupport_introspection_cExport-noconfig.cmake
[2.664s] -- Up-to-date: /home/cao/ros2ws/install/hapthexa_msgs/share/hapthexa_msgs/cmake/hapthexa_msgs__rosidl_typesupport_cExport.cmake
[2.664s] -- Up-to-date: /home/cao/ros2ws/install/hapthexa_msgs/share/hapthexa_msgs/cmake/hapthexa_msgs__rosidl_typesupport_cExport-noconfig.cmake
[2.664s] -- Up-to-date: /home/cao/ros2ws/install/hapthexa_msgs/share/hapthexa_msgs/cmake/hapthexa_msgs__rosidl_typesupport_introspection_cppExport.cmake
[2.664s] -- Up-to-date: /home/cao/ros2ws/install/hapthexa_msgs/share/hapthexa_msgs/cmake/hapthexa_msgs__rosidl_typesupport_introspection_cppExport-noconfig.cmake
[2.665s] -- Up-to-date: /home/cao/ros2ws/install/hapthexa_msgs/share/hapthexa_msgs/cmake/hapthexa_msgs__rosidl_typesupport_cppExport.cmake
[2.665s] -- Up-to-date: /home/cao/ros2ws/install/hapthexa_msgs/share/hapthexa_msgs/cmake/hapthexa_msgs__rosidl_typesupport_cppExport-noconfig.cmake
[2.665s] -- Up-to-date: /home/cao/ros2ws/install/hapthexa_msgs/share/hapthexa_msgs/cmake/export_hapthexa_msgs__rosidl_generator_pyExport.cmake
[2.665s] -- Up-to-date: /home/cao/ros2ws/install/hapthexa_msgs/share/hapthexa_msgs/cmake/export_hapthexa_msgs__rosidl_generator_pyExport-noconfig.cmake
[2.665s] -- Up-to-date: /home/cao/ros2ws/install/hapthexa_msgs/share/hapthexa_msgs/cmake/rosidl_cmake-extras.cmake
[2.666s] -- Up-to-date: /home/cao/ros2ws/install/hapthexa_msgs/share/hapthexa_msgs/cmake/ament_cmake_export_dependencies-extras.cmake
[2.666s] -- Up-to-date: /home/cao/ros2ws/install/hapthexa_msgs/share/hapthexa_msgs/cmake/ament_cmake_export_include_directories-extras.cmake
[2.666s] -- Up-to-date: /home/cao/ros2ws/install/hapthexa_msgs/share/hapthexa_msgs/cmake/ament_cmake_export_libraries-extras.cmake
[2.666s] -- Up-to-date: /home/cao/ros2ws/install/hapthexa_msgs/share/hapthexa_msgs/cmake/ament_cmake_export_targets-extras.cmake
[2.667s] -- Up-to-date: /home/cao/ros2ws/install/hapthexa_msgs/share/hapthexa_msgs/cmake/rosidl_cmake_export_typesupport_targets-extras.cmake
[2.667s] -- Up-to-date: /home/cao/ros2ws/install/hapthexa_msgs/share/hapthexa_msgs/cmake/rosidl_cmake_export_typesupport_libraries-extras.cmake
[2.668s] -- Up-to-date: /home/cao/ros2ws/install/hapthexa_msgs/share/hapthexa_msgs/cmake/hapthexa_msgsConfig.cmake
[2.669s] -- Up-to-date: /home/cao/ros2ws/install/hapthexa_msgs/share/hapthexa_msgs/cmake/hapthexa_msgsConfig-version.cmake
[2.672s] -- Up-to-date: /home/cao/ros2ws/install/hapthexa_msgs/share/hapthexa_msgs/package.xml
[2.672s] Invoked command in '/home/cao/ros2ws/build/hapthexa_msgs' returned '0': CMAKE_PREFIX_PATH=${CMAKE_PREFIX_PATH}:/opt/ros/jazzy DEBUGINFOD_URLS=https://debuginfod.ubuntu.com /usr/bin/cmake --install /home/cao/ros2ws/build/hapthexa_msgs
