[0.164s] Invoking command in '/home/cao/ros2ws/build/hapthexa_main': CMAKE_PREFIX_PATH=/home/cao/ros2ws/install/hapthexa_msgs:/home/cao/ros2ws/install/hapthexa_main:/home/cao/ros2ws/install/hapthexa_dxl_servo:/opt/ros/jazzy/opt/gz_math_vendor:/opt/ros/jazzy/opt/gz_utils_vendor:/opt/ros/jazzy/opt/gz_cmake_vendor:/opt/ros/jazzy DEBUGINFOD_URLS=https://debuginfod.ubuntu.com /usr/bin/cmake --build /home/cao/ros2ws/build/hapthexa_main -- -j4 -l4
[0.999s] [100%] Built target hapthexa_leg
[1.219s] Invoked command in '/home/cao/ros2ws/build/hapthexa_main' returned '0': CMAKE_PREFIX_PATH=/home/cao/ros2ws/install/hapthexa_msgs:/home/cao/ros2ws/install/hapthexa_main:/home/cao/ros2ws/install/hapthexa_dxl_servo:/opt/ros/jazzy/opt/gz_math_vendor:/opt/ros/jazzy/opt/gz_utils_vendor:/opt/ros/jazzy/opt/gz_cmake_vendor:/opt/ros/jazzy DEBUGINFOD_URLS=https://debuginfod.ubuntu.com /usr/bin/cmake --build /home/cao/ros2ws/build/hapthexa_main -- -j4 -l4
[1.501s] Invoking command in '/home/cao/ros2ws/build/hapthexa_main': CMAKE_PREFIX_PATH=/home/cao/ros2ws/install/hapthexa_msgs:/home/cao/ros2ws/install/hapthexa_main:/home/cao/ros2ws/install/hapthexa_dxl_servo:/opt/ros/jazzy/opt/gz_math_vendor:/opt/ros/jazzy/opt/gz_utils_vendor:/opt/ros/jazzy/opt/gz_cmake_vendor:/opt/ros/jazzy DEBUGINFOD_URLS=https://debuginfod.ubuntu.com /usr/bin/cmake --install /home/cao/ros2ws/build/hapthexa_main
[1.543s] -- Install configuration: ""
[1.547s] -- Up-to-date: /home/cao/ros2ws/install/hapthexa_main/lib/hapthexa_main/hapthexa_leg
[1.549s] -- Up-to-date: /home/cao/ros2ws/install/hapthexa_main/lib/hapthexa_main/__init__.py
[1.549s] -- Up-to-date: /home/cao/ros2ws/install/hapthexa_main/lib/hapthexa_main/attitude_controller.py
[1.549s] -- Installing: /home/cao/ros2ws/install/hapthexa_main/lib/hapthexa_main/omni_walk.py
[1.550s] -- Up-to-date: /home/cao/ros2ws/install/hapthexa_main/lib/hapthexa_main/relative_rough_walk.py
[1.558s] -- Up-to-date: /home/cao/ros2ws/install/hapthexa_main/lib/hapthexa_main/relative_simple_walk.py
[1.559s] -- Up-to-date: /home/cao/ros2ws/install/hapthexa_main/lib/hapthexa_main/rough_walk.py
[1.559s] -- Up-to-date: /home/cao/ros2ws/install/hapthexa_main/lib/hapthexa_main/roughwalk_action.py
[1.559s] -- Up-to-date: /home/cao/ros2ws/install/hapthexa_main/lib/hapthexa_main/sensor_checker.py
[1.559s] -- Up-to-date: /home/cao/ros2ws/install/hapthexa_main/lib/hapthexa_main/simple_walk.py
[1.560s] -- Up-to-date: /home/cao/ros2ws/install/hapthexa_main/lib/hapthexa_main/simplewalk_action.py
[1.560s] -- Up-to-date: /home/cao/ros2ws/install/hapthexa_main/lib/hapthexa_main/test_roughwalk_action.py
[1.567s] -- Up-to-date: /home/cao/ros2ws/install/hapthexa_main/lib/hapthexa_main/test_simplewalk_flonly.py
[1.568s] -- Up-to-date: /home/cao/ros2ws/install/hapthexa_main/lib/hapthexa_main/wakeup_by_action.py
[1.568s] -- Up-to-date: /home/cao/ros2ws/install/hapthexa_main/share/hapthexa_main/launch.py
[1.577s] -- Up-to-date: /home/cao/ros2ws/install/hapthexa_main/share/hapthexa_main/launch2.py
[1.577s] -- Up-to-date: /home/cao/ros2ws/install/hapthexa_main/share/ament_index/resource_index/package_run_dependencies/hapthexa_main
[1.578s] -- Up-to-date: /home/cao/ros2ws/install/hapthexa_main/share/ament_index/resource_index/parent_prefix_path/hapthexa_main
[1.578s] -- Up-to-date: /home/cao/ros2ws/install/hapthexa_main/share/hapthexa_main/environment/ament_prefix_path.sh
[1.578s] -- Up-to-date: /home/cao/ros2ws/install/hapthexa_main/share/hapthexa_main/environment/ament_prefix_path.dsv
[1.578s] -- Up-to-date: /home/cao/ros2ws/install/hapthexa_main/share/hapthexa_main/environment/path.sh
[1.579s] -- Up-to-date: /home/cao/ros2ws/install/hapthexa_main/share/hapthexa_main/environment/path.dsv
[1.584s] -- Up-to-date: /home/cao/ros2ws/install/hapthexa_main/share/hapthexa_main/local_setup.bash
[1.602s] -- Up-to-date: /home/cao/ros2ws/install/hapthexa_main/share/hapthexa_main/local_setup.sh
[1.603s] -- Up-to-date: /home/cao/ros2ws/install/hapthexa_main/share/hapthexa_main/local_setup.zsh
[1.603s] -- Up-to-date: /home/cao/ros2ws/install/hapthexa_main/share/hapthexa_main/local_setup.dsv
[1.603s] -- Installing: /home/cao/ros2ws/install/hapthexa_main/share/hapthexa_main/package.dsv
[1.603s] -- Up-to-date: /home/cao/ros2ws/install/hapthexa_main/share/ament_index/resource_index/packages/hapthexa_main
[1.604s] -- Up-to-date: /home/cao/ros2ws/install/hapthexa_main/share/hapthexa_main/cmake/hapthexa_mainConfig.cmake
[1.609s] -- Up-to-date: /home/cao/ros2ws/install/hapthexa_main/share/hapthexa_main/cmake/hapthexa_mainConfig-version.cmake
[1.609s] -- Up-to-date: /home/cao/ros2ws/install/hapthexa_main/share/hapthexa_main/package.xml
[1.617s] Invoked command in '/home/cao/ros2ws/build/hapthexa_main' returned '0': CMAKE_PREFIX_PATH=/home/cao/ros2ws/install/hapthexa_msgs:/home/cao/ros2ws/install/hapthexa_main:/home/cao/ros2ws/install/hapthexa_dxl_servo:/opt/ros/jazzy/opt/gz_math_vendor:/opt/ros/jazzy/opt/gz_utils_vendor:/opt/ros/jazzy/opt/gz_cmake_vendor:/opt/ros/jazzy DEBUGINFOD_URLS=https://debuginfod.ubuntu.com /usr/bin/cmake --install /home/cao/ros2ws/build/hapthexa_main
