[0.144s] DEBUG:colcon:Command line arguments: ['/usr/bin/colcon', 'build']
[0.145s] DEBUG:colcon:Parsed command line arguments: Namespace(log_base=None, log_level=None, verb_name='build', build_base='build', install_base='install', merge_install=False, symlink_install=False, test_result_base=None, continue_on_error=False, executor='parallel', parallel_workers=4, event_handlers=None, ignore_user_meta=False, metas=['./colcon.meta'], base_paths=['.'], packages_ignore=None, packages_ignore_regex=None, paths=None, packages_up_to=None, packages_up_to_regex=None, packages_above=None, packages_above_and_dependencies=None, packages_above_depth=None, packages_select_by_dep=None, packages_skip_by_dep=None, packages_skip_up_to=None, packages_select_build_failed=False, packages_skip_build_finished=False, packages_select_test_failures=False, packages_skip_test_passed=False, packages_select=None, packages_skip=None, packages_select_regex=None, packages_skip_regex=None, packages_start=None, packages_end=None, allow_overriding=[], cmake_args=None, cmake_target=None, cmake_target_skip_unavailable=False, cmake_clean_cache=False, cmake_clean_first=False, cmake_force_configure=False, ament_cmake_args=None, catkin_cmake_args=None, catkin_skip_building_tests=False, mixin_files=None, mixin=None, verb_parser=<colcon_mixin.mixin.mixin_argument.MixinArgumentDecorator object at 0xffff95c3a510>, verb_extension=<colcon_core.verb.build.BuildVerb object at 0xffff95d22ed0>, main=<bound method BuildVerb.main of <colcon_core.verb.build.BuildVerb object at 0xffff95d22ed0>>, mixin_verb=('build',))
[0.196s] Level 1:colcon.colcon_core.package_discovery:discover_packages(colcon_meta) check parameters
[0.196s] Level 1:colcon.colcon_core.package_discovery:discover_packages(recursive) check parameters
[0.196s] Level 1:colcon.colcon_core.package_discovery:discover_packages(ignore) check parameters
[0.196s] Level 1:colcon.colcon_core.package_discovery:discover_packages(path) check parameters
[0.196s] Level 1:colcon.colcon_core.package_discovery:discover_packages(colcon_meta) discover
[0.196s] Level 1:colcon.colcon_core.package_discovery:discover_packages(recursive) discover
[0.196s] INFO:colcon.colcon_core.package_discovery:Crawling recursively for packages in '/home/cao/ros2ws'
[0.196s] Level 1:colcon.colcon_core.package_identification:_identify(.) by extensions ['ignore', 'ignore_ament_install']
[0.197s] Level 1:colcon.colcon_core.package_identification:_identify(.) by extension 'ignore'
[0.197s] Level 1:colcon.colcon_core.package_identification:_identify(.) by extension 'ignore_ament_install'
[0.197s] Level 1:colcon.colcon_core.package_identification:_identify(.) by extensions ['colcon_pkg']
[0.197s] Level 1:colcon.colcon_core.package_identification:_identify(.) by extension 'colcon_pkg'
[0.197s] Level 1:colcon.colcon_core.package_identification:_identify(.) by extensions ['colcon_meta']
[0.197s] Level 1:colcon.colcon_core.package_identification:_identify(.) by extension 'colcon_meta'
[0.197s] Level 1:colcon.colcon_core.package_identification:_identify(.) by extensions ['ros']
[0.197s] Level 1:colcon.colcon_core.package_identification:_identify(.) by extension 'ros'
[0.236s] Level 1:colcon.colcon_core.package_identification:_identify(.) by extensions ['cmake', 'python']
[0.236s] Level 1:colcon.colcon_core.package_identification:_identify(.) by extension 'cmake'
[0.236s] Level 1:colcon.colcon_core.package_identification:_identify(.) by extension 'python'
[0.236s] Level 1:colcon.colcon_core.package_identification:_identify(.) by extensions ['python_setup_py']
[0.236s] Level 1:colcon.colcon_core.package_identification:_identify(.) by extension 'python_setup_py'
[0.236s] Level 1:colcon.colcon_core.package_identification:_identify(build) by extensions ['ignore', 'ignore_ament_install']
[0.236s] Level 1:colcon.colcon_core.package_identification:_identify(build) by extension 'ignore'
[0.236s] Level 1:colcon.colcon_core.package_identification:_identify(build) ignored
[0.236s] Level 1:colcon.colcon_core.package_identification:_identify(install) by extensions ['ignore', 'ignore_ament_install']
[0.236s] Level 1:colcon.colcon_core.package_identification:_identify(install) by extension 'ignore'
[0.237s] Level 1:colcon.colcon_core.package_identification:_identify(install) ignored
[0.237s] Level 1:colcon.colcon_core.package_identification:_identify(log) by extensions ['ignore', 'ignore_ament_install']
[0.237s] Level 1:colcon.colcon_core.package_identification:_identify(log) by extension 'ignore'
[0.237s] Level 1:colcon.colcon_core.package_identification:_identify(log) ignored
[0.237s] Level 1:colcon.colcon_core.package_identification:_identify(src) by extensions ['ignore', 'ignore_ament_install']
[0.237s] Level 1:colcon.colcon_core.package_identification:_identify(src) by extension 'ignore'
[0.237s] Level 1:colcon.colcon_core.package_identification:_identify(src) by extension 'ignore_ament_install'
[0.237s] Level 1:colcon.colcon_core.package_identification:_identify(src) by extensions ['colcon_pkg']
[0.237s] Level 1:colcon.colcon_core.package_identification:_identify(src) by extension 'colcon_pkg'
[0.237s] Level 1:colcon.colcon_core.package_identification:_identify(src) by extensions ['colcon_meta']
[0.237s] Level 1:colcon.colcon_core.package_identification:_identify(src) by extension 'colcon_meta'
[0.237s] Level 1:colcon.colcon_core.package_identification:_identify(src) by extensions ['ros']
[0.237s] Level 1:colcon.colcon_core.package_identification:_identify(src) by extension 'ros'
[0.237s] Level 1:colcon.colcon_core.package_identification:_identify(src) by extensions ['cmake', 'python']
[0.237s] Level 1:colcon.colcon_core.package_identification:_identify(src) by extension 'cmake'
[0.237s] Level 1:colcon.colcon_core.package_identification:_identify(src) by extension 'python'
[0.237s] Level 1:colcon.colcon_core.package_identification:_identify(src) by extensions ['python_setup_py']
[0.237s] Level 1:colcon.colcon_core.package_identification:_identify(src) by extension 'python_setup_py'
[0.238s] Level 1:colcon.colcon_core.package_identification:_identify(src/hapthexa_dxl_servo) by extensions ['ignore', 'ignore_ament_install']
[0.238s] Level 1:colcon.colcon_core.package_identification:_identify(src/hapthexa_dxl_servo) by extension 'ignore'
[0.238s] Level 1:colcon.colcon_core.package_identification:_identify(src/hapthexa_dxl_servo) by extension 'ignore_ament_install'
[0.238s] Level 1:colcon.colcon_core.package_identification:_identify(src/hapthexa_dxl_servo) by extensions ['colcon_pkg']
[0.238s] Level 1:colcon.colcon_core.package_identification:_identify(src/hapthexa_dxl_servo) by extension 'colcon_pkg'
[0.238s] Level 1:colcon.colcon_core.package_identification:_identify(src/hapthexa_dxl_servo) by extensions ['colcon_meta']
[0.238s] Level 1:colcon.colcon_core.package_identification:_identify(src/hapthexa_dxl_servo) by extension 'colcon_meta'
[0.238s] Level 1:colcon.colcon_core.package_identification:_identify(src/hapthexa_dxl_servo) by extensions ['ros']
[0.238s] Level 1:colcon.colcon_core.package_identification:_identify(src/hapthexa_dxl_servo) by extension 'ros'
[0.241s] DEBUG:colcon.colcon_core.package_identification:Package 'src/hapthexa_dxl_servo' with type 'ros.ament_cmake' and name 'hapthexa_dxl_servo'
[0.241s] Level 1:colcon.colcon_core.package_identification:_identify(src/hapthexa_main) by extensions ['ignore', 'ignore_ament_install']
[0.241s] Level 1:colcon.colcon_core.package_identification:_identify(src/hapthexa_main) by extension 'ignore'
[0.241s] Level 1:colcon.colcon_core.package_identification:_identify(src/hapthexa_main) by extension 'ignore_ament_install'
[0.242s] Level 1:colcon.colcon_core.package_identification:_identify(src/hapthexa_main) by extensions ['colcon_pkg']
[0.242s] Level 1:colcon.colcon_core.package_identification:_identify(src/hapthexa_main) by extension 'colcon_pkg'
[0.242s] Level 1:colcon.colcon_core.package_identification:_identify(src/hapthexa_main) by extensions ['colcon_meta']
[0.242s] Level 1:colcon.colcon_core.package_identification:_identify(src/hapthexa_main) by extension 'colcon_meta'
[0.242s] Level 1:colcon.colcon_core.package_identification:_identify(src/hapthexa_main) by extensions ['ros']
[0.242s] Level 1:colcon.colcon_core.package_identification:_identify(src/hapthexa_main) by extension 'ros'
[0.242s] DEBUG:colcon.colcon_core.package_identification:Package 'src/hapthexa_main' with type 'ros.ament_cmake' and name 'hapthexa_main'
[0.243s] Level 1:colcon.colcon_core.package_identification:_identify(src/hapthexa_msgs) by extensions ['ignore', 'ignore_ament_install']
[0.243s] Level 1:colcon.colcon_core.package_identification:_identify(src/hapthexa_msgs) by extension 'ignore'
[0.243s] Level 1:colcon.colcon_core.package_identification:_identify(src/hapthexa_msgs) by extension 'ignore_ament_install'
[0.243s] Level 1:colcon.colcon_core.package_identification:_identify(src/hapthexa_msgs) by extensions ['colcon_pkg']
[0.243s] Level 1:colcon.colcon_core.package_identification:_identify(src/hapthexa_msgs) by extension 'colcon_pkg'
[0.243s] Level 1:colcon.colcon_core.package_identification:_identify(src/hapthexa_msgs) by extensions ['colcon_meta']
[0.243s] Level 1:colcon.colcon_core.package_identification:_identify(src/hapthexa_msgs) by extension 'colcon_meta'
[0.243s] Level 1:colcon.colcon_core.package_identification:_identify(src/hapthexa_msgs) by extensions ['ros']
[0.243s] Level 1:colcon.colcon_core.package_identification:_identify(src/hapthexa_msgs) by extension 'ros'
[0.244s] DEBUG:colcon.colcon_core.package_identification:Package 'src/hapthexa_msgs' with type 'ros.ament_cmake' and name 'hapthexa_msgs'
[0.244s] Level 1:colcon.colcon_core.package_discovery:discover_packages(recursive) using defaults
[0.244s] Level 1:colcon.colcon_core.package_discovery:discover_packages(ignore) discover
[0.244s] Level 1:colcon.colcon_core.package_discovery:discover_packages(ignore) using defaults
[0.244s] Level 1:colcon.colcon_core.package_discovery:discover_packages(path) discover
[0.244s] Level 1:colcon.colcon_core.package_discovery:discover_packages(path) using defaults
[0.268s] Level 1:colcon.colcon_core.package_discovery:discover_packages(prefix_path) check parameters
[0.268s] Level 1:colcon.colcon_core.package_discovery:discover_packages(prefix_path) discover
[0.272s] DEBUG:colcon.colcon_installed_package_information.package_discovery:Found 286 installed packages in /opt/ros/jazzy
[0.273s] Level 1:colcon.colcon_core.package_discovery:discover_packages(prefix_path) using defaults
[0.332s] Level 5:colcon.colcon_core.verb:set package 'hapthexa_msgs' build argument 'cmake_args' from command line to 'None'
[0.332s] Level 5:colcon.colcon_core.verb:set package 'hapthexa_msgs' build argument 'cmake_target' from command line to 'None'
[0.332s] Level 5:colcon.colcon_core.verb:set package 'hapthexa_msgs' build argument 'cmake_target_skip_unavailable' from command line to 'False'
[0.332s] Level 5:colcon.colcon_core.verb:set package 'hapthexa_msgs' build argument 'cmake_clean_cache' from command line to 'False'
[0.332s] Level 5:colcon.colcon_core.verb:set package 'hapthexa_msgs' build argument 'cmake_clean_first' from command line to 'False'
[0.332s] Level 5:colcon.colcon_core.verb:set package 'hapthexa_msgs' build argument 'cmake_force_configure' from command line to 'False'
[0.332s] Level 5:colcon.colcon_core.verb:set package 'hapthexa_msgs' build argument 'ament_cmake_args' from command line to 'None'
[0.332s] Level 5:colcon.colcon_core.verb:set package 'hapthexa_msgs' build argument 'catkin_cmake_args' from command line to 'None'
[0.332s] Level 5:colcon.colcon_core.verb:set package 'hapthexa_msgs' build argument 'catkin_skip_building_tests' from command line to 'False'
[0.332s] DEBUG:colcon.colcon_core.verb:Building package 'hapthexa_msgs' with the following arguments: {'ament_cmake_args': None, 'build_base': '/home/cao/ros2ws/build/hapthexa_msgs', 'catkin_cmake_args': None, 'catkin_skip_building_tests': False, 'cmake_args': None, 'cmake_clean_cache': False, 'cmake_clean_first': False, 'cmake_force_configure': False, 'cmake_target': None, 'cmake_target_skip_unavailable': False, 'install_base': '/home/cao/ros2ws/install/hapthexa_msgs', 'merge_install': False, 'path': '/home/cao/ros2ws/src/hapthexa_msgs', 'symlink_install': False, 'test_result_base': None}
[0.333s] Level 5:colcon.colcon_core.verb:set package 'hapthexa_dxl_servo' build argument 'cmake_args' from command line to 'None'
[0.333s] Level 5:colcon.colcon_core.verb:set package 'hapthexa_dxl_servo' build argument 'cmake_target' from command line to 'None'
[0.333s] Level 5:colcon.colcon_core.verb:set package 'hapthexa_dxl_servo' build argument 'cmake_target_skip_unavailable' from command line to 'False'
[0.333s] Level 5:colcon.colcon_core.verb:set package 'hapthexa_dxl_servo' build argument 'cmake_clean_cache' from command line to 'False'
[0.333s] Level 5:colcon.colcon_core.verb:set package 'hapthexa_dxl_servo' build argument 'cmake_clean_first' from command line to 'False'
[0.333s] Level 5:colcon.colcon_core.verb:set package 'hapthexa_dxl_servo' build argument 'cmake_force_configure' from command line to 'False'
[0.333s] Level 5:colcon.colcon_core.verb:set package 'hapthexa_dxl_servo' build argument 'ament_cmake_args' from command line to 'None'
[0.333s] Level 5:colcon.colcon_core.verb:set package 'hapthexa_dxl_servo' build argument 'catkin_cmake_args' from command line to 'None'
[0.333s] Level 5:colcon.colcon_core.verb:set package 'hapthexa_dxl_servo' build argument 'catkin_skip_building_tests' from command line to 'False'
[0.333s] DEBUG:colcon.colcon_core.verb:Building package 'hapthexa_dxl_servo' with the following arguments: {'ament_cmake_args': None, 'build_base': '/home/cao/ros2ws/build/hapthexa_dxl_servo', 'catkin_cmake_args': None, 'catkin_skip_building_tests': False, 'cmake_args': None, 'cmake_clean_cache': False, 'cmake_clean_first': False, 'cmake_force_configure': False, 'cmake_target': None, 'cmake_target_skip_unavailable': False, 'install_base': '/home/cao/ros2ws/install/hapthexa_dxl_servo', 'merge_install': False, 'path': '/home/cao/ros2ws/src/hapthexa_dxl_servo', 'symlink_install': False, 'test_result_base': None}
[0.333s] Level 5:colcon.colcon_core.verb:set package 'hapthexa_main' build argument 'cmake_args' from command line to 'None'
[0.333s] Level 5:colcon.colcon_core.verb:set package 'hapthexa_main' build argument 'cmake_target' from command line to 'None'
[0.333s] Level 5:colcon.colcon_core.verb:set package 'hapthexa_main' build argument 'cmake_target_skip_unavailable' from command line to 'False'
[0.333s] Level 5:colcon.colcon_core.verb:set package 'hapthexa_main' build argument 'cmake_clean_cache' from command line to 'False'
[0.333s] Level 5:colcon.colcon_core.verb:set package 'hapthexa_main' build argument 'cmake_clean_first' from command line to 'False'
[0.333s] Level 5:colcon.colcon_core.verb:set package 'hapthexa_main' build argument 'cmake_force_configure' from command line to 'False'
[0.333s] Level 5:colcon.colcon_core.verb:set package 'hapthexa_main' build argument 'ament_cmake_args' from command line to 'None'
[0.333s] Level 5:colcon.colcon_core.verb:set package 'hapthexa_main' build argument 'catkin_cmake_args' from command line to 'None'
[0.333s] Level 5:colcon.colcon_core.verb:set package 'hapthexa_main' build argument 'catkin_skip_building_tests' from command line to 'False'
[0.333s] DEBUG:colcon.colcon_core.verb:Building package 'hapthexa_main' with the following arguments: {'ament_cmake_args': None, 'build_base': '/home/cao/ros2ws/build/hapthexa_main', 'catkin_cmake_args': None, 'catkin_skip_building_tests': False, 'cmake_args': None, 'cmake_clean_cache': False, 'cmake_clean_first': False, 'cmake_force_configure': False, 'cmake_target': None, 'cmake_target_skip_unavailable': False, 'install_base': '/home/cao/ros2ws/install/hapthexa_main', 'merge_install': False, 'path': '/home/cao/ros2ws/src/hapthexa_main', 'symlink_install': False, 'test_result_base': None}
[0.334s] INFO:colcon.colcon_core.executor:Executing jobs using 'parallel' executor
[0.335s] DEBUG:colcon.colcon_parallel_executor.executor.parallel:run_until_complete
[0.335s] INFO:colcon.colcon_ros.task.ament_cmake.build:Building ROS package in '/home/cao/ros2ws/src/hapthexa_msgs' with build type 'ament_cmake'
[0.336s] INFO:colcon.colcon_cmake.task.cmake.build:Building CMake package in '/home/cao/ros2ws/src/hapthexa_msgs'
[0.338s] INFO:colcon.colcon_core.plugin_system:Skipping extension 'colcon_core.shell.bat': Not used on non-Windows systems
[0.338s] INFO:colcon.colcon_core.shell:Skip shell extension 'powershell' for command environment: Not usable outside of PowerShell
[0.338s] DEBUG:colcon.colcon_core.shell:Skip shell extension 'dsv' for command environment
[0.350s] DEBUG:colcon.colcon_core.event_handler.log_command:Invoking command in '/home/cao/ros2ws/build/hapthexa_msgs': CMAKE_PREFIX_PATH=${CMAKE_PREFIX_PATH}:/opt/ros/jazzy DEBUGINFOD_URLS=https://debuginfod.ubuntu.com /usr/bin/cmake --build /home/cao/ros2ws/build/hapthexa_msgs -- -j4 -l4
[1.018s] DEBUG:colcon.colcon_core.event_handler.log_command:Invoked command in '/home/cao/ros2ws/build/hapthexa_msgs' returned '0': CMAKE_PREFIX_PATH=${CMAKE_PREFIX_PATH}:/opt/ros/jazzy DEBUGINFOD_URLS=https://debuginfod.ubuntu.com /usr/bin/cmake --build /home/cao/ros2ws/build/hapthexa_msgs -- -j4 -l4
[1.419s] DEBUG:colcon.colcon_core.event_handler.log_command:Invoking command in '/home/cao/ros2ws/build/hapthexa_msgs': CMAKE_PREFIX_PATH=${CMAKE_PREFIX_PATH}:/opt/ros/jazzy DEBUGINFOD_URLS=https://debuginfod.ubuntu.com /usr/bin/cmake --install /home/cao/ros2ws/build/hapthexa_msgs
[1.523s] Level 1:colcon.colcon_core.environment:create_environment_scripts_only(hapthexa_msgs)
[1.524s] DEBUG:colcon.colcon_core.event_handler.log_command:Invoked command in '/home/cao/ros2ws/build/hapthexa_msgs' returned '0': CMAKE_PREFIX_PATH=${CMAKE_PREFIX_PATH}:/opt/ros/jazzy DEBUGINFOD_URLS=https://debuginfod.ubuntu.com /usr/bin/cmake --install /home/cao/ros2ws/build/hapthexa_msgs
[1.526s] Level 1:colcon.colcon_core.environment:checking '/home/cao/ros2ws/install/hapthexa_msgs' for CMake module files
[1.527s] Level 1:colcon.colcon_core.environment:checking '/home/cao/ros2ws/install/hapthexa_msgs' for CMake config files
[1.528s] Level 1:colcon.colcon_core.shell:create_environment_hook('hapthexa_msgs', 'cmake_prefix_path')
[1.528s] INFO:colcon.colcon_core.shell:Creating environment hook '/home/cao/ros2ws/install/hapthexa_msgs/share/hapthexa_msgs/hook/cmake_prefix_path.ps1'
[1.529s] INFO:colcon.colcon_core.shell:Creating environment descriptor '/home/cao/ros2ws/install/hapthexa_msgs/share/hapthexa_msgs/hook/cmake_prefix_path.dsv'
[1.530s] INFO:colcon.colcon_core.shell:Creating environment hook '/home/cao/ros2ws/install/hapthexa_msgs/share/hapthexa_msgs/hook/cmake_prefix_path.sh'
[1.531s] Level 1:colcon.colcon_core.environment:checking '/home/cao/ros2ws/install/hapthexa_msgs/lib'
[1.531s] Level 1:colcon.colcon_core.shell:create_environment_hook('hapthexa_msgs', 'ld_library_path_lib')
[1.532s] INFO:colcon.colcon_core.shell:Creating environment hook '/home/cao/ros2ws/install/hapthexa_msgs/share/hapthexa_msgs/hook/ld_library_path_lib.ps1'
[1.532s] INFO:colcon.colcon_core.shell:Creating environment descriptor '/home/cao/ros2ws/install/hapthexa_msgs/share/hapthexa_msgs/hook/ld_library_path_lib.dsv'
[1.533s] INFO:colcon.colcon_core.shell:Creating environment hook '/home/cao/ros2ws/install/hapthexa_msgs/share/hapthexa_msgs/hook/ld_library_path_lib.sh'
[1.534s] Level 1:colcon.colcon_core.environment:checking '/home/cao/ros2ws/install/hapthexa_msgs/bin'
[1.534s] Level 1:colcon.colcon_core.environment:checking '/home/cao/ros2ws/install/hapthexa_msgs/lib/pkgconfig/hapthexa_msgs.pc'
[1.534s] Level 1:colcon.colcon_core.environment:checking '/home/cao/ros2ws/install/hapthexa_msgs/lib/python3.12/site-packages'
[1.534s] Level 1:colcon.colcon_core.shell:create_environment_hook('hapthexa_msgs', 'pythonpath')
[1.534s] INFO:colcon.colcon_core.shell:Creating environment hook '/home/cao/ros2ws/install/hapthexa_msgs/share/hapthexa_msgs/hook/pythonpath.ps1'
[1.535s] INFO:colcon.colcon_core.shell:Creating environment descriptor '/home/cao/ros2ws/install/hapthexa_msgs/share/hapthexa_msgs/hook/pythonpath.dsv'
[1.536s] INFO:colcon.colcon_core.shell:Creating environment hook '/home/cao/ros2ws/install/hapthexa_msgs/share/hapthexa_msgs/hook/pythonpath.sh'
[1.537s] Level 1:colcon.colcon_core.environment:checking '/home/cao/ros2ws/install/hapthexa_msgs/bin'
[1.537s] INFO:colcon.colcon_core.shell:Creating package script '/home/cao/ros2ws/install/hapthexa_msgs/share/hapthexa_msgs/package.ps1'
[1.538s] INFO:colcon.colcon_core.shell:Creating package descriptor '/home/cao/ros2ws/install/hapthexa_msgs/share/hapthexa_msgs/package.dsv'
[1.540s] INFO:colcon.colcon_core.shell:Creating package script '/home/cao/ros2ws/install/hapthexa_msgs/share/hapthexa_msgs/package.sh'
[1.541s] INFO:colcon.colcon_core.shell:Creating package script '/home/cao/ros2ws/install/hapthexa_msgs/share/hapthexa_msgs/package.bash'
[1.542s] INFO:colcon.colcon_core.shell:Creating package script '/home/cao/ros2ws/install/hapthexa_msgs/share/hapthexa_msgs/package.zsh'
[1.543s] Level 1:colcon.colcon_core.environment:create_file_with_runtime_dependencies(/home/cao/ros2ws/install/hapthexa_msgs/share/colcon-core/packages/hapthexa_msgs)
[1.927s] Level 1:colcon.colcon_core.environment:create_environment_scripts_only(hapthexa_msgs)
[1.928s] Level 1:colcon.colcon_core.environment:checking '/home/cao/ros2ws/install/hapthexa_msgs' for CMake module files
[1.929s] Level 1:colcon.colcon_core.environment:checking '/home/cao/ros2ws/install/hapthexa_msgs' for CMake config files
[1.930s] Level 1:colcon.colcon_core.shell:create_environment_hook('hapthexa_msgs', 'cmake_prefix_path')
[1.930s] INFO:colcon.colcon_core.shell:Creating environment hook '/home/cao/ros2ws/install/hapthexa_msgs/share/hapthexa_msgs/hook/cmake_prefix_path.ps1'
[1.973s] INFO:colcon.colcon_core.shell:Creating environment descriptor '/home/cao/ros2ws/install/hapthexa_msgs/share/hapthexa_msgs/hook/cmake_prefix_path.dsv'
[1.974s] INFO:colcon.colcon_core.shell:Creating environment hook '/home/cao/ros2ws/install/hapthexa_msgs/share/hapthexa_msgs/hook/cmake_prefix_path.sh'
[1.976s] Level 1:colcon.colcon_core.environment:checking '/home/cao/ros2ws/install/hapthexa_msgs/lib'
[1.976s] Level 1:colcon.colcon_core.shell:create_environment_hook('hapthexa_msgs', 'ld_library_path_lib')
[1.976s] INFO:colcon.colcon_core.shell:Creating environment hook '/home/cao/ros2ws/install/hapthexa_msgs/share/hapthexa_msgs/hook/ld_library_path_lib.ps1'
[1.977s] INFO:colcon.colcon_core.shell:Creating environment descriptor '/home/cao/ros2ws/install/hapthexa_msgs/share/hapthexa_msgs/hook/ld_library_path_lib.dsv'
[1.978s] INFO:colcon.colcon_core.shell:Creating environment hook '/home/cao/ros2ws/install/hapthexa_msgs/share/hapthexa_msgs/hook/ld_library_path_lib.sh'
[1.980s] Level 1:colcon.colcon_core.environment:checking '/home/cao/ros2ws/install/hapthexa_msgs/bin'
[1.980s] Level 1:colcon.colcon_core.environment:checking '/home/cao/ros2ws/install/hapthexa_msgs/lib/pkgconfig/hapthexa_msgs.pc'
[1.980s] Level 1:colcon.colcon_core.environment:checking '/home/cao/ros2ws/install/hapthexa_msgs/lib/python3.12/site-packages'
[1.980s] Level 1:colcon.colcon_core.shell:create_environment_hook('hapthexa_msgs', 'pythonpath')
[1.980s] INFO:colcon.colcon_core.shell:Creating environment hook '/home/cao/ros2ws/install/hapthexa_msgs/share/hapthexa_msgs/hook/pythonpath.ps1'
[1.981s] INFO:colcon.colcon_core.shell:Creating environment descriptor '/home/cao/ros2ws/install/hapthexa_msgs/share/hapthexa_msgs/hook/pythonpath.dsv'
[1.982s] INFO:colcon.colcon_core.shell:Creating environment hook '/home/cao/ros2ws/install/hapthexa_msgs/share/hapthexa_msgs/hook/pythonpath.sh'
[1.983s] Level 1:colcon.colcon_core.environment:checking '/home/cao/ros2ws/install/hapthexa_msgs/bin'
[1.983s] INFO:colcon.colcon_core.shell:Creating package script '/home/cao/ros2ws/install/hapthexa_msgs/share/hapthexa_msgs/package.ps1'
[1.984s] INFO:colcon.colcon_core.shell:Creating package descriptor '/home/cao/ros2ws/install/hapthexa_msgs/share/hapthexa_msgs/package.dsv'
[1.985s] INFO:colcon.colcon_core.shell:Creating package script '/home/cao/ros2ws/install/hapthexa_msgs/share/hapthexa_msgs/package.sh'
[1.986s] INFO:colcon.colcon_core.shell:Creating package script '/home/cao/ros2ws/install/hapthexa_msgs/share/hapthexa_msgs/package.bash'
[1.986s] INFO:colcon.colcon_core.shell:Creating package script '/home/cao/ros2ws/install/hapthexa_msgs/share/hapthexa_msgs/package.zsh'
[1.987s] Level 1:colcon.colcon_core.environment:create_file_with_runtime_dependencies(/home/cao/ros2ws/install/hapthexa_msgs/share/colcon-core/packages/hapthexa_msgs)
[1.988s] INFO:colcon.colcon_ros.task.ament_cmake.build:Building ROS package in '/home/cao/ros2ws/src/hapthexa_dxl_servo' with build type 'ament_cmake'
[1.988s] INFO:colcon.colcon_cmake.task.cmake.build:Building CMake package in '/home/cao/ros2ws/src/hapthexa_dxl_servo'
[1.988s] INFO:colcon.colcon_core.shell:Skip shell extension 'powershell' for command environment: Not usable outside of PowerShell
[1.988s] DEBUG:colcon.colcon_core.shell:Skip shell extension 'dsv' for command environment
[1.993s] INFO:colcon.colcon_ros.task.ament_cmake.build:Building ROS package in '/home/cao/ros2ws/src/hapthexa_main' with build type 'ament_cmake'
[1.993s] INFO:colcon.colcon_cmake.task.cmake.build:Building CMake package in '/home/cao/ros2ws/src/hapthexa_main'
[1.993s] INFO:colcon.colcon_core.shell:Skip shell extension 'powershell' for command environment: Not usable outside of PowerShell
[1.994s] DEBUG:colcon.colcon_core.shell:Skip shell extension 'dsv' for command environment
[2.005s] DEBUG:colcon.colcon_core.event_handler.log_command:Invoking command in '/home/cao/ros2ws/build/hapthexa_dxl_servo': AMENT_PREFIX_PATH=/home/cao/ros2ws/install/hapthexa_msgs:${AMENT_PREFIX_PATH} CMAKE_PREFIX_PATH=/home/cao/ros2ws/install/hapthexa_msgs:/opt/ros/jazzy/opt/gz_math_vendor:/opt/ros/jazzy/opt/gz_utils_vendor:/opt/ros/jazzy/opt/gz_cmake_vendor:/opt/ros/jazzy DEBUGINFOD_URLS=https://debuginfod.ubuntu.com LD_LIBRARY_PATH=/home/cao/ros2ws/install/hapthexa_msgs/lib:${LD_LIBRARY_PATH} PYTHONPATH=/home/cao/ros2ws/install/hapthexa_msgs/lib/python3.12/site-packages:${PYTHONPATH} /usr/bin/cmake --build /home/cao/ros2ws/build/hapthexa_dxl_servo -- -j4 -l4
[2.011s] DEBUG:colcon.colcon_core.event_handler.log_command:Invoking command in '/home/cao/ros2ws/build/hapthexa_main': AMENT_PREFIX_PATH=/home/cao/ros2ws/install/hapthexa_msgs:${AMENT_PREFIX_PATH} CMAKE_PREFIX_PATH=/home/cao/ros2ws/install/hapthexa_msgs:/opt/ros/jazzy/opt/gz_math_vendor:/opt/ros/jazzy/opt/gz_utils_vendor:/opt/ros/jazzy/opt/gz_cmake_vendor:/opt/ros/jazzy DEBUGINFOD_URLS=https://debuginfod.ubuntu.com LD_LIBRARY_PATH=/home/cao/ros2ws/install/hapthexa_msgs/lib:${LD_LIBRARY_PATH} PYTHONPATH=/home/cao/ros2ws/install/hapthexa_msgs/lib/python3.12/site-packages:${PYTHONPATH} /usr/bin/cmake --build /home/cao/ros2ws/build/hapthexa_main -- -j4 -l4
[2.135s] DEBUG:colcon.colcon_core.event_handler.log_command:Invoked command in '/home/cao/ros2ws/build/hapthexa_main' returned '0': AMENT_PREFIX_PATH=/home/cao/ros2ws/install/hapthexa_msgs:${AMENT_PREFIX_PATH} CMAKE_PREFIX_PATH=/home/cao/ros2ws/install/hapthexa_msgs:/opt/ros/jazzy/opt/gz_math_vendor:/opt/ros/jazzy/opt/gz_utils_vendor:/opt/ros/jazzy/opt/gz_cmake_vendor:/opt/ros/jazzy DEBUGINFOD_URLS=https://debuginfod.ubuntu.com LD_LIBRARY_PATH=/home/cao/ros2ws/install/hapthexa_msgs/lib:${LD_LIBRARY_PATH} PYTHONPATH=/home/cao/ros2ws/install/hapthexa_msgs/lib/python3.12/site-packages:${PYTHONPATH} /usr/bin/cmake --build /home/cao/ros2ws/build/hapthexa_main -- -j4 -l4
[2.178s] DEBUG:colcon.colcon_core.event_handler.log_command:Invoking command in '/home/cao/ros2ws/build/hapthexa_main': AMENT_PREFIX_PATH=/home/cao/ros2ws/install/hapthexa_msgs:${AMENT_PREFIX_PATH} CMAKE_PREFIX_PATH=/home/cao/ros2ws/install/hapthexa_msgs:/opt/ros/jazzy/opt/gz_math_vendor:/opt/ros/jazzy/opt/gz_utils_vendor:/opt/ros/jazzy/opt/gz_cmake_vendor:/opt/ros/jazzy DEBUGINFOD_URLS=https://debuginfod.ubuntu.com LD_LIBRARY_PATH=/home/cao/ros2ws/install/hapthexa_msgs/lib:${LD_LIBRARY_PATH} PYTHONPATH=/home/cao/ros2ws/install/hapthexa_msgs/lib/python3.12/site-packages:${PYTHONPATH} /usr/bin/cmake --install /home/cao/ros2ws/build/hapthexa_main
[2.198s] Level 1:colcon.colcon_core.environment:create_environment_scripts_only(hapthexa_main)
[2.198s] Level 1:colcon.colcon_core.environment:checking '/home/cao/ros2ws/install/hapthexa_main' for CMake module files
[2.199s] DEBUG:colcon.colcon_core.event_handler.log_command:Invoked command in '/home/cao/ros2ws/build/hapthexa_main' returned '0': AMENT_PREFIX_PATH=/home/cao/ros2ws/install/hapthexa_msgs:${AMENT_PREFIX_PATH} CMAKE_PREFIX_PATH=/home/cao/ros2ws/install/hapthexa_msgs:/opt/ros/jazzy/opt/gz_math_vendor:/opt/ros/jazzy/opt/gz_utils_vendor:/opt/ros/jazzy/opt/gz_cmake_vendor:/opt/ros/jazzy DEBUGINFOD_URLS=https://debuginfod.ubuntu.com LD_LIBRARY_PATH=/home/cao/ros2ws/install/hapthexa_msgs/lib:${LD_LIBRARY_PATH} PYTHONPATH=/home/cao/ros2ws/install/hapthexa_msgs/lib/python3.12/site-packages:${PYTHONPATH} /usr/bin/cmake --install /home/cao/ros2ws/build/hapthexa_main
[2.199s] Level 1:colcon.colcon_core.environment:checking '/home/cao/ros2ws/install/hapthexa_main' for CMake config files
[2.200s] Level 1:colcon.colcon_core.shell:create_environment_hook('hapthexa_main', 'cmake_prefix_path')
[2.200s] INFO:colcon.colcon_core.shell:Creating environment hook '/home/cao/ros2ws/install/hapthexa_main/share/hapthexa_main/hook/cmake_prefix_path.ps1'
[2.201s] INFO:colcon.colcon_core.shell:Creating environment descriptor '/home/cao/ros2ws/install/hapthexa_main/share/hapthexa_main/hook/cmake_prefix_path.dsv'
[2.201s] INFO:colcon.colcon_core.shell:Creating environment hook '/home/cao/ros2ws/install/hapthexa_main/share/hapthexa_main/hook/cmake_prefix_path.sh'
[2.202s] Level 1:colcon.colcon_core.environment:checking '/home/cao/ros2ws/install/hapthexa_main/lib'
[2.203s] Level 1:colcon.colcon_core.environment:checking '/home/cao/ros2ws/install/hapthexa_main/bin'
[2.203s] Level 1:colcon.colcon_core.environment:checking '/home/cao/ros2ws/install/hapthexa_main/lib/pkgconfig/hapthexa_main.pc'
[2.203s] Level 1:colcon.colcon_core.environment:checking '/home/cao/ros2ws/install/hapthexa_main/lib/python3.12/site-packages'
[2.203s] Level 1:colcon.colcon_core.environment:checking '/home/cao/ros2ws/install/hapthexa_main/bin'
[2.204s] INFO:colcon.colcon_core.shell:Creating package script '/home/cao/ros2ws/install/hapthexa_main/share/hapthexa_main/package.ps1'
[2.205s] INFO:colcon.colcon_core.shell:Creating package descriptor '/home/cao/ros2ws/install/hapthexa_main/share/hapthexa_main/package.dsv'
[2.205s] INFO:colcon.colcon_core.shell:Creating package script '/home/cao/ros2ws/install/hapthexa_main/share/hapthexa_main/package.sh'
[2.206s] INFO:colcon.colcon_core.shell:Creating package script '/home/cao/ros2ws/install/hapthexa_main/share/hapthexa_main/package.bash'
[2.207s] INFO:colcon.colcon_core.shell:Creating package script '/home/cao/ros2ws/install/hapthexa_main/share/hapthexa_main/package.zsh'
[2.209s] Level 1:colcon.colcon_core.environment:create_file_with_runtime_dependencies(/home/cao/ros2ws/install/hapthexa_main/share/colcon-core/packages/hapthexa_main)
[2.251s] Level 1:colcon.colcon_core.environment:create_environment_scripts_only(hapthexa_main)
[2.252s] Level 1:colcon.colcon_core.environment:checking '/home/cao/ros2ws/install/hapthexa_main' for CMake module files
[2.252s] Level 1:colcon.colcon_core.environment:checking '/home/cao/ros2ws/install/hapthexa_main' for CMake config files
[2.253s] Level 1:colcon.colcon_core.shell:create_environment_hook('hapthexa_main', 'cmake_prefix_path')
[2.253s] INFO:colcon.colcon_core.shell:Creating environment hook '/home/cao/ros2ws/install/hapthexa_main/share/hapthexa_main/hook/cmake_prefix_path.ps1'
[2.254s] INFO:colcon.colcon_core.shell:Creating environment descriptor '/home/cao/ros2ws/install/hapthexa_main/share/hapthexa_main/hook/cmake_prefix_path.dsv'
[2.254s] INFO:colcon.colcon_core.shell:Creating environment hook '/home/cao/ros2ws/install/hapthexa_main/share/hapthexa_main/hook/cmake_prefix_path.sh'
[2.256s] Level 1:colcon.colcon_core.environment:checking '/home/cao/ros2ws/install/hapthexa_main/lib'
[2.256s] Level 1:colcon.colcon_core.environment:checking '/home/cao/ros2ws/install/hapthexa_main/bin'
[2.257s] Level 1:colcon.colcon_core.environment:checking '/home/cao/ros2ws/install/hapthexa_main/lib/pkgconfig/hapthexa_main.pc'
[2.257s] Level 1:colcon.colcon_core.environment:checking '/home/cao/ros2ws/install/hapthexa_main/lib/python3.12/site-packages'
[2.257s] Level 1:colcon.colcon_core.environment:checking '/home/cao/ros2ws/install/hapthexa_main/bin'
[2.258s] INFO:colcon.colcon_core.shell:Creating package script '/home/cao/ros2ws/install/hapthexa_main/share/hapthexa_main/package.ps1'
[2.258s] INFO:colcon.colcon_core.shell:Creating package descriptor '/home/cao/ros2ws/install/hapthexa_main/share/hapthexa_main/package.dsv'
[2.259s] INFO:colcon.colcon_core.shell:Creating package script '/home/cao/ros2ws/install/hapthexa_main/share/hapthexa_main/package.sh'
[2.260s] INFO:colcon.colcon_core.shell:Creating package script '/home/cao/ros2ws/install/hapthexa_main/share/hapthexa_main/package.bash'
[2.261s] INFO:colcon.colcon_core.shell:Creating package script '/home/cao/ros2ws/install/hapthexa_main/share/hapthexa_main/package.zsh'
[2.261s] Level 1:colcon.colcon_core.environment:create_file_with_runtime_dependencies(/home/cao/ros2ws/install/hapthexa_main/share/colcon-core/packages/hapthexa_main)
[4.246s] DEBUG:colcon.colcon_core.event_handler.log_command:Invoked command in '/home/cao/ros2ws/build/hapthexa_dxl_servo' returned '0': AMENT_PREFIX_PATH=/home/cao/ros2ws/install/hapthexa_msgs:${AMENT_PREFIX_PATH} CMAKE_PREFIX_PATH=/home/cao/ros2ws/install/hapthexa_msgs:/opt/ros/jazzy/opt/gz_math_vendor:/opt/ros/jazzy/opt/gz_utils_vendor:/opt/ros/jazzy/opt/gz_cmake_vendor:/opt/ros/jazzy DEBUGINFOD_URLS=https://debuginfod.ubuntu.com LD_LIBRARY_PATH=/home/cao/ros2ws/install/hapthexa_msgs/lib:${LD_LIBRARY_PATH} PYTHONPATH=/home/cao/ros2ws/install/hapthexa_msgs/lib/python3.12/site-packages:${PYTHONPATH} /usr/bin/cmake --build /home/cao/ros2ws/build/hapthexa_dxl_servo -- -j4 -l4
[4.296s] DEBUG:colcon.colcon_core.event_handler.log_command:Invoking command in '/home/cao/ros2ws/build/hapthexa_dxl_servo': AMENT_PREFIX_PATH=/home/cao/ros2ws/install/hapthexa_msgs:${AMENT_PREFIX_PATH} CMAKE_PREFIX_PATH=/home/cao/ros2ws/install/hapthexa_msgs:/opt/ros/jazzy/opt/gz_math_vendor:/opt/ros/jazzy/opt/gz_utils_vendor:/opt/ros/jazzy/opt/gz_cmake_vendor:/opt/ros/jazzy DEBUGINFOD_URLS=https://debuginfod.ubuntu.com LD_LIBRARY_PATH=/home/cao/ros2ws/install/hapthexa_msgs/lib:${LD_LIBRARY_PATH} PYTHONPATH=/home/cao/ros2ws/install/hapthexa_msgs/lib/python3.12/site-packages:${PYTHONPATH} /usr/bin/cmake --install /home/cao/ros2ws/build/hapthexa_dxl_servo
[4.340s] Level 1:colcon.colcon_core.environment:create_environment_scripts_only(hapthexa_dxl_servo)
[4.341s] Level 1:colcon.colcon_core.environment:checking '/home/cao/ros2ws/install/hapthexa_dxl_servo' for CMake module files
[4.341s] DEBUG:colcon.colcon_core.event_handler.log_command:Invoked command in '/home/cao/ros2ws/build/hapthexa_dxl_servo' returned '0': AMENT_PREFIX_PATH=/home/cao/ros2ws/install/hapthexa_msgs:${AMENT_PREFIX_PATH} CMAKE_PREFIX_PATH=/home/cao/ros2ws/install/hapthexa_msgs:/opt/ros/jazzy/opt/gz_math_vendor:/opt/ros/jazzy/opt/gz_utils_vendor:/opt/ros/jazzy/opt/gz_cmake_vendor:/opt/ros/jazzy DEBUGINFOD_URLS=https://debuginfod.ubuntu.com LD_LIBRARY_PATH=/home/cao/ros2ws/install/hapthexa_msgs/lib:${LD_LIBRARY_PATH} PYTHONPATH=/home/cao/ros2ws/install/hapthexa_msgs/lib/python3.12/site-packages:${PYTHONPATH} /usr/bin/cmake --install /home/cao/ros2ws/build/hapthexa_dxl_servo
[4.342s] Level 1:colcon.colcon_core.environment:checking '/home/cao/ros2ws/install/hapthexa_dxl_servo' for CMake config files
[4.342s] Level 1:colcon.colcon_core.shell:create_environment_hook('hapthexa_dxl_servo', 'cmake_prefix_path')
[4.342s] INFO:colcon.colcon_core.shell:Creating environment hook '/home/cao/ros2ws/install/hapthexa_dxl_servo/share/hapthexa_dxl_servo/hook/cmake_prefix_path.ps1'
[4.343s] INFO:colcon.colcon_core.shell:Creating environment descriptor '/home/cao/ros2ws/install/hapthexa_dxl_servo/share/hapthexa_dxl_servo/hook/cmake_prefix_path.dsv'
[4.343s] INFO:colcon.colcon_core.shell:Creating environment hook '/home/cao/ros2ws/install/hapthexa_dxl_servo/share/hapthexa_dxl_servo/hook/cmake_prefix_path.sh'
[4.344s] Level 1:colcon.colcon_core.environment:checking '/home/cao/ros2ws/install/hapthexa_dxl_servo/lib'
[4.344s] Level 1:colcon.colcon_core.environment:checking '/home/cao/ros2ws/install/hapthexa_dxl_servo/bin'
[4.344s] Level 1:colcon.colcon_core.environment:checking '/home/cao/ros2ws/install/hapthexa_dxl_servo/lib/pkgconfig/hapthexa_dxl_servo.pc'
[4.344s] Level 1:colcon.colcon_core.environment:checking '/home/cao/ros2ws/install/hapthexa_dxl_servo/lib/python3.12/site-packages'
[4.345s] Level 1:colcon.colcon_core.environment:checking '/home/cao/ros2ws/install/hapthexa_dxl_servo/bin'
[4.345s] INFO:colcon.colcon_core.shell:Creating package script '/home/cao/ros2ws/install/hapthexa_dxl_servo/share/hapthexa_dxl_servo/package.ps1'
[4.346s] INFO:colcon.colcon_core.shell:Creating package descriptor '/home/cao/ros2ws/install/hapthexa_dxl_servo/share/hapthexa_dxl_servo/package.dsv'
[4.347s] INFO:colcon.colcon_core.shell:Creating package script '/home/cao/ros2ws/install/hapthexa_dxl_servo/share/hapthexa_dxl_servo/package.sh'
[4.347s] INFO:colcon.colcon_core.shell:Creating package script '/home/cao/ros2ws/install/hapthexa_dxl_servo/share/hapthexa_dxl_servo/package.bash'
[4.348s] INFO:colcon.colcon_core.shell:Creating package script '/home/cao/ros2ws/install/hapthexa_dxl_servo/share/hapthexa_dxl_servo/package.zsh'
[4.349s] Level 1:colcon.colcon_core.environment:create_file_with_runtime_dependencies(/home/cao/ros2ws/install/hapthexa_dxl_servo/share/colcon-core/packages/hapthexa_dxl_servo)
[4.400s] Level 1:colcon.colcon_core.environment:create_environment_scripts_only(hapthexa_dxl_servo)
[4.400s] Level 1:colcon.colcon_core.environment:checking '/home/cao/ros2ws/install/hapthexa_dxl_servo' for CMake module files
[4.401s] Level 1:colcon.colcon_core.environment:checking '/home/cao/ros2ws/install/hapthexa_dxl_servo' for CMake config files
[4.402s] Level 1:colcon.colcon_core.shell:create_environment_hook('hapthexa_dxl_servo', 'cmake_prefix_path')
[4.402s] INFO:colcon.colcon_core.shell:Creating environment hook '/home/cao/ros2ws/install/hapthexa_dxl_servo/share/hapthexa_dxl_servo/hook/cmake_prefix_path.ps1'
[4.403s] INFO:colcon.colcon_core.shell:Creating environment descriptor '/home/cao/ros2ws/install/hapthexa_dxl_servo/share/hapthexa_dxl_servo/hook/cmake_prefix_path.dsv'
[4.404s] INFO:colcon.colcon_core.shell:Creating environment hook '/home/cao/ros2ws/install/hapthexa_dxl_servo/share/hapthexa_dxl_servo/hook/cmake_prefix_path.sh'
[4.405s] Level 1:colcon.colcon_core.environment:checking '/home/cao/ros2ws/install/hapthexa_dxl_servo/lib'
[4.405s] Level 1:colcon.colcon_core.environment:checking '/home/cao/ros2ws/install/hapthexa_dxl_servo/bin'
[4.405s] Level 1:colcon.colcon_core.environment:checking '/home/cao/ros2ws/install/hapthexa_dxl_servo/lib/pkgconfig/hapthexa_dxl_servo.pc'
[4.405s] Level 1:colcon.colcon_core.environment:checking '/home/cao/ros2ws/install/hapthexa_dxl_servo/lib/python3.12/site-packages'
[4.406s] Level 1:colcon.colcon_core.environment:checking '/home/cao/ros2ws/install/hapthexa_dxl_servo/bin'
[4.406s] INFO:colcon.colcon_core.shell:Creating package script '/home/cao/ros2ws/install/hapthexa_dxl_servo/share/hapthexa_dxl_servo/package.ps1'
[4.407s] INFO:colcon.colcon_core.shell:Creating package descriptor '/home/cao/ros2ws/install/hapthexa_dxl_servo/share/hapthexa_dxl_servo/package.dsv'
[4.407s] INFO:colcon.colcon_core.shell:Creating package script '/home/cao/ros2ws/install/hapthexa_dxl_servo/share/hapthexa_dxl_servo/package.sh'
[4.408s] INFO:colcon.colcon_core.shell:Creating package script '/home/cao/ros2ws/install/hapthexa_dxl_servo/share/hapthexa_dxl_servo/package.bash'
[4.409s] INFO:colcon.colcon_core.shell:Creating package script '/home/cao/ros2ws/install/hapthexa_dxl_servo/share/hapthexa_dxl_servo/package.zsh'
[4.410s] Level 1:colcon.colcon_core.environment:create_file_with_runtime_dependencies(/home/cao/ros2ws/install/hapthexa_dxl_servo/share/colcon-core/packages/hapthexa_dxl_servo)
[4.411s] DEBUG:colcon.colcon_parallel_executor.executor.parallel:closing loop
[4.411s] DEBUG:colcon.colcon_parallel_executor.executor.parallel:loop closed
[4.411s] DEBUG:colcon.colcon_parallel_executor.executor.parallel:run_until_complete finished with '0'
[4.411s] DEBUG:colcon.colcon_core.event_reactor:joining thread
[4.422s] INFO:colcon.colcon_core.plugin_system:Skipping extension 'colcon_notification.desktop_notification.terminal_notifier': Not used on non-Darwin systems
[4.423s] INFO:colcon.colcon_core.plugin_system:Skipping extension 'colcon_notification.desktop_notification.win32': Not used on non-Windows systems
[4.423s] INFO:colcon.colcon_notification.desktop_notification:Sending desktop notification using 'notify2'
[4.438s] DEBUG:colcon.colcon_core.event_reactor:joined thread
[4.438s] INFO:colcon.colcon_core.shell:Creating prefix script '/home/cao/ros2ws/install/local_setup.ps1'
[4.440s] INFO:colcon.colcon_core.shell:Creating prefix util module '/home/cao/ros2ws/install/_local_setup_util_ps1.py'
[4.441s] INFO:colcon.colcon_core.shell:Creating prefix chain script '/home/cao/ros2ws/install/setup.ps1'
[4.442s] INFO:colcon.colcon_core.shell:Creating prefix script '/home/cao/ros2ws/install/local_setup.sh'
[4.444s] INFO:colcon.colcon_core.shell:Creating prefix util module '/home/cao/ros2ws/install/_local_setup_util_sh.py'
[4.447s] INFO:colcon.colcon_core.shell:Creating prefix chain script '/home/cao/ros2ws/install/setup.sh'
[4.449s] INFO:colcon.colcon_core.shell:Creating prefix script '/home/cao/ros2ws/install/local_setup.bash'
[4.450s] INFO:colcon.colcon_core.shell:Creating prefix chain script '/home/cao/ros2ws/install/setup.bash'
[4.451s] INFO:colcon.colcon_core.shell:Creating prefix script '/home/cao/ros2ws/install/local_setup.zsh'
[4.453s] INFO:colcon.colcon_core.shell:Creating prefix chain script '/home/cao/ros2ws/install/setup.zsh'
