[0.032s] Invoking command in '/home/cao/ros2ws/build/realsense2_description': AMENT_PREFIX_PATH=/home/cao/ros2ws/install/realsense2_camera_msgs:${AMENT_PREFIX_PATH} CMAKE_PREFIX_PATH=/home/cao/ros2ws/install/realsense2_camera_msgs:/home/cao/ros2ws/install/hapthexa_main:/home/cao/ros2ws/install/hapthexa_dxl_servo:/home/cao/ros2ws/install/hapthexa_msgs:/opt/ros/jazzy/opt/gz_math_vendor:/opt/ros/jazzy/opt/gz_utils_vendor:/opt/ros/jazzy/opt/gz_cmake_vendor:/opt/ros/jazzy DEBUGINFOD_URLS=https://debuginfod.ubuntu.com LD_LIBRARY_PATH=/home/cao/ros2ws/install/realsense2_camera_msgs/lib:${LD_LIBRARY_PATH} PYTHONPATH=/home/cao/ros2ws/install/realsense2_camera_msgs/lib/python3.12/site-packages:${PYTHONPATH} /usr/bin/cmake /home/cao/ros2ws/src/realsense-ros/realsense2_description -DCMAKE_INSTALL_PREFIX=/home/cao/ros2ws/install/realsense2_description
[0.258s] -- The C compiler identification is GNU 13.2.0
[0.525s] -- The CXX compiler identification is GNU 13.2.0
[0.582s] -- Detecting C compiler ABI info
[1.631s] -- Detecting C compiler ABI info - done
[1.663s] -- Check for working C compiler: /usr/bin/cc - skipped
[1.663s] -- Detecting C compile features
[1.665s] -- Detecting C compile features - done
[1.695s] -- Detecting CXX compiler ABI info
[2.073s] -- Detecting CXX compiler ABI info - done
[2.106s] -- Check for working CXX compiler: /usr/bin/c++ - skipped
[2.107s] -- Detecting CXX compile features
[2.108s] -- Detecting CXX compile features - done
[2.117s] -- Found ament_cmake: 2.5.2 (/opt/ros/jazzy/share/ament_cmake/cmake)
[2.623s] -- Found Python3: /usr/bin/python3 (found version "3.12.3") found components: Interpreter 
[3.307s] -- Configuring done (3.2s)
[3.314s] -- Generating done (0.0s)
[3.317s] -- Build files have been written to: /home/cao/ros2ws/build/realsense2_description
[3.333s] Invoked command in '/home/cao/ros2ws/build/realsense2_description' returned '0': AMENT_PREFIX_PATH=/home/cao/ros2ws/install/realsense2_camera_msgs:${AMENT_PREFIX_PATH} CMAKE_PREFIX_PATH=/home/cao/ros2ws/install/realsense2_camera_msgs:/home/cao/ros2ws/install/hapthexa_main:/home/cao/ros2ws/install/hapthexa_dxl_servo:/home/cao/ros2ws/install/hapthexa_msgs:/opt/ros/jazzy/opt/gz_math_vendor:/opt/ros/jazzy/opt/gz_utils_vendor:/opt/ros/jazzy/opt/gz_cmake_vendor:/opt/ros/jazzy DEBUGINFOD_URLS=https://debuginfod.ubuntu.com LD_LIBRARY_PATH=/home/cao/ros2ws/install/realsense2_camera_msgs/lib:${LD_LIBRARY_PATH} PYTHONPATH=/home/cao/ros2ws/install/realsense2_camera_msgs/lib/python3.12/site-packages:${PYTHONPATH} /usr/bin/cmake /home/cao/ros2ws/src/realsense-ros/realsense2_description -DCMAKE_INSTALL_PREFIX=/home/cao/ros2ws/install/realsense2_description
[3.338s] Invoking command in '/home/cao/ros2ws/build/realsense2_description': AMENT_PREFIX_PATH=/home/cao/ros2ws/install/realsense2_camera_msgs:${AMENT_PREFIX_PATH} CMAKE_PREFIX_PATH=/home/cao/ros2ws/install/realsense2_camera_msgs:/home/cao/ros2ws/install/hapthexa_main:/home/cao/ros2ws/install/hapthexa_dxl_servo:/home/cao/ros2ws/install/hapthexa_msgs:/opt/ros/jazzy/opt/gz_math_vendor:/opt/ros/jazzy/opt/gz_utils_vendor:/opt/ros/jazzy/opt/gz_cmake_vendor:/opt/ros/jazzy DEBUGINFOD_URLS=https://debuginfod.ubuntu.com LD_LIBRARY_PATH=/home/cao/ros2ws/install/realsense2_camera_msgs/lib:${LD_LIBRARY_PATH} PYTHONPATH=/home/cao/ros2ws/install/realsense2_camera_msgs/lib/python3.12/site-packages:${PYTHONPATH} /usr/bin/cmake --build /home/cao/ros2ws/build/realsense2_description -- -j4 -l4
[3.478s] Invoked command in '/home/cao/ros2ws/build/realsense2_description' returned '0': AMENT_PREFIX_PATH=/home/cao/ros2ws/install/realsense2_camera_msgs:${AMENT_PREFIX_PATH} CMAKE_PREFIX_PATH=/home/cao/ros2ws/install/realsense2_camera_msgs:/home/cao/ros2ws/install/hapthexa_main:/home/cao/ros2ws/install/hapthexa_dxl_servo:/home/cao/ros2ws/install/hapthexa_msgs:/opt/ros/jazzy/opt/gz_math_vendor:/opt/ros/jazzy/opt/gz_utils_vendor:/opt/ros/jazzy/opt/gz_cmake_vendor:/opt/ros/jazzy DEBUGINFOD_URLS=https://debuginfod.ubuntu.com LD_LIBRARY_PATH=/home/cao/ros2ws/install/realsense2_camera_msgs/lib:${LD_LIBRARY_PATH} PYTHONPATH=/home/cao/ros2ws/install/realsense2_camera_msgs/lib/python3.12/site-packages:${PYTHONPATH} /usr/bin/cmake --build /home/cao/ros2ws/build/realsense2_description -- -j4 -l4
[3.553s] Invoking command in '/home/cao/ros2ws/build/realsense2_description': AMENT_PREFIX_PATH=/home/cao/ros2ws/install/realsense2_camera_msgs:${AMENT_PREFIX_PATH} CMAKE_PREFIX_PATH=/home/cao/ros2ws/install/realsense2_camera_msgs:/home/cao/ros2ws/install/hapthexa_main:/home/cao/ros2ws/install/hapthexa_dxl_servo:/home/cao/ros2ws/install/hapthexa_msgs:/opt/ros/jazzy/opt/gz_math_vendor:/opt/ros/jazzy/opt/gz_utils_vendor:/opt/ros/jazzy/opt/gz_cmake_vendor:/opt/ros/jazzy DEBUGINFOD_URLS=https://debuginfod.ubuntu.com LD_LIBRARY_PATH=/home/cao/ros2ws/install/realsense2_camera_msgs/lib:${LD_LIBRARY_PATH} PYTHONPATH=/home/cao/ros2ws/install/realsense2_camera_msgs/lib/python3.12/site-packages:${PYTHONPATH} /usr/bin/cmake --install /home/cao/ros2ws/build/realsense2_description
[3.581s] -- Install configuration: ""
[3.581s] -- Installing: /home/cao/ros2ws/install/realsense2_description/share/realsense2_description/launch
[3.582s] -- Installing: /home/cao/ros2ws/install/realsense2_description/share/realsense2_description/launch/launch_utils.py
[3.583s] -- Installing: /home/cao/ros2ws/install/realsense2_description/share/realsense2_description/launch/view_model.launch.py
[3.583s] -- Installing: /home/cao/ros2ws/install/realsense2_description/share/realsense2_description/meshes
[3.583s] -- Installing: /home/cao/ros2ws/install/realsense2_description/share/realsense2_description/meshes/d435.dae
[3.634s] -- Installing: /home/cao/ros2ws/install/realsense2_description/share/realsense2_description/meshes/plug_collision.stl
[3.635s] -- Installing: /home/cao/ros2ws/install/realsense2_description/share/realsense2_description/meshes/d415.stl
[3.704s] -- Installing: /home/cao/ros2ws/install/realsense2_description/share/realsense2_description/meshes/d405.stl
[3.705s] -- Installing: /home/cao/ros2ws/install/realsense2_description/share/realsense2_description/meshes/plug.stl
[3.706s] -- Installing: /home/cao/ros2ws/install/realsense2_description/share/realsense2_description/meshes/d455.stl
[3.714s] -- Installing: /home/cao/ros2ws/install/realsense2_description/share/realsense2_description/meshes/l515.dae
[3.818s] -- Installing: /home/cao/ros2ws/install/realsense2_description/share/realsense2_description/rviz
[3.819s] -- Installing: /home/cao/ros2ws/install/realsense2_description/share/realsense2_description/rviz/urdf.rviz
[3.820s] -- Installing: /home/cao/ros2ws/install/realsense2_description/share/realsense2_description/urdf
[3.820s] -- Installing: /home/cao/ros2ws/install/realsense2_description/share/realsense2_description/urdf/_d435.urdf.xacro
[3.820s] -- Installing: /home/cao/ros2ws/install/realsense2_description/share/realsense2_description/urdf/test_d435_camera.urdf.xacro
[3.821s] -- Installing: /home/cao/ros2ws/install/realsense2_description/share/realsense2_description/urdf/_d435i.urdf.xacro
[3.822s] -- Installing: /home/cao/ros2ws/install/realsense2_description/share/realsense2_description/urdf/test_d455_camera.urdf.xacro
[3.823s] -- Installing: /home/cao/ros2ws/install/realsense2_description/share/realsense2_description/urdf/_usb_plug.urdf.xacro
[3.823s] -- Installing: /home/cao/ros2ws/install/realsense2_description/share/realsense2_description/urdf/test_d435_multiple_cameras.urdf.xacro
[3.823s] -- Installing: /home/cao/ros2ws/install/realsense2_description/share/realsense2_description/urdf/_d435i_imu_modules.urdf.xacro
[3.823s] -- Installing: /home/cao/ros2ws/install/realsense2_description/share/realsense2_description/urdf/test_r410_camera.urdf.xacro
[3.824s] -- Installing: /home/cao/ros2ws/install/realsense2_description/share/realsense2_description/urdf/_materials.urdf.xacro
[3.824s] -- Installing: /home/cao/ros2ws/install/realsense2_description/share/realsense2_description/urdf/test_r430_camera.urdf.xacro
[3.824s] -- Installing: /home/cao/ros2ws/install/realsense2_description/share/realsense2_description/urdf/_d415.urdf.xacro
[3.824s] -- Installing: /home/cao/ros2ws/install/realsense2_description/share/realsense2_description/urdf/test_d405_camera.urdf.xacro
[3.824s] -- Installing: /home/cao/ros2ws/install/realsense2_description/share/realsense2_description/urdf/test_d415_camera.urdf.xacro
[3.825s] -- Installing: /home/cao/ros2ws/install/realsense2_description/share/realsense2_description/urdf/test_d435i_camera.urdf.xacro
[3.825s] -- Installing: /home/cao/ros2ws/install/realsense2_description/share/realsense2_description/urdf/_d455.urdf.xacro
[3.825s] -- Installing: /home/cao/ros2ws/install/realsense2_description/share/realsense2_description/urdf/_d405.urdf.xacro
[3.826s] -- Installing: /home/cao/ros2ws/install/realsense2_description/share/realsense2_description/urdf/_r430.urdf.xacro
[3.826s] -- Installing: /home/cao/ros2ws/install/realsense2_description/share/realsense2_description/urdf/_r410.urdf.xacro
[3.826s] -- Installing: /home/cao/ros2ws/install/realsense2_description/share/ament_index/resource_index/package_run_dependencies/realsense2_description
[3.826s] -- Installing: /home/cao/ros2ws/install/realsense2_description/share/ament_index/resource_index/parent_prefix_path/realsense2_description
[3.827s] -- Installing: /home/cao/ros2ws/install/realsense2_description/share/realsense2_description/environment/ament_prefix_path.sh
[3.827s] -- Installing: /home/cao/ros2ws/install/realsense2_description/share/realsense2_description/environment/ament_prefix_path.dsv
[3.828s] -- Installing: /home/cao/ros2ws/install/realsense2_description/share/realsense2_description/environment/path.sh
[3.828s] -- Installing: /home/cao/ros2ws/install/realsense2_description/share/realsense2_description/environment/path.dsv
[3.828s] -- Installing: /home/cao/ros2ws/install/realsense2_description/share/realsense2_description/local_setup.bash
[3.828s] -- Installing: /home/cao/ros2ws/install/realsense2_description/share/realsense2_description/local_setup.sh
[3.829s] -- Installing: /home/cao/ros2ws/install/realsense2_description/share/realsense2_description/local_setup.zsh
[3.829s] -- Installing: /home/cao/ros2ws/install/realsense2_description/share/realsense2_description/local_setup.dsv
[3.829s] -- Installing: /home/cao/ros2ws/install/realsense2_description/share/realsense2_description/package.dsv
[3.830s] -- Installing: /home/cao/ros2ws/install/realsense2_description/share/ament_index/resource_index/packages/realsense2_description
[3.831s] -- Installing: /home/cao/ros2ws/install/realsense2_description/share/realsense2_description/cmake/realsense2_descriptionConfig.cmake
[3.831s] -- Installing: /home/cao/ros2ws/install/realsense2_description/share/realsense2_description/cmake/realsense2_descriptionConfig-version.cmake
[3.831s] -- Installing: /home/cao/ros2ws/install/realsense2_description/share/realsense2_description/package.xml
[3.838s] Invoked command in '/home/cao/ros2ws/build/realsense2_description' returned '0': AMENT_PREFIX_PATH=/home/cao/ros2ws/install/realsense2_camera_msgs:${AMENT_PREFIX_PATH} CMAKE_PREFIX_PATH=/home/cao/ros2ws/install/realsense2_camera_msgs:/home/cao/ros2ws/install/hapthexa_main:/home/cao/ros2ws/install/hapthexa_dxl_servo:/home/cao/ros2ws/install/hapthexa_msgs:/opt/ros/jazzy/opt/gz_math_vendor:/opt/ros/jazzy/opt/gz_utils_vendor:/opt/ros/jazzy/opt/gz_cmake_vendor:/opt/ros/jazzy DEBUGINFOD_URLS=https://debuginfod.ubuntu.com LD_LIBRARY_PATH=/home/cao/ros2ws/install/realsense2_camera_msgs/lib:${LD_LIBRARY_PATH} PYTHONPATH=/home/cao/ros2ws/install/realsense2_camera_msgs/lib/python3.12/site-packages:${PYTHONPATH} /usr/bin/cmake --install /home/cao/ros2ws/build/realsense2_description
