[0.200s] Invoking command in '/home/cao/ros2ws/build/hapthexa_dxl_servo': CMAKE_PREFIX_PATH=/home/cao/ros2ws/install/hapthexa_msgs:/home/cao/ros2ws/install/hapthexa_main:/home/cao/ros2ws/install/hapthexa_dxl_servo:/opt/ros/jazzy/opt/gz_math_vendor:/opt/ros/jazzy/opt/gz_utils_vendor:/opt/ros/jazzy/opt/gz_cmake_vendor:/opt/ros/jazzy DEBUGINFOD_URLS=https://debuginfod.ubuntu.com /usr/bin/cmake --build /home/cao/ros2ws/build/hapthexa_dxl_servo -- -j4 -l4
[0.552s] [ 71%] Built target dynamixel_workbench
[1.042s] [100%] Built target hapthexa_servo
[1.173s] Invoked command in '/home/cao/ros2ws/build/hapthexa_dxl_servo' returned '0': CMAKE_PREFIX_PATH=/home/cao/ros2ws/install/hapthexa_msgs:/home/cao/ros2ws/install/hapthexa_main:/home/cao/ros2ws/install/hapthexa_dxl_servo:/opt/ros/jazzy/opt/gz_math_vendor:/opt/ros/jazzy/opt/gz_utils_vendor:/opt/ros/jazzy/opt/gz_cmake_vendor:/opt/ros/jazzy DEBUGINFOD_URLS=https://debuginfod.ubuntu.com /usr/bin/cmake --build /home/cao/ros2ws/build/hapthexa_dxl_servo -- -j4 -l4
[1.450s] Invoking command in '/home/cao/ros2ws/build/hapthexa_dxl_servo': CMAKE_PREFIX_PATH=/home/cao/ros2ws/install/hapthexa_msgs:/home/cao/ros2ws/install/hapthexa_main:/home/cao/ros2ws/install/hapthexa_dxl_servo:/opt/ros/jazzy/opt/gz_math_vendor:/opt/ros/jazzy/opt/gz_utils_vendor:/opt/ros/jazzy/opt/gz_cmake_vendor:/opt/ros/jazzy DEBUGINFOD_URLS=https://debuginfod.ubuntu.com /usr/bin/cmake --install /home/cao/ros2ws/build/hapthexa_dxl_servo
[1.492s] -- Install configuration: ""
[1.492s] -- Up-to-date: /home/cao/ros2ws/install/hapthexa_dxl_servo/lib/hapthexa_dxl_servo/hapthexa_servo
[1.506s] -- Up-to-date: /home/cao/ros2ws/install/hapthexa_dxl_servo/lib/hapthexa_dxl_servo/force_sensor.py
[1.510s] -- Up-to-date: /home/cao/ros2ws/install/hapthexa_dxl_servo/lib/hapthexa_dxl_servo/force_sensor_calibrate.py
[1.511s] -- Up-to-date: /home/cao/ros2ws/install/hapthexa_dxl_servo/lib/hapthexa_dxl_servo/forcesensor_read.py
[1.522s] -- Up-to-date: /home/cao/ros2ws/install/hapthexa_dxl_servo/share/hapthexa_dxl_servo/launch.py
[1.523s] -- Up-to-date: /home/cao/ros2ws/install/hapthexa_dxl_servo/share/hapthexa_dxl_servo/config
[1.523s] -- Up-to-date: /home/cao/ros2ws/install/hapthexa_dxl_servo/share/hapthexa_dxl_servo/config/front_left.yaml
[1.525s] -- Up-to-date: /home/cao/ros2ws/install/hapthexa_dxl_servo/share/hapthexa_dxl_servo/config/rear_left.yaml
[1.533s] -- Up-to-date: /home/cao/ros2ws/install/hapthexa_dxl_servo/share/hapthexa_dxl_servo/config/middle_right.yaml
[1.534s] -- Up-to-date: /home/cao/ros2ws/install/hapthexa_dxl_servo/share/hapthexa_dxl_servo/config/rear_right.yaml
[1.534s] -- Up-to-date: /home/cao/ros2ws/install/hapthexa_dxl_servo/share/hapthexa_dxl_servo/config/front_right.yaml
[1.534s] -- Up-to-date: /home/cao/ros2ws/install/hapthexa_dxl_servo/share/hapthexa_dxl_servo/config/middle_left.yaml
[1.534s] -- Up-to-date: /home/cao/ros2ws/install/hapthexa_dxl_servo/share/ament_index/resource_index/package_run_dependencies/hapthexa_dxl_servo
[1.535s] -- Up-to-date: /home/cao/ros2ws/install/hapthexa_dxl_servo/share/ament_index/resource_index/parent_prefix_path/hapthexa_dxl_servo
[1.535s] -- Up-to-date: /home/cao/ros2ws/install/hapthexa_dxl_servo/share/hapthexa_dxl_servo/environment/ament_prefix_path.sh
[1.535s] -- Up-to-date: /home/cao/ros2ws/install/hapthexa_dxl_servo/share/hapthexa_dxl_servo/environment/ament_prefix_path.dsv
[1.544s] -- Up-to-date: /home/cao/ros2ws/install/hapthexa_dxl_servo/share/hapthexa_dxl_servo/environment/path.sh
[1.553s] -- Up-to-date: /home/cao/ros2ws/install/hapthexa_dxl_servo/share/hapthexa_dxl_servo/environment/path.dsv
[1.554s] -- Up-to-date: /home/cao/ros2ws/install/hapthexa_dxl_servo/share/hapthexa_dxl_servo/local_setup.bash
[1.558s] -- Up-to-date: /home/cao/ros2ws/install/hapthexa_dxl_servo/share/hapthexa_dxl_servo/local_setup.sh
[1.558s] -- Up-to-date: /home/cao/ros2ws/install/hapthexa_dxl_servo/share/hapthexa_dxl_servo/local_setup.zsh
[1.558s] -- Up-to-date: /home/cao/ros2ws/install/hapthexa_dxl_servo/share/hapthexa_dxl_servo/local_setup.dsv
[1.568s] -- Installing: /home/cao/ros2ws/install/hapthexa_dxl_servo/share/hapthexa_dxl_servo/package.dsv
[1.575s] -- Up-to-date: /home/cao/ros2ws/install/hapthexa_dxl_servo/share/ament_index/resource_index/packages/hapthexa_dxl_servo
[1.576s] -- Up-to-date: /home/cao/ros2ws/install/hapthexa_dxl_servo/share/hapthexa_dxl_servo/cmake/hapthexa_dxl_servoConfig.cmake
[1.577s] -- Up-to-date: /home/cao/ros2ws/install/hapthexa_dxl_servo/share/hapthexa_dxl_servo/cmake/hapthexa_dxl_servoConfig-version.cmake
[1.593s] -- Up-to-date: /home/cao/ros2ws/install/hapthexa_dxl_servo/share/hapthexa_dxl_servo/package.xml
[1.620s] Invoked command in '/home/cao/ros2ws/build/hapthexa_dxl_servo' returned '0': CMAKE_PREFIX_PATH=/home/cao/ros2ws/install/hapthexa_msgs:/home/cao/ros2ws/install/hapthexa_main:/home/cao/ros2ws/install/hapthexa_dxl_servo:/opt/ros/jazzy/opt/gz_math_vendor:/opt/ros/jazzy/opt/gz_utils_vendor:/opt/ros/jazzy/opt/gz_cmake_vendor:/opt/ros/jazzy DEBUGINFOD_URLS=https://debuginfod.ubuntu.com /usr/bin/cmake --install /home/cao/ros2ws/build/hapthexa_dxl_servo
