[0.020s] Invoking command in '/home/cao/ros2ws/build/hapthexa_main': CMAKE_PREFIX_PATH=/home/cao/ros2ws/install/hapthexa_msgs:/home/cao/ros2ws/install/hapthexa_main:/home/cao/ros2ws/install/hapthexa_dxl_servo:/opt/ros/jazzy/opt/gz_math_vendor:/opt/ros/jazzy/opt/gz_utils_vendor:/opt/ros/jazzy/opt/gz_cmake_vendor:/opt/ros/jazzy DEBUGINFOD_URLS=https://debuginfod.ubuntu.com /usr/bin/cmake --build /home/cao/ros2ws/build/hapthexa_main -- -j4 -l4
[0.442s] [ 50%] [32mBuilding CXX object CMakeFiles/hapthexa_leg.dir/src/hapthexa_leg.cpp.o[0m
[42.009s] [100%] [32m[1mLinking CXX executable hapthexa_leg[0m
[44.556s] [100%] Built target hapthexa_leg
[44.579s] Invoked command in '/home/cao/ros2ws/build/hapthexa_main' returned '0': CMAKE_PREFIX_PATH=/home/cao/ros2ws/install/hapthexa_msgs:/home/cao/ros2ws/install/hapthexa_main:/home/cao/ros2ws/install/hapthexa_dxl_servo:/opt/ros/jazzy/opt/gz_math_vendor:/opt/ros/jazzy/opt/gz_utils_vendor:/opt/ros/jazzy/opt/gz_cmake_vendor:/opt/ros/jazzy DEBUGINFOD_URLS=https://debuginfod.ubuntu.com /usr/bin/cmake --build /home/cao/ros2ws/build/hapthexa_main -- -j4 -l4
[44.618s] Invoking command in '/home/cao/ros2ws/build/hapthexa_main': CMAKE_PREFIX_PATH=/home/cao/ros2ws/install/hapthexa_msgs:/home/cao/ros2ws/install/hapthexa_main:/home/cao/ros2ws/install/hapthexa_dxl_servo:/opt/ros/jazzy/opt/gz_math_vendor:/opt/ros/jazzy/opt/gz_utils_vendor:/opt/ros/jazzy/opt/gz_cmake_vendor:/opt/ros/jazzy DEBUGINFOD_URLS=https://debuginfod.ubuntu.com /usr/bin/cmake --install /home/cao/ros2ws/build/hapthexa_main
[44.634s] -- Install configuration: ""
[44.635s] -- Installing: /home/cao/ros2ws/install/hapthexa_main/lib/hapthexa_main/hapthexa_leg
[44.700s] -- Set non-toolchain portion of runtime path of "/home/cao/ros2ws/install/hapthexa_main/lib/hapthexa_main/hapthexa_leg" to ""
[44.700s] -- Up-to-date: /home/cao/ros2ws/install/hapthexa_main/lib/hapthexa_main/__init__.py
[44.700s] -- Up-to-date: /home/cao/ros2ws/install/hapthexa_main/lib/hapthexa_main/attitude_controller.py
[44.700s] -- Up-to-date: /home/cao/ros2ws/install/hapthexa_main/lib/hapthexa_main/omni_walk.py
[44.701s] -- Up-to-date: /home/cao/ros2ws/install/hapthexa_main/lib/hapthexa_main/relative_rough_walk.py
[44.701s] -- Up-to-date: /home/cao/ros2ws/install/hapthexa_main/lib/hapthexa_main/relative_simple_walk.py
[44.701s] -- Up-to-date: /home/cao/ros2ws/install/hapthexa_main/lib/hapthexa_main/rough_walk.py
[44.701s] -- Up-to-date: /home/cao/ros2ws/install/hapthexa_main/lib/hapthexa_main/roughwalk_action.py
[44.701s] -- Up-to-date: /home/cao/ros2ws/install/hapthexa_main/lib/hapthexa_main/sensor_checker.py
[44.701s] -- Up-to-date: /home/cao/ros2ws/install/hapthexa_main/lib/hapthexa_main/simple_walk.py
[44.701s] -- Up-to-date: /home/cao/ros2ws/install/hapthexa_main/lib/hapthexa_main/simplewalk_action.py
[44.701s] -- Up-to-date: /home/cao/ros2ws/install/hapthexa_main/lib/hapthexa_main/test_roughwalk_action.py
[44.701s] -- Up-to-date: /home/cao/ros2ws/install/hapthexa_main/lib/hapthexa_main/test_simplewalk_flonly.py
[44.702s] -- Up-to-date: /home/cao/ros2ws/install/hapthexa_main/lib/hapthexa_main/wakeup_by_action.py
[44.702s] -- Up-to-date: /home/cao/ros2ws/install/hapthexa_main/share/hapthexa_main/launch.py
[44.702s] -- Up-to-date: /home/cao/ros2ws/install/hapthexa_main/share/hapthexa_main/launch2.py
[44.702s] -- Up-to-date: /home/cao/ros2ws/install/hapthexa_main/share/ament_index/resource_index/package_run_dependencies/hapthexa_main
[44.702s] -- Up-to-date: /home/cao/ros2ws/install/hapthexa_main/share/ament_index/resource_index/parent_prefix_path/hapthexa_main
[44.702s] -- Up-to-date: /home/cao/ros2ws/install/hapthexa_main/share/hapthexa_main/environment/ament_prefix_path.sh
[44.702s] -- Up-to-date: /home/cao/ros2ws/install/hapthexa_main/share/hapthexa_main/environment/ament_prefix_path.dsv
[44.702s] -- Up-to-date: /home/cao/ros2ws/install/hapthexa_main/share/hapthexa_main/environment/path.sh
[44.702s] -- Up-to-date: /home/cao/ros2ws/install/hapthexa_main/share/hapthexa_main/environment/path.dsv
[44.702s] -- Up-to-date: /home/cao/ros2ws/install/hapthexa_main/share/hapthexa_main/local_setup.bash
[44.702s] -- Up-to-date: /home/cao/ros2ws/install/hapthexa_main/share/hapthexa_main/local_setup.sh
[44.703s] -- Up-to-date: /home/cao/ros2ws/install/hapthexa_main/share/hapthexa_main/local_setup.zsh
[44.703s] -- Up-to-date: /home/cao/ros2ws/install/hapthexa_main/share/hapthexa_main/local_setup.dsv
[44.703s] -- Installing: /home/cao/ros2ws/install/hapthexa_main/share/hapthexa_main/package.dsv
[44.703s] -- Up-to-date: /home/cao/ros2ws/install/hapthexa_main/share/ament_index/resource_index/packages/hapthexa_main
[44.703s] -- Up-to-date: /home/cao/ros2ws/install/hapthexa_main/share/hapthexa_main/cmake/hapthexa_mainConfig.cmake
[44.703s] -- Up-to-date: /home/cao/ros2ws/install/hapthexa_main/share/hapthexa_main/cmake/hapthexa_mainConfig-version.cmake
[44.703s] -- Up-to-date: /home/cao/ros2ws/install/hapthexa_main/share/hapthexa_main/package.xml
[44.705s] Invoked command in '/home/cao/ros2ws/build/hapthexa_main' returned '0': CMAKE_PREFIX_PATH=/home/cao/ros2ws/install/hapthexa_msgs:/home/cao/ros2ws/install/hapthexa_main:/home/cao/ros2ws/install/hapthexa_dxl_servo:/opt/ros/jazzy/opt/gz_math_vendor:/opt/ros/jazzy/opt/gz_utils_vendor:/opt/ros/jazzy/opt/gz_cmake_vendor:/opt/ros/jazzy DEBUGINFOD_URLS=https://debuginfod.ubuntu.com /usr/bin/cmake --install /home/cao/ros2ws/build/hapthexa_main
