[0.036s] Invoking command in '/home/cao/ros2ws/build/v4l2_camera': CMAKE_PREFIX_PATH=${CMAKE_PREFIX_PATH}:/opt/ros/jazzy DEBUGINFOD_URLS=https://debuginfod.ubuntu.com /usr/bin/cmake --build /home/cao/ros2ws/build/v4l2_camera -- -j4 -l4
[0.343s] [ 42%] Built target v4l2_camera
[0.506s] [ 71%] Built target v4l2_camera_node
[0.519s] [100%] Built target v4l2_camera_compose_test
[0.577s] Invoked command in '/home/cao/ros2ws/build/v4l2_camera' returned '0': CMAKE_PREFIX_PATH=${CMAKE_PREFIX_PATH}:/opt/ros/jazzy DEBUGINFOD_URLS=https://debuginfod.ubuntu.com /usr/bin/cmake --build /home/cao/ros2ws/build/v4l2_camera -- -j4 -l4
[0.901s] Invoking command in '/home/cao/ros2ws/build/v4l2_camera': CMAKE_PREFIX_PATH=${CMAKE_PREFIX_PATH}:/opt/ros/jazzy DEBUGINFOD_URLS=https://debuginfod.ubuntu.com /usr/bin/cmake --install /home/cao/ros2ws/build/v4l2_camera
[0.933s] -- Install configuration: ""
[0.933s] -- Up-to-date: /home/cao/ros2ws/install/v4l2_camera/include
[0.938s] -- Up-to-date: /home/cao/ros2ws/install/v4l2_camera/include/v4l2_camera
[0.941s] -- Up-to-date: /home/cao/ros2ws/install/v4l2_camera/include/v4l2_camera/visibility_control.h
[0.945s] -- Up-to-date: /home/cao/ros2ws/install/v4l2_camera/include/v4l2_camera/pixel_format.hpp
[0.946s] -- Up-to-date: /home/cao/ros2ws/install/v4l2_camera/include/v4l2_camera/control.hpp
[0.947s] -- Up-to-date: /home/cao/ros2ws/install/v4l2_camera/include/v4l2_camera/v4l2_camera_device.hpp
[0.947s] -- Up-to-date: /home/cao/ros2ws/install/v4l2_camera/include/v4l2_camera/image_format.hpp
[0.948s] -- Up-to-date: /home/cao/ros2ws/install/v4l2_camera/include/v4l2_camera/fourcc.hpp
[0.948s] -- Up-to-date: /home/cao/ros2ws/install/v4l2_camera/include/v4l2_camera/v4l2_camera.hpp
[0.953s] -- Up-to-date: /home/cao/ros2ws/install/v4l2_camera/lib/libv4l2_camera.so
[0.953s] -- Up-to-date: /home/cao/ros2ws/install/v4l2_camera/lib/v4l2_camera/v4l2_camera_node
[0.953s] -- Up-to-date: /home/cao/ros2ws/install/v4l2_camera/lib/v4l2_camera/v4l2_camera_compose_test
[0.957s] -- Up-to-date: /home/cao/ros2ws/install/v4l2_camera/share/v4l2_camera/environment/library_path.sh
[0.958s] -- Up-to-date: /home/cao/ros2ws/install/v4l2_camera/share/v4l2_camera/environment/library_path.dsv
[0.959s] -- Up-to-date: /home/cao/ros2ws/install/v4l2_camera/include
[0.959s] -- Up-to-date: /home/cao/ros2ws/install/v4l2_camera/include/v4l2_camera
[0.959s] -- Up-to-date: /home/cao/ros2ws/install/v4l2_camera/include/v4l2_camera/visibility_control.h
[0.964s] -- Up-to-date: /home/cao/ros2ws/install/v4l2_camera/include/v4l2_camera/pixel_format.hpp
[0.964s] -- Up-to-date: /home/cao/ros2ws/install/v4l2_camera/include/v4l2_camera/control.hpp
[0.966s] -- Up-to-date: /home/cao/ros2ws/install/v4l2_camera/include/v4l2_camera/v4l2_camera_device.hpp
[0.966s] -- Up-to-date: /home/cao/ros2ws/install/v4l2_camera/include/v4l2_camera/image_format.hpp
[0.966s] -- Up-to-date: /home/cao/ros2ws/install/v4l2_camera/include/v4l2_camera/fourcc.hpp
[0.966s] -- Up-to-date: /home/cao/ros2ws/install/v4l2_camera/include/v4l2_camera/v4l2_camera.hpp
[0.966s] -- Up-to-date: /home/cao/ros2ws/install/v4l2_camera/share/v4l2_camera/launch
[0.966s] -- Up-to-date: /home/cao/ros2ws/install/v4l2_camera/share/v4l2_camera/launch/v4l2_camera.launch.py
[0.971s] -- Up-to-date: /home/cao/ros2ws/install/v4l2_camera/share/ament_index/resource_index/package_run_dependencies/v4l2_camera
[0.971s] -- Up-to-date: /home/cao/ros2ws/install/v4l2_camera/share/ament_index/resource_index/parent_prefix_path/v4l2_camera
[0.972s] -- Up-to-date: /home/cao/ros2ws/install/v4l2_camera/share/v4l2_camera/environment/ament_prefix_path.sh
[0.972s] -- Up-to-date: /home/cao/ros2ws/install/v4l2_camera/share/v4l2_camera/environment/ament_prefix_path.dsv
[0.972s] -- Up-to-date: /home/cao/ros2ws/install/v4l2_camera/share/v4l2_camera/environment/path.sh
[0.972s] -- Up-to-date: /home/cao/ros2ws/install/v4l2_camera/share/v4l2_camera/environment/path.dsv
[0.972s] -- Up-to-date: /home/cao/ros2ws/install/v4l2_camera/share/v4l2_camera/local_setup.bash
[0.976s] -- Up-to-date: /home/cao/ros2ws/install/v4l2_camera/share/v4l2_camera/local_setup.sh
[0.977s] -- Up-to-date: /home/cao/ros2ws/install/v4l2_camera/share/v4l2_camera/local_setup.zsh
[0.977s] -- Up-to-date: /home/cao/ros2ws/install/v4l2_camera/share/v4l2_camera/local_setup.dsv
[0.977s] -- Installing: /home/cao/ros2ws/install/v4l2_camera/share/v4l2_camera/package.dsv
[0.978s] -- Up-to-date: /home/cao/ros2ws/install/v4l2_camera/share/ament_index/resource_index/packages/v4l2_camera
[0.978s] -- Up-to-date: /home/cao/ros2ws/install/v4l2_camera/share/ament_index/resource_index/rclcpp_components/v4l2_camera
[0.978s] -- Up-to-date: /home/cao/ros2ws/install/v4l2_camera/share/v4l2_camera/cmake/export_v4l2_cameraExport.cmake
[0.979s] -- Up-to-date: /home/cao/ros2ws/install/v4l2_camera/share/v4l2_camera/cmake/export_v4l2_cameraExport-noconfig.cmake
[0.979s] -- Up-to-date: /home/cao/ros2ws/install/v4l2_camera/share/v4l2_camera/cmake/ament_cmake_export_include_directories-extras.cmake
[0.979s] -- Up-to-date: /home/cao/ros2ws/install/v4l2_camera/share/v4l2_camera/cmake/ament_cmake_export_targets-extras.cmake
[0.983s] -- Up-to-date: /home/cao/ros2ws/install/v4l2_camera/share/v4l2_camera/cmake/ament_cmake_export_libraries-extras.cmake
[0.983s] -- Up-to-date: /home/cao/ros2ws/install/v4l2_camera/share/v4l2_camera/cmake/ament_cmake_export_dependencies-extras.cmake
[0.983s] -- Up-to-date: /home/cao/ros2ws/install/v4l2_camera/share/v4l2_camera/cmake/v4l2_cameraConfig.cmake
[0.983s] -- Up-to-date: /home/cao/ros2ws/install/v4l2_camera/share/v4l2_camera/cmake/v4l2_cameraConfig-version.cmake
[0.984s] -- Up-to-date: /home/cao/ros2ws/install/v4l2_camera/share/v4l2_camera/package.xml
[0.984s] Invoked command in '/home/cao/ros2ws/build/v4l2_camera' returned '0': CMAKE_PREFIX_PATH=${CMAKE_PREFIX_PATH}:/opt/ros/jazzy DEBUGINFOD_URLS=https://debuginfod.ubuntu.com /usr/bin/cmake --install /home/cao/ros2ws/build/v4l2_camera
