[  1%] Built target hapthexa_msgs__rosidl_generator_type_description
[  1%] Built target ament_cmake_python_copy_hapthexa_msgs
[  1%] Built target hapthexa_msgs__cpp
[ 27%] Built target hapthexa_msgs__rosidl_generator_c
[ 37%] Built target hapthexa_msgs__rosidl_typesupport_fastrtps_cpp
[ 48%] Built target hapthexa_msgs__rosidl_typesupport_cpp
[ 56%] Built target hapthexa_msgs__rosidl_typesupport_fastrtps_c
[ 65%] Built target hapthexa_msgs__rosidl_typesupport_introspection_c
[ 75%] Built target hapthexa_msgs__rosidl_typesupport_c
[ 85%] Built target hapthexa_msgs__rosidl_typesupport_introspection_cpp
[ 85%] Built target hapthexa_msgs
[ 86%] Built target hapthexa_msgs__py
[ 95%] Built target hapthexa_msgs__rosidl_generator_py
[ 96%] Built target hapthexa_msgs_s__rosidl_typesupport_fastrtps_c
[ 98%] Built target hapthexa_msgs_s__rosidl_typesupport_c
[100%] Built target hapthexa_msgs_s__rosidl_typesupport_introspection_c
running egg_info
writing hapthexa_msgs.egg-info/PKG-INFO
writing dependency_links to hapthexa_msgs.egg-info/dependency_links.txt
writing top-level names to hapthexa_msgs.egg-info/top_level.txt
reading manifest file 'hapthexa_msgs.egg-info/SOURCES.txt'
writing manifest file 'hapthexa_msgs.egg-info/SOURCES.txt'
[100%] Built target ament_cmake_python_build_hapthexa_msgs_egg
