[0.038s] Invoking command in '/home/cao/ros2ws/build/hapthexa_dxl_servo': CMAKE_PREFIX_PATH=/home/cao/ros2ws/install/hapthexa_msgs:/home/cao/ros2ws/install/v4l2_camera:/home/cao/ros2ws/install/realsense2_description:/home/cao/ros2ws/install/realsense2_camera_msgs:/home/cao/ros2ws/install/hapthexa_main:/home/cao/ros2ws/install/hapthexa_dxl_servo:/opt/ros/jazzy/opt/gz_math_vendor:/opt/ros/jazzy/opt/gz_utils_vendor:/opt/ros/jazzy/opt/gz_cmake_vendor:/opt/ros/jazzy DEBUGINFOD_URLS=https://debuginfod.ubuntu.com LD_LIBRARY_PATH=/home/cao/ros2ws/install/hapthexa_msgs/lib:/home/cao/ros2ws/install/v4l2_camera/lib:/home/cao/ros2ws/install/realsense2_camera_msgs/lib:/opt/ros/jazzy/opt/rviz_ogre_vendor/lib:/opt/ros/jazzy/lib/aarch64-linux-gnu:/opt/ros/jazzy/opt/gz_math_vendor/lib:/opt/ros/jazzy/opt/gz_utils_vendor/lib:/opt/ros/jazzy/opt/gz_cmake_vendor/lib:/opt/ros/jazzy/lib PYTHONPATH=/home/cao/ros2ws/install/hapthexa_msgs/lib/python3.12/site-packages:/home/cao/ros2ws/install/realsense2_camera_msgs/lib/python3.12/site-packages:/opt/ros/jazzy/lib/python3.12/site-packages /usr/bin/cmake --build /home/cao/ros2ws/build/hapthexa_dxl_servo -- -j4 -l4
[0.260s] [ 71%] Built target dynamixel_workbench
[0.383s] [100%] Built target hapthexa_servo
[0.464s] Invoked command in '/home/cao/ros2ws/build/hapthexa_dxl_servo' returned '0': CMAKE_PREFIX_PATH=/home/cao/ros2ws/install/hapthexa_msgs:/home/cao/ros2ws/install/v4l2_camera:/home/cao/ros2ws/install/realsense2_description:/home/cao/ros2ws/install/realsense2_camera_msgs:/home/cao/ros2ws/install/hapthexa_main:/home/cao/ros2ws/install/hapthexa_dxl_servo:/opt/ros/jazzy/opt/gz_math_vendor:/opt/ros/jazzy/opt/gz_utils_vendor:/opt/ros/jazzy/opt/gz_cmake_vendor:/opt/ros/jazzy DEBUGINFOD_URLS=https://debuginfod.ubuntu.com LD_LIBRARY_PATH=/home/cao/ros2ws/install/hapthexa_msgs/lib:/home/cao/ros2ws/install/v4l2_camera/lib:/home/cao/ros2ws/install/realsense2_camera_msgs/lib:/opt/ros/jazzy/opt/rviz_ogre_vendor/lib:/opt/ros/jazzy/lib/aarch64-linux-gnu:/opt/ros/jazzy/opt/gz_math_vendor/lib:/opt/ros/jazzy/opt/gz_utils_vendor/lib:/opt/ros/jazzy/opt/gz_cmake_vendor/lib:/opt/ros/jazzy/lib PYTHONPATH=/home/cao/ros2ws/install/hapthexa_msgs/lib/python3.12/site-packages:/home/cao/ros2ws/install/realsense2_camera_msgs/lib/python3.12/site-packages:/opt/ros/jazzy/lib/python3.12/site-packages /usr/bin/cmake --build /home/cao/ros2ws/build/hapthexa_dxl_servo -- -j4 -l4
[0.628s] Invoking command in '/home/cao/ros2ws/build/hapthexa_dxl_servo': CMAKE_PREFIX_PATH=/home/cao/ros2ws/install/hapthexa_msgs:/home/cao/ros2ws/install/v4l2_camera:/home/cao/ros2ws/install/realsense2_description:/home/cao/ros2ws/install/realsense2_camera_msgs:/home/cao/ros2ws/install/hapthexa_main:/home/cao/ros2ws/install/hapthexa_dxl_servo:/opt/ros/jazzy/opt/gz_math_vendor:/opt/ros/jazzy/opt/gz_utils_vendor:/opt/ros/jazzy/opt/gz_cmake_vendor:/opt/ros/jazzy DEBUGINFOD_URLS=https://debuginfod.ubuntu.com LD_LIBRARY_PATH=/home/cao/ros2ws/install/hapthexa_msgs/lib:/home/cao/ros2ws/install/v4l2_camera/lib:/home/cao/ros2ws/install/realsense2_camera_msgs/lib:/opt/ros/jazzy/opt/rviz_ogre_vendor/lib:/opt/ros/jazzy/lib/aarch64-linux-gnu:/opt/ros/jazzy/opt/gz_math_vendor/lib:/opt/ros/jazzy/opt/gz_utils_vendor/lib:/opt/ros/jazzy/opt/gz_cmake_vendor/lib:/opt/ros/jazzy/lib PYTHONPATH=/home/cao/ros2ws/install/hapthexa_msgs/lib/python3.12/site-packages:/home/cao/ros2ws/install/realsense2_camera_msgs/lib/python3.12/site-packages:/opt/ros/jazzy/lib/python3.12/site-packages /usr/bin/cmake --install /home/cao/ros2ws/build/hapthexa_dxl_servo
[0.663s] -- Install configuration: ""
[0.664s] -- Up-to-date: /home/cao/ros2ws/install/hapthexa_dxl_servo/lib/hapthexa_dxl_servo/hapthexa_servo
[0.665s] -- Up-to-date: /home/cao/ros2ws/install/hapthexa_dxl_servo/lib/hapthexa_dxl_servo/force_sensor.py
[0.665s] -- Up-to-date: /home/cao/ros2ws/install/hapthexa_dxl_servo/lib/hapthexa_dxl_servo/force_sensor_calibrate.py
[0.666s] -- Up-to-date: /home/cao/ros2ws/install/hapthexa_dxl_servo/lib/hapthexa_dxl_servo/forcesensor_read.py
[0.666s] -- Up-to-date: /home/cao/ros2ws/install/hapthexa_dxl_servo/share/hapthexa_dxl_servo/launch.py
[0.667s] -- Up-to-date: /home/cao/ros2ws/install/hapthexa_dxl_servo/share/hapthexa_dxl_servo/config
[0.667s] -- Up-to-date: /home/cao/ros2ws/install/hapthexa_dxl_servo/share/hapthexa_dxl_servo/config/front_left.yaml
[0.669s] -- Up-to-date: /home/cao/ros2ws/install/hapthexa_dxl_servo/share/hapthexa_dxl_servo/config/rear_left.yaml
[0.669s] -- Up-to-date: /home/cao/ros2ws/install/hapthexa_dxl_servo/share/hapthexa_dxl_servo/config/middle_right.yaml
[0.671s] -- Up-to-date: /home/cao/ros2ws/install/hapthexa_dxl_servo/share/hapthexa_dxl_servo/config/rear_right.yaml
[0.671s] -- Up-to-date: /home/cao/ros2ws/install/hapthexa_dxl_servo/share/hapthexa_dxl_servo/config/front_right.yaml
[0.672s] -- Up-to-date: /home/cao/ros2ws/install/hapthexa_dxl_servo/share/hapthexa_dxl_servo/config/middle_left.yaml
[0.673s] -- Up-to-date: /home/cao/ros2ws/install/hapthexa_dxl_servo/share/ament_index/resource_index/package_run_dependencies/hapthexa_dxl_servo
[0.673s] -- Up-to-date: /home/cao/ros2ws/install/hapthexa_dxl_servo/share/ament_index/resource_index/parent_prefix_path/hapthexa_dxl_servo
[0.673s] -- Up-to-date: /home/cao/ros2ws/install/hapthexa_dxl_servo/share/hapthexa_dxl_servo/environment/ament_prefix_path.sh
[0.673s] -- Up-to-date: /home/cao/ros2ws/install/hapthexa_dxl_servo/share/hapthexa_dxl_servo/environment/ament_prefix_path.dsv
[0.673s] -- Up-to-date: /home/cao/ros2ws/install/hapthexa_dxl_servo/share/hapthexa_dxl_servo/environment/path.sh
[0.673s] -- Up-to-date: /home/cao/ros2ws/install/hapthexa_dxl_servo/share/hapthexa_dxl_servo/environment/path.dsv
[0.673s] -- Up-to-date: /home/cao/ros2ws/install/hapthexa_dxl_servo/share/hapthexa_dxl_servo/local_setup.bash
[0.675s] -- Up-to-date: /home/cao/ros2ws/install/hapthexa_dxl_servo/share/hapthexa_dxl_servo/local_setup.sh
[0.676s] -- Up-to-date: /home/cao/ros2ws/install/hapthexa_dxl_servo/share/hapthexa_dxl_servo/local_setup.zsh
[0.676s] -- Up-to-date: /home/cao/ros2ws/install/hapthexa_dxl_servo/share/hapthexa_dxl_servo/local_setup.dsv
[0.676s] -- Installing: /home/cao/ros2ws/install/hapthexa_dxl_servo/share/hapthexa_dxl_servo/package.dsv
[0.676s] -- Up-to-date: /home/cao/ros2ws/install/hapthexa_dxl_servo/share/ament_index/resource_index/packages/hapthexa_dxl_servo
[0.676s] -- Up-to-date: /home/cao/ros2ws/install/hapthexa_dxl_servo/share/hapthexa_dxl_servo/cmake/hapthexa_dxl_servoConfig.cmake
[0.676s] -- Up-to-date: /home/cao/ros2ws/install/hapthexa_dxl_servo/share/hapthexa_dxl_servo/cmake/hapthexa_dxl_servoConfig-version.cmake
[0.677s] -- Up-to-date: /home/cao/ros2ws/install/hapthexa_dxl_servo/share/hapthexa_dxl_servo/package.xml
[0.686s] Invoked command in '/home/cao/ros2ws/build/hapthexa_dxl_servo' returned '0': CMAKE_PREFIX_PATH=/home/cao/ros2ws/install/hapthexa_msgs:/home/cao/ros2ws/install/v4l2_camera:/home/cao/ros2ws/install/realsense2_description:/home/cao/ros2ws/install/realsense2_camera_msgs:/home/cao/ros2ws/install/hapthexa_main:/home/cao/ros2ws/install/hapthexa_dxl_servo:/opt/ros/jazzy/opt/gz_math_vendor:/opt/ros/jazzy/opt/gz_utils_vendor:/opt/ros/jazzy/opt/gz_cmake_vendor:/opt/ros/jazzy DEBUGINFOD_URLS=https://debuginfod.ubuntu.com LD_LIBRARY_PATH=/home/cao/ros2ws/install/hapthexa_msgs/lib:/home/cao/ros2ws/install/v4l2_camera/lib:/home/cao/ros2ws/install/realsense2_camera_msgs/lib:/opt/ros/jazzy/opt/rviz_ogre_vendor/lib:/opt/ros/jazzy/lib/aarch64-linux-gnu:/opt/ros/jazzy/opt/gz_math_vendor/lib:/opt/ros/jazzy/opt/gz_utils_vendor/lib:/opt/ros/jazzy/opt/gz_cmake_vendor/lib:/opt/ros/jazzy/lib PYTHONPATH=/home/cao/ros2ws/install/hapthexa_msgs/lib/python3.12/site-packages:/home/cao/ros2ws/install/realsense2_camera_msgs/lib/python3.12/site-packages:/opt/ros/jazzy/lib/python3.12/site-packages /usr/bin/cmake --install /home/cao/ros2ws/build/hapthexa_dxl_servo
