[  1%] Built target hapthexa_msgs__rosidl_generator_type_description
[  1%] Built target hapthexa_msgs__cpp
[  1%] Built target ament_cmake_python_copy_hapthexa_msgs
[ 27%] Built target hapthexa_msgs__rosidl_generator_c
[ 36%] Built target hapthexa_msgs__rosidl_typesupport_cpp
running egg_info
writing hapthexa_msgs.egg-info/PKG-INFO
writing dependency_links to hapthexa_msgs.egg-info/dependency_links.txt
writing top-level names to hapthexa_msgs.egg-info/top_level.txt
reading manifest file 'hapthexa_msgs.egg-info/SOURCES.txt'
writing manifest file 'hapthexa_msgs.egg-info/SOURCES.txt'
[ 36%] Built target ament_cmake_python_build_hapthexa_msgs_egg
[ 45%] Built target hapthexa_msgs__rosidl_typesupport_introspection_c
[ 55%] Built target hapthexa_msgs__rosidl_typesupport_c
[ 65%] Built target hapthexa_msgs__rosidl_typesupport_introspection_cpp
[ 75%] Built target hapthexa_msgs__rosidl_typesupport_fastrtps_cpp
[ 85%] Built target hapthexa_msgs__rosidl_typesupport_fastrtps_c
[ 85%] Built target hapthexa_msgs
[ 86%] Built target hapthexa_msgs__py
[ 95%] Built target hapthexa_msgs__rosidl_generator_py
[ 96%] Built target hapthexa_msgs_s__rosidl_typesupport_fastrtps_c
[ 98%] Built target hapthexa_msgs_s__rosidl_typesupport_c
[100%] Built target hapthexa_msgs_s__rosidl_typesupport_introspection_c
-- Install configuration: ""
-- Up-to-date: /home/cao/ros2ws/install/hapthexa_msgs/share/ament_index/resource_index/rosidl_interfaces/hapthexa_msgs
-- Up-to-date: /home/cao/ros2ws/install/hapthexa_msgs/share/hapthexa_msgs/action/MoveLeg.json
-- Up-to-date: /home/cao/ros2ws/install/hapthexa_msgs/share/hapthexa_msgs/action/MoveLegArgs.json
-- Up-to-date: /home/cao/ros2ws/install/hapthexa_msgs/share/hapthexa_msgs/action/Gait.json
-- Up-to-date: /home/cao/ros2ws/install/hapthexa_msgs/share/hapthexa_msgs/action/Empty.json
-- Up-to-date: /home/cao/ros2ws/install/hapthexa_msgs/share/hapthexa_msgs/msg/Attitude.json
-- Up-to-date: /home/cao/ros2ws/install/hapthexa_msgs/share/hapthexa_msgs/msg/Empty.json
-- Up-to-date: /home/cao/ros2ws/install/hapthexa_msgs/share/hapthexa_msgs/msg/ForceSensor.json
-- Up-to-date: /home/cao/ros2ws/install/hapthexa_msgs/share/hapthexa_msgs/msg/LegArgs.json
-- Up-to-date: /home/cao/ros2ws/install/hapthexa_msgs/share/hapthexa_msgs/msg/LegPosition.json
-- Up-to-date: /home/cao/ros2ws/install/hapthexa_msgs/share/hapthexa_msgs/srv/GetLegArgs.json
-- Up-to-date: /home/cao/ros2ws/install/hapthexa_msgs/share/hapthexa_msgs/srv/GetLegPosition.json
-- Up-to-date: /home/cao/ros2ws/install/hapthexa_msgs/include/hapthexa_msgs/hapthexa_msgs
-- Up-to-date: /home/cao/ros2ws/install/hapthexa_msgs/include/hapthexa_msgs/hapthexa_msgs/msg
-- Up-to-date: /home/cao/ros2ws/install/hapthexa_msgs/include/hapthexa_msgs/hapthexa_msgs/msg/attitude.h
-- Up-to-date: /home/cao/ros2ws/install/hapthexa_msgs/include/hapthexa_msgs/hapthexa_msgs/msg/empty.h
-- Up-to-date: /home/cao/ros2ws/install/hapthexa_msgs/include/hapthexa_msgs/hapthexa_msgs/msg/leg_position.h
-- Up-to-date: /home/cao/ros2ws/install/hapthexa_msgs/include/hapthexa_msgs/hapthexa_msgs/msg/leg_args.h
-- Up-to-date: /home/cao/ros2ws/install/hapthexa_msgs/include/hapthexa_msgs/hapthexa_msgs/msg/detail
-- Up-to-date: /home/cao/ros2ws/install/hapthexa_msgs/include/hapthexa_msgs/hapthexa_msgs/msg/detail/attitude__functions.c
-- Up-to-date: /home/cao/ros2ws/install/hapthexa_msgs/include/hapthexa_msgs/hapthexa_msgs/msg/detail/empty__description.c
-- Up-to-date: /home/cao/ros2ws/install/hapthexa_msgs/include/hapthexa_msgs/hapthexa_msgs/msg/detail/leg_position__type_support.h
-- Up-to-date: /home/cao/ros2ws/install/hapthexa_msgs/include/hapthexa_msgs/hapthexa_msgs/msg/detail/attitude__type_support.h
-- Up-to-date: /home/cao/ros2ws/install/hapthexa_msgs/include/hapthexa_msgs/hapthexa_msgs/msg/detail/force_sensor__functions.h
-- Installing: /home/cao/ros2ws/install/hapthexa_msgs/include/hapthexa_msgs/hapthexa_msgs/msg/detail/leg_args__type_support.c
-- Up-to-date: /home/cao/ros2ws/install/hapthexa_msgs/include/hapthexa_msgs/hapthexa_msgs/msg/detail/empty__functions.c
-- Up-to-date: /home/cao/ros2ws/install/hapthexa_msgs/include/hapthexa_msgs/hapthexa_msgs/msg/detail/force_sensor__type_support.h
-- Up-to-date: /home/cao/ros2ws/install/hapthexa_msgs/include/hapthexa_msgs/hapthexa_msgs/msg/detail/force_sensor__struct.h
-- Up-to-date: /home/cao/ros2ws/install/hapthexa_msgs/include/hapthexa_msgs/hapthexa_msgs/msg/detail/empty__struct.h
-- Up-to-date: /home/cao/ros2ws/install/hapthexa_msgs/include/hapthexa_msgs/hapthexa_msgs/msg/detail/attitude__struct.h
-- Installing: /home/cao/ros2ws/install/hapthexa_msgs/include/hapthexa_msgs/hapthexa_msgs/msg/detail/empty__type_support.c
-- Up-to-date: /home/cao/ros2ws/install/hapthexa_msgs/include/hapthexa_msgs/hapthexa_msgs/msg/detail/leg_args__functions.c
-- Installing: /home/cao/ros2ws/install/hapthexa_msgs/include/hapthexa_msgs/hapthexa_msgs/msg/detail/force_sensor__type_support.c
-- Up-to-date: /home/cao/ros2ws/install/hapthexa_msgs/include/hapthexa_msgs/hapthexa_msgs/msg/detail/leg_args__struct.h
-- Up-to-date: /home/cao/ros2ws/install/hapthexa_msgs/include/hapthexa_msgs/hapthexa_msgs/msg/detail/attitude__description.c
-- Up-to-date: /home/cao/ros2ws/install/hapthexa_msgs/include/hapthexa_msgs/hapthexa_msgs/msg/detail/leg_position__struct.h
-- Up-to-date: /home/cao/ros2ws/install/hapthexa_msgs/include/hapthexa_msgs/hapthexa_msgs/msg/detail/empty__functions.h
-- Installing: /home/cao/ros2ws/install/hapthexa_msgs/include/hapthexa_msgs/hapthexa_msgs/msg/detail/leg_position__type_support.c
-- Up-to-date: /home/cao/ros2ws/install/hapthexa_msgs/include/hapthexa_msgs/hapthexa_msgs/msg/detail/leg_args__description.c
-- Up-to-date: /home/cao/ros2ws/install/hapthexa_msgs/include/hapthexa_msgs/hapthexa_msgs/msg/detail/leg_position__functions.c
-- Up-to-date: /home/cao/ros2ws/install/hapthexa_msgs/include/hapthexa_msgs/hapthexa_msgs/msg/detail/force_sensor__functions.c
-- Up-to-date: /home/cao/ros2ws/install/hapthexa_msgs/include/hapthexa_msgs/hapthexa_msgs/msg/detail/leg_position__description.c
-- Installing: /home/cao/ros2ws/install/hapthexa_msgs/include/hapthexa_msgs/hapthexa_msgs/msg/detail/attitude__type_support.c
-- Up-to-date: /home/cao/ros2ws/install/hapthexa_msgs/include/hapthexa_msgs/hapthexa_msgs/msg/detail/empty__type_support.h
-- Up-to-date: /home/cao/ros2ws/install/hapthexa_msgs/include/hapthexa_msgs/hapthexa_msgs/msg/detail/leg_position__functions.h
-- Up-to-date: /home/cao/ros2ws/install/hapthexa_msgs/include/hapthexa_msgs/hapthexa_msgs/msg/detail/attitude__functions.h
-- Up-to-date: /home/cao/ros2ws/install/hapthexa_msgs/include/hapthexa_msgs/hapthexa_msgs/msg/detail/leg_args__type_support.h
-- Up-to-date: /home/cao/ros2ws/install/hapthexa_msgs/include/hapthexa_msgs/hapthexa_msgs/msg/detail/force_sensor__description.c
-- Up-to-date: /home/cao/ros2ws/install/hapthexa_msgs/include/hapthexa_msgs/hapthexa_msgs/msg/detail/leg_args__functions.h
-- Up-to-date: /home/cao/ros2ws/install/hapthexa_msgs/include/hapthexa_msgs/hapthexa_msgs/msg/rosidl_generator_c__visibility_control.h
-- Up-to-date: /home/cao/ros2ws/install/hapthexa_msgs/include/hapthexa_msgs/hapthexa_msgs/msg/force_sensor.h
-- Up-to-date: /home/cao/ros2ws/install/hapthexa_msgs/include/hapthexa_msgs/hapthexa_msgs/srv
-- Up-to-date: /home/cao/ros2ws/install/hapthexa_msgs/include/hapthexa_msgs/hapthexa_msgs/srv/get_leg_position.h
-- Up-to-date: /home/cao/ros2ws/install/hapthexa_msgs/include/hapthexa_msgs/hapthexa_msgs/srv/detail
-- Up-to-date: /home/cao/ros2ws/install/hapthexa_msgs/include/hapthexa_msgs/hapthexa_msgs/srv/detail/get_leg_args__struct.h
-- Installing: /home/cao/ros2ws/install/hapthexa_msgs/include/hapthexa_msgs/hapthexa_msgs/srv/detail/get_leg_position__type_support.c
-- Up-to-date: /home/cao/ros2ws/install/hapthexa_msgs/include/hapthexa_msgs/hapthexa_msgs/srv/detail/get_leg_args__description.c
-- Up-to-date: /home/cao/ros2ws/install/hapthexa_msgs/include/hapthexa_msgs/hapthexa_msgs/srv/detail/get_leg_position__type_support.h
-- Up-to-date: /home/cao/ros2ws/install/hapthexa_msgs/include/hapthexa_msgs/hapthexa_msgs/srv/detail/get_leg_args__functions.h
-- Up-to-date: /home/cao/ros2ws/install/hapthexa_msgs/include/hapthexa_msgs/hapthexa_msgs/srv/detail/get_leg_position__functions.h
-- Up-to-date: /home/cao/ros2ws/install/hapthexa_msgs/include/hapthexa_msgs/hapthexa_msgs/srv/detail/get_leg_position__description.c
-- Installing: /home/cao/ros2ws/install/hapthexa_msgs/include/hapthexa_msgs/hapthexa_msgs/srv/detail/get_leg_args__type_support.c
-- Up-to-date: /home/cao/ros2ws/install/hapthexa_msgs/include/hapthexa_msgs/hapthexa_msgs/srv/detail/get_leg_position__struct.h
-- Up-to-date: /home/cao/ros2ws/install/hapthexa_msgs/include/hapthexa_msgs/hapthexa_msgs/srv/detail/get_leg_position__functions.c
-- Up-to-date: /home/cao/ros2ws/install/hapthexa_msgs/include/hapthexa_msgs/hapthexa_msgs/srv/detail/get_leg_args__functions.c
-- Up-to-date: /home/cao/ros2ws/install/hapthexa_msgs/include/hapthexa_msgs/hapthexa_msgs/srv/detail/get_leg_args__type_support.h
-- Up-to-date: /home/cao/ros2ws/install/hapthexa_msgs/include/hapthexa_msgs/hapthexa_msgs/srv/get_leg_args.h
-- Up-to-date: /home/cao/ros2ws/install/hapthexa_msgs/include/hapthexa_msgs/hapthexa_msgs/action
-- Up-to-date: /home/cao/ros2ws/install/hapthexa_msgs/include/hapthexa_msgs/hapthexa_msgs/action/move_leg_args.h
-- Up-to-date: /home/cao/ros2ws/install/hapthexa_msgs/include/hapthexa_msgs/hapthexa_msgs/action/empty.h
-- Up-to-date: /home/cao/ros2ws/install/hapthexa_msgs/include/hapthexa_msgs/hapthexa_msgs/action/gait.h
-- Up-to-date: /home/cao/ros2ws/install/hapthexa_msgs/include/hapthexa_msgs/hapthexa_msgs/action/detail
-- Up-to-date: /home/cao/ros2ws/install/hapthexa_msgs/include/hapthexa_msgs/hapthexa_msgs/action/detail/move_leg__functions.c
-- Up-to-date: /home/cao/ros2ws/install/hapthexa_msgs/include/hapthexa_msgs/hapthexa_msgs/action/detail/move_leg__struct.h
-- Up-to-date: /home/cao/ros2ws/install/hapthexa_msgs/include/hapthexa_msgs/hapthexa_msgs/action/detail/empty__description.c
-- Up-to-date: /home/cao/ros2ws/install/hapthexa_msgs/include/hapthexa_msgs/hapthexa_msgs/action/detail/gait__type_support.h
-- Installing: /home/cao/ros2ws/install/hapthexa_msgs/include/hapthexa_msgs/hapthexa_msgs/action/detail/move_leg_args__type_support.c
-- Up-to-date: /home/cao/ros2ws/install/hapthexa_msgs/include/hapthexa_msgs/hapthexa_msgs/action/detail/move_leg_args__functions.c
-- Up-to-date: /home/cao/ros2ws/install/hapthexa_msgs/include/hapthexa_msgs/hapthexa_msgs/action/detail/gait__struct.h
-- Up-to-date: /home/cao/ros2ws/install/hapthexa_msgs/include/hapthexa_msgs/hapthexa_msgs/action/detail/gait__functions.c
-- Up-to-date: /home/cao/ros2ws/install/hapthexa_msgs/include/hapthexa_msgs/hapthexa_msgs/action/detail/empty__functions.c
-- Up-to-date: /home/cao/ros2ws/install/hapthexa_msgs/include/hapthexa_msgs/hapthexa_msgs/action/detail/empty__struct.h
-- Installing: /home/cao/ros2ws/install/hapthexa_msgs/include/hapthexa_msgs/hapthexa_msgs/action/detail/empty__type_support.c
-- Up-to-date: /home/cao/ros2ws/install/hapthexa_msgs/include/hapthexa_msgs/hapthexa_msgs/action/detail/move_leg_args__type_support.h
-- Up-to-date: /home/cao/ros2ws/install/hapthexa_msgs/include/hapthexa_msgs/hapthexa_msgs/action/detail/move_leg_args__description.c
-- Up-to-date: /home/cao/ros2ws/install/hapthexa_msgs/include/hapthexa_msgs/hapthexa_msgs/action/detail/move_leg_args__struct.h
-- Up-to-date: /home/cao/ros2ws/install/hapthexa_msgs/include/hapthexa_msgs/hapthexa_msgs/action/detail/move_leg_args__functions.h
-- Up-to-date: /home/cao/ros2ws/install/hapthexa_msgs/include/hapthexa_msgs/hapthexa_msgs/action/detail/move_leg__type_support.h
-- Up-to-date: /home/cao/ros2ws/install/hapthexa_msgs/include/hapthexa_msgs/hapthexa_msgs/action/detail/move_leg__description.c
-- Installing: /home/cao/ros2ws/install/hapthexa_msgs/include/hapthexa_msgs/hapthexa_msgs/action/detail/move_leg__type_support.c
-- Up-to-date: /home/cao/ros2ws/install/hapthexa_msgs/include/hapthexa_msgs/hapthexa_msgs/action/detail/empty__functions.h
-- Up-to-date: /home/cao/ros2ws/install/hapthexa_msgs/include/hapthexa_msgs/hapthexa_msgs/action/detail/move_leg__functions.h
-- Up-to-date: /home/cao/ros2ws/install/hapthexa_msgs/include/hapthexa_msgs/hapthexa_msgs/action/detail/empty__type_support.h
-- Installing: /home/cao/ros2ws/install/hapthexa_msgs/include/hapthexa_msgs/hapthexa_msgs/action/detail/gait__type_support.c
-- Up-to-date: /home/cao/ros2ws/install/hapthexa_msgs/include/hapthexa_msgs/hapthexa_msgs/action/detail/gait__description.c
-- Up-to-date: /home/cao/ros2ws/install/hapthexa_msgs/include/hapthexa_msgs/hapthexa_msgs/action/detail/gait__functions.h
-- Up-to-date: /home/cao/ros2ws/install/hapthexa_msgs/include/hapthexa_msgs/hapthexa_msgs/action/move_leg.h
-- Up-to-date: /home/cao/ros2ws/install/hapthexa_msgs/share/hapthexa_msgs/environment/library_path.sh
-- Up-to-date: /home/cao/ros2ws/install/hapthexa_msgs/share/hapthexa_msgs/environment/library_path.dsv
-- Up-to-date: /home/cao/ros2ws/install/hapthexa_msgs/lib/libhapthexa_msgs__rosidl_generator_c.so
-- Up-to-date: /home/cao/ros2ws/install/hapthexa_msgs/include/hapthexa_msgs/hapthexa_msgs
-- Up-to-date: /home/cao/ros2ws/install/hapthexa_msgs/include/hapthexa_msgs/hapthexa_msgs/msg
-- Up-to-date: /home/cao/ros2ws/install/hapthexa_msgs/include/hapthexa_msgs/hapthexa_msgs/msg/rosidl_typesupport_fastrtps_c__visibility_control.h
-- Up-to-date: /home/cao/ros2ws/install/hapthexa_msgs/include/hapthexa_msgs/hapthexa_msgs/msg/detail
-- Up-to-date: /home/cao/ros2ws/install/hapthexa_msgs/include/hapthexa_msgs/hapthexa_msgs/msg/detail/empty__rosidl_typesupport_fastrtps_c.h
-- Up-to-date: /home/cao/ros2ws/install/hapthexa_msgs/include/hapthexa_msgs/hapthexa_msgs/msg/detail/leg_position__rosidl_typesupport_fastrtps_c.h
-- Up-to-date: /home/cao/ros2ws/install/hapthexa_msgs/include/hapthexa_msgs/hapthexa_msgs/msg/detail/force_sensor__rosidl_typesupport_fastrtps_c.h
-- Up-to-date: /home/cao/ros2ws/install/hapthexa_msgs/include/hapthexa_msgs/hapthexa_msgs/msg/detail/attitude__rosidl_typesupport_fastrtps_c.h
-- Up-to-date: /home/cao/ros2ws/install/hapthexa_msgs/include/hapthexa_msgs/hapthexa_msgs/msg/detail/leg_args__rosidl_typesupport_fastrtps_c.h
-- Up-to-date: /home/cao/ros2ws/install/hapthexa_msgs/include/hapthexa_msgs/hapthexa_msgs/srv
-- Up-to-date: /home/cao/ros2ws/install/hapthexa_msgs/include/hapthexa_msgs/hapthexa_msgs/srv/detail
-- Up-to-date: /home/cao/ros2ws/install/hapthexa_msgs/include/hapthexa_msgs/hapthexa_msgs/srv/detail/get_leg_position__rosidl_typesupport_fastrtps_c.h
-- Up-to-date: /home/cao/ros2ws/install/hapthexa_msgs/include/hapthexa_msgs/hapthexa_msgs/srv/detail/get_leg_args__rosidl_typesupport_fastrtps_c.h
-- Up-to-date: /home/cao/ros2ws/install/hapthexa_msgs/include/hapthexa_msgs/hapthexa_msgs/action
-- Up-to-date: /home/cao/ros2ws/install/hapthexa_msgs/include/hapthexa_msgs/hapthexa_msgs/action/detail
-- Up-to-date: /home/cao/ros2ws/install/hapthexa_msgs/include/hapthexa_msgs/hapthexa_msgs/action/detail/empty__rosidl_typesupport_fastrtps_c.h
-- Up-to-date: /home/cao/ros2ws/install/hapthexa_msgs/include/hapthexa_msgs/hapthexa_msgs/action/detail/move_leg_args__rosidl_typesupport_fastrtps_c.h
-- Up-to-date: /home/cao/ros2ws/install/hapthexa_msgs/include/hapthexa_msgs/hapthexa_msgs/action/detail/move_leg__rosidl_typesupport_fastrtps_c.h
-- Up-to-date: /home/cao/ros2ws/install/hapthexa_msgs/include/hapthexa_msgs/hapthexa_msgs/action/detail/gait__rosidl_typesupport_fastrtps_c.h
-- Up-to-date: /home/cao/ros2ws/install/hapthexa_msgs/lib/libhapthexa_msgs__rosidl_typesupport_fastrtps_c.so
-- Up-to-date: /home/cao/ros2ws/install/hapthexa_msgs/include/hapthexa_msgs/hapthexa_msgs
-- Up-to-date: /home/cao/ros2ws/install/hapthexa_msgs/include/hapthexa_msgs/hapthexa_msgs/msg
-- Up-to-date: /home/cao/ros2ws/install/hapthexa_msgs/include/hapthexa_msgs/hapthexa_msgs/msg/force_sensor.hpp
-- Up-to-date: /home/cao/ros2ws/install/hapthexa_msgs/include/hapthexa_msgs/hapthexa_msgs/msg/rosidl_generator_cpp__visibility_control.hpp
-- Up-to-date: /home/cao/ros2ws/install/hapthexa_msgs/include/hapthexa_msgs/hapthexa_msgs/msg/detail
-- Up-to-date: /home/cao/ros2ws/install/hapthexa_msgs/include/hapthexa_msgs/hapthexa_msgs/msg/detail/force_sensor__builder.hpp
-- Up-to-date: /home/cao/ros2ws/install/hapthexa_msgs/include/hapthexa_msgs/hapthexa_msgs/msg/detail/leg_args__traits.hpp
-- Up-to-date: /home/cao/ros2ws/install/hapthexa_msgs/include/hapthexa_msgs/hapthexa_msgs/msg/detail/attitude__traits.hpp
-- Up-to-date: /home/cao/ros2ws/install/hapthexa_msgs/include/hapthexa_msgs/hapthexa_msgs/msg/detail/empty__type_support.hpp
-- Up-to-date: /home/cao/ros2ws/install/hapthexa_msgs/include/hapthexa_msgs/hapthexa_msgs/msg/detail/attitude__builder.hpp
-- Up-to-date: /home/cao/ros2ws/install/hapthexa_msgs/include/hapthexa_msgs/hapthexa_msgs/msg/detail/leg_position__builder.hpp
-- Up-to-date: /home/cao/ros2ws/install/hapthexa_msgs/include/hapthexa_msgs/hapthexa_msgs/msg/detail/leg_args__type_support.hpp
-- Up-to-date: /home/cao/ros2ws/install/hapthexa_msgs/include/hapthexa_msgs/hapthexa_msgs/msg/detail/force_sensor__type_support.hpp
-- Up-to-date: /home/cao/ros2ws/install/hapthexa_msgs/include/hapthexa_msgs/hapthexa_msgs/msg/detail/attitude__struct.hpp
-- Up-to-date: /home/cao/ros2ws/install/hapthexa_msgs/include/hapthexa_msgs/hapthexa_msgs/msg/detail/empty__builder.hpp
-- Up-to-date: /home/cao/ros2ws/install/hapthexa_msgs/include/hapthexa_msgs/hapthexa_msgs/msg/detail/empty__struct.hpp
-- Up-to-date: /home/cao/ros2ws/install/hapthexa_msgs/include/hapthexa_msgs/hapthexa_msgs/msg/detail/empty__traits.hpp
-- Up-to-date: /home/cao/ros2ws/install/hapthexa_msgs/include/hapthexa_msgs/hapthexa_msgs/msg/detail/leg_args__builder.hpp
-- Up-to-date: /home/cao/ros2ws/install/hapthexa_msgs/include/hapthexa_msgs/hapthexa_msgs/msg/detail/force_sensor__struct.hpp
-- Up-to-date: /home/cao/ros2ws/install/hapthexa_msgs/include/hapthexa_msgs/hapthexa_msgs/msg/detail/attitude__type_support.hpp
-- Up-to-date: /home/cao/ros2ws/install/hapthexa_msgs/include/hapthexa_msgs/hapthexa_msgs/msg/detail/leg_position__traits.hpp
-- Up-to-date: /home/cao/ros2ws/install/hapthexa_msgs/include/hapthexa_msgs/hapthexa_msgs/msg/detail/leg_position__struct.hpp
-- Up-to-date: /home/cao/ros2ws/install/hapthexa_msgs/include/hapthexa_msgs/hapthexa_msgs/msg/detail/leg_args__struct.hpp
-- Up-to-date: /home/cao/ros2ws/install/hapthexa_msgs/include/hapthexa_msgs/hapthexa_msgs/msg/detail/leg_position__type_support.hpp
-- Up-to-date: /home/cao/ros2ws/install/hapthexa_msgs/include/hapthexa_msgs/hapthexa_msgs/msg/detail/force_sensor__traits.hpp
-- Up-to-date: /home/cao/ros2ws/install/hapthexa_msgs/include/hapthexa_msgs/hapthexa_msgs/msg/leg_position.hpp
-- Up-to-date: /home/cao/ros2ws/install/hapthexa_msgs/include/hapthexa_msgs/hapthexa_msgs/msg/leg_args.hpp
-- Up-to-date: /home/cao/ros2ws/install/hapthexa_msgs/include/hapthexa_msgs/hapthexa_msgs/msg/attitude.hpp
-- Up-to-date: /home/cao/ros2ws/install/hapthexa_msgs/include/hapthexa_msgs/hapthexa_msgs/msg/empty.hpp
-- Up-to-date: /home/cao/ros2ws/install/hapthexa_msgs/include/hapthexa_msgs/hapthexa_msgs/srv
-- Up-to-date: /home/cao/ros2ws/install/hapthexa_msgs/include/hapthexa_msgs/hapthexa_msgs/srv/get_leg_position.hpp
-- Up-to-date: /home/cao/ros2ws/install/hapthexa_msgs/include/hapthexa_msgs/hapthexa_msgs/srv/detail
-- Up-to-date: /home/cao/ros2ws/install/hapthexa_msgs/include/hapthexa_msgs/hapthexa_msgs/srv/detail/get_leg_args__traits.hpp
-- Up-to-date: /home/cao/ros2ws/install/hapthexa_msgs/include/hapthexa_msgs/hapthexa_msgs/srv/detail/get_leg_position__builder.hpp
-- Up-to-date: /home/cao/ros2ws/install/hapthexa_msgs/include/hapthexa_msgs/hapthexa_msgs/srv/detail/get_leg_args__type_support.hpp
-- Up-to-date: /home/cao/ros2ws/install/hapthexa_msgs/include/hapthexa_msgs/hapthexa_msgs/srv/detail/get_leg_position__traits.hpp
-- Up-to-date: /home/cao/ros2ws/install/hapthexa_msgs/include/hapthexa_msgs/hapthexa_msgs/srv/detail/get_leg_args__struct.hpp
-- Up-to-date: /home/cao/ros2ws/install/hapthexa_msgs/include/hapthexa_msgs/hapthexa_msgs/srv/detail/get_leg_args__builder.hpp
-- Up-to-date: /home/cao/ros2ws/install/hapthexa_msgs/include/hapthexa_msgs/hapthexa_msgs/srv/detail/get_leg_position__struct.hpp
-- Up-to-date: /home/cao/ros2ws/install/hapthexa_msgs/include/hapthexa_msgs/hapthexa_msgs/srv/detail/get_leg_position__type_support.hpp
-- Up-to-date: /home/cao/ros2ws/install/hapthexa_msgs/include/hapthexa_msgs/hapthexa_msgs/srv/get_leg_args.hpp
-- Up-to-date: /home/cao/ros2ws/install/hapthexa_msgs/include/hapthexa_msgs/hapthexa_msgs/action
-- Up-to-date: /home/cao/ros2ws/install/hapthexa_msgs/include/hapthexa_msgs/hapthexa_msgs/action/move_leg_args.hpp
-- Up-to-date: /home/cao/ros2ws/install/hapthexa_msgs/include/hapthexa_msgs/hapthexa_msgs/action/detail
-- Up-to-date: /home/cao/ros2ws/install/hapthexa_msgs/include/hapthexa_msgs/hapthexa_msgs/action/detail/gait__struct.hpp
-- Up-to-date: /home/cao/ros2ws/install/hapthexa_msgs/include/hapthexa_msgs/hapthexa_msgs/action/detail/move_leg__builder.hpp
-- Up-to-date: /home/cao/ros2ws/install/hapthexa_msgs/include/hapthexa_msgs/hapthexa_msgs/action/detail/empty__type_support.hpp
-- Up-to-date: /home/cao/ros2ws/install/hapthexa_msgs/include/hapthexa_msgs/hapthexa_msgs/action/detail/gait__traits.hpp
-- Up-to-date: /home/cao/ros2ws/install/hapthexa_msgs/include/hapthexa_msgs/hapthexa_msgs/action/detail/empty__builder.hpp
-- Up-to-date: /home/cao/ros2ws/install/hapthexa_msgs/include/hapthexa_msgs/hapthexa_msgs/action/detail/empty__struct.hpp
-- Up-to-date: /home/cao/ros2ws/install/hapthexa_msgs/include/hapthexa_msgs/hapthexa_msgs/action/detail/move_leg_args__struct.hpp
-- Up-to-date: /home/cao/ros2ws/install/hapthexa_msgs/include/hapthexa_msgs/hapthexa_msgs/action/detail/empty__traits.hpp
-- Up-to-date: /home/cao/ros2ws/install/hapthexa_msgs/include/hapthexa_msgs/hapthexa_msgs/action/detail/move_leg_args__type_support.hpp
-- Up-to-date: /home/cao/ros2ws/install/hapthexa_msgs/include/hapthexa_msgs/hapthexa_msgs/action/detail/gait__type_support.hpp
-- Up-to-date: /home/cao/ros2ws/install/hapthexa_msgs/include/hapthexa_msgs/hapthexa_msgs/action/detail/move_leg_args__builder.hpp
-- Up-to-date: /home/cao/ros2ws/install/hapthexa_msgs/include/hapthexa_msgs/hapthexa_msgs/action/detail/move_leg__struct.hpp
-- Up-to-date: /home/cao/ros2ws/install/hapthexa_msgs/include/hapthexa_msgs/hapthexa_msgs/action/detail/gait__builder.hpp
-- Up-to-date: /home/cao/ros2ws/install/hapthexa_msgs/include/hapthexa_msgs/hapthexa_msgs/action/detail/move_leg__type_support.hpp
-- Up-to-date: /home/cao/ros2ws/install/hapthexa_msgs/include/hapthexa_msgs/hapthexa_msgs/action/detail/move_leg__traits.hpp
-- Up-to-date: /home/cao/ros2ws/install/hapthexa_msgs/include/hapthexa_msgs/hapthexa_msgs/action/detail/move_leg_args__traits.hpp
-- Up-to-date: /home/cao/ros2ws/install/hapthexa_msgs/include/hapthexa_msgs/hapthexa_msgs/action/gait.hpp
-- Up-to-date: /home/cao/ros2ws/install/hapthexa_msgs/include/hapthexa_msgs/hapthexa_msgs/action/move_leg.hpp
-- Up-to-date: /home/cao/ros2ws/install/hapthexa_msgs/include/hapthexa_msgs/hapthexa_msgs/action/empty.hpp
-- Up-to-date: /home/cao/ros2ws/install/hapthexa_msgs/include/hapthexa_msgs/hapthexa_msgs
-- Up-to-date: /home/cao/ros2ws/install/hapthexa_msgs/include/hapthexa_msgs/hapthexa_msgs/msg
-- Up-to-date: /home/cao/ros2ws/install/hapthexa_msgs/include/hapthexa_msgs/hapthexa_msgs/msg/rosidl_typesupport_fastrtps_cpp__visibility_control.h
-- Up-to-date: /home/cao/ros2ws/install/hapthexa_msgs/include/hapthexa_msgs/hapthexa_msgs/msg/detail
-- Up-to-date: /home/cao/ros2ws/install/hapthexa_msgs/include/hapthexa_msgs/hapthexa_msgs/msg/detail/attitude__rosidl_typesupport_fastrtps_cpp.hpp
-- Up-to-date: /home/cao/ros2ws/install/hapthexa_msgs/include/hapthexa_msgs/hapthexa_msgs/msg/detail/empty__rosidl_typesupport_fastrtps_cpp.hpp
-- Up-to-date: /home/cao/ros2ws/install/hapthexa_msgs/include/hapthexa_msgs/hapthexa_msgs/msg/detail/force_sensor__rosidl_typesupport_fastrtps_cpp.hpp
-- Up-to-date: /home/cao/ros2ws/install/hapthexa_msgs/include/hapthexa_msgs/hapthexa_msgs/msg/detail/leg_position__rosidl_typesupport_fastrtps_cpp.hpp
-- Up-to-date: /home/cao/ros2ws/install/hapthexa_msgs/include/hapthexa_msgs/hapthexa_msgs/msg/detail/dds_fastrtps
-- Up-to-date: /home/cao/ros2ws/install/hapthexa_msgs/include/hapthexa_msgs/hapthexa_msgs/msg/detail/leg_args__rosidl_typesupport_fastrtps_cpp.hpp
-- Up-to-date: /home/cao/ros2ws/install/hapthexa_msgs/include/hapthexa_msgs/hapthexa_msgs/srv
-- Up-to-date: /home/cao/ros2ws/install/hapthexa_msgs/include/hapthexa_msgs/hapthexa_msgs/srv/detail
-- Up-to-date: /home/cao/ros2ws/install/hapthexa_msgs/include/hapthexa_msgs/hapthexa_msgs/srv/detail/get_leg_position__rosidl_typesupport_fastrtps_cpp.hpp
-- Up-to-date: /home/cao/ros2ws/install/hapthexa_msgs/include/hapthexa_msgs/hapthexa_msgs/srv/detail/get_leg_args__rosidl_typesupport_fastrtps_cpp.hpp
-- Up-to-date: /home/cao/ros2ws/install/hapthexa_msgs/include/hapthexa_msgs/hapthexa_msgs/srv/detail/dds_fastrtps
-- Up-to-date: /home/cao/ros2ws/install/hapthexa_msgs/include/hapthexa_msgs/hapthexa_msgs/action
-- Up-to-date: /home/cao/ros2ws/install/hapthexa_msgs/include/hapthexa_msgs/hapthexa_msgs/action/detail
-- Up-to-date: /home/cao/ros2ws/install/hapthexa_msgs/include/hapthexa_msgs/hapthexa_msgs/action/detail/empty__rosidl_typesupport_fastrtps_cpp.hpp
-- Up-to-date: /home/cao/ros2ws/install/hapthexa_msgs/include/hapthexa_msgs/hapthexa_msgs/action/detail/dds_fastrtps
-- Up-to-date: /home/cao/ros2ws/install/hapthexa_msgs/include/hapthexa_msgs/hapthexa_msgs/action/detail/move_leg_args__rosidl_typesupport_fastrtps_cpp.hpp
-- Up-to-date: /home/cao/ros2ws/install/hapthexa_msgs/include/hapthexa_msgs/hapthexa_msgs/action/detail/gait__rosidl_typesupport_fastrtps_cpp.hpp
-- Up-to-date: /home/cao/ros2ws/install/hapthexa_msgs/include/hapthexa_msgs/hapthexa_msgs/action/detail/move_leg__rosidl_typesupport_fastrtps_cpp.hpp
-- Up-to-date: /home/cao/ros2ws/install/hapthexa_msgs/lib/libhapthexa_msgs__rosidl_typesupport_fastrtps_cpp.so
-- Up-to-date: /home/cao/ros2ws/install/hapthexa_msgs/include/hapthexa_msgs/hapthexa_msgs
-- Up-to-date: /home/cao/ros2ws/install/hapthexa_msgs/include/hapthexa_msgs/hapthexa_msgs/msg
-- Up-to-date: /home/cao/ros2ws/install/hapthexa_msgs/include/hapthexa_msgs/hapthexa_msgs/msg/rosidl_typesupport_introspection_c__visibility_control.h
-- Up-to-date: /home/cao/ros2ws/install/hapthexa_msgs/include/hapthexa_msgs/hapthexa_msgs/msg/detail
-- Installing: /home/cao/ros2ws/install/hapthexa_msgs/include/hapthexa_msgs/hapthexa_msgs/msg/detail/leg_args__type_support.c
-- Up-to-date: /home/cao/ros2ws/install/hapthexa_msgs/include/hapthexa_msgs/hapthexa_msgs/msg/detail/attitude__rosidl_typesupport_introspection_c.h
-- Installing: /home/cao/ros2ws/install/hapthexa_msgs/include/hapthexa_msgs/hapthexa_msgs/msg/detail/empty__type_support.c
-- Installing: /home/cao/ros2ws/install/hapthexa_msgs/include/hapthexa_msgs/hapthexa_msgs/msg/detail/force_sensor__type_support.c
-- Installing: /home/cao/ros2ws/install/hapthexa_msgs/include/hapthexa_msgs/hapthexa_msgs/msg/detail/leg_position__type_support.c
-- Up-to-date: /home/cao/ros2ws/install/hapthexa_msgs/include/hapthexa_msgs/hapthexa_msgs/msg/detail/force_sensor__rosidl_typesupport_introspection_c.h
-- Installing: /home/cao/ros2ws/install/hapthexa_msgs/include/hapthexa_msgs/hapthexa_msgs/msg/detail/attitude__type_support.c
-- Up-to-date: /home/cao/ros2ws/install/hapthexa_msgs/include/hapthexa_msgs/hapthexa_msgs/msg/detail/empty__rosidl_typesupport_introspection_c.h
-- Up-to-date: /home/cao/ros2ws/install/hapthexa_msgs/include/hapthexa_msgs/hapthexa_msgs/msg/detail/leg_position__rosidl_typesupport_introspection_c.h
-- Up-to-date: /home/cao/ros2ws/install/hapthexa_msgs/include/hapthexa_msgs/hapthexa_msgs/msg/detail/leg_args__rosidl_typesupport_introspection_c.h
-- Up-to-date: /home/cao/ros2ws/install/hapthexa_msgs/include/hapthexa_msgs/hapthexa_msgs/srv
-- Up-to-date: /home/cao/ros2ws/install/hapthexa_msgs/include/hapthexa_msgs/hapthexa_msgs/srv/detail
-- Installing: /home/cao/ros2ws/install/hapthexa_msgs/include/hapthexa_msgs/hapthexa_msgs/srv/detail/get_leg_position__type_support.c
-- Up-to-date: /home/cao/ros2ws/install/hapthexa_msgs/include/hapthexa_msgs/hapthexa_msgs/srv/detail/get_leg_position__rosidl_typesupport_introspection_c.h
-- Up-to-date: /home/cao/ros2ws/install/hapthexa_msgs/include/hapthexa_msgs/hapthexa_msgs/srv/detail/get_leg_args__rosidl_typesupport_introspection_c.h
-- Installing: /home/cao/ros2ws/install/hapthexa_msgs/include/hapthexa_msgs/hapthexa_msgs/srv/detail/get_leg_args__type_support.c
-- Up-to-date: /home/cao/ros2ws/install/hapthexa_msgs/include/hapthexa_msgs/hapthexa_msgs/action
-- Up-to-date: /home/cao/ros2ws/install/hapthexa_msgs/include/hapthexa_msgs/hapthexa_msgs/action/detail
-- Up-to-date: /home/cao/ros2ws/install/hapthexa_msgs/include/hapthexa_msgs/hapthexa_msgs/action/detail/gait__rosidl_typesupport_introspection_c.h
-- Up-to-date: /home/cao/ros2ws/install/hapthexa_msgs/include/hapthexa_msgs/hapthexa_msgs/action/detail/move_leg__rosidl_typesupport_introspection_c.h
-- Installing: /home/cao/ros2ws/install/hapthexa_msgs/include/hapthexa_msgs/hapthexa_msgs/action/detail/move_leg_args__type_support.c
-- Installing: /home/cao/ros2ws/install/hapthexa_msgs/include/hapthexa_msgs/hapthexa_msgs/action/detail/empty__type_support.c
-- Installing: /home/cao/ros2ws/install/hapthexa_msgs/include/hapthexa_msgs/hapthexa_msgs/action/detail/move_leg__type_support.c
-- Up-to-date: /home/cao/ros2ws/install/hapthexa_msgs/include/hapthexa_msgs/hapthexa_msgs/action/detail/empty__rosidl_typesupport_introspection_c.h
-- Installing: /home/cao/ros2ws/install/hapthexa_msgs/include/hapthexa_msgs/hapthexa_msgs/action/detail/gait__type_support.c
-- Up-to-date: /home/cao/ros2ws/install/hapthexa_msgs/include/hapthexa_msgs/hapthexa_msgs/action/detail/move_leg_args__rosidl_typesupport_introspection_c.h
-- Up-to-date: /home/cao/ros2ws/install/hapthexa_msgs/lib/libhapthexa_msgs__rosidl_typesupport_introspection_c.so
-- Up-to-date: /home/cao/ros2ws/install/hapthexa_msgs/lib/libhapthexa_msgs__rosidl_typesupport_c.so
-- Up-to-date: /home/cao/ros2ws/install/hapthexa_msgs/include/hapthexa_msgs/hapthexa_msgs
-- Up-to-date: /home/cao/ros2ws/install/hapthexa_msgs/include/hapthexa_msgs/hapthexa_msgs/msg
-- Up-to-date: /home/cao/ros2ws/install/hapthexa_msgs/include/hapthexa_msgs/hapthexa_msgs/msg/detail
-- Up-to-date: /home/cao/ros2ws/install/hapthexa_msgs/include/hapthexa_msgs/hapthexa_msgs/msg/detail/attitude__rosidl_typesupport_introspection_cpp.hpp
-- Up-to-date: /home/cao/ros2ws/install/hapthexa_msgs/include/hapthexa_msgs/hapthexa_msgs/msg/detail/leg_position__type_support.cpp
-- Up-to-date: /home/cao/ros2ws/install/hapthexa_msgs/include/hapthexa_msgs/hapthexa_msgs/msg/detail/force_sensor__type_support.cpp
-- Up-to-date: /home/cao/ros2ws/install/hapthexa_msgs/include/hapthexa_msgs/hapthexa_msgs/msg/detail/attitude__type_support.cpp
-- Up-to-date: /home/cao/ros2ws/install/hapthexa_msgs/include/hapthexa_msgs/hapthexa_msgs/msg/detail/leg_position__rosidl_typesupport_introspection_cpp.hpp
-- Up-to-date: /home/cao/ros2ws/install/hapthexa_msgs/include/hapthexa_msgs/hapthexa_msgs/msg/detail/empty__rosidl_typesupport_introspection_cpp.hpp
-- Up-to-date: /home/cao/ros2ws/install/hapthexa_msgs/include/hapthexa_msgs/hapthexa_msgs/msg/detail/leg_args__type_support.cpp
-- Up-to-date: /home/cao/ros2ws/install/hapthexa_msgs/include/hapthexa_msgs/hapthexa_msgs/msg/detail/force_sensor__rosidl_typesupport_introspection_cpp.hpp
-- Up-to-date: /home/cao/ros2ws/install/hapthexa_msgs/include/hapthexa_msgs/hapthexa_msgs/msg/detail/leg_args__rosidl_typesupport_introspection_cpp.hpp
-- Up-to-date: /home/cao/ros2ws/install/hapthexa_msgs/include/hapthexa_msgs/hapthexa_msgs/msg/detail/empty__type_support.cpp
-- Up-to-date: /home/cao/ros2ws/install/hapthexa_msgs/include/hapthexa_msgs/hapthexa_msgs/srv
-- Up-to-date: /home/cao/ros2ws/install/hapthexa_msgs/include/hapthexa_msgs/hapthexa_msgs/srv/detail
-- Up-to-date: /home/cao/ros2ws/install/hapthexa_msgs/include/hapthexa_msgs/hapthexa_msgs/srv/detail/get_leg_position__type_support.cpp
-- Up-to-date: /home/cao/ros2ws/install/hapthexa_msgs/include/hapthexa_msgs/hapthexa_msgs/srv/detail/get_leg_args__type_support.cpp
-- Up-to-date: /home/cao/ros2ws/install/hapthexa_msgs/include/hapthexa_msgs/hapthexa_msgs/srv/detail/get_leg_position__rosidl_typesupport_introspection_cpp.hpp
-- Up-to-date: /home/cao/ros2ws/install/hapthexa_msgs/include/hapthexa_msgs/hapthexa_msgs/srv/detail/get_leg_args__rosidl_typesupport_introspection_cpp.hpp
-- Up-to-date: /home/cao/ros2ws/install/hapthexa_msgs/include/hapthexa_msgs/hapthexa_msgs/action
-- Up-to-date: /home/cao/ros2ws/install/hapthexa_msgs/include/hapthexa_msgs/hapthexa_msgs/action/detail
-- Up-to-date: /home/cao/ros2ws/install/hapthexa_msgs/include/hapthexa_msgs/hapthexa_msgs/action/detail/move_leg_args__rosidl_typesupport_introspection_cpp.hpp
-- Up-to-date: /home/cao/ros2ws/install/hapthexa_msgs/include/hapthexa_msgs/hapthexa_msgs/action/detail/move_leg__rosidl_typesupport_introspection_cpp.hpp
-- Up-to-date: /home/cao/ros2ws/install/hapthexa_msgs/include/hapthexa_msgs/hapthexa_msgs/action/detail/gait__rosidl_typesupport_introspection_cpp.hpp
-- Up-to-date: /home/cao/ros2ws/install/hapthexa_msgs/include/hapthexa_msgs/hapthexa_msgs/action/detail/move_leg_args__type_support.cpp
-- Up-to-date: /home/cao/ros2ws/install/hapthexa_msgs/include/hapthexa_msgs/hapthexa_msgs/action/detail/move_leg__type_support.cpp
-- Up-to-date: /home/cao/ros2ws/install/hapthexa_msgs/include/hapthexa_msgs/hapthexa_msgs/action/detail/empty__rosidl_typesupport_introspection_cpp.hpp
-- Up-to-date: /home/cao/ros2ws/install/hapthexa_msgs/include/hapthexa_msgs/hapthexa_msgs/action/detail/gait__type_support.cpp
-- Up-to-date: /home/cao/ros2ws/install/hapthexa_msgs/include/hapthexa_msgs/hapthexa_msgs/action/detail/empty__type_support.cpp
-- Up-to-date: /home/cao/ros2ws/install/hapthexa_msgs/lib/libhapthexa_msgs__rosidl_typesupport_introspection_cpp.so
-- Up-to-date: /home/cao/ros2ws/install/hapthexa_msgs/lib/libhapthexa_msgs__rosidl_typesupport_cpp.so
-- Up-to-date: /home/cao/ros2ws/install/hapthexa_msgs/share/hapthexa_msgs/environment/pythonpath.sh
-- Up-to-date: /home/cao/ros2ws/install/hapthexa_msgs/share/hapthexa_msgs/environment/pythonpath.dsv
-- Up-to-date: /home/cao/ros2ws/install/hapthexa_msgs/lib/python3.12/site-packages/hapthexa_msgs-0.0.0-py3.12.egg-info
-- Installing: /home/cao/ros2ws/install/hapthexa_msgs/lib/python3.12/site-packages/hapthexa_msgs-0.0.0-py3.12.egg-info/SOURCES.txt
-- Installing: /home/cao/ros2ws/install/hapthexa_msgs/lib/python3.12/site-packages/hapthexa_msgs-0.0.0-py3.12.egg-info/top_level.txt
-- Installing: /home/cao/ros2ws/install/hapthexa_msgs/lib/python3.12/site-packages/hapthexa_msgs-0.0.0-py3.12.egg-info/PKG-INFO
-- Installing: /home/cao/ros2ws/install/hapthexa_msgs/lib/python3.12/site-packages/hapthexa_msgs-0.0.0-py3.12.egg-info/dependency_links.txt
-- Up-to-date: /home/cao/ros2ws/install/hapthexa_msgs/lib/python3.12/site-packages/hapthexa_msgs
-- Up-to-date: /home/cao/ros2ws/install/hapthexa_msgs/lib/python3.12/site-packages/hapthexa_msgs/__init__.py
-- Up-to-date: /home/cao/ros2ws/install/hapthexa_msgs/lib/python3.12/site-packages/hapthexa_msgs/hapthexa_msgs_s__rosidl_typesupport_fastrtps_c.so
-- Up-to-date: /home/cao/ros2ws/install/hapthexa_msgs/lib/python3.12/site-packages/hapthexa_msgs/msg
-- Up-to-date: /home/cao/ros2ws/install/hapthexa_msgs/lib/python3.12/site-packages/hapthexa_msgs/msg/__init__.py
-- Up-to-date: /home/cao/ros2ws/install/hapthexa_msgs/lib/python3.12/site-packages/hapthexa_msgs/msg/_attitude_s.c
-- Up-to-date: /home/cao/ros2ws/install/hapthexa_msgs/lib/python3.12/site-packages/hapthexa_msgs/msg/_force_sensor.py
-- Up-to-date: /home/cao/ros2ws/install/hapthexa_msgs/lib/python3.12/site-packages/hapthexa_msgs/msg/_leg_args.py
-- Up-to-date: /home/cao/ros2ws/install/hapthexa_msgs/lib/python3.12/site-packages/hapthexa_msgs/msg/_leg_position.py
-- Up-to-date: /home/cao/ros2ws/install/hapthexa_msgs/lib/python3.12/site-packages/hapthexa_msgs/msg/_leg_position_s.c
-- Up-to-date: /home/cao/ros2ws/install/hapthexa_msgs/lib/python3.12/site-packages/hapthexa_msgs/msg/_empty_s.c
-- Up-to-date: /home/cao/ros2ws/install/hapthexa_msgs/lib/python3.12/site-packages/hapthexa_msgs/msg/_empty.py
-- Up-to-date: /home/cao/ros2ws/install/hapthexa_msgs/lib/python3.12/site-packages/hapthexa_msgs/msg/_leg_args_s.c
-- Up-to-date: /home/cao/ros2ws/install/hapthexa_msgs/lib/python3.12/site-packages/hapthexa_msgs/msg/_force_sensor_s.c
-- Up-to-date: /home/cao/ros2ws/install/hapthexa_msgs/lib/python3.12/site-packages/hapthexa_msgs/msg/_attitude.py
-- Up-to-date: /home/cao/ros2ws/install/hapthexa_msgs/lib/python3.12/site-packages/hapthexa_msgs/_hapthexa_msgs_s.ep.rosidl_typesupport_introspection_c.c
-- Up-to-date: /home/cao/ros2ws/install/hapthexa_msgs/lib/python3.12/site-packages/hapthexa_msgs/srv
-- Up-to-date: /home/cao/ros2ws/install/hapthexa_msgs/lib/python3.12/site-packages/hapthexa_msgs/srv/__init__.py
-- Up-to-date: /home/cao/ros2ws/install/hapthexa_msgs/lib/python3.12/site-packages/hapthexa_msgs/srv/_get_leg_args_s.c
-- Up-to-date: /home/cao/ros2ws/install/hapthexa_msgs/lib/python3.12/site-packages/hapthexa_msgs/srv/_get_leg_args.py
-- Up-to-date: /home/cao/ros2ws/install/hapthexa_msgs/lib/python3.12/site-packages/hapthexa_msgs/srv/_get_leg_position_s.c
-- Up-to-date: /home/cao/ros2ws/install/hapthexa_msgs/lib/python3.12/site-packages/hapthexa_msgs/srv/_get_leg_position.py
-- Up-to-date: /home/cao/ros2ws/install/hapthexa_msgs/lib/python3.12/site-packages/hapthexa_msgs/hapthexa_msgs_s__rosidl_typesupport_c.so
-- Up-to-date: /home/cao/ros2ws/install/hapthexa_msgs/lib/python3.12/site-packages/hapthexa_msgs/_hapthexa_msgs_s.ep.rosidl_typesupport_c.c
-- Up-to-date: /home/cao/ros2ws/install/hapthexa_msgs/lib/python3.12/site-packages/hapthexa_msgs/_hapthexa_msgs_s.ep.rosidl_typesupport_fastrtps_c.c
-- Up-to-date: /home/cao/ros2ws/install/hapthexa_msgs/lib/python3.12/site-packages/hapthexa_msgs/hapthexa_msgs_s__rosidl_typesupport_introspection_c.so
-- Up-to-date: /home/cao/ros2ws/install/hapthexa_msgs/lib/python3.12/site-packages/hapthexa_msgs/action
-- Up-to-date: /home/cao/ros2ws/install/hapthexa_msgs/lib/python3.12/site-packages/hapthexa_msgs/action/_move_leg.py
-- Up-to-date: /home/cao/ros2ws/install/hapthexa_msgs/lib/python3.12/site-packages/hapthexa_msgs/action/__init__.py
-- Up-to-date: /home/cao/ros2ws/install/hapthexa_msgs/lib/python3.12/site-packages/hapthexa_msgs/action/_move_leg_args.py
-- Up-to-date: /home/cao/ros2ws/install/hapthexa_msgs/lib/python3.12/site-packages/hapthexa_msgs/action/_gait_s.c
-- Up-to-date: /home/cao/ros2ws/install/hapthexa_msgs/lib/python3.12/site-packages/hapthexa_msgs/action/_move_leg_s.c
-- Up-to-date: /home/cao/ros2ws/install/hapthexa_msgs/lib/python3.12/site-packages/hapthexa_msgs/action/_empty_s.c
-- Up-to-date: /home/cao/ros2ws/install/hapthexa_msgs/lib/python3.12/site-packages/hapthexa_msgs/action/_move_leg_args_s.c
-- Up-to-date: /home/cao/ros2ws/install/hapthexa_msgs/lib/python3.12/site-packages/hapthexa_msgs/action/_empty.py
-- Up-to-date: /home/cao/ros2ws/install/hapthexa_msgs/lib/python3.12/site-packages/hapthexa_msgs/action/_gait.py
Listing '/home/cao/ros2ws/install/hapthexa_msgs/lib/python3.12/site-packages/hapthexa_msgs'...
Listing '/home/cao/ros2ws/install/hapthexa_msgs/lib/python3.12/site-packages/hapthexa_msgs/action'...
Listing '/home/cao/ros2ws/install/hapthexa_msgs/lib/python3.12/site-packages/hapthexa_msgs/msg'...
Listing '/home/cao/ros2ws/install/hapthexa_msgs/lib/python3.12/site-packages/hapthexa_msgs/srv'...
-- Up-to-date: /home/cao/ros2ws/install/hapthexa_msgs/lib/python3.12/site-packages/hapthexa_msgs/hapthexa_msgs_s__rosidl_typesupport_fastrtps_c.so
-- Up-to-date: /home/cao/ros2ws/install/hapthexa_msgs/lib/python3.12/site-packages/hapthexa_msgs/hapthexa_msgs_s__rosidl_typesupport_introspection_c.so
-- Up-to-date: /home/cao/ros2ws/install/hapthexa_msgs/lib/python3.12/site-packages/hapthexa_msgs/hapthexa_msgs_s__rosidl_typesupport_c.so
-- Up-to-date: /home/cao/ros2ws/install/hapthexa_msgs/lib/libhapthexa_msgs__rosidl_generator_py.so
-- Up-to-date: /home/cao/ros2ws/install/hapthexa_msgs/share/hapthexa_msgs/action/MoveLeg.idl
-- Up-to-date: /home/cao/ros2ws/install/hapthexa_msgs/share/hapthexa_msgs/action/MoveLegArgs.idl
-- Up-to-date: /home/cao/ros2ws/install/hapthexa_msgs/share/hapthexa_msgs/action/Gait.idl
-- Up-to-date: /home/cao/ros2ws/install/hapthexa_msgs/share/hapthexa_msgs/action/Empty.idl
-- Up-to-date: /home/cao/ros2ws/install/hapthexa_msgs/share/hapthexa_msgs/msg/Attitude.idl
-- Up-to-date: /home/cao/ros2ws/install/hapthexa_msgs/share/hapthexa_msgs/msg/Empty.idl
-- Up-to-date: /home/cao/ros2ws/install/hapthexa_msgs/share/hapthexa_msgs/msg/ForceSensor.idl
-- Up-to-date: /home/cao/ros2ws/install/hapthexa_msgs/share/hapthexa_msgs/msg/LegArgs.idl
-- Up-to-date: /home/cao/ros2ws/install/hapthexa_msgs/share/hapthexa_msgs/msg/LegPosition.idl
-- Up-to-date: /home/cao/ros2ws/install/hapthexa_msgs/share/hapthexa_msgs/srv/GetLegArgs.idl
-- Up-to-date: /home/cao/ros2ws/install/hapthexa_msgs/share/hapthexa_msgs/srv/GetLegPosition.idl
-- Up-to-date: /home/cao/ros2ws/install/hapthexa_msgs/share/hapthexa_msgs/action/MoveLeg.action
-- Up-to-date: /home/cao/ros2ws/install/hapthexa_msgs/share/hapthexa_msgs/action/MoveLegArgs.action
-- Up-to-date: /home/cao/ros2ws/install/hapthexa_msgs/share/hapthexa_msgs/action/Gait.action
-- Up-to-date: /home/cao/ros2ws/install/hapthexa_msgs/share/hapthexa_msgs/action/Empty.action
-- Up-to-date: /home/cao/ros2ws/install/hapthexa_msgs/share/hapthexa_msgs/msg/Attitude.msg
-- Up-to-date: /home/cao/ros2ws/install/hapthexa_msgs/share/hapthexa_msgs/msg/Empty.msg
-- Up-to-date: /home/cao/ros2ws/install/hapthexa_msgs/share/hapthexa_msgs/msg/ForceSensor.msg
-- Up-to-date: /home/cao/ros2ws/install/hapthexa_msgs/share/hapthexa_msgs/msg/LegArgs.msg
-- Up-to-date: /home/cao/ros2ws/install/hapthexa_msgs/share/hapthexa_msgs/msg/LegPosition.msg
-- Up-to-date: /home/cao/ros2ws/install/hapthexa_msgs/share/hapthexa_msgs/srv/GetLegArgs.srv
-- Up-to-date: /home/cao/ros2ws/install/hapthexa_msgs/share/hapthexa_msgs/srv/GetLegPosition.srv
-- Up-to-date: /home/cao/ros2ws/install/hapthexa_msgs/share/ament_index/resource_index/package_run_dependencies/hapthexa_msgs
-- Up-to-date: /home/cao/ros2ws/install/hapthexa_msgs/share/ament_index/resource_index/parent_prefix_path/hapthexa_msgs
-- Up-to-date: /home/cao/ros2ws/install/hapthexa_msgs/share/hapthexa_msgs/environment/ament_prefix_path.sh
-- Up-to-date: /home/cao/ros2ws/install/hapthexa_msgs/share/hapthexa_msgs/environment/ament_prefix_path.dsv
-- Up-to-date: /home/cao/ros2ws/install/hapthexa_msgs/share/hapthexa_msgs/environment/path.sh
-- Up-to-date: /home/cao/ros2ws/install/hapthexa_msgs/share/hapthexa_msgs/environment/path.dsv
-- Up-to-date: /home/cao/ros2ws/install/hapthexa_msgs/share/hapthexa_msgs/local_setup.bash
-- Up-to-date: /home/cao/ros2ws/install/hapthexa_msgs/share/hapthexa_msgs/local_setup.sh
-- Up-to-date: /home/cao/ros2ws/install/hapthexa_msgs/share/hapthexa_msgs/local_setup.zsh
-- Up-to-date: /home/cao/ros2ws/install/hapthexa_msgs/share/hapthexa_msgs/local_setup.dsv
-- Installing: /home/cao/ros2ws/install/hapthexa_msgs/share/hapthexa_msgs/package.dsv
-- Up-to-date: /home/cao/ros2ws/install/hapthexa_msgs/share/ament_index/resource_index/packages/hapthexa_msgs
-- Up-to-date: /home/cao/ros2ws/install/hapthexa_msgs/share/hapthexa_msgs/cmake/export_hapthexa_msgs__rosidl_generator_cExport.cmake
-- Up-to-date: /home/cao/ros2ws/install/hapthexa_msgs/share/hapthexa_msgs/cmake/export_hapthexa_msgs__rosidl_generator_cExport-noconfig.cmake
-- Up-to-date: /home/cao/ros2ws/install/hapthexa_msgs/share/hapthexa_msgs/cmake/export_hapthexa_msgs__rosidl_typesupport_fastrtps_cExport.cmake
-- Up-to-date: /home/cao/ros2ws/install/hapthexa_msgs/share/hapthexa_msgs/cmake/export_hapthexa_msgs__rosidl_typesupport_fastrtps_cExport-noconfig.cmake
-- Up-to-date: /home/cao/ros2ws/install/hapthexa_msgs/share/hapthexa_msgs/cmake/export_hapthexa_msgs__rosidl_generator_cppExport.cmake
-- Up-to-date: /home/cao/ros2ws/install/hapthexa_msgs/share/hapthexa_msgs/cmake/export_hapthexa_msgs__rosidl_typesupport_fastrtps_cppExport.cmake
-- Up-to-date: /home/cao/ros2ws/install/hapthexa_msgs/share/hapthexa_msgs/cmake/export_hapthexa_msgs__rosidl_typesupport_fastrtps_cppExport-noconfig.cmake
-- Up-to-date: /home/cao/ros2ws/install/hapthexa_msgs/share/hapthexa_msgs/cmake/hapthexa_msgs__rosidl_typesupport_introspection_cExport.cmake
-- Up-to-date: /home/cao/ros2ws/install/hapthexa_msgs/share/hapthexa_msgs/cmake/hapthexa_msgs__rosidl_typesupport_introspection_cExport-noconfig.cmake
-- Up-to-date: /home/cao/ros2ws/install/hapthexa_msgs/share/hapthexa_msgs/cmake/hapthexa_msgs__rosidl_typesupport_cExport.cmake
-- Up-to-date: /home/cao/ros2ws/install/hapthexa_msgs/share/hapthexa_msgs/cmake/hapthexa_msgs__rosidl_typesupport_cExport-noconfig.cmake
-- Up-to-date: /home/cao/ros2ws/install/hapthexa_msgs/share/hapthexa_msgs/cmake/hapthexa_msgs__rosidl_typesupport_introspection_cppExport.cmake
-- Up-to-date: /home/cao/ros2ws/install/hapthexa_msgs/share/hapthexa_msgs/cmake/hapthexa_msgs__rosidl_typesupport_introspection_cppExport-noconfig.cmake
-- Up-to-date: /home/cao/ros2ws/install/hapthexa_msgs/share/hapthexa_msgs/cmake/hapthexa_msgs__rosidl_typesupport_cppExport.cmake
-- Up-to-date: /home/cao/ros2ws/install/hapthexa_msgs/share/hapthexa_msgs/cmake/hapthexa_msgs__rosidl_typesupport_cppExport-noconfig.cmake
-- Up-to-date: /home/cao/ros2ws/install/hapthexa_msgs/share/hapthexa_msgs/cmake/export_hapthexa_msgs__rosidl_generator_pyExport.cmake
-- Up-to-date: /home/cao/ros2ws/install/hapthexa_msgs/share/hapthexa_msgs/cmake/export_hapthexa_msgs__rosidl_generator_pyExport-noconfig.cmake
-- Up-to-date: /home/cao/ros2ws/install/hapthexa_msgs/share/hapthexa_msgs/cmake/rosidl_cmake-extras.cmake
-- Up-to-date: /home/cao/ros2ws/install/hapthexa_msgs/share/hapthexa_msgs/cmake/ament_cmake_export_dependencies-extras.cmake
-- Up-to-date: /home/cao/ros2ws/install/hapthexa_msgs/share/hapthexa_msgs/cmake/ament_cmake_export_include_directories-extras.cmake
-- Up-to-date: /home/cao/ros2ws/install/hapthexa_msgs/share/hapthexa_msgs/cmake/ament_cmake_export_libraries-extras.cmake
-- Up-to-date: /home/cao/ros2ws/install/hapthexa_msgs/share/hapthexa_msgs/cmake/ament_cmake_export_targets-extras.cmake
-- Up-to-date: /home/cao/ros2ws/install/hapthexa_msgs/share/hapthexa_msgs/cmake/rosidl_cmake_export_typesupport_targets-extras.cmake
-- Up-to-date: /home/cao/ros2ws/install/hapthexa_msgs/share/hapthexa_msgs/cmake/rosidl_cmake_export_typesupport_libraries-extras.cmake
-- Up-to-date: /home/cao/ros2ws/install/hapthexa_msgs/share/hapthexa_msgs/cmake/hapthexa_msgsConfig.cmake
-- Up-to-date: /home/cao/ros2ws/install/hapthexa_msgs/share/hapthexa_msgs/cmake/hapthexa_msgsConfig-version.cmake
-- Up-to-date: /home/cao/ros2ws/install/hapthexa_msgs/share/hapthexa_msgs/package.xml
