[0.069s] Invoking command in '/home/cao/ros2ws/build/hapthexa_dxl_servo': CMAKE_PREFIX_PATH=/home/cao/ros2ws/install/hapthexa_msgs:/home/cao/ros2ws/install/hapthexa_main:/home/cao/ros2ws/install/hapthexa_dxl_servo:/opt/ros/jazzy/opt/gz_math_vendor:/opt/ros/jazzy/opt/gz_utils_vendor:/opt/ros/jazzy/opt/gz_cmake_vendor:/opt/ros/jazzy DEBUGINFOD_URLS=https://debuginfod.ubuntu.com /usr/bin/cmake --build /home/cao/ros2ws/build/hapthexa_dxl_servo -- -j4 -l4
[0.471s] [ 71%] Built target dynamixel_workbench
[0.784s] [100%] Built target hapthexa_servo
[0.992s] Invoked command in '/home/cao/ros2ws/build/hapthexa_dxl_servo' returned '0': CMAKE_PREFIX_PATH=/home/cao/ros2ws/install/hapthexa_msgs:/home/cao/ros2ws/install/hapthexa_main:/home/cao/ros2ws/install/hapthexa_dxl_servo:/opt/ros/jazzy/opt/gz_math_vendor:/opt/ros/jazzy/opt/gz_utils_vendor:/opt/ros/jazzy/opt/gz_cmake_vendor:/opt/ros/jazzy DEBUGINFOD_URLS=https://debuginfod.ubuntu.com /usr/bin/cmake --build /home/cao/ros2ws/build/hapthexa_dxl_servo -- -j4 -l4
[1.242s] Invoking command in '/home/cao/ros2ws/build/hapthexa_dxl_servo': CMAKE_PREFIX_PATH=/home/cao/ros2ws/install/hapthexa_msgs:/home/cao/ros2ws/install/hapthexa_main:/home/cao/ros2ws/install/hapthexa_dxl_servo:/opt/ros/jazzy/opt/gz_math_vendor:/opt/ros/jazzy/opt/gz_utils_vendor:/opt/ros/jazzy/opt/gz_cmake_vendor:/opt/ros/jazzy DEBUGINFOD_URLS=https://debuginfod.ubuntu.com /usr/bin/cmake --install /home/cao/ros2ws/build/hapthexa_dxl_servo
[1.394s] -- Install configuration: ""
[1.399s] -- Up-to-date: /home/cao/ros2ws/install/hapthexa_dxl_servo/lib/hapthexa_dxl_servo/hapthexa_servo
[1.413s] -- Up-to-date: /home/cao/ros2ws/install/hapthexa_dxl_servo/lib/hapthexa_dxl_servo/force_sensor.py
[1.413s] -- Up-to-date: /home/cao/ros2ws/install/hapthexa_dxl_servo/lib/hapthexa_dxl_servo/force_sensor_calibrate.py
[1.413s] -- Up-to-date: /home/cao/ros2ws/install/hapthexa_dxl_servo/lib/hapthexa_dxl_servo/forcesensor_read.py
[1.417s] -- Up-to-date: /home/cao/ros2ws/install/hapthexa_dxl_servo/share/hapthexa_dxl_servo/launch.py
[1.421s] -- Up-to-date: /home/cao/ros2ws/install/hapthexa_dxl_servo/share/hapthexa_dxl_servo/config
[1.423s] -- Up-to-date: /home/cao/ros2ws/install/hapthexa_dxl_servo/share/hapthexa_dxl_servo/config/front_left.yaml
[1.424s] -- Up-to-date: /home/cao/ros2ws/install/hapthexa_dxl_servo/share/hapthexa_dxl_servo/config/rear_left.yaml
[1.424s] -- Up-to-date: /home/cao/ros2ws/install/hapthexa_dxl_servo/share/hapthexa_dxl_servo/config/middle_right.yaml
[1.429s] -- Up-to-date: /home/cao/ros2ws/install/hapthexa_dxl_servo/share/hapthexa_dxl_servo/config/rear_right.yaml
[1.431s] -- Up-to-date: /home/cao/ros2ws/install/hapthexa_dxl_servo/share/hapthexa_dxl_servo/config/front_right.yaml
[1.433s] -- Up-to-date: /home/cao/ros2ws/install/hapthexa_dxl_servo/share/hapthexa_dxl_servo/config/middle_left.yaml
[1.435s] -- Up-to-date: /home/cao/ros2ws/install/hapthexa_dxl_servo/share/ament_index/resource_index/package_run_dependencies/hapthexa_dxl_servo
[1.441s] -- Up-to-date: /home/cao/ros2ws/install/hapthexa_dxl_servo/share/ament_index/resource_index/parent_prefix_path/hapthexa_dxl_servo
[1.444s] -- Up-to-date: /home/cao/ros2ws/install/hapthexa_dxl_servo/share/hapthexa_dxl_servo/environment/ament_prefix_path.sh
[1.448s] -- Up-to-date: /home/cao/ros2ws/install/hapthexa_dxl_servo/share/hapthexa_dxl_servo/environment/ament_prefix_path.dsv
[1.450s] -- Up-to-date: /home/cao/ros2ws/install/hapthexa_dxl_servo/share/hapthexa_dxl_servo/environment/path.sh
[1.450s] -- Up-to-date: /home/cao/ros2ws/install/hapthexa_dxl_servo/share/hapthexa_dxl_servo/environment/path.dsv
[1.453s] -- Up-to-date: /home/cao/ros2ws/install/hapthexa_dxl_servo/share/hapthexa_dxl_servo/local_setup.bash
[1.455s] -- Up-to-date: /home/cao/ros2ws/install/hapthexa_dxl_servo/share/hapthexa_dxl_servo/local_setup.sh
[1.455s] -- Up-to-date: /home/cao/ros2ws/install/hapthexa_dxl_servo/share/hapthexa_dxl_servo/local_setup.zsh
[1.461s] -- Up-to-date: /home/cao/ros2ws/install/hapthexa_dxl_servo/share/hapthexa_dxl_servo/local_setup.dsv
[1.461s] -- Installing: /home/cao/ros2ws/install/hapthexa_dxl_servo/share/hapthexa_dxl_servo/package.dsv
[1.462s] -- Up-to-date: /home/cao/ros2ws/install/hapthexa_dxl_servo/share/ament_index/resource_index/packages/hapthexa_dxl_servo
[1.462s] -- Up-to-date: /home/cao/ros2ws/install/hapthexa_dxl_servo/share/hapthexa_dxl_servo/cmake/hapthexa_dxl_servoConfig.cmake
[1.462s] -- Up-to-date: /home/cao/ros2ws/install/hapthexa_dxl_servo/share/hapthexa_dxl_servo/cmake/hapthexa_dxl_servoConfig-version.cmake
[1.466s] -- Up-to-date: /home/cao/ros2ws/install/hapthexa_dxl_servo/share/hapthexa_dxl_servo/package.xml
[1.469s] Invoked command in '/home/cao/ros2ws/build/hapthexa_dxl_servo' returned '0': CMAKE_PREFIX_PATH=/home/cao/ros2ws/install/hapthexa_msgs:/home/cao/ros2ws/install/hapthexa_main:/home/cao/ros2ws/install/hapthexa_dxl_servo:/opt/ros/jazzy/opt/gz_math_vendor:/opt/ros/jazzy/opt/gz_utils_vendor:/opt/ros/jazzy/opt/gz_cmake_vendor:/opt/ros/jazzy DEBUGINFOD_URLS=https://debuginfod.ubuntu.com /usr/bin/cmake --install /home/cao/ros2ws/build/hapthexa_dxl_servo
